{"D:\\Uni\\Programación Web\\Proyecto_Anima_Frontend\\client\\src\\App.js": {"path":"D:\\Uni\\Programación Web\\Proyecto_Anima_Frontend\\client\\src\\App.js","statementMap":{"0":{"start":{"line":27,"column":2},"end":{"line":59,"column":4}}},"fnMap":{"0":{"name":"App","decl":{"start":{"line":25,"column":9},"end":{"line":25,"column":12}},"loc":{"start":{"line":25,"column":15},"end":{"line":60,"column":1}},"line":25}},"branchMap":{},"s":{"0":1},"f":{"0":1},"b":{},"_coverageSchema":"1a1c01bbd47fc00a2c39e90264f33305004495a9","hash":"454cc232dfe51325ff88a6337deaf05792fdf757"}
,"D:\\Uni\\Programación Web\\Proyecto_Anima_Frontend\\client\\src\\index.js": {"path":"D:\\Uni\\Programación Web\\Proyecto_Anima_Frontend\\client\\src\\index.js","statementMap":{"0":{"start":{"line":8,"column":13},"end":{"line":8,"column":65}},"1":{"start":{"line":10,"column":0},"end":{"line":14,"column":2}},"2":{"start":{"line":16,"column":0},"end":{"line":16,"column":18}}},"fnMap":{},"branchMap":{},"s":{"0":0,"1":0,"2":0},"f":{},"b":{}}
,"D:\\Uni\\Programación Web\\Proyecto_Anima_Frontend\\client\\src\\reportWebVitals.js": {"path":"D:\\Uni\\Programación Web\\Proyecto_Anima_Frontend\\client\\src\\reportWebVitals.js","statementMap":{"0":{"start":{"line":1,"column":24},"end":{"line":11,"column":1}},"1":{"start":{"line":2,"column":2},"end":{"line":10,"column":3}},"2":{"start":{"line":3,"column":4},"end":{"line":9,"column":7}},"3":{"start":{"line":4,"column":6},"end":{"line":4,"column":26}},"4":{"start":{"line":5,"column":6},"end":{"line":5,"column":26}},"5":{"start":{"line":6,"column":6},"end":{"line":6,"column":26}},"6":{"start":{"line":7,"column":6},"end":{"line":7,"column":26}},"7":{"start":{"line":8,"column":6},"end":{"line":8,"column":27}}},"fnMap":{"0":{"name":"(anonymous_0)","decl":{"start":{"line":1,"column":24},"end":{"line":1,"column":25}},"loc":{"start":{"line":1,"column":39},"end":{"line":11,"column":1}},"line":1},"1":{"name":"(anonymous_1)","decl":{"start":{"line":3,"column":30},"end":{"line":3,"column":31}},"loc":{"start":{"line":3,"column":79},"end":{"line":9,"column":5}},"line":3}},"branchMap":{"0":{"loc":{"start":{"line":2,"column":2},"end":{"line":10,"column":3}},"type":"if","locations":[{"start":{"line":2,"column":2},"end":{"line":10,"column":3}},{"start":{},"end":{}}],"line":2},"1":{"loc":{"start":{"line":2,"column":6},"end":{"line":2,"column":52}},"type":"binary-expr","locations":[{"start":{"line":2,"column":6},"end":{"line":2,"column":17}},{"start":{"line":2,"column":21},"end":{"line":2,"column":52}}],"line":2}},"s":{"0":0,"1":0,"2":0,"3":0,"4":0,"5":0,"6":0,"7":0},"f":{"0":0,"1":0},"b":{"0":[0,0],"1":[0,0]}}
,"D:\\Uni\\Programación Web\\Proyecto_Anima_Frontend\\client\\src\\components\\AuthForm.jsx": {"path":"D:\\Uni\\Programación Web\\Proyecto_Anima_Frontend\\client\\src\\components\\AuthForm.jsx","statementMap":{},"fnMap":{},"branchMap":{},"s":{},"f":{},"b":{},"_coverageSchema":"1a1c01bbd47fc00a2c39e90264f33305004495a9","hash":"af4cd9c34d52a61032c9447b767fec13b82ca83b"}
,"D:\\Uni\\Programación Web\\Proyecto_Anima_Frontend\\client\\src\\components\\Button.jsx": {"path":"D:\\Uni\\Programación Web\\Proyecto_Anima_Frontend\\client\\src\\components\\Button.jsx","statementMap":{"0":{"start":{"line":7,"column":18},"end":{"line":7,"column":43}},"1":{"start":{"line":8,"column":2},"end":{"line":14,"column":3}},"2":{"start":{"line":9,"column":4},"end":{"line":13,"column":6}},"3":{"start":{"line":16,"column":2},"end":{"line":20,"column":4}}},"fnMap":{"0":{"name":"Button","decl":{"start":{"line":6,"column":24},"end":{"line":6,"column":30}},"loc":{"start":{"line":6,"column":100},"end":{"line":21,"column":1}},"line":6}},"branchMap":{"0":{"loc":{"start":{"line":6,"column":43},"end":{"line":6,"column":57}},"type":"default-arg","locations":[{"start":{"line":6,"column":55},"end":{"line":6,"column":57}}],"line":6},"1":{"loc":{"start":{"line":6,"column":72},"end":{"line":6,"column":87}},"type":"default-arg","locations":[{"start":{"line":6,"column":79},"end":{"line":6,"column":87}}],"line":6},"2":{"loc":{"start":{"line":8,"column":2},"end":{"line":14,"column":3}},"type":"if","locations":[{"start":{"line":8,"column":2},"end":{"line":14,"column":3}},{"start":{},"end":{}}],"line":8}},"s":{"0":40,"1":40,"2":40,"3":0},"f":{"0":40},"b":{"0":[0],"1":[40],"2":[40,0]},"_coverageSchema":"1a1c01bbd47fc00a2c39e90264f33305004495a9","hash":"9ed3897c0dbda6f9487d875c463f6649ba2cde3e"}
,"D:\\Uni\\Programación Web\\Proyecto_Anima_Frontend\\client\\src\\components\\RequireAuth.jsx": {"path":"D:\\Uni\\Programación Web\\Proyecto_Anima_Frontend\\client\\src\\components\\RequireAuth.jsx","statementMap":{"0":{"start":{"line":9,"column":19},"end":{"line":9,"column":32}},"1":{"start":{"line":10,"column":38},"end":{"line":10,"column":52}},"2":{"start":{"line":11,"column":48},"end":{"line":11,"column":63}},"3":{"start":{"line":13,"column":2},"end":{"line":56,"column":17}},"4":{"start":{"line":14,"column":22},"end":{"line":53,"column":5}},"5":{"start":{"line":15,"column":6},"end":{"line":52,"column":7}},"6":{"start":{"line":18,"column":26},"end":{"line":18,"column":69}},"7":{"start":{"line":20,"column":33},"end":{"line":20,"column":124}},"8":{"start":{"line":21,"column":34},"end":{"line":21,"column":82}},"9":{"start":{"line":24,"column":8},"end":{"line":29,"column":9}},"10":{"start":{"line":25,"column":10},"end":{"line":25,"column":91}},"11":{"start":{"line":26,"column":10},"end":{"line":26,"column":35}},"12":{"start":{"line":27,"column":10},"end":{"line":27,"column":31}},"13":{"start":{"line":28,"column":10},"end":{"line":28,"column":17}},"14":{"start":{"line":32,"column":30},"end":{"line":32,"column":60}},"15":{"start":{"line":34,"column":8},"end":{"line":46,"column":9}},"16":{"start":{"line":37,"column":10},"end":{"line":43,"column":11}},"17":{"start":{"line":38,"column":12},"end":{"line":38,"column":53}},"18":{"start":{"line":39,"column":12},"end":{"line":39,"column":37}},"19":{"start":{"line":41,"column":12},"end":{"line":41,"column":61}},"20":{"start":{"line":42,"column":12},"end":{"line":42,"column":38}},"21":{"start":{"line":45,"column":10},"end":{"line":45,"column":36}},"22":{"start":{"line":48,"column":8},"end":{"line":48,"column":51}},"23":{"start":{"line":49,"column":8},"end":{"line":49,"column":34}},"24":{"start":{"line":51,"column":8},"end":{"line":51,"column":29}},"25":{"start":{"line":55,"column":4},"end":{"line":55,"column":16}},"26":{"start":{"line":59,"column":2},"end":{"line":80,"column":3}},"27":{"start":{"line":60,"column":4},"end":{"line":79,"column":6}},"28":{"start":{"line":83,"column":2},"end":{"line":86,"column":3}},"29":{"start":{"line":84,"column":4},"end":{"line":84,"column":63}},"30":{"start":{"line":85,"column":4},"end":{"line":85,"column":72}},"31":{"start":{"line":89,"column":2},"end":{"line":89,"column":62}},"32":{"start":{"line":90,"column":2},"end":{"line":90,"column":18}}},"fnMap":{"0":{"name":"RequireAuth","decl":{"start":{"line":8,"column":24},"end":{"line":8,"column":35}},"loc":{"start":{"line":8,"column":50},"end":{"line":91,"column":1}},"line":8},"1":{"name":"(anonymous_1)","decl":{"start":{"line":13,"column":12},"end":{"line":13,"column":13}},"loc":{"start":{"line":13,"column":18},"end":{"line":56,"column":3}},"line":13},"2":{"name":"(anonymous_2)","decl":{"start":{"line":14,"column":22},"end":{"line":14,"column":23}},"loc":{"start":{"line":14,"column":34},"end":{"line":53,"column":5}},"line":14}},"branchMap":{"0":{"loc":{"start":{"line":20,"column":33},"end":{"line":20,"column":124}},"type":"binary-expr","locations":[{"start":{"line":20,"column":33},"end":{"line":20,"column":79}},{"start":{"line":20,"column":83},"end":{"line":20,"column":124}}],"line":20},"1":{"loc":{"start":{"line":21,"column":34},"end":{"line":21,"column":82}},"type":"binary-expr","locations":[{"start":{"line":21,"column":34},"end":{"line":21,"column":56}},{"start":{"line":21,"column":60},"end":{"line":21,"column":82}}],"line":21},"2":{"loc":{"start":{"line":24,"column":8},"end":{"line":29,"column":9}},"type":"if","locations":[{"start":{"line":24,"column":8},"end":{"line":29,"column":9}},{"start":{},"end":{}}],"line":24},"3":{"loc":{"start":{"line":34,"column":8},"end":{"line":46,"column":9}},"type":"if","locations":[{"start":{"line":34,"column":8},"end":{"line":46,"column":9}},{"start":{"line":44,"column":15},"end":{"line":46,"column":9}}],"line":34},"4":{"loc":{"start":{"line":59,"column":2},"end":{"line":80,"column":3}},"type":"if","locations":[{"start":{"line":59,"column":2},"end":{"line":80,"column":3}},{"start":{},"end":{}}],"line":59},"5":{"loc":{"start":{"line":83,"column":2},"end":{"line":86,"column":3}},"type":"if","locations":[{"start":{"line":83,"column":2},"end":{"line":86,"column":3}},{"start":{},"end":{}}],"line":83}},"s":{"0":0,"1":0,"2":0,"3":0,"4":0,"5":0,"6":0,"7":0,"8":0,"9":0,"10":0,"11":0,"12":0,"13":0,"14":0,"15":0,"16":0,"17":0,"18":0,"19":0,"20":0,"21":0,"22":0,"23":0,"24":0,"25":0,"26":0,"27":0,"28":0,"29":0,"30":0,"31":0,"32":0},"f":{"0":0,"1":0,"2":0},"b":{"0":[0,0],"1":[0,0],"2":[0,0],"3":[0,0],"4":[0,0],"5":[0,0]},"_coverageSchema":"1a1c01bbd47fc00a2c39e90264f33305004495a9","hash":"42846694942a85e93880e891f3e4ac9f3a065858"}
,"D:\\Uni\\Programación Web\\Proyecto_Anima_Frontend\\client\\src\\components\\navbar.jsx": {"path":"D:\\Uni\\Programación Web\\Proyecto_Anima_Frontend\\client\\src\\components\\navbar.jsx","statementMap":{"0":{"start":{"line":11,"column":26},"end":{"line":11,"column":41}},"1":{"start":{"line":13,"column":48},"end":{"line":18,"column":4}},"2":{"start":{"line":14,"column":18},"end":{"line":14,"column":47}},"3":{"start":{"line":15,"column":22},"end":{"line":15,"column":51}},"4":{"start":{"line":17,"column":4},"end":{"line":17,"column":35}},"5":{"start":{"line":19,"column":38},"end":{"line":19,"column":48}},"6":{"start":{"line":21,"column":17},"end":{"line":21,"column":41}},"7":{"start":{"line":21,"column":23},"end":{"line":21,"column":41}},"8":{"start":{"line":21,"column":38},"end":{"line":21,"column":40}},"9":{"start":{"line":23,"column":19},"end":{"line":23,"column":32}},"10":{"start":{"line":24,"column":19},"end":{"line":24,"column":32}},"11":{"start":{"line":25,"column":16},"end":{"line":25,"column":26}},"12":{"start":{"line":28,"column":2},"end":{"line":66,"column":26}},"13":{"start":{"line":29,"column":22},"end":{"line":54,"column":5}},"14":{"start":{"line":31,"column":6},"end":{"line":33,"column":7}},"15":{"start":{"line":32,"column":8},"end":{"line":32,"column":15}},"16":{"start":{"line":35,"column":20},"end":{"line":35,"column":49}},"17":{"start":{"line":36,"column":24},"end":{"line":36,"column":53}},"18":{"start":{"line":39,"column":6},"end":{"line":51,"column":7}},"19":{"start":{"line":40,"column":8},"end":{"line":50,"column":9}},"20":{"start":{"line":41,"column":10},"end":{"line":41,"column":94}},"21":{"start":{"line":42,"column":10},"end":{"line":42,"column":50}},"22":{"start":{"line":43,"column":10},"end":{"line":43,"column":35}},"23":{"start":{"line":44,"column":10},"end":{"line":44,"column":17}},"24":{"start":{"line":46,"column":10},"end":{"line":46,"column":78}},"25":{"start":{"line":48,"column":10},"end":{"line":48,"column":36}},"26":{"start":{"line":49,"column":10},"end":{"line":49,"column":17}},"27":{"start":{"line":53,"column":6},"end":{"line":53,"column":48}},"28":{"start":{"line":57,"column":4},"end":{"line":57,"column":16}},"29":{"start":{"line":60,"column":32},"end":{"line":62,"column":5}},"30":{"start":{"line":61,"column":6},"end":{"line":61,"column":18}},"31":{"start":{"line":64,"column":4},"end":{"line":64,"column":60}},"32":{"start":{"line":65,"column":4},"end":{"line":65,"column":76}},"33":{"start":{"line":65,"column":17},"end":{"line":65,"column":75}},"34":{"start":{"line":68,"column":23},"end":{"line":79,"column":3}},"35":{"start":{"line":71,"column":4},"end":{"line":71,"column":38}},"36":{"start":{"line":72,"column":4},"end":{"line":72,"column":30}},"37":{"start":{"line":73,"column":4},"end":{"line":78,"column":7}},"38":{"start":{"line":82,"column":26},"end":{"line":94,"column":3}},"39":{"start":{"line":83,"column":4},"end":{"line":85,"column":5}},"40":{"start":{"line":84,"column":6},"end":{"line":84,"column":13}},"41":{"start":{"line":86,"column":4},"end":{"line":86,"column":23}},"42":{"start":{"line":88,"column":4},"end":{"line":92,"column":5}},"43":{"start":{"line":89,"column":6},"end":{"line":89,"column":24}},"44":{"start":{"line":91,"column":6},"end":{"line":91,"column":20}},"45":{"start":{"line":93,"column":4},"end":{"line":93,"column":19}},"46":{"start":{"line":96,"column":22},"end":{"line":98,"column":3}},"47":{"start":{"line":97,"column":4},"end":{"line":97,"column":43}},"48":{"start":{"line":100,"column":2},"end":{"line":107,"column":13}},"49":{"start":{"line":101,"column":4},"end":{"line":101,"column":22}},"50":{"start":{"line":101,"column":15},"end":{"line":101,"column":22}},"51":{"start":{"line":102,"column":18},"end":{"line":104,"column":5}},"52":{"start":{"line":103,"column":6},"end":{"line":103,"column":45}},"53":{"start":{"line":103,"column":30},"end":{"line":103,"column":45}},"54":{"start":{"line":105,"column":4},"end":{"line":105,"column":48}},"55":{"start":{"line":106,"column":4},"end":{"line":106,"column":64}},"56":{"start":{"line":106,"column":17},"end":{"line":106,"column":63}},"57":{"start":{"line":110,"column":2},"end":{"line":125,"column":34}},"58":{"start":{"line":111,"column":4},"end":{"line":124,"column":5}},"59":{"start":{"line":112,"column":6},"end":{"line":121,"column":7}},"60":{"start":{"line":113,"column":26},"end":{"line":113,"column":63}},"61":{"start":{"line":114,"column":8},"end":{"line":114,"column":58}},"62":{"start":{"line":117,"column":27},"end":{"line":117,"column":48}},"63":{"start":{"line":118,"column":8},"end":{"line":118,"column":32}},"64":{"start":{"line":119,"column":8},"end":{"line":119,"column":36}},"65":{"start":{"line":120,"column":8},"end":{"line":120,"column":74}},"66":{"start":{"line":123,"column":6},"end":{"line":123,"column":55}},"67":{"start":{"line":127,"column":2},"end":{"line":304,"column":4}},"68":{"start":{"line":221,"column":23},"end":{"line":221,"column":37}},"69":{"start":{"line":231,"column":16},"end":{"line":231,"column":35}},"70":{"start":{"line":232,"column":16},"end":{"line":232,"column":31}},"71":{"start":{"line":238,"column":47},"end":{"line":238,"column":61}},"72":{"start":{"line":239,"column":49},"end":{"line":239,"column":63}},"73":{"start":{"line":244,"column":76},"end":{"line":244,"column":90}},"74":{"start":{"line":247,"column":33},"end":{"line":247,"column":47}},"75":{"start":{"line":247,"column":48},"end":{"line":247,"column":63}},"76":{"start":{"line":269,"column":62},"end":{"line":269,"column":77}},"77":{"start":{"line":269,"column":78},"end":{"line":269,"column":93}},"78":{"start":{"line":273,"column":69},"end":{"line":273,"column":83}},"79":{"start":{"line":274,"column":69},"end":{"line":274,"column":83}},"80":{"start":{"line":277,"column":33},"end":{"line":277,"column":47}},"81":{"start":{"line":277,"column":48},"end":{"line":277,"column":63}}},"fnMap":{"0":{"name":"Navbar","decl":{"start":{"line":10,"column":9},"end":{"line":10,"column":15}},"loc":{"start":{"line":10,"column":18},"end":{"line":305,"column":1}},"line":10},"1":{"name":"(anonymous_1)","decl":{"start":{"line":13,"column":57},"end":{"line":13,"column":58}},"loc":{"start":{"line":13,"column":63},"end":{"line":18,"column":3}},"line":13},"2":{"name":"(anonymous_2)","decl":{"start":{"line":21,"column":17},"end":{"line":21,"column":18}},"loc":{"start":{"line":21,"column":23},"end":{"line":21,"column":41}},"line":21},"3":{"name":"(anonymous_3)","decl":{"start":{"line":21,"column":31},"end":{"line":21,"column":32}},"loc":{"start":{"line":21,"column":38},"end":{"line":21,"column":40}},"line":21},"4":{"name":"(anonymous_4)","decl":{"start":{"line":28,"column":12},"end":{"line":28,"column":13}},"loc":{"start":{"line":28,"column":18},"end":{"line":66,"column":3}},"line":28},"5":{"name":"(anonymous_5)","decl":{"start":{"line":29,"column":22},"end":{"line":29,"column":23}},"loc":{"start":{"line":29,"column":34},"end":{"line":54,"column":5}},"line":29},"6":{"name":"(anonymous_6)","decl":{"start":{"line":60,"column":32},"end":{"line":60,"column":33}},"loc":{"start":{"line":60,"column":38},"end":{"line":62,"column":5}},"line":60},"7":{"name":"(anonymous_7)","decl":{"start":{"line":65,"column":11},"end":{"line":65,"column":12}},"loc":{"start":{"line":65,"column":17},"end":{"line":65,"column":75}},"line":65},"8":{"name":"(anonymous_8)","decl":{"start":{"line":68,"column":23},"end":{"line":68,"column":24}},"loc":{"start":{"line":68,"column":29},"end":{"line":79,"column":3}},"line":68},"9":{"name":"(anonymous_9)","decl":{"start":{"line":82,"column":26},"end":{"line":82,"column":27}},"loc":{"start":{"line":82,"column":33},"end":{"line":94,"column":3}},"line":82},"10":{"name":"(anonymous_10)","decl":{"start":{"line":96,"column":22},"end":{"line":96,"column":23}},"loc":{"start":{"line":96,"column":28},"end":{"line":98,"column":3}},"line":96},"11":{"name":"(anonymous_11)","decl":{"start":{"line":100,"column":12},"end":{"line":100,"column":13}},"loc":{"start":{"line":100,"column":18},"end":{"line":107,"column":3}},"line":100},"12":{"name":"(anonymous_12)","decl":{"start":{"line":102,"column":18},"end":{"line":102,"column":19}},"loc":{"start":{"line":102,"column":25},"end":{"line":104,"column":5}},"line":102},"13":{"name":"(anonymous_13)","decl":{"start":{"line":106,"column":11},"end":{"line":106,"column":12}},"loc":{"start":{"line":106,"column":17},"end":{"line":106,"column":63}},"line":106},"14":{"name":"(anonymous_14)","decl":{"start":{"line":110,"column":12},"end":{"line":110,"column":13}},"loc":{"start":{"line":110,"column":18},"end":{"line":125,"column":3}},"line":110},"15":{"name":"(anonymous_15)","decl":{"start":{"line":221,"column":17},"end":{"line":221,"column":18}},"loc":{"start":{"line":221,"column":23},"end":{"line":221,"column":37}},"line":221},"16":{"name":"(anonymous_16)","decl":{"start":{"line":230,"column":23},"end":{"line":230,"column":24}},"loc":{"start":{"line":230,"column":30},"end":{"line":233,"column":15}},"line":230},"17":{"name":"(anonymous_17)","decl":{"start":{"line":238,"column":41},"end":{"line":238,"column":42}},"loc":{"start":{"line":238,"column":47},"end":{"line":238,"column":61}},"line":238},"18":{"name":"(anonymous_18)","decl":{"start":{"line":239,"column":43},"end":{"line":239,"column":44}},"loc":{"start":{"line":239,"column":49},"end":{"line":239,"column":63}},"line":239},"19":{"name":"(anonymous_19)","decl":{"start":{"line":244,"column":70},"end":{"line":244,"column":71}},"loc":{"start":{"line":244,"column":76},"end":{"line":244,"column":90}},"line":244},"20":{"name":"(anonymous_20)","decl":{"start":{"line":247,"column":25},"end":{"line":247,"column":26}},"loc":{"start":{"line":247,"column":31},"end":{"line":247,"column":65}},"line":247},"21":{"name":"(anonymous_21)","decl":{"start":{"line":269,"column":54},"end":{"line":269,"column":55}},"loc":{"start":{"line":269,"column":60},"end":{"line":269,"column":95}},"line":269},"22":{"name":"(anonymous_22)","decl":{"start":{"line":273,"column":63},"end":{"line":273,"column":64}},"loc":{"start":{"line":273,"column":69},"end":{"line":273,"column":83}},"line":273},"23":{"name":"(anonymous_23)","decl":{"start":{"line":274,"column":63},"end":{"line":274,"column":64}},"loc":{"start":{"line":274,"column":69},"end":{"line":274,"column":83}},"line":274},"24":{"name":"(anonymous_24)","decl":{"start":{"line":277,"column":25},"end":{"line":277,"column":26}},"loc":{"start":{"line":277,"column":31},"end":{"line":277,"column":65}},"line":277}},"branchMap":{"0":{"loc":{"start":{"line":17,"column":14},"end":{"line":17,"column":33}},"type":"binary-expr","locations":[{"start":{"line":17,"column":14},"end":{"line":17,"column":19}},{"start":{"line":17,"column":23},"end":{"line":17,"column":33}}],"line":17},"1":{"loc":{"start":{"line":31,"column":6},"end":{"line":33,"column":7}},"type":"if","locations":[{"start":{"line":31,"column":6},"end":{"line":33,"column":7}},{"start":{},"end":{}}],"line":31},"2":{"loc":{"start":{"line":39,"column":6},"end":{"line":51,"column":7}},"type":"if","locations":[{"start":{"line":39,"column":6},"end":{"line":51,"column":7}},{"start":{},"end":{}}],"line":39},"3":{"loc":{"start":{"line":39,"column":10},"end":{"line":39,"column":28}},"type":"binary-expr","locations":[{"start":{"line":39,"column":10},"end":{"line":39,"column":15}},{"start":{"line":39,"column":19},"end":{"line":39,"column":28}}],"line":39},"4":{"loc":{"start":{"line":46,"column":61},"end":{"line":46,"column":76}},"type":"binary-expr","locations":[{"start":{"line":46,"column":61},"end":{"line":46,"column":71}},{"start":{"line":46,"column":75},"end":{"line":46,"column":76}}],"line":46},"5":{"loc":{"start":{"line":53,"column":25},"end":{"line":53,"column":46}},"type":"binary-expr","locations":[{"start":{"line":53,"column":25},"end":{"line":53,"column":32}},{"start":{"line":53,"column":36},"end":{"line":53,"column":46}}],"line":53},"6":{"loc":{"start":{"line":83,"column":4},"end":{"line":85,"column":5}},"type":"if","locations":[{"start":{"line":83,"column":4},"end":{"line":85,"column":5}},{"start":{},"end":{}}],"line":83},"7":{"loc":{"start":{"line":83,"column":8},"end":{"line":83,"column":62}},"type":"binary-expr","locations":[{"start":{"line":83,"column":8},"end":{"line":83,"column":17}},{"start":{"line":83,"column":21},"end":{"line":83,"column":30}},{"start":{"line":83,"column":34},"end":{"line":83,"column":44}},{"start":{"line":83,"column":48},"end":{"line":83,"column":62}}],"line":83},"8":{"loc":{"start":{"line":88,"column":4},"end":{"line":92,"column":5}},"type":"if","locations":[{"start":{"line":88,"column":4},"end":{"line":92,"column":5}},{"start":{"line":90,"column":11},"end":{"line":92,"column":5}}],"line":88},"9":{"loc":{"start":{"line":97,"column":11},"end":{"line":97,"column":42}},"type":"cond-expr","locations":[{"start":{"line":97,"column":29},"end":{"line":97,"column":36}},{"start":{"line":97,"column":39},"end":{"line":97,"column":42}}],"line":97},"10":{"loc":{"start":{"line":101,"column":4},"end":{"line":101,"column":22}},"type":"if","locations":[{"start":{"line":101,"column":4},"end":{"line":101,"column":22}},{"start":{},"end":{}}],"line":101},"11":{"loc":{"start":{"line":103,"column":6},"end":{"line":103,"column":45}},"type":"if","locations":[{"start":{"line":103,"column":6},"end":{"line":103,"column":45}},{"start":{},"end":{}}],"line":103},"12":{"loc":{"start":{"line":112,"column":6},"end":{"line":121,"column":7}},"type":"if","locations":[{"start":{"line":112,"column":6},"end":{"line":121,"column":7}},{"start":{},"end":{}}],"line":112},"13":{"loc":{"start":{"line":112,"column":10},"end":{"line":112,"column":83}},"type":"binary-expr","locations":[{"start":{"line":112,"column":10},"end":{"line":112,"column":18}},{"start":{"line":112,"column":22},"end":{"line":112,"column":36}},{"start":{"line":112,"column":40},"end":{"line":112,"column":60}},{"start":{"line":112,"column":64},"end":{"line":112,"column":69}},{"start":{"line":112,"column":73},"end":{"line":112,"column":83}}],"line":112},"14":{"loc":{"start":{"line":113,"column":26},"end":{"line":113,"column":63}},"type":"binary-expr","locations":[{"start":{"line":113,"column":26},"end":{"line":113,"column":50}},{"start":{"line":113,"column":54},"end":{"line":113,"column":63}}],"line":113},"15":{"loc":{"start":{"line":141,"column":23},"end":{"line":141,"column":84}},"type":"cond-expr","locations":[{"start":{"line":141,"column":41},"end":{"line":141,"column":55}},{"start":{"line":141,"column":58},"end":{"line":141,"column":84}}],"line":141},"16":{"loc":{"start":{"line":153,"column":36},"end":{"line":153,"column":54}},"type":"cond-expr","locations":[{"start":{"line":153,"column":43},"end":{"line":153,"column":49}},{"start":{"line":153,"column":52},"end":{"line":153,"column":54}}],"line":153},"17":{"loc":{"start":{"line":163,"column":13},"end":{"line":214,"column":13}},"type":"cond-expr","locations":[{"start":{"line":164,"column":14},"end":{"line":188,"column":17}},{"start":{"line":190,"column":14},"end":{"line":213,"column":17}}],"line":163},"18":{"loc":{"start":{"line":170,"column":32},"end":{"line":170,"column":93}},"type":"cond-expr","locations":[{"start":{"line":170,"column":45},"end":{"line":170,"column":67}},{"start":{"line":170,"column":70},"end":{"line":170,"column":93}}],"line":170},"19":{"loc":{"start":{"line":171,"column":27},"end":{"line":171,"column":68}},"type":"cond-expr","locations":[{"start":{"line":171,"column":40},"end":{"line":171,"column":52}},{"start":{"line":171,"column":55},"end":{"line":171,"column":68}}],"line":171},"20":{"loc":{"start":{"line":175,"column":21},"end":{"line":184,"column":21}},"type":"cond-expr","locations":[{"start":{"line":176,"column":22},"end":{"line":179,"column":28}},{"start":{"line":181,"column":22},"end":{"line":183,"column":28}}],"line":175},"21":{"loc":{"start":{"line":197,"column":32},"end":{"line":197,"column":93}},"type":"cond-expr","locations":[{"start":{"line":197,"column":45},"end":{"line":197,"column":67}},{"start":{"line":197,"column":70},"end":{"line":197,"column":93}}],"line":197},"22":{"loc":{"start":{"line":201,"column":21},"end":{"line":210,"column":21}},"type":"cond-expr","locations":[{"start":{"line":202,"column":22},"end":{"line":205,"column":28}},{"start":{"line":207,"column":22},"end":{"line":209,"column":28}}],"line":201},"23":{"loc":{"start":{"line":220,"column":38},"end":{"line":220,"column":56}},"type":"cond-expr","locations":[{"start":{"line":220,"column":45},"end":{"line":220,"column":51}},{"start":{"line":220,"column":54},"end":{"line":220,"column":56}}],"line":220},"24":{"loc":{"start":{"line":225,"column":41},"end":{"line":225,"column":59}},"type":"cond-expr","locations":[{"start":{"line":225,"column":48},"end":{"line":225,"column":54}},{"start":{"line":225,"column":57},"end":{"line":225,"column":59}}],"line":225},"25":{"loc":{"start":{"line":242,"column":11},"end":{"line":300,"column":11}},"type":"cond-expr","locations":[{"start":{"line":243,"column":12},"end":{"line":270,"column":15}},{"start":{"line":272,"column":12},"end":{"line":299,"column":15}}],"line":242},"26":{"loc":{"start":{"line":248,"column":28},"end":{"line":248,"column":89}},"type":"cond-expr","locations":[{"start":{"line":248,"column":41},"end":{"line":248,"column":63}},{"start":{"line":248,"column":66},"end":{"line":248,"column":89}}],"line":248},"27":{"loc":{"start":{"line":252,"column":17},"end":{"line":267,"column":17}},"type":"cond-expr","locations":[{"start":{"line":253,"column":18},"end":{"line":259,"column":21}},{"start":{"line":261,"column":18},"end":{"line":266,"column":21}}],"line":252},"28":{"loc":{"start":{"line":278,"column":28},"end":{"line":278,"column":89}},"type":"cond-expr","locations":[{"start":{"line":278,"column":41},"end":{"line":278,"column":63}},{"start":{"line":278,"column":66},"end":{"line":278,"column":89}}],"line":278},"29":{"loc":{"start":{"line":282,"column":17},"end":{"line":297,"column":17}},"type":"cond-expr","locations":[{"start":{"line":283,"column":18},"end":{"line":289,"column":21}},{"start":{"line":291,"column":18},"end":{"line":296,"column":21}}],"line":282}},"s":{"0":10,"1":10,"2":4,"3":4,"4":4,"5":10,"6":10,"7":2,"8":2,"9":10,"10":10,"11":10,"12":10,"13":4,"14":4,"15":0,"16":4,"17":4,"18":4,"19":0,"20":0,"21":0,"22":0,"23":0,"24":0,"25":0,"26":0,"27":4,"28":4,"29":4,"30":0,"31":4,"32":4,"33":4,"34":10,"35":0,"36":0,"37":0,"38":10,"39":0,"40":0,"41":0,"42":0,"43":0,"44":0,"45":0,"46":10,"47":30,"48":10,"49":8,"50":6,"51":2,"52":1,"53":1,"54":2,"55":2,"56":2,"57":10,"58":4,"59":4,"60":0,"61":0,"62":0,"63":0,"64":0,"65":0,"66":0,"67":10,"68":1,"69":0,"70":0,"71":0,"72":0,"73":0,"74":0,"75":0,"76":0,"77":0,"78":0,"79":0,"80":0,"81":0},"f":{"0":10,"1":4,"2":2,"3":2,"4":4,"5":4,"6":0,"7":4,"8":0,"9":0,"10":30,"11":8,"12":1,"13":2,"14":4,"15":1,"16":0,"17":0,"18":0,"19":0,"20":0,"21":0,"22":0,"23":0,"24":0},"b":{"0":[4,0],"1":[0,4],"2":[0,4],"3":[4,0],"4":[0,0],"5":[4,0],"6":[0,0],"7":[0,0,0,0],"8":[0,0],"9":[0,30],"10":[6,2],"11":[1,0],"12":[0,4],"13":[4,4,0,0,0],"14":[0,0],"15":[0,10],"16":[4,6],"17":[0,10],"18":[0,0],"19":[0,0],"20":[0,0],"21":[0,10],"22":[0,10],"23":[4,6],"24":[4,6],"25":[0,10],"26":[0,0],"27":[0,0],"28":[0,10],"29":[0,10]},"_coverageSchema":"1a1c01bbd47fc00a2c39e90264f33305004495a9","hash":"7d38337abde141e3cf53ee703b4fa5708952a020"}
,"D:\\Uni\\Programación Web\\Proyecto_Anima_Frontend\\client\\src\\components\\auth\\AuthForm.jsx": {"path":"D:\\Uni\\Programación Web\\Proyecto_Anima_Frontend\\client\\src\\components\\auth\\AuthForm.jsx","statementMap":{"0":{"start":{"line":20,"column":17},"end":{"line":78,"column":1}},"1":{"start":{"line":35,"column":23},"end":{"line":38,"column":3}},"2":{"start":{"line":36,"column":4},"end":{"line":36,"column":23}},"3":{"start":{"line":37,"column":4},"end":{"line":37,"column":16}},"4":{"start":{"line":40,"column":2},"end":{"line":77,"column":4}}},"fnMap":{"0":{"name":"(anonymous_0)","decl":{"start":{"line":20,"column":17},"end":{"line":20,"column":18}},"loc":{"start":{"line":34,"column":6},"end":{"line":78,"column":1}},"line":34},"1":{"name":"(anonymous_1)","decl":{"start":{"line":35,"column":23},"end":{"line":35,"column":24}},"loc":{"start":{"line":35,"column":30},"end":{"line":38,"column":3}},"line":35}},"branchMap":{"0":{"loc":{"start":{"line":25,"column":2},"end":{"line":25,"column":19}},"type":"default-arg","locations":[{"start":{"line":25,"column":14},"end":{"line":25,"column":19}}],"line":25},"1":{"loc":{"start":{"line":27,"column":2},"end":{"line":27,"column":24}},"type":"default-arg","locations":[{"start":{"line":27,"column":16},"end":{"line":27,"column":24}}],"line":27},"2":{"loc":{"start":{"line":28,"column":2},"end":{"line":28,"column":24}},"type":"default-arg","locations":[{"start":{"line":28,"column":19},"end":{"line":28,"column":24}}],"line":28},"3":{"loc":{"start":{"line":29,"column":2},"end":{"line":29,"column":24}},"type":"default-arg","locations":[{"start":{"line":29,"column":19},"end":{"line":29,"column":24}}],"line":29},"4":{"loc":{"start":{"line":33,"column":2},"end":{"line":33,"column":16}},"type":"default-arg","locations":[{"start":{"line":33,"column":14},"end":{"line":33,"column":16}}],"line":33},"5":{"loc":{"start":{"line":44,"column":9},"end":{"line":44,"column":64}},"type":"binary-expr","locations":[{"start":{"line":44,"column":9},"end":{"line":44,"column":17}},{"start":{"line":44,"column":21},"end":{"line":44,"column":64}}],"line":44},"6":{"loc":{"start":{"line":51,"column":7},"end":{"line":58,"column":7}},"type":"binary-expr","locations":[{"start":{"line":51,"column":7},"end":{"line":51,"column":16}},{"start":{"line":52,"column":8},"end":{"line":57,"column":14}}],"line":51},"7":{"loc":{"start":{"line":63,"column":20},"end":{"line":63,"column":47}},"type":"binary-expr","locations":[{"start":{"line":63,"column":20},"end":{"line":63,"column":29}},{"start":{"line":63,"column":33},"end":{"line":63,"column":47}}],"line":63},"8":{"loc":{"start":{"line":64,"column":43},"end":{"line":64,"column":95}},"type":"cond-expr","locations":[{"start":{"line":64,"column":60},"end":{"line":64,"column":75}},{"start":{"line":64,"column":78},"end":{"line":64,"column":95}}],"line":64},"9":{"loc":{"start":{"line":66,"column":11},"end":{"line":66,"column":49}},"type":"cond-expr","locations":[{"start":{"line":66,"column":23},"end":{"line":66,"column":35}},{"start":{"line":66,"column":38},"end":{"line":66,"column":49}}],"line":66},"10":{"loc":{"start":{"line":69,"column":9},"end":{"line":74,"column":9}},"type":"binary-expr","locations":[{"start":{"line":69,"column":9},"end":{"line":69,"column":22}},{"start":{"line":69,"column":26},"end":{"line":69,"column":41}},{"start":{"line":69,"column":45},"end":{"line":69,"column":62}},{"start":{"line":70,"column":10},"end":{"line":73,"column":16}}],"line":69}},"s":{"0":3,"1":2,"2":1,"3":1,"4":2},"f":{"0":2,"1":1},"b":{"0":[1],"1":[0],"2":[1],"3":[1],"4":[1],"5":[2,0],"6":[2,0],"7":[2,2],"8":[0,2],"9":[0,2],"10":[2,1,1,1]},"_coverageSchema":"1a1c01bbd47fc00a2c39e90264f33305004495a9","hash":"ff9e1c07e846526d8ad8426d3255f893faca98bf"}
,"D:\\Uni\\Programación Web\\Proyecto_Anima_Frontend\\client\\src\\components\\auth\\SignInForm.jsx": {"path":"D:\\Uni\\Programación Web\\Proyecto_Anima_Frontend\\client\\src\\components\\auth\\SignInForm.jsx","statementMap":{"0":{"start":{"line":8,"column":19},"end":{"line":153,"column":1}},"1":{"start":{"line":13,"column":34},"end":{"line":16,"column":4}},"2":{"start":{"line":18,"column":30},"end":{"line":18,"column":42}},"3":{"start":{"line":19,"column":32},"end":{"line":19,"column":44}},"4":{"start":{"line":20,"column":40},"end":{"line":20,"column":55}},"5":{"start":{"line":23,"column":25},"end":{"line":25,"column":41}},"6":{"start":{"line":24,"column":4},"end":{"line":24,"column":68}},"7":{"start":{"line":28,"column":24},"end":{"line":57,"column":3}},"8":{"start":{"line":29,"column":22},"end":{"line":29,"column":35}},"9":{"start":{"line":31,"column":4},"end":{"line":54,"column":5}},"10":{"start":{"line":33,"column":8},"end":{"line":39,"column":9}},"11":{"start":{"line":34,"column":10},"end":{"line":34,"column":65}},"12":{"start":{"line":35,"column":15},"end":{"line":39,"column":9}},"13":{"start":{"line":36,"column":10},"end":{"line":36,"column":77}},"14":{"start":{"line":38,"column":10},"end":{"line":38,"column":33}},"15":{"start":{"line":40,"column":8},"end":{"line":40,"column":14}},"16":{"start":{"line":43,"column":8},"end":{"line":49,"column":9}},"17":{"start":{"line":44,"column":10},"end":{"line":44,"column":60}},"18":{"start":{"line":45,"column":15},"end":{"line":49,"column":9}},"19":{"start":{"line":46,"column":10},"end":{"line":46,"column":80}},"20":{"start":{"line":48,"column":10},"end":{"line":48,"column":36}},"21":{"start":{"line":50,"column":8},"end":{"line":50,"column":14}},"22":{"start":{"line":53,"column":8},"end":{"line":53,"column":14}},"23":{"start":{"line":56,"column":4},"end":{"line":56,"column":25}},"24":{"start":{"line":59,"column":23},"end":{"line":70,"column":3}},"25":{"start":{"line":60,"column":28},"end":{"line":60,"column":36}},"26":{"start":{"line":61,"column":4},"end":{"line":64,"column":8}},"27":{"start":{"line":61,"column":25},"end":{"line":64,"column":5}},"28":{"start":{"line":67,"column":4},"end":{"line":69,"column":5}},"29":{"start":{"line":68,"column":6},"end":{"line":68,"column":33}},"30":{"start":{"line":73,"column":21},"end":{"line":77,"column":3}},"31":{"start":{"line":74,"column":28},"end":{"line":74,"column":36}},"32":{"start":{"line":75,"column":4},"end":{"line":75,"column":52}},"33":{"start":{"line":75,"column":24},"end":{"line":75,"column":49}},"34":{"start":{"line":76,"column":4},"end":{"line":76,"column":31}},"35":{"start":{"line":79,"column":23},"end":{"line":96,"column":3}},"36":{"start":{"line":80,"column":22},"end":{"line":80,"column":24}},"37":{"start":{"line":82,"column":4},"end":{"line":86,"column":5}},"38":{"start":{"line":83,"column":6},"end":{"line":83,"column":61}},"39":{"start":{"line":84,"column":11},"end":{"line":86,"column":5}},"40":{"start":{"line":85,"column":6},"end":{"line":85,"column":73}},"41":{"start":{"line":88,"column":4},"end":{"line":92,"column":5}},"42":{"start":{"line":89,"column":6},"end":{"line":89,"column":56}},"43":{"start":{"line":90,"column":11},"end":{"line":92,"column":5}},"44":{"start":{"line":91,"column":6},"end":{"line":91,"column":76}},"45":{"start":{"line":94,"column":4},"end":{"line":94,"column":25}},"46":{"start":{"line":95,"column":4},"end":{"line":95,"column":47}},"47":{"start":{"line":98,"column":23},"end":{"line":106,"column":3}},"48":{"start":{"line":99,"column":4},"end":{"line":99,"column":23}},"49":{"start":{"line":100,"column":4},"end":{"line":100,"column":25}},"50":{"start":{"line":101,"column":4},"end":{"line":101,"column":48}},"51":{"start":{"line":103,"column":4},"end":{"line":105,"column":5}},"52":{"start":{"line":104,"column":6},"end":{"line":104,"column":25}},"53":{"start":{"line":108,"column":2},"end":{"line":152,"column":4}}},"fnMap":{"0":{"name":"(anonymous_0)","decl":{"start":{"line":8,"column":19},"end":{"line":8,"column":20}},"loc":{"start":{"line":12,"column":6},"end":{"line":153,"column":1}},"line":12},"1":{"name":"(anonymous_1)","decl":{"start":{"line":23,"column":33},"end":{"line":23,"column":34}},"loc":{"start":{"line":23,"column":39},"end":{"line":25,"column":3}},"line":23},"2":{"name":"(anonymous_2)","decl":{"start":{"line":28,"column":24},"end":{"line":28,"column":25}},"loc":{"start":{"line":28,"column":41},"end":{"line":57,"column":3}},"line":28},"3":{"name":"(anonymous_3)","decl":{"start":{"line":59,"column":23},"end":{"line":59,"column":24}},"loc":{"start":{"line":59,"column":30},"end":{"line":70,"column":3}},"line":59},"4":{"name":"(anonymous_4)","decl":{"start":{"line":61,"column":16},"end":{"line":61,"column":17}},"loc":{"start":{"line":61,"column":25},"end":{"line":64,"column":5}},"line":61},"5":{"name":"(anonymous_5)","decl":{"start":{"line":73,"column":21},"end":{"line":73,"column":22}},"loc":{"start":{"line":73,"column":28},"end":{"line":77,"column":3}},"line":73},"6":{"name":"(anonymous_6)","decl":{"start":{"line":75,"column":15},"end":{"line":75,"column":16}},"loc":{"start":{"line":75,"column":24},"end":{"line":75,"column":49}},"line":75},"7":{"name":"(anonymous_7)","decl":{"start":{"line":79,"column":23},"end":{"line":79,"column":24}},"loc":{"start":{"line":79,"column":29},"end":{"line":96,"column":3}},"line":79},"8":{"name":"(anonymous_8)","decl":{"start":{"line":98,"column":23},"end":{"line":98,"column":24}},"loc":{"start":{"line":98,"column":30},"end":{"line":106,"column":3}},"line":98}},"branchMap":{"0":{"loc":{"start":{"line":10,"column":2},"end":{"line":10,"column":19}},"type":"default-arg","locations":[{"start":{"line":10,"column":14},"end":{"line":10,"column":19}}],"line":10},"1":{"loc":{"start":{"line":24,"column":11},"end":{"line":24,"column":67}},"type":"binary-expr","locations":[{"start":{"line":24,"column":11},"end":{"line":24,"column":39}},{"start":{"line":24,"column":43},"end":{"line":24,"column":67}}],"line":24},"2":{"loc":{"start":{"line":31,"column":4},"end":{"line":54,"column":5}},"type":"switch","locations":[{"start":{"line":32,"column":6},"end":{"line":40,"column":14}},{"start":{"line":42,"column":6},"end":{"line":50,"column":14}},{"start":{"line":52,"column":6},"end":{"line":53,"column":14}}],"line":31},"3":{"loc":{"start":{"line":33,"column":8},"end":{"line":39,"column":9}},"type":"if","locations":[{"start":{"line":33,"column":8},"end":{"line":39,"column":9}},{"start":{"line":35,"column":15},"end":{"line":39,"column":9}}],"line":33},"4":{"loc":{"start":{"line":35,"column":15},"end":{"line":39,"column":9}},"type":"if","locations":[{"start":{"line":35,"column":15},"end":{"line":39,"column":9}},{"start":{"line":37,"column":15},"end":{"line":39,"column":9}}],"line":35},"5":{"loc":{"start":{"line":43,"column":8},"end":{"line":49,"column":9}},"type":"if","locations":[{"start":{"line":43,"column":8},"end":{"line":49,"column":9}},{"start":{"line":45,"column":15},"end":{"line":49,"column":9}}],"line":43},"6":{"loc":{"start":{"line":45,"column":15},"end":{"line":49,"column":9}},"type":"if","locations":[{"start":{"line":45,"column":15},"end":{"line":49,"column":9}},{"start":{"line":47,"column":15},"end":{"line":49,"column":9}}],"line":45},"7":{"loc":{"start":{"line":67,"column":4},"end":{"line":69,"column":5}},"type":"if","locations":[{"start":{"line":67,"column":4},"end":{"line":69,"column":5}},{"start":{},"end":{}}],"line":67},"8":{"loc":{"start":{"line":67,"column":8},"end":{"line":67,"column":36}},"type":"binary-expr","locations":[{"start":{"line":67,"column":8},"end":{"line":67,"column":21}},{"start":{"line":67,"column":25},"end":{"line":67,"column":36}}],"line":67},"9":{"loc":{"start":{"line":82,"column":4},"end":{"line":86,"column":5}},"type":"if","locations":[{"start":{"line":82,"column":4},"end":{"line":86,"column":5}},{"start":{"line":84,"column":11},"end":{"line":86,"column":5}}],"line":82},"10":{"loc":{"start":{"line":84,"column":11},"end":{"line":86,"column":5}},"type":"if","locations":[{"start":{"line":84,"column":11},"end":{"line":86,"column":5}},{"start":{},"end":{}}],"line":84},"11":{"loc":{"start":{"line":88,"column":4},"end":{"line":92,"column":5}},"type":"if","locations":[{"start":{"line":88,"column":4},"end":{"line":92,"column":5}},{"start":{"line":90,"column":11},"end":{"line":92,"column":5}}],"line":88},"12":{"loc":{"start":{"line":90,"column":11},"end":{"line":92,"column":5}},"type":"if","locations":[{"start":{"line":90,"column":11},"end":{"line":92,"column":5}},{"start":{},"end":{}}],"line":90},"13":{"loc":{"start":{"line":103,"column":4},"end":{"line":105,"column":5}},"type":"if","locations":[{"start":{"line":103,"column":4},"end":{"line":105,"column":5}},{"start":{},"end":{}}],"line":103},"14":{"loc":{"start":{"line":114,"column":19},"end":{"line":114,"column":71}},"type":"cond-expr","locations":[{"start":{"line":114,"column":31},"end":{"line":114,"column":52}},{"start":{"line":114,"column":55},"end":{"line":114,"column":71}}],"line":114},"15":{"loc":{"start":{"line":115,"column":22},"end":{"line":115,"column":50}},"type":"binary-expr","locations":[{"start":{"line":115,"column":22},"end":{"line":115,"column":37}},{"start":{"line":115,"column":41},"end":{"line":115,"column":50}}],"line":115},"16":{"loc":{"start":{"line":130,"column":15},"end":{"line":130,"column":65}},"type":"cond-expr","locations":[{"start":{"line":130,"column":48},"end":{"line":130,"column":60}},{"start":{"line":130,"column":63},"end":{"line":130,"column":65}}],"line":130},"17":{"loc":{"start":{"line":130,"column":16},"end":{"line":130,"column":44}},"type":"binary-expr","locations":[{"start":{"line":130,"column":16},"end":{"line":130,"column":29}},{"start":{"line":130,"column":33},"end":{"line":130,"column":44}}],"line":130},"18":{"loc":{"start":{"line":142,"column":15},"end":{"line":142,"column":71}},"type":"cond-expr","locations":[{"start":{"line":142,"column":51},"end":{"line":142,"column":66}},{"start":{"line":142,"column":69},"end":{"line":142,"column":71}}],"line":142},"19":{"loc":{"start":{"line":142,"column":16},"end":{"line":142,"column":47}},"type":"binary-expr","locations":[{"start":{"line":142,"column":16},"end":{"line":142,"column":32}},{"start":{"line":142,"column":36},"end":{"line":142,"column":47}}],"line":142}},"s":{"0":2,"1":1,"2":1,"3":1,"4":1,"5":1,"6":1,"7":1,"8":0,"9":0,"10":0,"11":0,"12":0,"13":0,"14":0,"15":0,"16":0,"17":0,"18":0,"19":0,"20":0,"21":0,"22":0,"23":0,"24":1,"25":0,"26":0,"27":0,"28":0,"29":0,"30":1,"31":0,"32":0,"33":0,"34":0,"35":1,"36":0,"37":0,"38":0,"39":0,"40":0,"41":0,"42":0,"43":0,"44":0,"45":0,"46":0,"47":1,"48":0,"49":0,"50":0,"51":0,"52":0,"53":1},"f":{"0":1,"1":1,"2":0,"3":0,"4":0,"5":0,"6":0,"7":0,"8":0},"b":{"0":[0],"1":[1,0],"2":[0,0,0],"3":[0,0],"4":[0,0],"5":[0,0],"6":[0,0],"7":[0,0],"8":[0,0],"9":[0,0],"10":[0,0],"11":[0,0],"12":[0,0],"13":[0,0],"14":[0,1],"15":[1,0],"16":[0,1],"17":[1,1],"18":[0,1],"19":[1,1]},"_coverageSchema":"1a1c01bbd47fc00a2c39e90264f33305004495a9","hash":"d8b3981fdbd692abc05f5542529138d56f4b4259"}
,"D:\\Uni\\Programación Web\\Proyecto_Anima_Frontend\\client\\src\\components\\auth\\SignUpForm.jsx": {"path":"D:\\Uni\\Programación Web\\Proyecto_Anima_Frontend\\client\\src\\components\\auth\\SignUpForm.jsx","statementMap":{"0":{"start":{"line":9,"column":19},"end":{"line":241,"column":1}},"1":{"start":{"line":15,"column":34},"end":{"line":20,"column":4}},"2":{"start":{"line":23,"column":30},"end":{"line":23,"column":42}},"3":{"start":{"line":24,"column":32},"end":{"line":24,"column":44}},"4":{"start":{"line":25,"column":40},"end":{"line":25,"column":55}},"5":{"start":{"line":28,"column":50},"end":{"line":31,"column":4}},"6":{"start":{"line":34,"column":24},"end":{"line":79,"column":3}},"7":{"start":{"line":35,"column":22},"end":{"line":35,"column":35}},"8":{"start":{"line":37,"column":4},"end":{"line":76,"column":5}},"9":{"start":{"line":39,"column":8},"end":{"line":43,"column":9}},"10":{"start":{"line":40,"column":10},"end":{"line":40,"column":63}},"11":{"start":{"line":42,"column":10},"end":{"line":42,"column":32}},"12":{"start":{"line":44,"column":8},"end":{"line":44,"column":14}},"13":{"start":{"line":47,"column":8},"end":{"line":53,"column":9}},"14":{"start":{"line":48,"column":10},"end":{"line":48,"column":65}},"15":{"start":{"line":49,"column":15},"end":{"line":53,"column":9}},"16":{"start":{"line":50,"column":10},"end":{"line":50,"column":77}},"17":{"start":{"line":52,"column":10},"end":{"line":52,"column":33}},"18":{"start":{"line":54,"column":8},"end":{"line":54,"column":14}},"19":{"start":{"line":57,"column":8},"end":{"line":61,"column":9}},"20":{"start":{"line":58,"column":10},"end":{"line":58,"column":60}},"21":{"start":{"line":60,"column":10},"end":{"line":60,"column":36}},"22":{"start":{"line":62,"column":8},"end":{"line":62,"column":14}},"23":{"start":{"line":65,"column":8},"end":{"line":71,"column":9}},"24":{"start":{"line":66,"column":10},"end":{"line":66,"column":73}},"25":{"start":{"line":67,"column":15},"end":{"line":71,"column":9}},"26":{"start":{"line":68,"column":10},"end":{"line":68,"column":69}},"27":{"start":{"line":70,"column":10},"end":{"line":70,"column":43}},"28":{"start":{"line":72,"column":8},"end":{"line":72,"column":14}},"29":{"start":{"line":75,"column":8},"end":{"line":75,"column":14}},"30":{"start":{"line":78,"column":4},"end":{"line":78,"column":25}},"31":{"start":{"line":82,"column":23},"end":{"line":93,"column":3}},"32":{"start":{"line":83,"column":28},"end":{"line":83,"column":36}},"33":{"start":{"line":84,"column":4},"end":{"line":87,"column":8}},"34":{"start":{"line":84,"column":25},"end":{"line":87,"column":5}},"35":{"start":{"line":90,"column":4},"end":{"line":92,"column":5}},"36":{"start":{"line":91,"column":6},"end":{"line":91,"column":33}},"37":{"start":{"line":96,"column":21},"end":{"line":100,"column":3}},"38":{"start":{"line":97,"column":28},"end":{"line":97,"column":36}},"39":{"start":{"line":98,"column":4},"end":{"line":98,"column":52}},"40":{"start":{"line":98,"column":24},"end":{"line":98,"column":49}},"41":{"start":{"line":99,"column":4},"end":{"line":99,"column":31}},"42":{"start":{"line":103,"column":23},"end":{"line":136,"column":3}},"43":{"start":{"line":104,"column":22},"end":{"line":104,"column":24}},"44":{"start":{"line":107,"column":4},"end":{"line":111,"column":5}},"45":{"start":{"line":108,"column":6},"end":{"line":108,"column":59}},"46":{"start":{"line":109,"column":11},"end":{"line":111,"column":5}},"47":{"start":{"line":110,"column":6},"end":{"line":110,"column":68}},"48":{"start":{"line":114,"column":4},"end":{"line":118,"column":5}},"49":{"start":{"line":115,"column":6},"end":{"line":115,"column":61}},"50":{"start":{"line":116,"column":11},"end":{"line":118,"column":5}},"51":{"start":{"line":117,"column":6},"end":{"line":117,"column":73}},"52":{"start":{"line":121,"column":4},"end":{"line":125,"column":5}},"53":{"start":{"line":122,"column":6},"end":{"line":122,"column":56}},"54":{"start":{"line":123,"column":11},"end":{"line":125,"column":5}},"55":{"start":{"line":124,"column":6},"end":{"line":124,"column":72}},"56":{"start":{"line":128,"column":4},"end":{"line":132,"column":5}},"57":{"start":{"line":129,"column":6},"end":{"line":129,"column":69}},"58":{"start":{"line":130,"column":11},"end":{"line":132,"column":5}},"59":{"start":{"line":131,"column":6},"end":{"line":131,"column":65}},"60":{"start":{"line":134,"column":4},"end":{"line":134,"column":25}},"61":{"start":{"line":135,"column":4},"end":{"line":135,"column":47}},"62":{"start":{"line":139,"column":23},"end":{"line":154,"column":3}},"63":{"start":{"line":140,"column":4},"end":{"line":140,"column":23}},"64":{"start":{"line":141,"column":4},"end":{"line":141,"column":25}},"65":{"start":{"line":142,"column":4},"end":{"line":147,"column":7}},"66":{"start":{"line":149,"column":4},"end":{"line":153,"column":5}},"67":{"start":{"line":150,"column":40},"end":{"line":150,"column":48}},"68":{"start":{"line":151,"column":22},"end":{"line":151,"column":47}},"69":{"start":{"line":152,"column":6},"end":{"line":152,"column":24}},"70":{"start":{"line":157,"column":22},"end":{"line":164,"column":3}},"71":{"start":{"line":158,"column":4},"end":{"line":163,"column":58}},"72":{"start":{"line":166,"column":2},"end":{"line":240,"column":4}}},"fnMap":{"0":{"name":"(anonymous_0)","decl":{"start":{"line":9,"column":19},"end":{"line":9,"column":20}},"loc":{"start":{"line":13,"column":6},"end":{"line":241,"column":1}},"line":13},"1":{"name":"(anonymous_1)","decl":{"start":{"line":34,"column":24},"end":{"line":34,"column":25}},"loc":{"start":{"line":34,"column":41},"end":{"line":79,"column":3}},"line":34},"2":{"name":"(anonymous_2)","decl":{"start":{"line":82,"column":23},"end":{"line":82,"column":24}},"loc":{"start":{"line":82,"column":30},"end":{"line":93,"column":3}},"line":82},"3":{"name":"(anonymous_3)","decl":{"start":{"line":84,"column":16},"end":{"line":84,"column":17}},"loc":{"start":{"line":84,"column":25},"end":{"line":87,"column":5}},"line":84},"4":{"name":"(anonymous_4)","decl":{"start":{"line":96,"column":21},"end":{"line":96,"column":22}},"loc":{"start":{"line":96,"column":28},"end":{"line":100,"column":3}},"line":96},"5":{"name":"(anonymous_5)","decl":{"start":{"line":98,"column":15},"end":{"line":98,"column":16}},"loc":{"start":{"line":98,"column":24},"end":{"line":98,"column":49}},"line":98},"6":{"name":"(anonymous_6)","decl":{"start":{"line":103,"column":23},"end":{"line":103,"column":24}},"loc":{"start":{"line":103,"column":29},"end":{"line":136,"column":3}},"line":103},"7":{"name":"(anonymous_7)","decl":{"start":{"line":139,"column":23},"end":{"line":139,"column":24}},"loc":{"start":{"line":139,"column":30},"end":{"line":154,"column":3}},"line":139},"8":{"name":"(anonymous_8)","decl":{"start":{"line":157,"column":22},"end":{"line":157,"column":23}},"loc":{"start":{"line":157,"column":28},"end":{"line":164,"column":3}},"line":157}},"branchMap":{"0":{"loc":{"start":{"line":11,"column":2},"end":{"line":11,"column":19}},"type":"default-arg","locations":[{"start":{"line":11,"column":14},"end":{"line":11,"column":19}}],"line":11},"1":{"loc":{"start":{"line":37,"column":4},"end":{"line":76,"column":5}},"type":"switch","locations":[{"start":{"line":38,"column":6},"end":{"line":44,"column":14}},{"start":{"line":46,"column":6},"end":{"line":54,"column":14}},{"start":{"line":56,"column":6},"end":{"line":62,"column":14}},{"start":{"line":64,"column":6},"end":{"line":72,"column":14}},{"start":{"line":74,"column":6},"end":{"line":75,"column":14}}],"line":37},"2":{"loc":{"start":{"line":39,"column":8},"end":{"line":43,"column":9}},"type":"if","locations":[{"start":{"line":39,"column":8},"end":{"line":43,"column":9}},{"start":{"line":41,"column":15},"end":{"line":43,"column":9}}],"line":39},"3":{"loc":{"start":{"line":47,"column":8},"end":{"line":53,"column":9}},"type":"if","locations":[{"start":{"line":47,"column":8},"end":{"line":53,"column":9}},{"start":{"line":49,"column":15},"end":{"line":53,"column":9}}],"line":47},"4":{"loc":{"start":{"line":49,"column":15},"end":{"line":53,"column":9}},"type":"if","locations":[{"start":{"line":49,"column":15},"end":{"line":53,"column":9}},{"start":{"line":51,"column":15},"end":{"line":53,"column":9}}],"line":49},"5":{"loc":{"start":{"line":57,"column":8},"end":{"line":61,"column":9}},"type":"if","locations":[{"start":{"line":57,"column":8},"end":{"line":61,"column":9}},{"start":{"line":59,"column":15},"end":{"line":61,"column":9}}],"line":57},"6":{"loc":{"start":{"line":65,"column":8},"end":{"line":71,"column":9}},"type":"if","locations":[{"start":{"line":65,"column":8},"end":{"line":71,"column":9}},{"start":{"line":67,"column":15},"end":{"line":71,"column":9}}],"line":65},"7":{"loc":{"start":{"line":67,"column":15},"end":{"line":71,"column":9}},"type":"if","locations":[{"start":{"line":67,"column":15},"end":{"line":71,"column":9}},{"start":{"line":69,"column":15},"end":{"line":71,"column":9}}],"line":67},"8":{"loc":{"start":{"line":90,"column":4},"end":{"line":92,"column":5}},"type":"if","locations":[{"start":{"line":90,"column":4},"end":{"line":92,"column":5}},{"start":{},"end":{}}],"line":90},"9":{"loc":{"start":{"line":90,"column":8},"end":{"line":90,"column":36}},"type":"binary-expr","locations":[{"start":{"line":90,"column":8},"end":{"line":90,"column":21}},{"start":{"line":90,"column":25},"end":{"line":90,"column":36}}],"line":90},"10":{"loc":{"start":{"line":107,"column":4},"end":{"line":111,"column":5}},"type":"if","locations":[{"start":{"line":107,"column":4},"end":{"line":111,"column":5}},{"start":{"line":109,"column":11},"end":{"line":111,"column":5}}],"line":107},"11":{"loc":{"start":{"line":109,"column":11},"end":{"line":111,"column":5}},"type":"if","locations":[{"start":{"line":109,"column":11},"end":{"line":111,"column":5}},{"start":{},"end":{}}],"line":109},"12":{"loc":{"start":{"line":114,"column":4},"end":{"line":118,"column":5}},"type":"if","locations":[{"start":{"line":114,"column":4},"end":{"line":118,"column":5}},{"start":{"line":116,"column":11},"end":{"line":118,"column":5}}],"line":114},"13":{"loc":{"start":{"line":116,"column":11},"end":{"line":118,"column":5}},"type":"if","locations":[{"start":{"line":116,"column":11},"end":{"line":118,"column":5}},{"start":{},"end":{}}],"line":116},"14":{"loc":{"start":{"line":121,"column":4},"end":{"line":125,"column":5}},"type":"if","locations":[{"start":{"line":121,"column":4},"end":{"line":125,"column":5}},{"start":{"line":123,"column":11},"end":{"line":125,"column":5}}],"line":121},"15":{"loc":{"start":{"line":123,"column":11},"end":{"line":125,"column":5}},"type":"if","locations":[{"start":{"line":123,"column":11},"end":{"line":125,"column":5}},{"start":{},"end":{}}],"line":123},"16":{"loc":{"start":{"line":128,"column":4},"end":{"line":132,"column":5}},"type":"if","locations":[{"start":{"line":128,"column":4},"end":{"line":132,"column":5}},{"start":{"line":130,"column":11},"end":{"line":132,"column":5}}],"line":128},"17":{"loc":{"start":{"line":130,"column":11},"end":{"line":132,"column":5}},"type":"if","locations":[{"start":{"line":130,"column":11},"end":{"line":132,"column":5}},{"start":{},"end":{}}],"line":130},"18":{"loc":{"start":{"line":149,"column":4},"end":{"line":153,"column":5}},"type":"if","locations":[{"start":{"line":149,"column":4},"end":{"line":153,"column":5}},{"start":{},"end":{}}],"line":149},"19":{"loc":{"start":{"line":158,"column":11},"end":{"line":163,"column":57}},"type":"binary-expr","locations":[{"start":{"line":158,"column":11},"end":{"line":158,"column":31}},{"start":{"line":159,"column":11},"end":{"line":159,"column":25}},{"start":{"line":160,"column":11},"end":{"line":160,"column":28}},{"start":{"line":161,"column":11},"end":{"line":161,"column":35}},{"start":{"line":162,"column":11},"end":{"line":162,"column":24}},{"start":{"line":163,"column":11},"end":{"line":163,"column":57}}],"line":158},"20":{"loc":{"start":{"line":172,"column":22},"end":{"line":172,"column":49}},"type":"binary-expr","locations":[{"start":{"line":172,"column":22},"end":{"line":172,"column":36}},{"start":{"line":172,"column":40},"end":{"line":172,"column":49}}],"line":172},"21":{"loc":{"start":{"line":174,"column":19},"end":{"line":174,"column":66}},"type":"cond-expr","locations":[{"start":{"line":174,"column":31},"end":{"line":174,"column":50}},{"start":{"line":174,"column":53},"end":{"line":174,"column":66}}],"line":174},"22":{"loc":{"start":{"line":187,"column":15},"end":{"line":187,"column":63}},"type":"cond-expr","locations":[{"start":{"line":187,"column":47},"end":{"line":187,"column":58}},{"start":{"line":187,"column":61},"end":{"line":187,"column":63}}],"line":187},"23":{"loc":{"start":{"line":187,"column":16},"end":{"line":187,"column":43}},"type":"binary-expr","locations":[{"start":{"line":187,"column":16},"end":{"line":187,"column":28}},{"start":{"line":187,"column":32},"end":{"line":187,"column":43}}],"line":187},"24":{"loc":{"start":{"line":200,"column":15},"end":{"line":200,"column":65}},"type":"cond-expr","locations":[{"start":{"line":200,"column":48},"end":{"line":200,"column":60}},{"start":{"line":200,"column":63},"end":{"line":200,"column":65}}],"line":200},"25":{"loc":{"start":{"line":200,"column":16},"end":{"line":200,"column":44}},"type":"binary-expr","locations":[{"start":{"line":200,"column":16},"end":{"line":200,"column":29}},{"start":{"line":200,"column":33},"end":{"line":200,"column":44}}],"line":200},"26":{"loc":{"start":{"line":213,"column":17},"end":{"line":213,"column":73}},"type":"cond-expr","locations":[{"start":{"line":213,"column":53},"end":{"line":213,"column":68}},{"start":{"line":213,"column":71},"end":{"line":213,"column":73}}],"line":213},"27":{"loc":{"start":{"line":213,"column":18},"end":{"line":213,"column":49}},"type":"binary-expr","locations":[{"start":{"line":213,"column":18},"end":{"line":213,"column":34}},{"start":{"line":213,"column":38},"end":{"line":213,"column":49}}],"line":213},"28":{"loc":{"start":{"line":216,"column":31},"end":{"line":216,"column":63}},"type":"binary-expr","locations":[{"start":{"line":216,"column":31},"end":{"line":216,"column":48}},{"start":{"line":216,"column":52},"end":{"line":216,"column":63}}],"line":216},"29":{"loc":{"start":{"line":226,"column":17},"end":{"line":226,"column":87}},"type":"cond-expr","locations":[{"start":{"line":226,"column":60},"end":{"line":226,"column":82}},{"start":{"line":226,"column":85},"end":{"line":226,"column":87}}],"line":226},"30":{"loc":{"start":{"line":226,"column":18},"end":{"line":226,"column":56}},"type":"binary-expr","locations":[{"start":{"line":226,"column":18},"end":{"line":226,"column":41}},{"start":{"line":226,"column":45},"end":{"line":226,"column":56}}],"line":226},"31":{"loc":{"start":{"line":232,"column":9},"end":{"line":237,"column":9}},"type":"binary-expr","locations":[{"start":{"line":232,"column":10},"end":{"line":232,"column":27}},{"start":{"line":232,"column":31},"end":{"line":232,"column":42}},{"start":{"line":233,"column":10},"end":{"line":236,"column":12}}],"line":232}},"s":{"0":1,"1":0,"2":0,"3":0,"4":0,"5":0,"6":0,"7":0,"8":0,"9":0,"10":0,"11":0,"12":0,"13":0,"14":0,"15":0,"16":0,"17":0,"18":0,"19":0,"20":0,"21":0,"22":0,"23":0,"24":0,"25":0,"26":0,"27":0,"28":0,"29":0,"30":0,"31":0,"32":0,"33":0,"34":0,"35":0,"36":0,"37":0,"38":0,"39":0,"40":0,"41":0,"42":0,"43":0,"44":0,"45":0,"46":0,"47":0,"48":0,"49":0,"50":0,"51":0,"52":0,"53":0,"54":0,"55":0,"56":0,"57":0,"58":0,"59":0,"60":0,"61":0,"62":0,"63":0,"64":0,"65":0,"66":0,"67":0,"68":0,"69":0,"70":0,"71":0,"72":0},"f":{"0":0,"1":0,"2":0,"3":0,"4":0,"5":0,"6":0,"7":0,"8":0},"b":{"0":[0],"1":[0,0,0,0,0],"2":[0,0],"3":[0,0],"4":[0,0],"5":[0,0],"6":[0,0],"7":[0,0],"8":[0,0],"9":[0,0],"10":[0,0],"11":[0,0],"12":[0,0],"13":[0,0],"14":[0,0],"15":[0,0],"16":[0,0],"17":[0,0],"18":[0,0],"19":[0,0,0,0,0,0],"20":[0,0],"21":[0,0],"22":[0,0],"23":[0,0],"24":[0,0],"25":[0,0],"26":[0,0],"27":[0,0],"28":[0,0],"29":[0,0],"30":[0,0],"31":[0,0,0]},"_coverageSchema":"1a1c01bbd47fc00a2c39e90264f33305004495a9","hash":"db193df79d680622dd4754720866c7ea6d595d67"}
,"D:\\Uni\\Programación Web\\Proyecto_Anima_Frontend\\client\\src\\components\\emotion\\CameraCapture.jsx": {"path":"D:\\Uni\\Programación Web\\Proyecto_Anima_Frontend\\client\\src\\components\\emotion\\CameraCapture.jsx","statementMap":{"0":{"start":{"line":5,"column":22},"end":{"line":274,"column":1}},"1":{"start":{"line":6,"column":30},"end":{"line":6,"column":44}},"2":{"start":{"line":7,"column":44},"end":{"line":7,"column":58}},"3":{"start":{"line":8,"column":28},"end":{"line":8,"column":42}},"4":{"start":{"line":9,"column":36},"end":{"line":9,"column":50}},"5":{"start":{"line":11,"column":19},"end":{"line":11,"column":31}},"6":{"start":{"line":12,"column":20},"end":{"line":12,"column":32}},"7":{"start":{"line":14,"column":20},"end":{"line":14,"column":32}},"8":{"start":{"line":17,"column":22},"end":{"line":46,"column":8}},"9":{"start":{"line":18,"column":4},"end":{"line":45,"column":5}},"10":{"start":{"line":19,"column":6},"end":{"line":19,"column":25}},"11":{"start":{"line":20,"column":6},"end":{"line":20,"column":21}},"12":{"start":{"line":23,"column":6},"end":{"line":26,"column":7}},"13":{"start":{"line":24,"column":8},"end":{"line":24,"column":69}},"14":{"start":{"line":24,"column":55},"end":{"line":24,"column":67}},"15":{"start":{"line":25,"column":8},"end":{"line":25,"column":33}},"16":{"start":{"line":28,"column":26},"end":{"line":35,"column":8}},"17":{"start":{"line":37,"column":6},"end":{"line":37,"column":53}},"18":{"start":{"line":38,"column":6},"end":{"line":38,"column":29}},"19":{"start":{"line":39,"column":6},"end":{"line":39,"column":38}},"20":{"start":{"line":40,"column":6},"end":{"line":40,"column":26}},"21":{"start":{"line":42,"column":6},"end":{"line":42,"column":54}},"22":{"start":{"line":43,"column":6},"end":{"line":43,"column":84}},"23":{"start":{"line":44,"column":6},"end":{"line":44,"column":26}},"24":{"start":{"line":48,"column":21},"end":{"line":72,"column":8}},"25":{"start":{"line":49,"column":4},"end":{"line":49,"column":55}},"26":{"start":{"line":51,"column":20},"end":{"line":51,"column":37}},"27":{"start":{"line":52,"column":4},"end":{"line":58,"column":5}},"28":{"start":{"line":53,"column":6},"end":{"line":56,"column":9}},"29":{"start":{"line":54,"column":8},"end":{"line":54,"column":56}},"30":{"start":{"line":54,"column":14},"end":{"line":54,"column":27}},"31":{"start":{"line":55,"column":8},"end":{"line":55,"column":53}},"32":{"start":{"line":57,"column":6},"end":{"line":57,"column":31}},"33":{"start":{"line":61,"column":4},"end":{"line":61,"column":20}},"34":{"start":{"line":63,"column":4},"end":{"line":71,"column":5}},"35":{"start":{"line":64,"column":6},"end":{"line":70,"column":7}},"36":{"start":{"line":65,"column":8},"end":{"line":65,"column":42}},"37":{"start":{"line":66,"column":8},"end":{"line":66,"column":33}},"38":{"start":{"line":67,"column":8},"end":{"line":67,"column":32}},"39":{"start":{"line":74,"column":2},"end":{"line":82,"column":32}},"40":{"start":{"line":76,"column":4},"end":{"line":76,"column":18}},"41":{"start":{"line":77,"column":4},"end":{"line":80,"column":6}},"42":{"start":{"line":79,"column":6},"end":{"line":79,"column":19}},"43":{"start":{"line":85,"column":2},"end":{"line":96,"column":30}},"44":{"start":{"line":86,"column":4},"end":{"line":95,"column":5}},"45":{"start":{"line":87,"column":6},"end":{"line":87,"column":42}},"46":{"start":{"line":89,"column":6},"end":{"line":91,"column":9}},"47":{"start":{"line":90,"column":8},"end":{"line":90,"column":51}},"48":{"start":{"line":92,"column":11},"end":{"line":95,"column":5}},"49":{"start":{"line":94,"column":6},"end":{"line":94,"column":40}},"50":{"start":{"line":100,"column":23},"end":{"line":135,"column":3}},"51":{"start":{"line":101,"column":4},"end":{"line":104,"column":5}},"52":{"start":{"line":102,"column":6},"end":{"line":102,"column":52}},"53":{"start":{"line":103,"column":6},"end":{"line":103,"column":13}},"54":{"start":{"line":106,"column":18},"end":{"line":106,"column":34}},"55":{"start":{"line":107,"column":19},"end":{"line":107,"column":36}},"56":{"start":{"line":110,"column":4},"end":{"line":113,"column":5}},"57":{"start":{"line":111,"column":6},"end":{"line":111,"column":64}},"58":{"start":{"line":112,"column":6},"end":{"line":112,"column":13}},"59":{"start":{"line":116,"column":4},"end":{"line":116,"column":36}},"60":{"start":{"line":117,"column":4},"end":{"line":117,"column":38}},"61":{"start":{"line":120,"column":16},"end":{"line":120,"column":39}},"62":{"start":{"line":121,"column":4},"end":{"line":121,"column":60}},"63":{"start":{"line":124,"column":22},"end":{"line":124,"column":57}},"64":{"start":{"line":126,"column":4},"end":{"line":126,"column":37}},"65":{"start":{"line":129,"column":4},"end":{"line":129,"column":17}},"66":{"start":{"line":132,"column":4},"end":{"line":134,"column":11}},"67":{"start":{"line":133,"column":6},"end":{"line":133,"column":34}},"68":{"start":{"line":137,"column":22},"end":{"line":144,"column":3}},"69":{"start":{"line":138,"column":4},"end":{"line":138,"column":37}},"70":{"start":{"line":139,"column":4},"end":{"line":139,"column":27}},"71":{"start":{"line":141,"column":4},"end":{"line":143,"column":12}},"72":{"start":{"line":142,"column":6},"end":{"line":142,"column":20}},"73":{"start":{"line":146,"column":23},"end":{"line":154,"column":3}},"74":{"start":{"line":147,"column":4},"end":{"line":153,"column":5}},"75":{"start":{"line":148,"column":6},"end":{"line":148,"column":74}},"76":{"start":{"line":150,"column":6},"end":{"line":150,"column":19}},"77":{"start":{"line":152,"column":6},"end":{"line":152,"column":31}},"78":{"start":{"line":156,"column":23},"end":{"line":159,"column":3}},"79":{"start":{"line":157,"column":4},"end":{"line":157,"column":17}},"80":{"start":{"line":158,"column":4},"end":{"line":158,"column":15}},"81":{"start":{"line":161,"column":2},"end":{"line":273,"column":4}}},"fnMap":{"0":{"name":"(anonymous_0)","decl":{"start":{"line":5,"column":22},"end":{"line":5,"column":23}},"loc":{"start":{"line":5,"column":51},"end":{"line":274,"column":1}},"line":5},"1":{"name":"(anonymous_1)","decl":{"start":{"line":17,"column":34},"end":{"line":17,"column":35}},"loc":{"start":{"line":17,"column":46},"end":{"line":46,"column":3}},"line":17},"2":{"name":"(anonymous_2)","decl":{"start":{"line":24,"column":46},"end":{"line":24,"column":47}},"loc":{"start":{"line":24,"column":55},"end":{"line":24,"column":67}},"line":24},"3":{"name":"(anonymous_3)","decl":{"start":{"line":48,"column":33},"end":{"line":48,"column":34}},"loc":{"start":{"line":48,"column":39},"end":{"line":72,"column":3}},"line":48},"4":{"name":"(anonymous_4)","decl":{"start":{"line":53,"column":34},"end":{"line":53,"column":35}},"loc":{"start":{"line":53,"column":43},"end":{"line":56,"column":7}},"line":53},"5":{"name":"(anonymous_5)","decl":{"start":{"line":74,"column":12},"end":{"line":74,"column":13}},"loc":{"start":{"line":74,"column":18},"end":{"line":82,"column":3}},"line":74},"6":{"name":"(anonymous_6)","decl":{"start":{"line":77,"column":11},"end":{"line":77,"column":12}},"loc":{"start":{"line":77,"column":17},"end":{"line":80,"column":5}},"line":77},"7":{"name":"(anonymous_7)","decl":{"start":{"line":85,"column":12},"end":{"line":85,"column":13}},"loc":{"start":{"line":85,"column":18},"end":{"line":96,"column":3}},"line":85},"8":{"name":"(anonymous_8)","decl":{"start":{"line":89,"column":36},"end":{"line":89,"column":37}},"loc":{"start":{"line":89,"column":43},"end":{"line":91,"column":7}},"line":89},"9":{"name":"(anonymous_9)","decl":{"start":{"line":100,"column":23},"end":{"line":100,"column":24}},"loc":{"start":{"line":100,"column":29},"end":{"line":135,"column":3}},"line":100},"10":{"name":"(anonymous_10)","decl":{"start":{"line":132,"column":15},"end":{"line":132,"column":16}},"loc":{"start":{"line":132,"column":21},"end":{"line":134,"column":5}},"line":132},"11":{"name":"(anonymous_11)","decl":{"start":{"line":137,"column":22},"end":{"line":137,"column":23}},"loc":{"start":{"line":137,"column":28},"end":{"line":144,"column":3}},"line":137},"12":{"name":"(anonymous_12)","decl":{"start":{"line":141,"column":15},"end":{"line":141,"column":16}},"loc":{"start":{"line":141,"column":21},"end":{"line":143,"column":5}},"line":141},"13":{"name":"(anonymous_13)","decl":{"start":{"line":146,"column":23},"end":{"line":146,"column":24}},"loc":{"start":{"line":146,"column":29},"end":{"line":154,"column":3}},"line":146},"14":{"name":"(anonymous_14)","decl":{"start":{"line":156,"column":23},"end":{"line":156,"column":24}},"loc":{"start":{"line":156,"column":29},"end":{"line":159,"column":3}},"line":156}},"branchMap":{"0":{"loc":{"start":{"line":23,"column":6},"end":{"line":26,"column":7}},"type":"if","locations":[{"start":{"line":23,"column":6},"end":{"line":26,"column":7}},{"start":{},"end":{}}],"line":23},"1":{"loc":{"start":{"line":52,"column":4},"end":{"line":58,"column":5}},"type":"if","locations":[{"start":{"line":52,"column":4},"end":{"line":58,"column":5}},{"start":{},"end":{}}],"line":52},"2":{"loc":{"start":{"line":63,"column":4},"end":{"line":71,"column":5}},"type":"if","locations":[{"start":{"line":63,"column":4},"end":{"line":71,"column":5}},{"start":{},"end":{}}],"line":63},"3":{"loc":{"start":{"line":86,"column":4},"end":{"line":95,"column":5}},"type":"if","locations":[{"start":{"line":86,"column":4},"end":{"line":95,"column":5}},{"start":{"line":92,"column":11},"end":{"line":95,"column":5}}],"line":86},"4":{"loc":{"start":{"line":86,"column":8},"end":{"line":86,"column":52}},"type":"binary-expr","locations":[{"start":{"line":86,"column":8},"end":{"line":86,"column":14}},{"start":{"line":86,"column":18},"end":{"line":86,"column":34}},{"start":{"line":86,"column":38},"end":{"line":86,"column":52}}],"line":86},"5":{"loc":{"start":{"line":92,"column":11},"end":{"line":95,"column":5}},"type":"if","locations":[{"start":{"line":92,"column":11},"end":{"line":95,"column":5}},{"start":{},"end":{}}],"line":92},"6":{"loc":{"start":{"line":92,"column":15},"end":{"line":92,"column":48}},"type":"binary-expr","locations":[{"start":{"line":92,"column":15},"end":{"line":92,"column":28}},{"start":{"line":92,"column":32},"end":{"line":92,"column":48}}],"line":92},"7":{"loc":{"start":{"line":101,"column":4},"end":{"line":104,"column":5}},"type":"if","locations":[{"start":{"line":101,"column":4},"end":{"line":104,"column":5}},{"start":{},"end":{}}],"line":101},"8":{"loc":{"start":{"line":101,"column":8},"end":{"line":101,"column":47}},"type":"binary-expr","locations":[{"start":{"line":101,"column":8},"end":{"line":101,"column":25}},{"start":{"line":101,"column":29},"end":{"line":101,"column":47}}],"line":101},"9":{"loc":{"start":{"line":110,"column":4},"end":{"line":113,"column":5}},"type":"if","locations":[{"start":{"line":110,"column":4},"end":{"line":113,"column":5}},{"start":{},"end":{}}],"line":110},"10":{"loc":{"start":{"line":147,"column":4},"end":{"line":153,"column":5}},"type":"if","locations":[{"start":{"line":147,"column":4},"end":{"line":153,"column":5}},{"start":{},"end":{}}],"line":147},"11":{"loc":{"start":{"line":168,"column":13},"end":{"line":168,"column":63}},"type":"cond-expr","locations":[{"start":{"line":168,"column":29},"end":{"line":168,"column":43}},{"start":{"line":168,"column":46},"end":{"line":168,"column":63}}],"line":168},"12":{"loc":{"start":{"line":184,"column":11},"end":{"line":220,"column":11}},"type":"cond-expr","locations":[{"start":{"line":185,"column":12},"end":{"line":195,"column":18}},{"start":{"line":196,"column":14},"end":{"line":220,"column":11}}],"line":184},"13":{"loc":{"start":{"line":196,"column":14},"end":{"line":220,"column":11}},"type":"cond-expr","locations":[{"start":{"line":197,"column":12},"end":{"line":200,"column":18}},{"start":{"line":201,"column":14},"end":{"line":220,"column":11}}],"line":196},"14":{"loc":{"start":{"line":201,"column":14},"end":{"line":220,"column":11}},"type":"cond-expr","locations":[{"start":{"line":202,"column":12},"end":{"line":206,"column":14}},{"start":{"line":208,"column":12},"end":{"line":219,"column":15}}],"line":201},"15":{"loc":{"start":{"line":227,"column":9},"end":{"line":231,"column":9}},"type":"binary-expr","locations":[{"start":{"line":227,"column":9},"end":{"line":227,"column":23}},{"start":{"line":227,"column":27},"end":{"line":227,"column":33}},{"start":{"line":227,"column":37},"end":{"line":227,"column":47}},{"start":{"line":228,"column":10},"end":{"line":230,"column":14}}],"line":227},"16":{"loc":{"start":{"line":235,"column":11},"end":{"line":269,"column":11}},"type":"cond-expr","locations":[{"start":{"line":236,"column":12},"end":{"line":256,"column":15}},{"start":{"line":258,"column":12},"end":{"line":268,"column":13}}],"line":235},"17":{"loc":{"start":{"line":258,"column":12},"end":{"line":268,"column":13}},"type":"binary-expr","locations":[{"start":{"line":258,"column":12},"end":{"line":258,"column":18}},{"start":{"line":258,"column":22},"end":{"line":258,"column":32}},{"start":{"line":259,"column":14},"end":{"line":267,"column":23}}],"line":258}},"s":{"0":1,"1":0,"2":0,"3":0,"4":0,"5":0,"6":0,"7":0,"8":0,"9":0,"10":0,"11":0,"12":0,"13":0,"14":0,"15":0,"16":0,"17":0,"18":0,"19":0,"20":0,"21":0,"22":0,"23":0,"24":0,"25":0,"26":0,"27":0,"28":0,"29":0,"30":0,"31":0,"32":0,"33":0,"34":0,"35":0,"36":0,"37":0,"38":0,"39":0,"40":0,"41":0,"42":0,"43":0,"44":0,"45":0,"46":0,"47":0,"48":0,"49":0,"50":0,"51":0,"52":0,"53":0,"54":0,"55":0,"56":0,"57":0,"58":0,"59":0,"60":0,"61":0,"62":0,"63":0,"64":0,"65":0,"66":0,"67":0,"68":0,"69":0,"70":0,"71":0,"72":0,"73":0,"74":0,"75":0,"76":0,"77":0,"78":0,"79":0,"80":0,"81":0},"f":{"0":0,"1":0,"2":0,"3":0,"4":0,"5":0,"6":0,"7":0,"8":0,"9":0,"10":0,"11":0,"12":0,"13":0,"14":0},"b":{"0":[0,0],"1":[0,0],"2":[0,0],"3":[0,0],"4":[0,0,0],"5":[0,0],"6":[0,0],"7":[0,0],"8":[0,0],"9":[0,0],"10":[0,0],"11":[0,0],"12":[0,0],"13":[0,0],"14":[0,0],"15":[0,0,0,0],"16":[0,0],"17":[0,0,0]},"_coverageSchema":"1a1c01bbd47fc00a2c39e90264f33305004495a9","hash":"c6526efb93e65621612144e22c9bf617b4ba092f"}
,"D:\\Uni\\Programación Web\\Proyecto_Anima_Frontend\\client\\src\\components\\emotion\\EmotionAnalyzer.jsx": {"path":"D:\\Uni\\Programación Web\\Proyecto_Anima_Frontend\\client\\src\\components\\emotion\\EmotionAnalyzer.jsx","statementMap":{"0":{"start":{"line":14,"column":24},"end":{"line":398,"column":1}},"1":{"start":{"line":15,"column":26},"end":{"line":15,"column":40}},"2":{"start":{"line":16,"column":40},"end":{"line":16,"column":55}},"3":{"start":{"line":17,"column":50},"end":{"line":17,"column":65}},"4":{"start":{"line":20,"column":32},"end":{"line":20,"column":45}},"5":{"start":{"line":22,"column":16},"end":{"line":22,"column":26}},"6":{"start":{"line":23,"column":19},"end":{"line":23,"column":32}},"7":{"start":{"line":24,"column":19},"end":{"line":24,"column":35}},"8":{"start":{"line":27,"column":40},"end":{"line":29,"column":4}},"9":{"start":{"line":28,"column":4},"end":{"line":28,"column":58}},"10":{"start":{"line":32,"column":2},"end":{"line":37,"column":13}},"11":{"start":{"line":33,"column":4},"end":{"line":36,"column":5}},"12":{"start":{"line":34,"column":6},"end":{"line":34,"column":34}},"13":{"start":{"line":35,"column":6},"end":{"line":35,"column":53}},"14":{"start":{"line":40,"column":29},"end":{"line":141,"column":36}},"15":{"start":{"line":42,"column":4},"end":{"line":45,"column":5}},"16":{"start":{"line":43,"column":6},"end":{"line":43,"column":62}},"17":{"start":{"line":44,"column":6},"end":{"line":44,"column":13}},"18":{"start":{"line":47,"column":4},"end":{"line":47,"column":25}},"19":{"start":{"line":48,"column":4},"end":{"line":48,"column":41}},"20":{"start":{"line":50,"column":4},"end":{"line":140,"column":5}},"21":{"start":{"line":52,"column":23},"end":{"line":52,"column":28}},"22":{"start":{"line":53,"column":6},"end":{"line":67,"column":7}},"23":{"start":{"line":54,"column":20},"end":{"line":54,"column":55}},"24":{"start":{"line":55,"column":8},"end":{"line":63,"column":9}},"25":{"start":{"line":56,"column":22},"end":{"line":58,"column":12}},"26":{"start":{"line":59,"column":10},"end":{"line":62,"column":11}},"27":{"start":{"line":60,"column":25},"end":{"line":60,"column":41}},"28":{"start":{"line":61,"column":12},"end":{"line":61,"column":42}},"29":{"start":{"line":66,"column":8},"end":{"line":66,"column":92}},"30":{"start":{"line":69,"column":6},"end":{"line":69,"column":65}},"31":{"start":{"line":71,"column":21},"end":{"line":71,"column":58}},"32":{"start":{"line":73,"column":6},"end":{"line":73,"column":55}},"33":{"start":{"line":74,"column":6},"end":{"line":76,"column":7}},"34":{"start":{"line":75,"column":8},"end":{"line":75,"column":78}},"35":{"start":{"line":77,"column":6},"end":{"line":79,"column":7}},"36":{"start":{"line":78,"column":8},"end":{"line":78,"column":84}},"37":{"start":{"line":82,"column":6},"end":{"line":95,"column":7}},"38":{"start":{"line":83,"column":8},"end":{"line":91,"column":10}},"39":{"start":{"line":93,"column":8},"end":{"line":93,"column":77}},"40":{"start":{"line":98,"column":6},"end":{"line":103,"column":7}},"41":{"start":{"line":99,"column":24},"end":{"line":101,"column":91}},"42":{"start":{"line":102,"column":8},"end":{"line":102,"column":45}},"43":{"start":{"line":106,"column":6},"end":{"line":114,"column":9}},"44":{"start":{"line":117,"column":6},"end":{"line":117,"column":58}},"45":{"start":{"line":119,"column":6},"end":{"line":127,"column":7}},"46":{"start":{"line":120,"column":8},"end":{"line":122,"column":9}},"47":{"start":{"line":121,"column":10},"end":{"line":121,"column":99}},"48":{"start":{"line":123,"column":8},"end":{"line":125,"column":17}},"49":{"start":{"line":124,"column":10},"end":{"line":124,"column":30}},"50":{"start":{"line":126,"column":8},"end":{"line":126,"column":15}},"51":{"start":{"line":129,"column":6},"end":{"line":135,"column":7}},"52":{"start":{"line":130,"column":8},"end":{"line":134,"column":10}},"53":{"start":{"line":137,"column":6},"end":{"line":137,"column":28}},"54":{"start":{"line":138,"column":6},"end":{"line":138,"column":44}},"55":{"start":{"line":139,"column":6},"end":{"line":139,"column":20}},"56":{"start":{"line":144,"column":21},"end":{"line":144,"column":34}},"57":{"start":{"line":145,"column":2},"end":{"line":159,"column":27}},"58":{"start":{"line":146,"column":4},"end":{"line":146,"column":35}},"59":{"start":{"line":146,"column":28},"end":{"line":146,"column":35}},"60":{"start":{"line":147,"column":4},"end":{"line":158,"column":18}},"61":{"start":{"line":148,"column":21},"end":{"line":148,"column":61}},"62":{"start":{"line":149,"column":22},"end":{"line":149,"column":69}},"63":{"start":{"line":150,"column":6},"end":{"line":157,"column":7}},"64":{"start":{"line":151,"column":8},"end":{"line":151,"column":34}},"65":{"start":{"line":153,"column":8},"end":{"line":153,"column":52}},"66":{"start":{"line":154,"column":8},"end":{"line":154,"column":47}},"67":{"start":{"line":155,"column":8},"end":{"line":155,"column":59}},"68":{"start":{"line":156,"column":8},"end":{"line":156,"column":36}},"69":{"start":{"line":162,"column":2},"end":{"line":201,"column":9}},"70":{"start":{"line":163,"column":18},"end":{"line":163,"column":22}},"71":{"start":{"line":166,"column":31},"end":{"line":189,"column":5}},"72":{"start":{"line":167,"column":6},"end":{"line":188,"column":7}},"73":{"start":{"line":168,"column":20},"end":{"line":168,"column":55}},"74":{"start":{"line":169,"column":8},"end":{"line":172,"column":9}},"75":{"start":{"line":170,"column":10},"end":{"line":170,"column":50}},"76":{"start":{"line":170,"column":23},"end":{"line":170,"column":50}},"77":{"start":{"line":171,"column":10},"end":{"line":171,"column":17}},"78":{"start":{"line":173,"column":20},"end":{"line":175,"column":10}},"79":{"start":{"line":176,"column":8},"end":{"line":185,"column":9}},"80":{"start":{"line":177,"column":23},"end":{"line":177,"column":39}},"81":{"start":{"line":178,"column":10},"end":{"line":178,"column":61}},"82":{"start":{"line":178,"column":23},"end":{"line":178,"column":61}},"83":{"start":{"line":181,"column":10},"end":{"line":184,"column":11}},"84":{"start":{"line":182,"column":12},"end":{"line":182,"column":39}},"85":{"start":{"line":183,"column":12},"end":{"line":183,"column":51}},"86":{"start":{"line":187,"column":8},"end":{"line":187,"column":48}},"87":{"start":{"line":187,"column":21},"end":{"line":187,"column":48}},"88":{"start":{"line":192,"column":4},"end":{"line":192,"column":25}},"89":{"start":{"line":195,"column":4},"end":{"line":195,"column":56}},"90":{"start":{"line":197,"column":4},"end":{"line":200,"column":6}},"91":{"start":{"line":198,"column":6},"end":{"line":198,"column":22}},"92":{"start":{"line":199,"column":6},"end":{"line":199,"column":48}},"93":{"start":{"line":199,"column":22},"end":{"line":
[...]
":{"line":348,"column":34}},{"start":{"line":348,"column":38},"end":{"line":348,"column":73}}],"line":348},"46":{"loc":{"start":{"line":369,"column":4},"end":{"line":372,"column":5}},"type":"if","locations":[{"start":{"line":369,"column":4},"end":{"line":372,"column":5}},{"start":{},"end":{}}],"line":369},"47":{"loc":{"start":{"line":371,"column":22},"end":{"line":371,"column":92}},"type":"binary-expr","locations":[{"start":{"line":371,"column":22},"end":{"line":371,"column":38}},{"start":{"line":371,"column":42},"end":{"line":371,"column":92}}],"line":371},"48":{"loc":{"start":{"line":376,"column":4},"end":{"line":378,"column":5}},"type":"if","locations":[{"start":{"line":376,"column":4},"end":{"line":378,"column":5}},{"start":{},"end":{}}],"line":376},"49":{"loc":{"start":{"line":376,"column":8},"end":{"line":376,"column":73}},"type":"binary-expr","locations":[{"start":{"line":376,"column":8},"end":{"line":376,"column":34}},{"start":{"line":376,"column":38},"end":{"line":376,"column":73}}],"line":376}},"s":{"0":2,"1":0,"2":0,"3":0,"4":0,"5":0,"6":0,"7":0,"8":0,"9":0,"10":0,"11":0,"12":2,"13":0,"14":2,"15":0,"16":0,"17":0,"18":0,"19":0,"20":0,"21":0,"22":0,"23":0,"24":0,"25":0,"26":0,"27":0,"28":0,"29":0,"30":0,"31":0,"32":0,"33":0,"34":0,"35":2,"36":0,"37":0,"38":0,"39":0,"40":0,"41":0,"42":0,"43":0,"44":2,"45":0,"46":0,"47":0,"48":0,"49":0,"50":0,"51":0,"52":0,"53":0,"54":0,"55":0,"56":0,"57":0,"58":0,"59":0,"60":0,"61":0,"62":0,"63":0,"64":0,"65":2,"66":0,"67":0,"68":0,"69":0,"70":0,"71":0,"72":0,"73":0,"74":0,"75":0,"76":0,"77":2,"78":0,"79":0,"80":0,"81":0,"82":0,"83":0,"84":0,"85":0,"86":2,"87":2,"88":2,"89":2,"90":0,"91":0,"92":2,"93":0,"94":0,"95":0,"96":0,"97":0,"98":0,"99":0,"100":0,"101":0,"102":0,"103":0,"104":0,"105":0,"106":0,"107":0,"108":0,"109":2,"110":0,"111":0,"112":0,"113":0,"114":0,"115":0,"116":0,"117":0,"118":0,"119":0,"120":0,"121":0,"122":2,"123":0,"124":0,"125":0,"126":0,"127":0,"128":0,"129":0,"130":0,"131":0,"132":0,"133":0,"134":2,"135":0,"136":0,"137":0,"138":0,"139":0,"140":0,"141":0,"142":0,"143":0,"144":0,"145":0,"146":2,"147":0,"148":0,"149":0,"150":0,"151":0,"152":0,"153":0,"154":0,"155":0,"156":0,"157":0,"158":0,"159":0},"f":{"0":0,"1":0,"2":0,"3":0,"4":0,"5":0,"6":0,"7":0,"8":0,"9":0,"10":0,"11":0,"12":0,"13":0,"14":0,"15":0,"16":0,"17":0,"18":0,"19":0,"20":0},"b":{"0":[0],"1":[0],"2":[0,0],"3":[0],"4":[0],"5":[0],"6":[0],"7":[0,0],"8":[0,0],"9":[0,0],"10":[0,0],"11":[0,0],"12":[0,0],"13":[0,0],"14":[0,0],"15":[0,0],"16":[0,0],"17":[0,0],"18":[0,0],"19":[0,0],"20":[0,0],"21":[0,0],"22":[0,0],"23":[0,0],"24":[0,0],"25":[0,0],"26":[0,0],"27":[0,0],"28":[0,0],"29":[0,0],"30":[0,0],"31":[0,0],"32":[0,0],"33":[0,0],"34":[0,0],"35":[0,0],"36":[0,0],"37":[0,0],"38":[0,0],"39":[0,0],"40":[0,0],"41":[0,0],"42":[0,0],"43":[0,0],"44":[0,0],"45":[0,0],"46":[0,0],"47":[0,0],"48":[0,0],"49":[0,0]},"_coverageSchema":"1a1c01bbd47fc00a2c39e90264f33305004495a9","hash":"b4ee0720e5b7905a0e27c4ff7fad34bc5eb2b258"}
,"D:\\Uni\\Programación Web\\Proyecto_Anima_Frontend\\client\\src\\utils\\hash.js": {"path":"D:\\Uni\\Programación Web\\Proyecto_Anima_Frontend\\client\\src\\utils\\hash.js","statementMap":{"0":{"start":{"line":4,"column":2},"end":{"line":4,"column":61}},"1":{"start":{"line":4,"column":35},"end":{"line":4,"column":61}},"2":{"start":{"line":5,"column":18},"end":{"line":5,"column":35}},"3":{"start":{"line":6,"column":15},"end":{"line":6,"column":38}},"4":{"start":{"line":7,"column":21},"end":{"line":7,"column":64}},"5":{"start":{"line":8,"column":20},"end":{"line":8,"column":58}},"6":{"start":{"line":9,"column":18},"end":{"line":9,"column":78}},"7":{"start":{"line":9,"column":37},"end":{"line":9,"column":68}},"8":{"start":{"line":10,"column":2},"end":{"line":10,"column":17}}},"fnMap":{"0":{"name":"sha256Hex","decl":{"start":{"line":3,"column":22},"end":{"line":3,"column":31}},"loc":{"start":{"line":3,"column":41},"end":{"line":11,"column":1}},"line":3},"1":{"name":"(anonymous_1)","decl":{"start":{"line":9,"column":32},"end":{"line":9,"column":33}},"loc":{"start":{"line":9,"column":37},"end":{"line":9,"column":68}},"line":9}},"branchMap":{"0":{"loc":{"start":{"line":4,"column":2},"end":{"line":4,"column":61}},"type":"if","locations":[{"start":{"line":4,"column":2},"end":{"line":4,"column":61}},{"start":{},"end":{}}],"line":4}},"s":{"0":0,"1":0,"2":0,"3":0,"4":0,"5":0,"6":0,"7":0,"8":0},"f":{"0":0,"1":0},"b":{"0":[0,0]}}
,"D:\\Uni\\Programación Web\\Proyecto_Anima_Frontend\\client\\src\\utils\\tokenManager.js": {"path":"D:\\Uni\\Programación Web\\Proyecto_Anima_Frontend\\client\\src\\utils\\tokenManager.js","statementMap":{"0":{"start":{"line":8,"column":4},"end":{"line":8,"column":43}},"1":{"start":{"line":9,"column":4},"end":{"line":9,"column":45}},"2":{"start":{"line":10,"column":4},"end":{"line":10,"column":43}},"3":{"start":{"line":11,"column":4},"end":{"line":11,"column":43}},"4":{"start":{"line":14,"column":4},"end":{"line":14,"column":43}},"5":{"start":{"line":17,"column":4},"end":{"line":17,"column":31}},"6":{"start":{"line":20,"column":4},"end":{"line":20,"column":37}},"7":{"start":{"line":24,"column":17},"end":{"line":24,"column":73}},"8":{"start":{"line":25,"column":4},"end":{"line":25,"column":16}},"9":{"start":{"line":32,"column":4},"end":{"line":42,"column":5}},"10":{"start":{"line":33,"column":6},"end":{"line":33,"column":57}},"11":{"start":{"line":36,"column":25},"end":{"line":36,"column":56}},"12":{"start":{"line":37,"column":6},"end":{"line":37,"column":73}},"13":{"start":{"line":39,"column":6},"end":{"line":39,"column":78}},"14":{"start":{"line":41,"column":6},"end":{"line":41,"column":60}},"15":{"start":{"line":49,"column":4},"end":{"line":54,"column":5}},"16":{"start":{"line":50,"column":6},"end":{"line":50,"column":57}},"17":{"start":{"line":52,"column":6},"end":{"line":52,"column":60}},"18":{"start":{"line":53,"column":6},"end":{"line":53,"column":18}},"19":{"start":{"line":61,"column":4},"end":{"line":65,"column":5}},"20":{"start":{"line":62,"column":6},"end":{"line":62,"column":58}},"21":{"start":{"line":64,"column":6},"end":{"line":64,"column":61}},"22":{"start":{"line":72,"column":4},"end":{"line":77,"column":5}},"23":{"start":{"line":73,"column":6},"end":{"line":73,"column":58}},"24":{"start":{"line":75,"column":6},"end":{"line":75,"column":61}},"25":{"start":{"line":76,"column":6},"end":{"line":76,"column":18}},"26":{"start":{"line":84,"column":4},"end":{"line":88,"column":5}},"27":{"start":{"line":85,"column":6},"end":{"line":85,"column":58}},"28":{"start":{"line":87,"column":6},"end":{"line":87,"column":61}},"29":{"start":{"line":95,"column":4},"end":{"line":100,"column":5}},"30":{"start":{"line":96,"column":6},"end":{"line":96,"column":58}},"31":{"start":{"line":98,"column":6},"end":{"line":98,"column":61}},"32":{"start":{"line":99,"column":6},"end":{"line":99,"column":18}},"33":{"start":{"line":107,"column":4},"end":{"line":119,"column":5}},"34":{"start":{"line":108,"column":24},"end":{"line":108,"column":67}},"35":{"start":{"line":109,"column":6},"end":{"line":109,"column":34}},"36":{"start":{"line":109,"column":22},"end":{"line":109,"column":34}},"37":{"start":{"line":111,"column":21},"end":{"line":111,"column":44}},"38":{"start":{"line":112,"column":18},"end":{"line":112,"column":28}},"39":{"start":{"line":115,"column":6},"end":{"line":115,"column":54}},"40":{"start":{"line":117,"column":6},"end":{"line":117,"column":61}},"41":{"start":{"line":118,"column":6},"end":{"line":118,"column":18}},"42":{"start":{"line":126,"column":18},"end":{"line":126,"column":39}},"43":{"start":{"line":127,"column":4},"end":{"line":127,"column":52}},"44":{"start":{"line":135,"column":4},"end":{"line":138,"column":5}},"45":{"start":{"line":136,"column":6},"end":{"line":136,"column":61}},"46":{"start":{"line":137,"column":6},"end":{"line":137,"column":33}},"47":{"start":{"line":140,"column":4},"end":{"line":140,"column":48}},"48":{"start":{"line":142,"column":4},"end":{"line":194,"column":9}},"49":{"start":{"line":143,"column":6},"end":{"line":193,"column":7}},"50":{"start":{"line":144,"column":29},"end":{"line":144,"column":51}},"51":{"start":{"line":146,"column":8},"end":{"line":148,"column":9}},"52":{"start":{"line":147,"column":10},"end":{"line":147,"column":56}},"53":{"start":{"line":150,"column":25},"end":{"line":156,"column":10}},"54":{"start":{"line":158,"column":8},"end":{"line":165,"column":9}},"55":{"start":{"line":159,"column":10},"end":{"line":163,"column":11}},"56":{"start":{"line":161,"column":12},"end":{"line":161,"column":34}},"57":{"start":{"line":162,"column":12},"end":{"line":162,"column":53}},"58":{"start":{"line":164,"column":10},"end":{"line":164,"column":70}},"59":{"start":{"line":167,"column":21},"end":{"line":167,"column":42}},"60":{"start":{"line":170,"column":8},"end":{"line":172,"column":9}},"61":{"start":{"line":171,"column":10},"end":{"line":171,"column":74}},"62":{"start":{"line":174,"column":8},"end":{"line":176,"column":9}},"63":{"start":{"line":175,"column":10},"end":{"line":175,"column":51}},"64":{"start":{"line":178,"column":8},"end":{"line":178,"column":54}},"65":{"start":{"line":179,"column":8},"end":{"line":179,"column":33}},"66":{"start":{"line":182,"column":8},"end":{"line":182,"column":56}},"67":{"start":{"line":184,"column":8},"end":{"line":188,"column":9}},"68":{"start":{"line":186,"column":10},"end":{"line":186,"column":32}},"69":{"start":{"line":187,"column":10},"end":{"line":187,"column":43}},"70":{"start":{"line":190,"column":8},"end":{"line":190,"column":20}},"71":{"start":{"line":192,"column":8},"end":{"line":192,"column":35}},"72":{"start":{"line":196,"column":4},"end":{"line":196,"column":31}},"73":{"start":{"line":203,"column":18},"end":{"line":203,"column":39}},"74":{"start":{"line":205,"column":4},"end":{"line":207,"column":5}},"75":{"start":{"line":206,"column":6},"end":{"line":206,"column":34}},"76":{"start":{"line":210,"column":4},"end":{"line":213,"column":5}},"77":{"start":{"line":211,"column":6},"end":{"line":211,"column":70}},"78":{"start":{"line":212,"column":6},"end":{"line":212,"column":45}},"79":{"start":{"line":215,"column":4},"end":{"line":215,"column":17}},"80":{"start":{"line":223,"column":4},"end":{"line":237,"column":5}},"81":{"start":{"line":225,"column":6},"end":{"line":225,"column":53}},"82":{"start":{"line":226,"column":6},"end":{"line":226,"column":54}},"83":{"start":{"line":227,"column":6},"end":{"line":227,"column":53}},"84":{"start":{"line":229,"column":6},"end":{"line":232,"column":7}},"85":{"start":{"line":231,"column":8},"end":{"line":231,"column":56}},"86":{"start":{"line":234,"column":6},"end":{"line":234,"column":100}},"87":{"start":{"line":236,"column":6},"end":{"line":236,"column":55}},"88":{"start":{"line":244,"column":4},"end":{"line":256,"column":5}},"89":{"start":{"line":245,"column":20},"end":{"line":245,"column":36}},"90":{"start":{"line":246,"column":6},"end":{"line":248,"column":7}},"91":{"start":{"line":247,"column":8},"end":{"line":247,"column":48}},"92":{"start":{"line":250,"column":22},"end":{"line":250,"column":30}},"93":{"start":{"line":251,"column":22},"end":{"line":251,"column":85}},"94":{"start":{"line":252,"column":6},"end":{"line":252,"column":21}},"95":{"start":{"line":254,"column":6},"end":{"line":254,"column":54}},"96":{"start":{"line":255,"column":6},"end":{"line":255,"column":18}},"97":{"start":{"line":263,"column":20},"end":{"line":263,"column":43}},"98":{"start":{"line":264,"column":4},"end":{"line":266,"column":5}},"99":{"start":{"line":265,"column":6},"end":{"line":265,"column":32}},"100":{"start":{"line":267,"column":4},"end":{"line":267,"column":16}},"101":{"start":{"line":272,"column":21},"end":{"line":272,"column":39}}},"fnMap":{"0":{"name":"(anonymous_0)","decl":{"start":{"line":7,"column":2},"end":{"line":7,"column":3}},"loc":{"start":{"line":7,"column":16},"end":{"line":21,"column":3}},"line":7},"1":{"name":"(anonymous_1)","decl":{"start":{"line":23,"column":2},"end":{"line":23,"column":3}},"loc":{"start":{"line":23,"column":15},"end":{"line":26,"column":3}},"line":23},"2":{"name":"(anonymous_2)","decl":{"start":{"line":31,"column":2},"end":{"line":31,"column":3}},"loc":{"start":{"line":31,"column":42},"end":{"line":43,"column":3}},"line":31},"3":{"name":"(anonymous_3)","decl":{"start":{"line":48,"column":2},"end":{"line":48,"column":3}},"loc":{"start":{"line":48,"column":19},"end":{"line":55,"column":3}},"line":48},"4":{"name":"(anonymous_4)","decl":{"start":{"line":60,"column":2},"end":{"line":60,"column":3}},"loc":{"start":{"line":60,"column":25},"end":{"line":66,"column":3}},"line":60},"5":{"name":"(anonymous_5)","decl":{"start":{"line":71,"column":2},"end":{"line":71,"column":3}},"loc":{"start":{"line":71,"column":20},"end":{"line":78,"column":3}},"line":71},"6":{"name":"(anonymous_6)","decl":{"start":{"line":83,"column":2},"end":{"line":83,"column":3}},"loc":{"start":{"line":83,"column":25},"end":{"line":89,"column":3}},"line":83},"7":{"name":"(anonymous_7)","decl":{"start":{"line":94,"column":2},"end":{"line":94,"column":3}},"loc":{"start":{"line":94,"column":20},"end":{"line":101,"column":3}},"line":94},"8":{"name":"(anonymous_8)","decl":{"start":{"line":106,"column":2},"end":{"line":106,"column":3}},"loc":{"start":{"line":106,"column":19},"end":{"line":120,"column":3}},"line":106},"9":{"name":"(anonymous_9)","decl":{"start":{"line":125,"column":2},"end":{"line":125,"column":3}},"loc":{"start":{"line":125,"column":20},"end":{"line":128,"column":3}},"line":125},"10":{"name":"(anonymous_10)","decl":{"start":{"line":133,"column":2},"end":{"line":133,"column":3}},"loc":{"start":{"line":133,"column":29},"end":{"line":197,"column":3}},"line":133},"11":{"name":"(anonymous_11)","decl":{"start":{"line":142,"column":27},"end":{"line":142,"column":28}},"loc":{"start":{"line":142,"column":39},"end":{"line":194,"column":5}},"line":142},"12":{"name":"(anonymous_12)","decl":{"start":{"line":202,"column":2},"end":{"line":202,"column":3}},"loc":{"start":{"line":202,"column":30},"end":{"line":216,"column":3}},"line":202},"13":{"name":"(anonymous_13)","decl":{"start":{"line":222,"column":2},"end":{"line":222,"column":3}},"loc":{"start":{"line":222,"column":42},"end":{"line":238,"column":3}},"line":222},"14":{"name":"(anonymous_14)","decl":{"start":{"line":243,"column":2},"end":{"line":243,"column":3}},"loc":{"start":{"line":243,"column":21},"end":{"line":257,"column":3}},"line":243},"15":{"name":"(anonymous_15)","decl":{"start":{"line":262,"column":2},"end":{"line":262,"column":3}},"loc":{"start":{"line":262,"column":24},"end":{"line":268,"column":3}},"line":262}},"branchMap":{"0":{"loc":{"start":{"line":24,"column":17},"end":{"line":24,"column":73}},"type":"binary-expr","locations":[{"start":{"line":24,"column":17},"end":{"line":24,"column":46}},{"start":{"line":24,"column":50},"end":{"line":24,"column":73}}],"line":24},"1":{"loc":{"start":{"line":31,"column":24},"end":{"line":31,"column":40}},"type":"default-arg","locations":[{"start":{"line":31,"column":36},"end":{"line":31,"column":40}}],"line":31},"2":{"loc":{"start":{"line":109,"column":6},"end":{"line":109,"column":34}},"type":"if","locations":[{"start":{"line":109,"column":6},"end":{"line":109,"column":34}},{"start":{},"end":{}}],"line":109},"3":{"loc":{"start":{"line":127,"column":11},"end":{"line":127,"column":51}},"type":"binary-expr","locations":[{"start":{"line":127,"column":11},"end":{"line":127,"column":25}},{"start":{"line":127,"column":29},"end":{"line":127,"column":51}}],"line":127},"4":{"loc":{"start":{"line":135,"column":4},"end":{"line":138,"column":5}},"type":"if","locations":[{"start":{"line":135,"column":4},"end":{"line":138,"column":5}},{"start":{},"end":{}}],"line":135},"5":{"loc":{"start":{"line":146,"column":8},"end":{"line":148,"column":9}},"type":"if","locations":[{"start":{"line":146,"column":8},"end":{"line":148,"column":9}},{"start":{},"end":{}}],"line":146},"6":{"loc":{"start":{"line":158,"column":8},"end":{"line":165,"column":9}},"type":"if","locations":[{"start":{"line":158,"column":8},"end":{"line":165,"column":9}},{"start":{},"end":{}}],"line":158},"7":{"loc":{"start":{"line":159,"column":10},"end":{"line":163,"column":11}},"type":"if","locations":[{"start":{"line":159,"column":10},"end":{"line":163,"column":11}},{"start":{},"end":{}}],"line":159},"8":{"loc":{"start":{"line":170,"column":8},"end":{"line":172,"column":9}},"type":"if","locations":[{"start":{"line":170,"column":8},"end":{"line":172,"column":9}},{"start":{},"end":{}}],"line":170},"9":{"loc":{"start":{"line":171,"column":49},"end":{"line":171,"column":72}},"type":"binary-expr","locations":[{"start":{"line":171,"column":49},"end":{"line":171,"column":64}},{"start":{"line":171,"column":68},"end":{"line":171,"column":72}}],"line":171},"10":{"loc":{"start":{"line":174,"column":8},"end":{"line":176,"column":9}},"type":"if","locations":[{"start":{"line":174,"column":8},"end":{"line":176,"column":9}},{"start":{},"end":{}}],"line":174},"11":{"loc":{"start":{"line":184,"column":8},"end":{"line":188,"column":9}},"type":"if","locations":[{"start":{"line":184,"column":8},"end":{"line":188,"column":9}},{"start":{},"end":{}}],"line":184},"12":{"loc":{"start":{"line":205,"column":4},"end":{"line":207,"column":5}},"type":"if","locations":[{"start":{"line":205,"column":4},"end":{"line":207,"column":5}},{"start":{},"end":{}}],"line":205},"13":{"loc":{"start":{"line":210,"column":4},"end":{"line":213,"column":5}},"type":"if","locations":[{"start":{"line":210,"column":4},"end":{"line":213,"column":5}},{"start":{},"end":{}}],"line":210},"14":{"loc":{"start":{"line":222,"column":17},"end":{"line":222,"column":40}},"type":"default-arg","locations":[{"start":{"line":222,"column":35},"end":{"line":222,"column":40}}],"line":222},"15":{"loc":{"start":{"line":229,"column":6},"end":{"line":232,"column":7}},"type":"if","locations":[{"start":{"line":229,"column":6},"end":{"line":232,"column":7}},{"start":{},"end":{}}],"line":229},"16":{"loc":{"start":{"line":234,"column":54},"end":{"line":234,"column":98}},"type":"cond-expr","locations":[{"start":{"line":234,"column":72},"end":{"line":234,"column":93}},{"start":{"line":234,"column":96},"end":{"line":234,"column":98}}],"line":234},"17":{"loc":{"start":{"line":246,"column":6},"end":{"line":248,"column":7}},"type":"if","locations":[{"start":{"line":246,"column":6},"end":{"line":248,"column":7}},{"start":{},"end":{}}],"line":246},"18":{"loc":{"start":{"line":264,"column":4},"end":{"line":266,"column":5}},"type":"if","locations":[{"start":{"line":264,"column":4},"end":{"line":266,"column":5}},{"start":{},"end":{}}],"line":264},"19":{"loc":{"start":{"line":264,"column":8},"end":{"line":264,"column":30}},"type":"binary-expr","locations":[{"start":{"line":264,"column":8},"end":{"line":264,"column":15}},{"start":{"line":264,"column":19},"end":{"line":264,"column":30}}],"line":264}},"s":{"0":3,"1":3,"2":3,"3":3,"4":3,"5":3,"6":3,"7":3,"8":3,"9":0,"10":0,"11":0,"12":0,"13":0,"14":0,"15":8,"16":8,"17":0,"18":0,"19":0,"20":0,"21":0,"22":0,"23":0,"24":0,"25":0,"26":0,"27":0,"28":0,"29":0,"30":0,"31":0,"32":0,"33":8,"34":8,"35":8,"36":8,"37":0,"38":0,"39":0,"40":0,"41":0,"42":0,"43":0,"44":0,"45":0,"46":0,"47":0,"48":0,"49":0,"50":0,"51":0,"52":0,"53":0,"54":0,"55":0,"56":0,"57":0,"58":0,"59":0,"60":0,"61":0,"62":0,"63":0,"64":0,"65":0,"66":0,"67":0,"68":0,"69":0,"70":0,"71":0,"72":0,"73":0,"74":0,"75":0,"76":0,"77":0,"78":0,"79":0,"80":0,"81":0,"82":0,"83":0,"84":0,"85":0,"86":0,"87":0,"88":0,"89":0,"90":0,"91":0,"92":0,"93":0,"94":0,"95":0,"96":0,"97":0,"98":0,"99":0,"100":0,"101":3},"f":{"0":3,"1":3,"2":0,"3":8,"4":0,"5":0,"6":0,"7":0,"8":8,"9":0,"10":0,"11":0,"12":0,"13":0,"14":0,"15":0},"b":{"0":[3,3],"1":[0],"2":[8,0],"3":[0,0],"4":[0,0],"5":[0,0],"6":[0,0],"7":[0,0],"8":[0,0],"9":[0,0],"10":[0,0],"11":[0,0],"12":[0,0],"13":[0,0],"14":[0],"15":[0,0],"16":[0,0],"17":[0,0],"18":[0,0],"19":[0,0]},"_coverageSchema":"1a1c01bbd47fc00a2c39e90264f33305004495a9","hash":"03dc958d1cdba09f18aebfe953064c4ee86deb84"}
}
