{"C:\\Users\\Ishai\\Projects\\Progra Web\\Proyecto FInal\\Proyecto_Anima_Frontend\\Proyecto_Anima_Frontend\\client\\src\\components\\AuthForm.jsx": {"path":"C:\\Users\\Ishai\\Projects\\Progra Web\\Proyecto FInal\\Proyecto_Anima_Frontend\\Proyecto_Anima_Frontend\\client\\src\\components\\AuthForm.jsx","statementMap":{},"fnMap":{},"branchMap":{},"s":{},"f":{},"b":{},"_coverageSchema":"1a1c01bbd47fc00a2c39e90264f33305004495a9","hash":"7b33c38f43e9ff3209c16bed4e14b90e4bdee14a"}
,"C:\\Users\\Ishai\\Projects\\Progra Web\\Proyecto FInal\\Proyecto_Anima_Frontend\\Proyecto_Anima_Frontend\\client\\src\\components\\Button.jsx": {"path":"C:\\Users\\Ishai\\Projects\\Progra Web\\Proyecto FInal\\Proyecto_Anima_Frontend\\Proyecto_Anima_Frontend\\client\\src\\components\\Button.jsx","statementMap":{"0":{"start":{"line":7,"column":18},"end":{"line":7,"column":43}},"1":{"start":{"line":8,"column":2},"end":{"line":14,"column":3}},"2":{"start":{"line":9,"column":4},"end":{"line":13,"column":6}},"3":{"start":{"line":16,"column":2},"end":{"line":20,"column":4}}},"fnMap":{"0":{"name":"Button","decl":{"start":{"line":6,"column":24},"end":{"line":6,"column":30}},"loc":{"start":{"line":6,"column":100},"end":{"line":21,"column":1}},"line":6}},"branchMap":{"0":{"loc":{"start":{"line":6,"column":43},"end":{"line":6,"column":57}},"type":"default-arg","locations":[{"start":{"line":6,"column":55},"end":{"line":6,"column":57}}],"line":6},"1":{"loc":{"start":{"line":6,"column":72},"end":{"line":6,"column":87}},"type":"default-arg","locations":[{"start":{"line":6,"column":79},"end":{"line":6,"column":87}}],"line":6},"2":{"loc":{"start":{"line":8,"column":2},"end":{"line":14,"column":3}},"type":"if","locations":[{"start":{"line":8,"column":2},"end":{"line":14,"column":3}},{"start":{},"end":{}}],"line":8}},"s":{"0":135,"1":135,"2":135,"3":0},"f":{"0":135},"b":{"0":[0],"1":[135],"2":[135,0]},"_coverageSchema":"1a1c01bbd47fc00a2c39e90264f33305004495a9","hash":"81b55e9c4a2489e1ce45492ed4ba7c44c9999832"}
,"C:\\Users\\Ishai\\Projects\\Progra Web\\Proyecto FInal\\Proyecto_Anima_Frontend\\Proyecto_Anima_Frontend\\client\\src\\components\\RequireAuth.jsx": {"path":"C:\\Users\\Ishai\\Projects\\Progra Web\\Proyecto FInal\\Proyecto_Anima_Frontend\\Proyecto_Anima_Frontend\\client\\src\\components\\RequireAuth.jsx","statementMap":{"0":{"start":{"line":9,"column":19},"end":{"line":9,"column":32}},"1":{"start":{"line":10,"column":38},"end":{"line":10,"column":52}},"2":{"start":{"line":11,"column":48},"end":{"line":11,"column":63}},"3":{"start":{"line":13,"column":2},"end":{"line":56,"column":17}},"4":{"start":{"line":14,"column":22},"end":{"line":53,"column":5}},"5":{"start":{"line":15,"column":6},"end":{"line":52,"column":7}},"6":{"start":{"line":18,"column":26},"end":{"line":18,"column":69}},"7":{"start":{"line":20,"column":33},"end":{"line":20,"column":124}},"8":{"start":{"line":21,"column":34},"end":{"line":21,"column":82}},"9":{"start":{"line":24,"column":8},"end":{"line":29,"column":9}},"10":{"start":{"line":25,"column":10},"end":{"line":25,"column":91}},"11":{"start":{"line":26,"column":10},"end":{"line":26,"column":35}},"12":{"start":{"line":27,"column":10},"end":{"line":27,"column":31}},"13":{"start":{"line":28,"column":10},"end":{"line":28,"column":17}},"14":{"start":{"line":32,"column":30},"end":{"line":32,"column":60}},"15":{"start":{"line":34,"column":8},"end":{"line":46,"column":9}},"16":{"start":{"line":37,"column":10},"end":{"line":43,"column":11}},"17":{"start":{"line":38,"column":12},"end":{"line":38,"column":53}},"18":{"start":{"line":39,"column":12},"end":{"line":39,"column":37}},"19":{"start":{"line":41,"column":12},"end":{"line":41,"column":61}},"20":{"start":{"line":42,"column":12},"end":{"line":42,"column":38}},"21":{"start":{"line":45,"column":10},"end":{"line":45,"column":36}},"22":{"start":{"line":48,"column":8},"end":{"line":48,"column":51}},"23":{"start":{"line":49,"column":8},"end":{"line":49,"column":34}},"24":{"start":{"line":51,"column":8},"end":{"line":51,"column":29}},"25":{"start":{"line":55,"column":4},"end":{"line":55,"column":16}},"26":{"start":{"line":59,"column":2},"end":{"line":80,"column":3}},"27":{"start":{"line":60,"column":4},"end":{"line":79,"column":6}},"28":{"start":{"line":83,"column":2},"end":{"line":86,"column":3}},"29":{"start":{"line":84,"column":4},"end":{"line":84,"column":63}},"30":{"start":{"line":85,"column":4},"end":{"line":85,"column":72}},"31":{"start":{"line":89,"column":2},"end":{"line":89,"column":62}},"32":{"start":{"line":90,"column":2},"end":{"line":90,"column":18}}},"fnMap":{"0":{"name":"RequireAuth","decl":{"start":{"line":8,"column":24},"end":{"line":8,"column":35}},"loc":{"start":{"line":8,"column":50},"end":{"line":91,"column":1}},"line":8},"1":{"name":"(anonymous_1)","decl":{"start":{"line":13,"column":12},"end":{"line":13,"column":13}},"loc":{"start":{"line":13,"column":18},"end":{"line":56,"column":3}},"line":13},"2":{"name":"(anonymous_2)","decl":{"start":{"line":14,"column":22},"end":{"line":14,"column":23}},"loc":{"start":{"line":14,"column":34},"end":{"line":53,"column":5}},"line":14}},"branchMap":{"0":{"loc":{"start":{"line":20,"column":33},"end":{"line":20,"column":124}},"type":"binary-expr","locations":[{"start":{"line":20,"column":33},"end":{"line":20,"column":79}},{"start":{"line":20,"column":83},"end":{"line":20,"column":124}}],"line":20},"1":{"loc":{"start":{"line":21,"column":34},"end":{"line":21,"column":82}},"type":"binary-expr","locations":[{"start":{"line":21,"column":34},"end":{"line":21,"column":56}},{"start":{"line":21,"column":60},"end":{"line":21,"column":82}}],"line":21},"2":{"loc":{"start":{"line":24,"column":8},"end":{"line":29,"column":9}},"type":"if","locations":[{"start":{"line":24,"column":8},"end":{"line":29,"column":9}},{"start":{},"end":{}}],"line":24},"3":{"loc":{"start":{"line":34,"column":8},"end":{"line":46,"column":9}},"type":"if","locations":[{"start":{"line":34,"column":8},"end":{"line":46,"column":9}},{"start":{"line":44,"column":15},"end":{"line":46,"column":9}}],"line":34},"4":{"loc":{"start":{"line":59,"column":2},"end":{"line":80,"column":3}},"type":"if","locations":[{"start":{"line":59,"column":2},"end":{"line":80,"column":3}},{"start":{},"end":{}}],"line":59},"5":{"loc":{"start":{"line":83,"column":2},"end":{"line":86,"column":3}},"type":"if","locations":[{"start":{"line":83,"column":2},"end":{"line":86,"column":3}},{"start":{},"end":{}}],"line":83}},"s":{"0":8,"1":8,"2":8,"3":8,"4":4,"5":4,"6":4,"7":4,"8":4,"9":4,"10":1,"11":1,"12":1,"13":1,"14":3,"15":3,"16":2,"17":2,"18":1,"19":1,"20":1,"21":1,"22":0,"23":0,"24":4,"25":4,"26":8,"27":4,"28":4,"29":2,"30":2,"31":2,"32":2},"f":{"0":8,"1":4,"2":4},"b":{"0":[4,4],"1":[4,1],"2":[1,3],"3":[2,1],"4":[4,4],"5":[2,2]},"_coverageSchema":"1a1c01bbd47fc00a2c39e90264f33305004495a9","hash":"1f7d4b656922b8727191965adb56dbd3afcfb672"}
,"C:\\Users\\Ishai\\Projects\\Progra Web\\Proyecto FInal\\Proyecto_Anima_Frontend\\Proyecto_Anima_Frontend\\client\\src\\components\\navbar.jsx": {"path":"C:\\Users\\Ishai\\Projects\\Progra Web\\Proyecto FInal\\Proyecto_Anima_Frontend\\Proyecto_Anima_Frontend\\client\\src\\components\\navbar.jsx","statementMap":{"0":{"start":{"line":11,"column":26},"end":{"line":11,"column":41}},"1":{"start":{"line":13,"column":48},"end":{"line":18,"column":4}},"2":{"start":{"line":14,"column":18},"end":{"line":14,"column":47}},"3":{"start":{"line":15,"column":22},"end":{"line":15,"column":51}},"4":{"start":{"line":17,"column":4},"end":{"line":17,"column":35}},"5":{"start":{"line":19,"column":38},"end":{"line":19,"column":48}},"6":{"start":{"line":21,"column":17},"end":{"line":21,"column":41}},"7":{"start":{"line":21,"column":23},"end":{"line":21,"column":41}},"8":{"start":{"line":21,"column":38},"end":{"line":21,"column":40}},"9":{"start":{"line":23,"column":19},"end":{"line":23,"column":32}},"10":{"start":{"line":24,"column":19},"end":{"line":24,"column":32}},"11":{"start":{"line":25,"column":16},"end":{"line":25,"column":26}},"12":{"start":{"line":28,"column":2},"end":{"line":66,"column":26}},"13":{"start":{"line":29,"column":22},"end":{"line":54,"column":5}},"14":{"start":{"line":31,"column":6},"end":{"line":33,"column":7}},"15":{"start":{"line":32,"column":8},"end":{"line":32,"column":15}},"16":{"start":{"line":35,"column":20},"end":{"line":35,"column":49}},"17":{"start":{"line":36,"column":24},"end":{"line":36,"column":53}},"18":{"start":{"line":39,"column":6},"end":{"line":51,"column":7}},"19":{"start":{"line":40,"column":8},"end":{"line":50,"column":9}},"20":{"start":{"line":41,"column":10},"end":{"line":41,"column":94}},"21":{"start":{"line":42,"column":10},"end":{"line":42,"column":50}},"22":{"start":{"line":43,"column":10},"end":{"line":43,"column":35}},"23":{"start":{"line":44,"column":10},"end":{"line":44,"column":17}},"24":{"start":{"line":46,"column":10},"end":{"line":46,"column":78}},"25":{"start":{"line":48,"column":10},"end":{"line":48,"column":36}},"26":{"start":{"line":49,"column":10},"end":{"line":49,"column":17}},"27":{"start":{"line":53,"column":6},"end":{"line":53,"column":48}},"28":{"start":{"line":57,"column":4},"end":{"line":57,"column":16}},"29":{"start":{"line":60,"column":32},"end":{"line":62,"column":5}},"30":{"start":{"line":61,"column":6},"end":{"line":61,"column":18}},"31":{"start":{"line":64,"column":4},"end":{"line":64,"column":60}},"32":{"start":{"line":65,"column":4},"end":{"line":65,"column":76}},"33":{"start":{"line":65,"column":17},"end":{"line":65,"column":75}},"34":{"start":{"line":68,"column":23},"end":{"line":79,"column":3}},"35":{"start":{"line":71,"column":4},"end":{"line":71,"column":38}},"36":{"start":{"line":72,"column":4},"end":{"line":72,"column":30}},"37":{"start":{"line":73,"column":4},"end":{"line":78,"column":7}},"38":{"start":{"line":82,"column":26},"end":{"line":94,"column":3}},"39":{"start":{"line":83,"column":4},"end":{"line":85,"column":5}},"40":{"start":{"line":84,"column":6},"end":{"line":84,"column":13}},"41":{"start":{"line":86,"column":4},"end":{"line":86,"column":23}},"42":{"start":{"line":88,"column":4},"end":{"line":92,"column":5}},"43":{"start":{"line":89,"column":6},"end":{"line":89,"column":24}},"44":{"start":{"line":91,"column":6},"end":{"line":91,"column":20}},"45":{"start":{"line":93,"column":4},"end":{"line":93,"column":19}},"46":{"start":{"line":96,"column":22},"end":{"line":98,"column":3}},"47":{"start":{"line":97,"column":4},"end":{"line":97,"column":43}},"48":{"start":{"line":100,"column":2},"end":{"line":107,"column":13}},"49":{"start":{"line":101,"column":4},"end":{"line":101,"column":22}},"50":{"start":{"line":101,"column":15},"end":{"line":101,"column":22}},"51":{"start":{"line":102,"column":18},"end":{"line":104,"column":5}},"52":{"start":{"line":103,"column":6},"end":{"line":103,"column":45}},"53":{"start":{"line":103,"column":30},"end":{"line":103,"column":45}},"54":{"start":{"line":105,"column":4},"end":{"line":105,"column":48}},"55":{"start":{"line":106,"column":4},"end":{"line":106,"column":64}},"56":{"start":{"line":106,"column":17},"end":{"line":106,"column":63}},"57":{"start":{"line":110,"column":2},"end":{"line":125,"column":34}},"58":{"start":{"line":111,"column":4},"end":{"line":124,"column":5}},"59":{"start":{"line":112,"column":6},"end":{"line":121,"column":7}},"60":{"start":{"line":113,"column":26},"end":{"line":113,"column":63}},"61":{"start":{"line":114,"column":8},"end":{"line":114,"column":58}},"62":{"start":{"line":117,"column":27},"end":{"line":117,"column":48}},"63":{"start":{"line":118,"column":8},"end":{"line":118,"column":32}},"64":{"start":{"line":119,"column":8},"end":{"line":119,"column":36}},"65":{"start":{"line":120,"column":8},"end":{"line":120,"column":74}},"66":{"start":{"line":123,"column":6},"end":{"line":123,"column":55}},"67":{"start":{"line":127,"column":2},"end":{"line":304,"column":4}},"68":{"start":{"line":221,"column":23},"end":{"line":221,"column":37}},"69":{"start":{"line":231,"column":16},"end":{"line":231,"column":35}},"70":{"start":{"line":232,"column":16},"end":{"line":232,"column":31}},"71":{"start":{"line":238,"column":47},"end":{"line":238,"column":61}},"72":{"start":{"line":239,"column":49},"end":{"line":239,"column":63}},"73":{"start":{"line":244,"column":76},"end":{"line":244,"column":90}},"74":{"start":{"line":247,"column":33},"end":{"line":247,"column":47}},"75":{"start":{"line":247,"column":48},"end":{"line":247,"column":63}},"76":{"start":{"line":269,"column":62},"end":{"line":269,"column":77}},"77":{"start":{"line":269,"column":78},"end":{"line":269,"column":93}},"78":{"start":{"line":273,"column":69},"end":{"line":273,"column":83}},"79":{"start":{"line":274,"column":69},"end":{"line":274,"column":83}},"80":{"start":{"line":277,"column":33},"end":{"line":277,"column":47}},"81":{"start":{"line":277,"column":48},"end":{"line":277,"column":63}}},"fnMap":{"0":{"name":"Navbar","decl":{"start":{"line":10,"column":9},"end":{"line":10,"column":15}},"loc":{"start":{"line":10,"column":18},"end":{"line":305,"column":1}},"line":10},"1":{"name":"(anonymous_1)","decl":{"start":{"line":13,"column":57},"end":{"line":13,"column":58}},"loc":{"start":{"line":13,"column":63},"end":{"line":18,"column":3}},"line":13},"2":{"name":"(anonymous_2)","decl":{"start":{"line":21,"column":17},"end":{"line":21,"column":18}},"loc":{"start":{"line":21,"column":23},"end":{"line":21,"column":41}},"line":21},"3":{"name":"(anonymous_3)","decl":{"start":{"line":21,"column":31},"end":{"line":21,"column":32}},"loc":{"start":{"line":21,"column":38},"end":{"line":21,"column":40}},"line":21},"4":{"name":"(anonymous_4)","decl":{"start":{"line":28,"column":12},"end":{"line":28,"column":13}},"loc":{"start":{"line":28,"column":18},"end":{"line":66,"column":3}},"line":28},"5":{"name":"(anonymous_5)","decl":{"start":{"line":29,"column":22},"end":{"line":29,"column":23}},"loc":{"start":{"line":29,"column":34},"end":{"line":54,"column":5}},"line":29},"6":{"name":"(anonymous_6)","decl":{"start":{"line":60,"column":32},"end":{"line":60,"column":33}},"loc":{"start":{"line":60,"column":38},"end":{"line":62,"column":5}},"line":60},"7":{"name":"(anonymous_7)","decl":{"start":{"line":65,"column":11},"end":{"line":65,"column":12}},"loc":{"start":{"line":65,"column":17},"end":{"line":65,"column":75}},"line":65},"8":{"name":"(anonymous_8)","decl":{"start":{"line":68,"column":23},"end":{"line":68,"column":24}},"loc":{"start":{"line":68,"column":29},"end":{"line":79,"column":3}},"line":68},"9":{"name":"(anonymous_9)","decl":{"start":{"line":82,"column":26},"end":{"line":82,"column":27}},"loc":{"start":{"line":82,"column":33},"end":{"line":94,"column":3}},"line":82},"10":{"name":"(anonymous_10)","decl":{"start":{"line":96,"column":22},"end":{"line":96,"column":23}},"loc":{"start":{"line":96,"column":28},"end":{"line":98,"column":3}},"line":96},"11":{"name":"(anonymous_11)","decl":{"start":{"line":100,"column":12},"end":{"line":100,"column":13}},"loc":{"start":{"line":100,"column":18},"end":{"line":107,"column":3}},"line":100},"12":{"name":"(anonymous_12)","decl":{"start":{"line":102,"column":18},"end":{"line":102,"column":19}},"loc":{"start":{"line":102,"column":25},"end":{"line":104,"column":5}},"line":102},"13":{"name":"(anonymous_13)","decl":{"start":{"line":106,"column":11},"end":{"line":106,"column":12}},"loc":{"start":{"line":106,"column":17},"end":{"line":106,"column":63}},"line":106},"14":{"name":"(anonymous_14)","decl":{"start":{"line":110,"column":12},"end":{"line":110,"column":13}},"loc":{"start":{"line":110,"column":18},"end":{"line":125,"column":3}},"line":110},"15":{"name":"(anonymous_15)","decl":{"start":{"line":221,"column":17},"end":{"line":221,"column":18}},"loc":{"start":{"line":221,"column":23},"end":{"line":221,"column":37}},"line":221},"16":{"name":"(anonymous_16)","decl":{"start":{"line":230,"column":23},"end":{"line":230,"column":24}},"loc":{"start":{"line":230,"column":30},"end":{"line":233,"column":15}},"line":230},"17":{"name":"(anonymous_17)","decl":{"start":{"line":238,"column":41},"end":{"line":238,"column":42}},"loc":{"start":{"line":238,"column":47},"end":{"line":238,"column":61}},"line":238},"18":{"name":"(anonymous_18)","decl":{"start":{"line":239,"column":43},"end":{"line":239,"column":44}},"loc":{"start":{"line":239,"column":49},"end":{"line":239,"column":63}},"line":239},"19":{"name":"(anonymous_19)","decl":{"start":{"line":244,"column":70},"end":{"line":244,"column":71}},"loc":{"start":{"line":244,"column":76},"end":{"line":244,"column":90}},"line":244},"20":{"name":"(anonymous_20)","decl":{"start":{"line":247,"column":25},"end":{"line":247,"column":26}},"loc":{"start":{"line":247,"column":31},"end":{"line":247,"column":65}},"line":247},"21":{"name":"(anonymous_21)","decl":{"start":{"line":269,"column":54},"end":{"line":269,"column":55}},"loc":{"start":{"line":269,"column":60},"end":{"line":269,"column":95}},"line":269},"22":{"name":"(anonymous_22)","decl":{"start":{"line":273,"column":63},"end":{"line":273,"column":64}},"loc":{"start":{"line":273,"column":69},"end":{"line":273,"column":83}},"line":273},"23":{"name":"(anonymous_23)","decl":{"start":{"line":274,"column":63},"end":{"line":274,"column":64}},"loc":{"start":{"line":274,"column":69},"end":{"line":274,"column":83}},"line":274},"24":{"name":"(anonymous_24)","decl":{"start":{"line":277,"column":25},"end":{"line":277,"column":26}},"loc":{"start":{"line":277,"column":31},"end":{"line":277,"column":65}},"line":277}},"branchMap":{"0":{"loc":{"start":{"line":17,"column":14},"end":{"line":17,"column":33}},"type":"binary-expr","locations":[{"start":{"line":17,"column":14},"end":{"line":17,"column":19}},{"start":{"line":17,"column":23},"end":{"line":17,"column":33}}],"line":17},"1":{"loc":{"start":{"line":31,"column":6},"end":{"line":33,"column":7}},"type":"if","locations":[{"start":{"line":31,"column":6},"end":{"line":33,"column":7}},{"start":{},"end":{}}],"line":31},"2":{"loc":{"start":{"line":39,"column":6},"end":{"line":51,"column":7}},"type":"if","locations":[{"start":{"line":39,"column":6},"end":{"line":51,"column":7}},{"start":{},"end":{}}],"line":39},"3":{"loc":{"start":{"line":39,"column":10},"end":{"line":39,"column":28}},"type":"binary-expr","locations":[{"start":{"line":39,"column":10},"end":{"line":39,"column":15}},{"start":{"line":39,"column":19},"end":{"line":39,"column":28}}],"line":39},"4":{"loc":{"start":{"line":46,"column":61},"end":{"line":46,"column":76}},"type":"binary-expr","locations":[{"start":{"line":46,"column":61},"end":{"line":46,"column":71}},{"start":{"line":46,"column":75},"end":{"line":46,"column":76}}],"line":46},"5":{"loc":{"start":{"line":53,"column":25},"end":{"line":53,"column":46}},"type":"binary-expr","locations":[{"start":{"line":53,"column":25},"end":{"line":53,"column":32}},{"start":{"line":53,"column":36},"end":{"line":53,"column":46}}],"line":53},"6":{"loc":{"start":{"line":83,"column":4},"end":{"line":85,"column":5}},"type":"if","locations":[{"start":{"line":83,"column":4},"end":{"line":85,"column":5}},{"start":{},"end":{}}],"line":83},"7":{"loc":{"start":{"line":83,"column":8},"end":{"line":83,"column":62}},"type":"binary-expr","locations":[{"start":{"line":83,"column":8},"end":{"line":83,"column":17}},{"start":{"line":83,"column":21},"end":{"line":83,"column":30}},{"start":{"line":83,"column":34},"end":{"line":83,"column":44}},{"start":{"line":83,"column":48},"end":{"line":83,"column":62}}],"line":83},"8":{"loc":{"start":{"line":88,"column":4},"end":{"line":92,"column":5}},"type":"if","locations":[{"start":{"line":88,"column":4},"end":{"line":92,"column":5}},{"start":{"line":90,"column":11},"end":{"line":92,"column":5}}],"line":88},"9":{"loc":{"start":{"line":97,"column":11},"end":{"line":97,"column":42}},"type":"cond-expr","locations":[{"start":{"line":97,"column":29},"end":{"line":97,"column":36}},{"start":{"line":97,"column":39},"end":{"line":97,"column":42}}],"line":97},"10":{"loc":{"start":{"line":101,"column":4},"end":{"line":101,"column":22}},"type":"if","locations":[{"start":{"line":101,"column":4},"end":{"line":101,"column":22}},{"start":{},"end":{}}],"line":101},"11":{"loc":{"start":{"line":103,"column":6},"end":{"line":103,"column":45}},"type":"if","locations":[{"start":{"line":103,"column":6},"end":{"line":103,"column":45}},{"start":{},"end":{}}],"line":103},"12":{"loc":{"start":{"line":112,"column":6},"end":{"line":121,"column":7}},"type":"if","locations":[{"start":{"line":112,"column":6},"end":{"line":121,"column":7}},{"start":{},"end":{}}],"line":112},"13":{"loc":{"start":{"line":112,"column":10},"end":{"line":112,"column":83}},"type":"binary-expr","locations":[{"start":{"line":112,"column":10},"end":{"line":112,"column":18}},{"start":{"line":112,"column":22},"end":{"line":112,"column":36}},{"start":{"line":112,"column":40},"end":{"line":112,"column":60}},{"start":{"line":112,"column":64},"end":{"line":112,"column":69}},{"start":{"line":112,"column":73},"end":{"line":112,"column":83}}],"line":112},"14":{"loc":{"start":{"line":113,"column":26},"end":{"line":113,"column":63}},"type":"binary-expr","locations":[{"start":{"line":113,"column":26},"end":{"line":113,"column":50}},{"start":{"line":113,"column":54},"end":{"line":113,"column":63}}],"line":113},"15":{"loc":{"start":{"line":141,"column":23},"end":{"line":141,"column":84}},"type":"cond-expr","locations":[{"start":{"line":141,"column":41},"end":{"line":141,"column":55}},{"start":{"line":141,"column":58},"end":{"line":141,"column":84}}],"line":141},"16":{"loc":{"start":{"line":153,"column":36},"end":{"line":153,"column":54}},"type":"cond-expr","locations":[{"start":{"line":153,"column":43},"end":{"line":153,"column":49}},{"start":{"line":153,"column":52},"end":{"line":153,"column":54}}],"line":153},"17":{"loc":{"start":{"line":163,"column":13},"end":{"line":214,"column":13}},"type":"cond-expr","locations":[{"start":{"line":164,"column":14},"end":{"line":188,"column":17}},{"start":{"line":190,"column":14},"end":{"line":213,"column":17}}],"line":163},"18":{"loc":{"start":{"line":170,"column":32},"end":{"line":170,"column":93}},"type":"cond-expr","locations":[{"start":{"line":170,"column":45},"end":{"line":170,"column":67}},{"start":{"line":170,"column":70},"end":{"line":170,"column":93}}],"line":170},"19":{"loc":{"start":{"line":171,"column":27},"end":{"line":171,"column":68}},"type":"cond-expr","locations":[{"start":{"line":171,"column":40},"end":{"line":171,"column":52}},{"start":{"line":171,"column":55},"end":{"line":171,"column":68}}],"line":171},"20":{"loc":{"start":{"line":175,"column":21},"end":{"line":184,"column":21}},"type":"cond-expr","locations":[{"start":{"line":176,"column":22},"end":{"line":179,"column":28}},{"start":{"line":181,"column":22},"end":{"line":183,"column":28}}],"line":175},"21":{"loc":{"start":{"line":197,"column":32},"end":{"line":197,"column":93}},"type":"cond-expr","locations":[{"start":{"line":197,"column":45},"end":{"line":197,"column":67}},{"start":{"line":197,"column":70},"end":{"line":197,"column":93}}],"line":197},"22":{"loc":{"start":{"line":201,"column":21},"end":{"line":210,"column":21}},"type":"cond-expr","locations":[{"start":{"line":202,"column":22},"end":{"line":205,"column":28}},{"start":{"line":207,"column":22},"end":{"line":209,"column":28}}],"line":201},"23":{"loc":{"start":{"line":220,"column":38},"end":{"line":220,"column":56}},"type":"cond-expr","locations":[{"start":{"line":220,"column":45},"end":{"line":220,"column":51}},{"start":{"line":220,"column":54},"end":{"line":220,"column":56}}],"line":220},"24":{"loc":{"start":{"line":225,"column":41},"end":{"line":225,"column":59}},"type":"cond-expr","locations":[{"start":{"line":225,"column":48},"end":{"line":225,"column":54}},{"start":{"line":225,"column":57},"end":{"line":225,"column":59}}],"line":225},"25":{"loc":{"start":{"line":242,"column":11},"end":{"line":300,"column":11}},"type":"cond-expr","locations":[{"start":{"line":243,"column":12},"end":{"line":270,"column":15}},{"start":{"line":272,"column":12},"end":{"line":299,"column":15}}],"line":242},"26":{"loc":{"start":{"line":248,"column":28},"end":{"line":248,"column":89}},"type":"cond-expr","locations":[{"start":{"line":248,"column":41},"end":{"line":248,"column":63}},{"start":{"line":248,"column":66},"end":{"line":248,"column":89}}],"line":248},"27":{"loc":{"start":{"line":252,"column":17},"end":{"line":267,"column":17}},"type":"cond-expr","locations":[{"start":{"line":253,"column":18},"end":{"line":259,"column":21}},{"start":{"line":261,"column":18},"end":{"line":266,"column":21}}],"line":252},"28":{"loc":{"start":{"line":278,"column":28},"end":{"line":278,"column":89}},"type":"cond-expr","locations":[{"start":{"line":278,"column":41},"end":{"line":278,"column":63}},{"start":{"line":278,"column":66},"end":{"line":278,"column":89}}],"line":278},"29":{"loc":{"start":{"line":282,"column":17},"end":{"line":297,"column":17}},"type":"cond-expr","locations":[{"start":{"line":283,"column":18},"end":{"line":289,"column":21}},{"start":{"line":291,"column":18},"end":{"line":296,"column":21}}],"line":282}},"s":{"0":31,"1":31,"2":13,"3":13,"4":13,"5":31,"6":31,"7":2,"8":2,"9":31,"10":31,"11":31,"12":31,"13":13,"14":13,"15":0,"16":13,"17":13,"18":13,"19":0,"20":0,"21":0,"22":0,"23":0,"24":0,"25":0,"26":0,"27":13,"28":13,"29":13,"30":0,"31":13,"32":13,"33":13,"34":31,"35":0,"36":0,"37":0,"38":31,"39":0,"40":0,"41":0,"42":0,"43":0,"44":0,"45":0,"46":31,"47":93,"48":31,"49":17,"50":15,"51":2,"52":1,"53":1,"54":2,"55":2,"56":2,"57":31,"58":13,"59":13,"60":0,"61":0,"62":0,"63":0,"64":0,"65":0,"66":0,"67":31,"68":1,"69":0,"70":0,"71":0,"72":0,"73":0,"74":0,"75":0,"76":0,"77":0,"78":0,"79":0,"80":0,"81":0},"f":{"0":31,"1":13,"2":2,"3":2,"4":13,"5":13,"6":0,"7":13,"8":0,"9":0,"10":93,"11":17,"12":1,"13":2,"14":13,"15":1,"16":0,"17":0,"18":0,"19":0,"20":0,"21":0,"22":0,"23":0,"24":0},"b":{"0":[13,0],"1":[0,13],"2":[0,13],"3":[13,0],"4":[0,0],"5":[13,0],"6":[0,0],"7":[0,0,0,0],"8":[0,0],"9":[0,93],"10":[15,2],"11":[1,0],"12":[0,13],"13":[13,13,0,0,0],"14":[0,0],"15":[0,31],"16":[4,27],"17":[0,31],"18":[0,0],"19":[0,0],"20":[0,0],"21":[0,31],"22":[0,31],"23":[4,27],"24":[4,27],"25":[0,31],"26":[0,0],"27":[0,0],"28":[0,31],"29":[0,31]},"_coverageSchema":"1a1c01bbd47fc00a2c39e90264f33305004495a9","hash":"e9b8f8c85832896d1016a46c45a55c99964ccf2f"}
,"C:\\Users\\Ishai\\Projects\\Progra Web\\Proyecto FInal\\Proyecto_Anima_Frontend\\Proyecto_Anima_Frontend\\client\\src\\components\\auth\\AuthForm.jsx": {"path":"C:\\Users\\Ishai\\Projects\\Progra Web\\Proyecto FInal\\Proyecto_Anima_Frontend\\Proyecto_Anima_Frontend\\client\\src\\components\\auth\\AuthForm.jsx","statementMap":{"0":{"start":{"line":20,"column":17},"end":{"line":78,"column":1}},"1":{"start":{"line":35,"column":23},"end":{"line":38,"column":3}},"2":{"start":{"line":36,"column":4},"end":{"line":36,"column":23}},"3":{"start":{"line":37,"column":4},"end":{"line":37,"column":16}},"4":{"start":{"line":40,"column":2},"end":{"line":77,"column":4}}},"fnMap":{"0":{"name":"(anonymous_0)","decl":{"start":{"line":20,"column":17},"end":{"line":20,"column":18}},"loc":{"start":{"line":34,"column":6},"end":{"line":78,"column":1}},"line":34},"1":{"name":"(anonymous_1)","decl":{"start":{"line":35,"column":23},"end":{"line":35,"column":24}},"loc":{"start":{"line":35,"column":30},"end":{"line":38,"column":3}},"line":35}},"branchMap":{"0":{"loc":{"start":{"line":25,"column":2},"end":{"line":25,"column":19}},"type":"default-arg","locations":[{"start":{"line":25,"column":14},"end":{"line":25,"column":19}}],"line":25},"1":{"loc":{"start":{"line":27,"column":2},"end":{"line":27,"column":24}},"type":"default-arg","locations":[{"start":{"line":27,"column":16},"end":{"line":27,"column":24}}],"line":27},"2":{"loc":{"start":{"line":28,"column":2},"end":{"line":28,"column":24}},"type":"default-arg","locations":[{"start":{"line":28,"column":19},"end":{"line":28,"column":24}}],"line":28},"3":{"loc":{"start":{"line":29,"column":2},"end":{"line":29,"column":24}},"type":"default-arg","locations":[{"start":{"line":29,"column":19},"end":{"line":29,"column":24}}],"line":29},"4":{"loc":{"start":{"line":33,"column":2},"end":{"line":33,"column":16}},"type":"default-arg","locations":[{"start":{"line":33,"column":14},"end":{"line":33,"column":16}}],"line":33},"5":{"loc":{"start":{"line":44,"column":9},"end":{"line":44,"column":64}},"type":"binary-expr","locations":[{"start":{"line":44,"column":9},"end":{"line":44,"column":17}},{"start":{"line":44,"column":21},"end":{"line":44,"column":64}}],"line":44},"6":{"loc":{"start":{"line":51,"column":7},"end":{"line":58,"column":7}},"type":"binary-expr","locations":[{"start":{"line":51,"column":7},"end":{"line":51,"column":16}},{"start":{"line":52,"column":8},"end":{"line":57,"column":14}}],"line":51},"7":{"loc":{"start":{"line":63,"column":20},"end":{"line":63,"column":47}},"type":"binary-expr","locations":[{"start":{"line":63,"column":20},"end":{"line":63,"column":29}},{"start":{"line":63,"column":33},"end":{"line":63,"column":47}}],"line":63},"8":{"loc":{"start":{"line":64,"column":43},"end":{"line":64,"column":95}},"type":"cond-expr","locations":[{"start":{"line":64,"column":60},"end":{"line":64,"column":75}},{"start":{"line":64,"column":78},"end":{"line":64,"column":95}}],"line":64},"9":{"loc":{"start":{"line":66,"column":11},"end":{"line":66,"column":49}},"type":"cond-expr","locations":[{"start":{"line":66,"column":23},"end":{"line":66,"column":35}},{"start":{"line":66,"column":38},"end":{"line":66,"column":49}}],"line":66},"10":{"loc":{"start":{"line":69,"column":9},"end":{"line":74,"column":9}},"type":"binary-expr","locations":[{"start":{"line":69,"column":9},"end":{"line":69,"column":22}},{"start":{"line":69,"column":26},"end":{"line":69,"column":41}},{"start":{"line":69,"column":45},"end":{"line":69,"column":62}},{"start":{"line":70,"column":10},"end":{"line":73,"column":16}}],"line":69}},"s":{"0":8,"1":38,"2":9,"3":9,"4":38},"f":{"0":38,"1":9},"b":{"0":[1],"1":[0],"2":[1],"3":[1],"4":[1],"5":[38,0],"6":[38,0],"7":[38,38],"8":[8,30],"9":[0,38],"10":[38,37,37,37]},"_coverageSchema":"1a1c01bbd47fc00a2c39e90264f33305004495a9","hash":"5e2d975927f4ecb016a8544a8c0597dbfedd33b4"}
,"C:\\Users\\Ishai\\Projects\\Progra Web\\Proyecto FInal\\Proyecto_Anima_Frontend\\Proyecto_Anima_Frontend\\client\\src\\components\\auth\\SignInForm.jsx": {"path":"C:\\Users\\Ishai\\Projects\\Progra Web\\Proyecto FInal\\Proyecto_Anima_Frontend\\Proyecto_Anima_Frontend\\client\\src\\components\\auth\\SignInForm.jsx","statementMap":{"0":{"start":{"line":8,"column":19},"end":{"line":153,"column":1}},"1":{"start":{"line":13,"column":34},"end":{"line":16,"column":4}},"2":{"start":{"line":18,"column":30},"end":{"line":18,"column":42}},"3":{"start":{"line":19,"column":32},"end":{"line":19,"column":44}},"4":{"start":{"line":20,"column":40},"end":{"line":20,"column":55}},"5":{"start":{"line":23,"column":25},"end":{"line":25,"column":41}},"6":{"start":{"line":24,"column":4},"end":{"line":24,"column":68}},"7":{"start":{"line":28,"column":24},"end":{"line":57,"column":3}},"8":{"start":{"line":29,"column":22},"end":{"line":29,"column":35}},"9":{"start":{"line":31,"column":4},"end":{"line":54,"column":5}},"10":{"start":{"line":33,"column":8},"end":{"line":39,"column":9}},"11":{"start":{"line":34,"column":10},"end":{"line":34,"column":65}},"12":{"start":{"line":35,"column":15},"end":{"line":39,"column":9}},"13":{"start":{"line":36,"column":10},"end":{"line":36,"column":77}},"14":{"start":{"line":38,"column":10},"end":{"line":38,"column":33}},"15":{"start":{"line":40,"column":8},"end":{"line":40,"column":14}},"16":{"start":{"line":43,"column":8},"end":{"line":49,"column":9}},"17":{"start":{"line":44,"column":10},"end":{"line":44,"column":60}},"18":{"start":{"line":45,"column":15},"end":{"line":49,"column":9}},"19":{"start":{"line":46,"column":10},"end":{"line":46,"column":80}},"20":{"start":{"line":48,"column":10},"end":{"line":48,"column":36}},"21":{"start":{"line":50,"column":8},"end":{"line":50,"column":14}},"22":{"start":{"line":53,"column":8},"end":{"line":53,"column":14}},"23":{"start":{"line":56,"column":4},"end":{"line":56,"column":25}},"24":{"start":{"line":59,"column":23},"end":{"line":70,"column":3}},"25":{"start":{"line":60,"column":28},"end":{"line":60,"column":36}},"26":{"start":{"line":61,"column":4},"end":{"line":64,"column":8}},"27":{"start":{"line":61,"column":25},"end":{"line":64,"column":5}},"28":{"start":{"line":67,"column":4},"end":{"line":69,"column":5}},"29":{"start":{"line":68,"column":6},"end":{"line":68,"column":33}},"30":{"start":{"line":73,"column":21},"end":{"line":77,"column":3}},"31":{"start":{"line":74,"column":28},"end":{"line":74,"column":36}},"32":{"start":{"line":75,"column":4},"end":{"line":75,"column":52}},"33":{"start":{"line":75,"column":24},"end":{"line":75,"column":49}},"34":{"start":{"line":76,"column":4},"end":{"line":76,"column":31}},"35":{"start":{"line":79,"column":23},"end":{"line":96,"column":3}},"36":{"start":{"line":80,"column":22},"end":{"line":80,"column":24}},"37":{"start":{"line":82,"column":4},"end":{"line":86,"column":5}},"38":{"start":{"line":83,"column":6},"end":{"line":83,"column":61}},"39":{"start":{"line":84,"column":11},"end":{"line":86,"column":5}},"40":{"start":{"line":85,"column":6},"end":{"line":85,"column":73}},"41":{"start":{"line":88,"column":4},"end":{"line":92,"column":5}},"42":{"start":{"line":89,"column":6},"end":{"line":89,"column":56}},"43":{"start":{"line":90,"column":11},"end":{"line":92,"column":5}},"44":{"start":{"line":91,"column":6},"end":{"line":91,"column":76}},"45":{"start":{"line":94,"column":4},"end":{"line":94,"column":25}},"46":{"start":{"line":95,"column":4},"end":{"line":95,"column":47}},"47":{"start":{"line":98,"column":23},"end":{"line":106,"column":3}},"48":{"start":{"line":99,"column":4},"end":{"line":99,"column":23}},"49":{"start":{"line":100,"column":4},"end":{"line":100,"column":25}},"50":{"start":{"line":101,"column":4},"end":{"line":101,"column":48}},"51":{"start":{"line":103,"column":4},"end":{"line":105,"column":5}},"52":{"start":{"line":104,"column":6},"end":{"line":104,"column":25}},"53":{"start":{"line":108,"column":2},"end":{"line":152,"column":4}}},"fnMap":{"0":{"name":"(anonymous_0)","decl":{"start":{"line":8,"column":19},"end":{"line":8,"column":20}},"loc":{"start":{"line":12,"column":6},"end":{"line":153,"column":1}},"line":12},"1":{"name":"(anonymous_1)","decl":{"start":{"line":23,"column":33},"end":{"line":23,"column":34}},"loc":{"start":{"line":23,"column":39},"end":{"line":25,"column":3}},"line":23},"2":{"name":"(anonymous_2)","decl":{"start":{"line":28,"column":24},"end":{"line":28,"column":25}},"loc":{"start":{"line":28,"column":41},"end":{"line":57,"column":3}},"line":28},"3":{"name":"(anonymous_3)","decl":{"start":{"line":59,"column":23},"end":{"line":59,"column":24}},"loc":{"start":{"line":59,"column":30},"end":{"line":70,"column":3}},"line":59},"4":{"name":"(anonymous_4)","decl":{"start":{"line":61,"column":16},"end":{"line":61,"column":17}},"loc":{"start":{"line":61,"column":25},"end":{"line":64,"column":5}},"line":61},"5":{"name":"(anonymous_5)","decl":{"start":{"line":73,"column":21},"end":{"line":73,"column":22}},"loc":{"start":{"line":73,"column":28},"end":{"line":77,"column":3}},"line":73},"6":{"name":"(anonymous_6)","decl":{"start":{"line":75,"column":15},"end":{"line":75,"column":16}},"loc":{"start":{"line":75,"column":24},"end":{"line":75,"column":49}},"line":75},"7":{"name":"(anonymous_7)","decl":{"start":{"line":79,"column":23},"end":{"line":79,"column":24}},"loc":{"start":{"line":79,"column":29},"end":{"line":96,"column":3}},"line":79},"8":{"name":"(anonymous_8)","decl":{"start":{"line":98,"column":23},"end":{"line":98,"column":24}},"loc":{"start":{"line":98,"column":30},"end":{"line":106,"column":3}},"line":98}},"branchMap":{"0":{"loc":{"start":{"line":10,"column":2},"end":{"line":10,"column":19}},"type":"default-arg","locations":[{"start":{"line":10,"column":14},"end":{"line":10,"column":19}}],"line":10},"1":{"loc":{"start":{"line":24,"column":11},"end":{"line":24,"column":67}},"type":"binary-expr","locations":[{"start":{"line":24,"column":11},"end":{"line":24,"column":39}},{"start":{"line":24,"column":43},"end":{"line":24,"column":67}}],"line":24},"2":{"loc":{"start":{"line":31,"column":4},"end":{"line":54,"column":5}},"type":"switch","locations":[{"start":{"line":32,"column":6},"end":{"line":40,"column":14}},{"start":{"line":42,"column":6},"end":{"line":50,"column":14}},{"start":{"line":52,"column":6},"end":{"line":53,"column":14}}],"line":31},"3":{"loc":{"start":{"line":33,"column":8},"end":{"line":39,"column":9}},"type":"if","locations":[{"start":{"line":33,"column":8},"end":{"line":39,"column":9}},{"start":{"line":35,"column":15},"end":{"line":39,"column":9}}],"line":33},"4":{"loc":{"start":{"line":35,"column":15},"end":{"line":39,"column":9}},"type":"if","locations":[{"start":{"line":35,"column":15},"end":{"line":39,"column":9}},{"start":{"line":37,"column":15},"end":{"line":39,"column":9}}],"line":35},"5":{"loc":{"start":{"line":43,"column":8},"end":{"line":49,"column":9}},"type":"if","locations":[{"start":{"line":43,"column":8},"end":{"line":49,"column":9}},{"start":{"line":45,"column":15},"end":{"line":49,"column":9}}],"line":43},"6":{"loc":{"start":{"line":45,"column":15},"end":{"line":49,"column":9}},"type":"if","locations":[{"start":{"line":45,"column":15},"end":{"line":49,"column":9}},{"start":{"line":47,"column":15},"end":{"line":49,"column":9}}],"line":45},"7":{"loc":{"start":{"line":67,"column":4},"end":{"line":69,"column":5}},"type":"if","locations":[{"start":{"line":67,"column":4},"end":{"line":69,"column":5}},{"start":{},"end":{}}],"line":67},"8":{"loc":{"start":{"line":67,"column":8},"end":{"line":67,"column":36}},"type":"binary-expr","locations":[{"start":{"line":67,"column":8},"end":{"line":67,"column":21}},{"start":{"line":67,"column":25},"end":{"line":67,"column":36}}],"line":67},"9":{"loc":{"start":{"line":82,"column":4},"end":{"line":86,"column":5}},"type":"if","locations":[{"start":{"line":82,"column":4},"end":{"line":86,"column":5}},{"start":{"line":84,"column":11},"end":{"line":86,"column":5}}],"line":82},"10":{"loc":{"start":{"line":84,"column":11},"end":{"line":86,"column":5}},"type":"if","locations":[{"start":{"line":84,"column":11},"end":{"line":86,"column":5}},{"start":{},"end":{}}],"line":84},"11":{"loc":{"start":{"line":88,"column":4},"end":{"line":92,"column":5}},"type":"if","locations":[{"start":{"line":88,"column":4},"end":{"line":92,"column":5}},{"start":{"line":90,"column":11},"end":{"line":92,"column":5}}],"line":88},"12":{"loc":{"start":{"line":90,"column":11},"end":{"line":92,"column":5}},"type":"if","locations":[{"start":{"line":90,"column":11},"end":{"line":92,"column":5}},{"start":{},"end":{}}],"line":90},"13":{"loc":{"start":{"line":103,"column":4},"end":{"line":105,"column":5}},"type":"if","locations":[{"start":{"line":103,"column":4},"end":{"line":105,"column":5}},{"start":{},"end":{}}],"line":103},"14":{"loc":{"start":{"line":114,"column":19},"end":{"line":114,"column":71}},"type":"cond-expr","locations":[{"start":{"line":114,"column":31},"end":{"line":114,"column":52}},{"start":{"line":114,"column":55},"end":{"line":114,"column":71}}],"line":114},"15":{"loc":{"start":{"line":115,"column":22},"end":{"line":115,"column":50}},"type":"binary-expr","locations":[{"start":{"line":115,"column":22},"end":{"line":115,"column":37}},{"start":{"line":115,"column":41},"end":{"line":115,"column":50}}],"line":115},"16":{"loc":{"start":{"line":130,"column":15},"end":{"line":130,"column":65}},"type":"cond-expr","locations":[{"start":{"line":130,"column":48},"end":{"line":130,"column":60}},{"start":{"line":130,"column":63},"end":{"line":130,"column":65}}],"line":130},"17":{"loc":{"start":{"line":130,"column":16},"end":{"line":130,"column":44}},"type":"binary-expr","locations":[{"start":{"line":130,"column":16},"end":{"line":130,"column":29}},{"start":{"line":130,"column":33},"end":{"line":130,"column":44}}],"line":130},"18":{"loc":{"start":{"line":142,"column":15},"end":{"line":142,"column":71}},"type":"cond-expr","locations":[{"start":{"line":142,"column":51},"end":{"line":142,"column":66}},{"start":{"line":142,"column":69},"end":{"line":142,"column":71}}],"line":142},"19":{"loc":{"start":{"line":142,"column":16},"end":{"line":142,"column":47}},"type":"binary-expr","locations":[{"start":{"line":142,"column":16},"end":{"line":142,"column":32}},{"start":{"line":142,"column":36},"end":{"line":142,"column":47}}],"line":142}},"s":{"0":6,"1":17,"2":17,"3":17,"4":17,"5":17,"6":13,"7":17,"8":0,"9":0,"10":0,"11":0,"12":0,"13":0,"14":0,"15":0,"16":0,"17":0,"18":0,"19":0,"20":0,"21":0,"22":0,"23":0,"24":17,"25":6,"26":6,"27":6,"28":6,"29":0,"30":17,"31":0,"32":0,"33":0,"34":0,"35":17,"36":4,"37":4,"38":1,"39":3,"40":1,"41":4,"42":1,"43":3,"44":1,"45":4,"46":4,"47":17,"48":4,"49":4,"50":4,"51":4,"52":1,"53":17},"f":{"0":17,"1":13,"2":0,"3":6,"4":6,"5":0,"6":0,"7":4,"8":4},"b":{"0":[0],"1":[13,6],"2":[0,0,0],"3":[0,0],"4":[0,0],"5":[0,0],"6":[0,0],"7":[0,6],"8":[6,6],"9":[1,3],"10":[1,2],"11":[1,3],"12":[1,2],"13":[1,3],"14":[0,17],"15":[17,6],"16":[4,13],"17":[17,13],"18":[4,13],"19":[17,13]},"_coverageSchema":"1a1c01bbd47fc00a2c39e90264f33305004495a9","hash":"2645736a8e702255f978fa53978ac3147d2d4eaa"}
,"C:\\Users\\Ishai\\Projects\\Progra Web\\Proyecto FInal\\Proyecto_Anima_Frontend\\Proyecto_Anima_Frontend\\client\\src\\components\\auth\\SignUpForm.jsx": {"path":"C:\\Users\\Ishai\\Projects\\Progra Web\\Proyecto FInal\\Proyecto_Anima_Frontend\\Proyecto_Anima_Frontend\\client\\src\\components\\auth\\SignUpForm.jsx","statementMap":{"0":{"start":{"line":9,"column":19},"end":{"line":241,"column":1}},"1":{"start":{"line":15,"column":34},"end":{"line":20,"column":4}},"2":{"start":{"line":23,"column":30},"end":{"line":23,"column":42}},"3":{"start":{"line":24,"column":32},"end":{"line":24,"column":44}},"4":{"start":{"line":25,"column":40},"end":{"line":25,"column":55}},"5":{"start":{"line":28,"column":50},"end":{"line":31,"column":4}},"6":{"start":{"line":34,"column":24},"end":{"line":79,"column":3}},"7":{"start":{"line":35,"column":22},"end":{"line":35,"column":35}},"8":{"start":{"line":37,"column":4},"end":{"line":76,"column":5}},"9":{"start":{"line":39,"column":8},"end":{"line":43,"column":9}},"10":{"start":{"line":40,"column":10},"end":{"line":40,"column":63}},"11":{"start":{"line":42,"column":10},"end":{"line":42,"column":32}},"12":{"start":{"line":44,"column":8},"end":{"line":44,"column":14}},"13":{"start":{"line":47,"column":8},"end":{"line":53,"column":9}},"14":{"start":{"line":48,"column":10},"end":{"line":48,"column":65}},"15":{"start":{"line":49,"column":15},"end":{"line":53,"column":9}},"16":{"start":{"line":50,"column":10},"end":{"line":50,"column":77}},"17":{"start":{"line":52,"column":10},"end":{"line":52,"column":33}},"18":{"start":{"line":54,"column":8},"end":{"line":54,"column":14}},"19":{"start":{"line":57,"column":8},"end":{"line":61,"column":9}},"20":{"start":{"line":58,"column":10},"end":{"line":58,"column":60}},"21":{"start":{"line":60,"column":10},"end":{"line":60,"column":36}},"22":{"start":{"line":62,"column":8},"end":{"line":62,"column":14}},"23":{"start":{"line":65,"column":8},"end":{"line":71,"column":9}},"24":{"start":{"line":66,"column":10},"end":{"line":66,"column":73}},"25":{"start":{"line":67,"column":15},"end":{"line":71,"column":9}},"26":{"start":{"line":68,"column":10},"end":{"line":68,"column":69}},"27":{"start":{"line":70,"column":10},"end":{"line":70,"column":43}},"28":{"start":{"line":72,"column":8},"end":{"line":72,"column":14}},"29":{"start":{"line":75,"column":8},"end":{"line":75,"column":14}},"30":{"start":{"line":78,"column":4},"end":{"line":78,"column":25}},"31":{"start":{"line":82,"column":23},"end":{"line":93,"column":3}},"32":{"start":{"line":83,"column":28},"end":{"line":83,"column":36}},"33":{"start":{"line":84,"column":4},"end":{"line":87,"column":8}},"34":{"start":{"line":84,"column":25},"end":{"line":87,"column":5}},"35":{"start":{"line":90,"column":4},"end":{"line":92,"column":5}},"36":{"start":{"line":91,"column":6},"end":{"line":91,"column":33}},"37":{"start":{"line":96,"column":21},"end":{"line":100,"column":3}},"38":{"start":{"line":97,"column":28},"end":{"line":97,"column":36}},"39":{"start":{"line":98,"column":4},"end":{"line":98,"column":52}},"40":{"start":{"line":98,"column":24},"end":{"line":98,"column":49}},"41":{"start":{"line":99,"column":4},"end":{"line":99,"column":31}},"42":{"start":{"line":103,"column":23},"end":{"line":136,"column":3}},"43":{"start":{"line":104,"column":22},"end":{"line":104,"column":24}},"44":{"start":{"line":107,"column":4},"end":{"line":111,"column":5}},"45":{"start":{"line":108,"column":6},"end":{"line":108,"column":59}},"46":{"start":{"line":109,"column":11},"end":{"line":111,"column":5}},"47":{"start":{"line":110,"column":6},"end":{"line":110,"column":68}},"48":{"start":{"line":114,"column":4},"end":{"line":118,"column":5}},"49":{"start":{"line":115,"column":6},"end":{"line":115,"column":61}},"50":{"start":{"line":116,"column":11},"end":{"line":118,"column":5}},"51":{"start":{"line":117,"column":6},"end":{"line":117,"column":73}},"52":{"start":{"line":121,"column":4},"end":{"line":125,"column":5}},"53":{"start":{"line":122,"column":6},"end":{"line":122,"column":56}},"54":{"start":{"line":123,"column":11},"end":{"line":125,"column":5}},"55":{"start":{"line":124,"column":6},"end":{"line":124,"column":72}},"56":{"start":{"line":128,"column":4},"end":{"line":132,"column":5}},"57":{"start":{"line":129,"column":6},"end":{"line":129,"column":69}},"58":{"start":{"line":130,"column":11},"end":{"line":132,"column":5}},"59":{"start":{"line":131,"column":6},"end":{"line":131,"column":65}},"60":{"start":{"line":134,"column":4},"end":{"line":134,"column":25}},"61":{"start":{"line":135,"column":4},"end":{"line":135,"column":47}},"62":{"start":{"line":139,"column":23},"end":{"line":154,"column":3}},"63":{"start":{"line":140,"column":4},"end":{"line":140,"column":23}},"64":{"start":{"line":141,"column":4},"end":{"line":141,"column":25}},"65":{"start":{"line":142,"column":4},"end":{"line":147,"column":7}},"66":{"start":{"line":149,"column":4},"end":{"line":153,"column":5}},"67":{"start":{"line":150,"column":40},"end":{"line":150,"column":48}},"68":{"start":{"line":151,"column":22},"end":{"line":151,"column":47}},"69":{"start":{"line":152,"column":6},"end":{"line":152,"column":24}},"70":{"start":{"line":157,"column":22},"end":{"line":164,"column":3}},"71":{"start":{"line":158,"column":4},"end":{"line":163,"column":58}},"72":{"start":{"line":166,"column":2},"end":{"line":240,"column":4}}},"fnMap":{"0":{"name":"(anonymous_0)","decl":{"start":{"line":9,"column":19},"end":{"line":9,"column":20}},"loc":{"start":{"line":13,"column":6},"end":{"line":241,"column":1}},"line":13},"1":{"name":"(anonymous_1)","decl":{"start":{"line":34,"column":24},"end":{"line":34,"column":25}},"loc":{"start":{"line":34,"column":41},"end":{"line":79,"column":3}},"line":34},"2":{"name":"(anonymous_2)","decl":{"start":{"line":82,"column":23},"end":{"line":82,"column":24}},"loc":{"start":{"line":82,"column":30},"end":{"line":93,"column":3}},"line":82},"3":{"name":"(anonymous_3)","decl":{"start":{"line":84,"column":16},"end":{"line":84,"column":17}},"loc":{"start":{"line":84,"column":25},"end":{"line":87,"column":5}},"line":84},"4":{"name":"(anonymous_4)","decl":{"start":{"line":96,"column":21},"end":{"line":96,"column":22}},"loc":{"start":{"line":96,"column":28},"end":{"line":100,"column":3}},"line":96},"5":{"name":"(anonymous_5)","decl":{"start":{"line":98,"column":15},"end":{"line":98,"column":16}},"loc":{"start":{"line":98,"column":24},"end":{"line":98,"column":49}},"line":98},"6":{"name":"(anonymous_6)","decl":{"start":{"line":103,"column":23},"end":{"line":103,"column":24}},"loc":{"start":{"line":103,"column":29},"end":{"line":136,"column":3}},"line":103},"7":{"name":"(anonymous_7)","decl":{"start":{"line":139,"column":23},"end":{"line":139,"column":24}},"loc":{"start":{"line":139,"column":30},"end":{"line":154,"column":3}},"line":139},"8":{"name":"(anonymous_8)","decl":{"start":{"line":157,"column":22},"end":{"line":157,"column":23}},"loc":{"start":{"line":157,"column":28},"end":{"line":164,"column":3}},"line":157}},"branchMap":{"0":{"loc":{"start":{"line":11,"column":2},"end":{"line":11,"column":19}},"type":"default-arg","locations":[{"start":{"line":11,"column":14},"end":{"line":11,"column":19}}],"line":11},"1":{"loc":{"start":{"line":37,"column":4},"end":{"line":76,"column":5}},"type":"switch","locations":[{"start":{"line":38,"column":6},"end":{"line":44,"column":14}},{"start":{"line":46,"column":6},"end":{"line":54,"column":14}},{"start":{"line":56,"column":6},"end":{"line":62,"column":14}},{"start":{"line":64,"column":6},"end":{"line":72,"column":14}},{"start":{"line":74,"column":6},"end":{"line":75,"column":14}}],"line":37},"2":{"loc":{"start":{"line":39,"column":8},"end":{"line":43,"column":9}},"type":"if","locations":[{"start":{"line":39,"column":8},"end":{"line":43,"column":9}},{"start":{"line":41,"column":15},"end":{"line":43,"column":9}}],"line":39},"3":{"loc":{"start":{"line":47,"column":8},"end":{"line":53,"column":9}},"type":"if","locations":[{"start":{"line":47,"column":8},"end":{"line":53,"column":9}},{"start":{"line":49,"column":15},"end":{"line":53,"column":9}}],"line":47},"4":{"loc":{"start":{"line":49,"column":15},"end":{"line":53,"column":9}},"type":"if","locations":[{"start":{"line":49,"column":15},"end":{"line":53,"column":9}},{"start":{"line":51,"column":15},"end":{"line":53,"column":9}}],"line":49},"5":{"loc":{"start":{"line":57,"column":8},"end":{"line":61,"column":9}},"type":"if","locations":[{"start":{"line":57,"column":8},"end":{"line":61,"column":9}},{"start":{"line":59,"column":15},"end":{"line":61,"column":9}}],"line":57},"6":{"loc":{"start":{"line":65,"column":8},"end":{"line":71,"column":9}},"type":"if","locations":[{"start":{"line":65,"column":8},"end":{"line":71,"column":9}},{"start":{"line":67,"column":15},"end":{"line":71,"column":9}}],"line":65},"7":{"loc":{"start":{"line":67,"column":15},"end":{"line":71,"column":9}},"type":"if","locations":[{"start":{"line":67,"column":15},"end":{"line":71,"column":9}},{"start":{"line":69,"column":15},"end":{"line":71,"column":9}}],"line":67},"8":{"loc":{"start":{"line":90,"column":4},"end":{"line":92,"column":5}},"type":"if","locations":[{"start":{"line":90,"column":4},"end":{"line":92,"column":5}},{"start":{},"end":{}}],"line":90},"9":{"loc":{"start":{"line":90,"column":8},"end":{"line":90,"column":36}},"type":"binary-expr","locations":[{"start":{"line":90,"column":8},"end":{"line":90,"column":21}},{"start":{"line":90,"column":25},"end":{"line":90,"column":36}}],"line":90},"10":{"loc":{"start":{"line":107,"column":4},"end":{"line":111,"column":5}},"type":"if","locations":[{"start":{"line":107,"column":4},"end":{"line":111,"column":5}},{"start":{"line":109,"column":11},"end":{"line":111,"column":5}}],"line":107},"11":{"loc":{"start":{"line":109,"column":11},"end":{"line":111,"column":5}},"type":"if","locations":[{"start":{"line":109,"column":11},"end":{"line":111,"column":5}},{"start":{},"end":{}}],"line":109},"12":{"loc":{"start":{"line":114,"column":4},"end":{"line":118,"column":5}},"type":"if","locations":[{"start":{"line":114,"column":4},"end":{"line":118,"column":5}},{"start":{"line":116,"column":11},"end":{"line":118,"column":5}}],"line":114},"13":{"loc":{"start":{"line":116,"column":11},"end":{"line":118,"column":5}},"type":"if","locations":[{"start":{"line":116,"column":11},"end":{"line":118,"column":5}},{"start":{},"end":{}}],"line":116},"14":{"loc":{"start":{"line":121,"column":4},"end":{"line":125,"column":5}},"type":"if","locations":[{"start":{"line":121,"column":4},"end":{"line":125,"column":5}},{"start":{"line":123,"column":11},"end":{"line":125,"column":5}}],"line":121},"15":{"loc":{"start":{"line":123,"column":11},"end":{"line":125,"column":5}},"type":"if","locations":[{"start":{"line":123,"column":11},"end":{"line":125,"column":5}},{"start":{},"end":{}}],"line":123},"16":{"loc":{"start":{"line":128,"column":4},"end":{"line":132,"column":5}},"type":"if","locations":[{"start":{"line":128,"column":4},"end":{"line":132,"column":5}},{"start":{"line":130,"column":11},"end":{"line":132,"column":5}}],"line":128},"17":{"loc":{"start":{"line":130,"column":11},"end":{"line":132,"column":5}},"type":"if","locations":[{"start":{"line":130,"column":11},"end":{"line":132,"column":5}},{"start":{},"end":{}}],"line":130},"18":{"loc":{"start":{"line":149,"column":4},"end":{"line":153,"column":5}},"type":"if","locations":[{"start":{"line":149,"column":4},"end":{"line":153,"column":5}},{"start":{},"end":{}}],"line":149},"19":{"loc":{"start":{"line":158,"column":11},"end":{"line":163,"column":57}},"type":"binary-expr","locations":[{"start":{"line":158,"column":11},"end":{"line":158,"column":31}},{"start":{"line":159,"column":11},"end":{"line":159,"column":25}},{"start":{"line":160,"column":11},"end":{"line":160,"column":28}},{"start":{"line":161,"column":11},"end":{"line":161,"column":35}},{"start":{"line":162,"column":11},"end":{"line":162,"column":24}},{"start":{"line":163,"column":11},"end":{"line":163,"column":57}}],"line":158},"20":{"loc":{"start":{"line":172,"column":22},"end":{"line":172,"column":49}},"type":"binary-expr","locations":[{"start":{"line":172,"column":22},"end":{"line":172,"column":36}},{"start":{"line":172,"column":40},"end":{"line":172,"column":49}}],"line":172},"21":{"loc":{"start":{"line":174,"column":19},"end":{"line":174,"column":66}},"type":"cond-expr","locations":[{"start":{"line":174,"column":31},"end":{"line":174,"column":50}},{"start":{"line":174,"column":53},"end":{"line":174,"column":66}}],"line":174},"22":{"loc":{"start":{"line":187,"column":15},"end":{"line":187,"column":63}},"type":"cond-expr","locations":[{"start":{"line":187,"column":47},"end":{"line":187,"column":58}},{"start":{"line":187,"column":61},"end":{"line":187,"column":63}}],"line":187},"23":{"loc":{"start":{"line":187,"column":16},"end":{"line":187,"column":43}},"type":"binary-expr","locations":[{"start":{"line":187,"column":16},"end":{"line":187,"column":28}},{"start":{"line":187,"column":32},"end":{"line":187,"column":43}}],"line":187},"24":{"loc":{"start":{"line":200,"column":15},"end":{"line":200,"column":65}},"type":"cond-expr","locations":[{"start":{"line":200,"column":48},"end":{"line":200,"column":60}},{"start":{"line":200,"column":63},"end":{"line":200,"column":65}}],"line":200},"25":{"loc":{"start":{"line":200,"column":16},"end":{"line":200,"column":44}},"type":"binary-expr","locations":[{"start":{"line":200,"column":16},"end":{"line":200,"column":29}},{"start":{"line":200,"column":33},"end":{"line":200,"column":44}}],"line":200},"26":{"loc":{"start":{"line":213,"column":17},"end":{"line":213,"column":73}},"type":"cond-expr","locations":[{"start":{"line":213,"column":53},"end":{"line":213,"column":68}},{"start":{"line":213,"column":71},"end":{"line":213,"column":73}}],"line":213},"27":{"loc":{"start":{"line":213,"column":18},"end":{"line":213,"column":49}},"type":"binary-expr","locations":[{"start":{"line":213,"column":18},"end":{"line":213,"column":34}},{"start":{"line":213,"column":38},"end":{"line":213,"column":49}}],"line":213},"28":{"loc":{"start":{"line":216,"column":31},"end":{"line":216,"column":63}},"type":"binary-expr","locations":[{"start":{"line":216,"column":31},"end":{"line":216,"column":48}},{"start":{"line":216,"column":52},"end":{"line":216,"column":63}}],"line":216},"29":{"loc":{"start":{"line":226,"column":17},"end":{"line":226,"column":87}},"type":"cond-expr","locations":[{"start":{"line":226,"column":60},"end":{"line":226,"column":82}},{"start":{"line":226,"column":85},"end":{"line":226,"column":87}}],"line":226},"30":{"loc":{"start":{"line":226,"column":18},"end":{"line":226,"column":56}},"type":"binary-expr","locations":[{"start":{"line":226,"column":18},"end":{"line":226,"column":41}},{"start":{"line":226,"column":45},"end":{"line":226,"column":56}}],"line":226},"31":{"loc":{"start":{"line":232,"column":9},"end":{"line":237,"column":9}},"type":"binary-expr","locations":[{"start":{"line":232,"column":10},"end":{"line":232,"column":27}},{"start":{"line":232,"column":31},"end":{"line":232,"column":42}},{"start":{"line":233,"column":10},"end":{"line":236,"column":12}}],"line":232}},"s":{"0":4,"1":20,"2":20,"3":20,"4":20,"5":20,"6":20,"7":0,"8":0,"9":0,"10":0,"11":0,"12":0,"13":0,"14":0,"15":0,"16":0,"17":0,"18":0,"19":0,"20":0,"21":0,"22":0,"23":0,"24":0,"25":0,"26":0,"27":0,"28":0,"29":0,"30":0,"31":20,"32":12,"33":12,"34":12,"35":12,"36":0,"37":20,"38":0,"39":0,"40":0,"41":0,"42":20,"43":4,"44":4,"45":1,"46":3,"47":0,"48":4,"49":1,"50":3,"51":0,"52":4,"53":1,"54":3,"55":1,"56":4,"57":1,"58":3,"59":1,"60":4,"61":4,"62":20,"63":4,"64":4,"65":4,"66":4,"67":1,"68":1,"69":1,"70":20,"71":40,"72":20},"f":{"0":20,"1":0,"2":12,"3":12,"4":0,"5":0,"6":4,"7":4,"8":40},"b":{"0":[0],"1":[0,0,0,0,0],"2":[0,0],"3":[0,0],"4":[0,0],"5":[0,0],"6":[0,0],"7":[0,0],"8":[0,12],"9":[12,12],"10":[1,3],"11":[0,3],"12":[1,3],"13":[0,3],"14":[1,3],"15":[1,2],"16":[1,3],"17":[1,2],"18":[1,3],"19":[40,30,24,18,12,8],"20":[20,2],"21":[0,20],"22":[4,16],"23":[20,16],"24":[4,16],"25":[20,16],"26":[4,16],"27":[20,16],"28":[20,11],"29":[4,16],"30":[20,16],"31":[20,11,10]},"_coverageSchema":"1a1c01bbd47fc00a2c39e90264f33305004495a9","hash":"4b6475e86160294b6332a4592faa8affe9a07f32"}
,"C:\\Users\\Ishai\\Projects\\Progra Web\\Proyecto FInal\\Proyecto_Anima_Frontend\\Proyecto_Anima_Frontend\\client\\src\\components\\emotion\\CameraCapture.jsx": {"path":"C:\\Users\\Ishai\\Projects\\Progra Web\\Proyecto FInal\\Proyecto_Anima_Frontend\\Proyecto_Anima_Frontend\\client\\src\\components\\emotion\\CameraCapture.jsx","statementMap":{"0":{"start":{"line":5,"column":22},"end":{"line":281,"column":1}},"1":{"start":{"line":6,"column":30},"end":{"line":6,"column":44}},"2":{"start":{"line":7,"column":44},"end":{"line":7,"column":58}},"3":{"start":{"line":8,"column":28},"end":{"line":8,"column":42}},"4":{"start":{"line":9,"column":36},"end":{"line":9,"column":50}},"5":{"start":{"line":11,"column":19},"end":{"line":11,"column":31}},"6":{"start":{"line":12,"column":20},"end":{"line":12,"column":32}},"7":{"start":{"line":14,"column":20},"end":{"line":14,"column":32}},"8":{"start":{"line":17,"column":22},"end":{"line":46,"column":8}},"9":{"start":{"line":18,"column":4},"end":{"line":45,"column":5}},"10":{"start":{"line":19,"column":6},"end":{"line":19,"column":25}},"11":{"start":{"line":20,"column":6},"end":{"line":20,"column":21}},"12":{"start":{"line":23,"column":6},"end":{"line":26,"column":7}},"13":{"start":{"line":24,"column":8},"end":{"line":24,"column":69}},"14":{"start":{"line":24,"column":55},"end":{"line":24,"column":67}},"15":{"start":{"line":25,"column":8},"end":{"line":25,"column":33}},"16":{"start":{"line":28,"column":26},"end":{"line":35,"column":8}},"17":{"start":{"line":37,"column":6},"end":{"line":37,"column":53}},"18":{"start":{"line":38,"column":6},"end":{"line":38,"column":29}},"19":{"start":{"line":39,"column":6},"end":{"line":39,"column":38}},"20":{"start":{"line":40,"column":6},"end":{"line":40,"column":26}},"21":{"start":{"line":42,"column":6},"end":{"line":42,"column":54}},"22":{"start":{"line":43,"column":6},"end":{"line":43,"column":84}},"23":{"start":{"line":44,"column":6},"end":{"line":44,"column":26}},"24":{"start":{"line":48,"column":21},"end":{"line":72,"column":8}},"25":{"start":{"line":49,"column":4},"end":{"line":49,"column":55}},"26":{"start":{"line":51,"column":20},"end":{"line":51,"column":37}},"27":{"start":{"line":52,"column":4},"end":{"line":58,"column":5}},"28":{"start":{"line":53,"column":6},"end":{"line":56,"column":9}},"29":{"start":{"line":54,"column":8},"end":{"line":54,"column":56}},"30":{"start":{"line":54,"column":14},"end":{"line":54,"column":27}},"31":{"start":{"line":55,"column":8},"end":{"line":55,"column":53}},"32":{"start":{"line":57,"column":6},"end":{"line":57,"column":31}},"33":{"start":{"line":61,"column":4},"end":{"line":61,"column":20}},"34":{"start":{"line":63,"column":4},"end":{"line":71,"column":5}},"35":{"start":{"line":64,"column":6},"end":{"line":70,"column":7}},"36":{"start":{"line":65,"column":8},"end":{"line":65,"column":42}},"37":{"start":{"line":66,"column":8},"end":{"line":66,"column":33}},"38":{"start":{"line":67,"column":8},"end":{"line":67,"column":32}},"39":{"start":{"line":74,"column":2},"end":{"line":82,"column":32}},"40":{"start":{"line":76,"column":4},"end":{"line":76,"column":18}},"41":{"start":{"line":77,"column":4},"end":{"line":80,"column":6}},"42":{"start":{"line":79,"column":6},"end":{"line":79,"column":19}},"43":{"start":{"line":85,"column":2},"end":{"line":103,"column":30}},"44":{"start":{"line":86,"column":4},"end":{"line":102,"column":5}},"45":{"start":{"line":87,"column":6},"end":{"line":87,"column":42}},"46":{"start":{"line":89,"column":6},"end":{"line":98,"column":7}},"47":{"start":{"line":90,"column":27},"end":{"line":90,"column":75}},"48":{"start":{"line":91,"column":8},"end":{"line":95,"column":9}},"49":{"start":{"line":92,"column":10},"end":{"line":94,"column":13}},"50":{"start":{"line":93,"column":12},"end":{"line":93,"column":55}},"51":{"start":{"line":97,"column":8},"end":{"line":97,"column":67}},"52":{"start":{"line":99,"column":11},"end":{"line":102,"column":5}},"53":{"start":{"line":101,"column":6},"end":{"line":101,"column":40}},"54":{"start":{"line":107,"column":23},"end":{"line":142,"column":3}},"55":{"start":{"line":108,"column":4},"end":{"line":111,"column":5}},"56":{"start":{"line":109,"column":6},"end":{"line":109,"column":52}},"57":{"start":{"line":110,"column":6},"end":{"line":110,"column":13}},"58":{"start":{"line":113,"column":18},"end":{"line":113,"column":34}},"59":{"start":{"line":114,"column":19},"end":{"line":114,"column":36}},"60":{"start":{"line":117,"column":4},"end":{"line":120,"column":5}},"61":{"start":{"line":118,"column":6},"end":{"line":118,"column":64}},"62":{"start":{"line":119,"column":6},"end":{"line":119,"column":13}},"63":{"start":{"line":123,"column":4},"end":{"line":123,"column":36}},"64":{"start":{"line":124,"column":4},"end":{"line":124,"column":38}},"65":{"start":{"line":127,"column":16},"end":{"line":127,"column":39}},"66":{"start":{"line":128,"column":4},"end":{"line":128,"column":60}},"67":{"start":{"line":131,"column":22},"end":{"line":131,"column":57}},"68":{"start":{"line":133,"column":4},"end":{"line":133,"column":37}},"69":{"start":{"line":136,"column":4},"end":{"line":136,"column":17}},"70":{"start":{"line":139,"column":4},"end":{"line":141,"column":11}},"71":{"start":{"line":140,"column":6},"end":{"line":140,"column":34}},"72":{"start":{"line":144,"column":22},"end":{"line":151,"column":3}},"73":{"start":{"line":145,"column":4},"end":{"line":145,"column":37}},"74":{"start":{"line":146,"column":4},"end":{"line":146,"column":27}},"75":{"start":{"line":148,"column":4},"end":{"line":150,"column":12}},"76":{"start":{"line":149,"column":6},"end":{"line":149,"column":20}},"77":{"start":{"line":153,"column":23},"end":{"line":161,"column":3}},"78":{"start":{"line":154,"column":4},"end":{"line":160,"column":5}},"79":{"start":{"line":155,"column":6},"end":{"line":155,"column":74}},"80":{"start":{"line":157,"column":6},"end":{"line":157,"column":19}},"81":{"start":{"line":159,"column":6},"end":{"line":159,"column":31}},"82":{"start":{"line":163,"column":23},"end":{"line":166,"column":3}},"83":{"start":{"line":164,"column":4},"end":{"line":164,"column":17}},"84":{"start":{"line":165,"column":4},"end":{"line":165,"column":15}},"85":{"start":{"line":168,"column":2},"end":{"line":280,"column":4}}},"fnMap":{"0":{"name":"(anonymous_0)","decl":{"start":{"line":5,"column":22},"end":{"line":5,"column":23}},"loc":{"start":{"line":5,"column":51},"end":{"line":281,"column":1}},"line":5},"1":{"name":"(anonymous_1)","decl":{"start":{"line":17,"column":34},"end":{"line":17,"column":35}},"loc":{"start":{"line":17,"column":46},"end":{"line":46,"column":3}},"line":17},"2":{"name":"(anonymous_2)","decl":{"start":{"line":24,"column":46},"end":{"line":24,"column":47}},"loc":{"start":{"line":24,"column":55},"end":{"line":24,"column":67}},"line":24},"3":{"name":"(anonymous_3)","decl":{"start":{"line":48,"column":33},"end":{"line":48,"column":34}},"loc":{"start":{"line":48,"column":39},"end":{"line":72,"column":3}},"line":48},"4":{"name":"(anonymous_4)","decl":{"start":{"line":53,"column":34},"end":{"line":53,"column":35}},"loc":{"start":{"line":53,"column":43},"end":{"line":56,"column":7}},"line":53},"5":{"name":"(anonymous_5)","decl":{"start":{"line":74,"column":12},"end":{"line":74,"column":13}},"loc":{"start":{"line":74,"column":18},"end":{"line":82,"column":3}},"line":74},"6":{"name":"(anonymous_6)","decl":{"start":{"line":77,"column":11},"end":{"line":77,"column":12}},"loc":{"start":{"line":77,"column":17},"end":{"line":80,"column":5}},"line":77},"7":{"name":"(anonymous_7)","decl":{"start":{"line":85,"column":12},"end":{"line":85,"column":13}},"loc":{"start":{"line":85,"column":18},"end":{"line":103,"column":3}},"line":85},"8":{"name":"(anonymous_8)","decl":{"start":{"line":92,"column":27},"end":{"line":92,"column":28}},"loc":{"start":{"line":92,"column":34},"end":{"line":94,"column":11}},"line":92},"9":{"name":"(anonymous_9)","decl":{"start":{"line":107,"column":23},"end":{"line":107,"column":24}},"loc":{"start":{"line":107,"column":29},"end":{"line":142,"column":3}},"line":107},"10":{"name":"(anonymous_10)","decl":{"start":{"line":139,"column":15},"end":{"line":139,"column":16}},"loc":{"start":{"line":139,"column":21},"end":{"line":141,"column":5}},"line":139},"11":{"name":"(anonymous_11)","decl":{"start":{"line":144,"column":22},"end":{"line":144,"column":23}},"loc":{"start":{"line":144,"column":28},"end":{"line":151,"column":3}},"line":144},"12":{"name":"(anonymous_12)","decl":{"start":{"line":148,"column":15},"end":{"line":148,"column":16}},"loc":{"start":{"line":148,"column":21},"end":{"line":150,"column":5}},"line":148},"13":{"name":"(anonymous_13)","decl":{"start":{"line":153,"column":23},"end":{"line":153,"column":24}},"loc":{"start":{"line":153,"column":29},"end":{"line":161,"column":3}},"line":153},"14":{"name":"(anonymous_14)","decl":{"start":{"line":163,"column":23},"end":{"line":163,"column":24}},"loc":{"start":{"line":163,"column":29},"end":{"line":166,"column":3}},"line":163}},"branchMap":{"0":{"loc":{"start":{"line":23,"column":6},"end":{"line":26,"column":7}},"type":"if","locations":[{"start":{"line":23,"column":6},"end":{"line":26,"column":7}},{"start":{},"end":{}}],"line":23},"1":{"loc":{"start":{"line":52,"column":4},"end":{"line":58,"column":5}},"type":"if","locations":[{"start":{"line":52,"column":4},"end":{"line":58,"column":5}},{"start":{},"end":{}}],"line":52},"2":{"loc":{"start":{"line":63,"column":4},"end":{"line":71,"column":5}},"type":"if","locations":[{"start":{"line":63,"column":4},"end":{"line":71,"column":5}},{"start":{},"end":{}}],"line":63},"3":{"loc":{"start":{"line":86,"column":4},"end":{"line":102,"column":5}},"type":"if","locations":[{"start":{"line":86,"column":4},"end":{"line":102,"column":5}},{"start":{"line":99,"column":11},"end":{"line":102,"column":5}}],"line":86},"4":{"loc":{"start":{"line":86,"column":8},"end":{"line":86,"column":52}},"type":"binary-expr","locations":[{"start":{"line":86,"column":8},"end":{"line":86,"column":14}},{"start":{"line":86,"column":18},"end":{"line":86,"column":34}},{"start":{"line":86,"column":38},"end":{"line":86,"column":52}}],"line":86},"5":{"loc":{"start":{"line":90,"column":27},"end":{"line":90,"column":75}},"type":"binary-expr","locations":[{"start":{"line":90,"column":27},"end":{"line":90,"column":48}},{"start":{"line":90,"column":52},"end":{"line":90,"column":75}}],"line":90},"6":{"loc":{"start":{"line":91,"column":8},"end":{"line":95,"column":9}},"type":"if","locations":[{"start":{"line":91,"column":8},"end":{"line":95,"column":9}},{"start":{},"end":{}}],"line":91},"7":{"loc":{"start":{"line":91,"column":12},"end":{"line":91,"column":64}},"type":"binary-expr","locations":[{"start":{"line":91,"column":12},"end":{"line":91,"column":22}},{"start":{"line":91,"column":26},"end":{"line":91,"column":64}}],"line":91},"8":{"loc":{"start":{"line":99,"column":11},"end":{"line":102,"column":5}},"type":"if","locations":[{"start":{"line":99,"column":11},"end":{"line":102,"column":5}},{"start":{},"end":{}}],"line":99},"9":{"loc":{"start":{"line":99,"column":15},"end":{"line":99,"column":48}},"type":"binary-expr","locations":[{"start":{"line":99,"column":15},"end":{"line":99,"column":28}},{"start":{"line":99,"column":32},"end":{"line":99,"column":48}}],"line":99},"10":{"loc":{"start":{"line":108,"column":4},"end":{"line":111,"column":5}},"type":"if","locations":[{"start":{"line":108,"column":4},"end":{"line":111,"column":5}},{"start":{},"end":{}}],"line":108},"11":{"loc":{"start":{"line":108,"column":8},"end":{"line":108,"column":47}},"type":"binary-expr","locations":[{"start":{"line":108,"column":8},"end":{"line":108,"column":25}},{"start":{"line":108,"column":29},"end":{"line":108,"column":47}}],"line":108},"12":{"loc":{"start":{"line":117,"column":4},"end":{"line":120,"column":5}},"type":"if","locations":[{"start":{"line":117,"column":4},"end":{"line":120,"column":5}},{"start":{},"end":{}}],"line":117},"13":{"loc":{"start":{"line":154,"column":4},"end":{"line":160,"column":5}},"type":"if","locations":[{"start":{"line":154,"column":4},"end":{"line":160,"column":5}},{"start":{},"end":{}}],"line":154},"14":{"loc":{"start":{"line":175,"column":13},"end":{"line":175,"column":63}},"type":"cond-expr","locations":[{"start":{"line":175,"column":29},"end":{"line":175,"column":43}},{"start":{"line":175,"column":46},"end":{"line":175,"column":63}}],"line":175},"15":{"loc":{"start":{"line":191,"column":11},"end":{"line":227,"column":11}},"type":"cond-expr","locations":[{"start":{"line":192,"column":12},"end":{"line":202,"column":18}},{"start":{"line":203,"column":14},"end":{"line":227,"column":11}}],"line":191},"16":{"loc":{"start":{"line":203,"column":14},"end":{"line":227,"column":11}},"type":"cond-expr","locations":[{"start":{"line":204,"column":12},"end":{"line":207,"column":18}},{"start":{"line":208,"column":14},"end":{"line":227,"column":11}}],"line":203},"17":{"loc":{"start":{"line":208,"column":14},"end":{"line":227,"column":11}},"type":"cond-expr","locations":[{"start":{"line":209,"column":12},"end":{"line":213,"column":14}},{"start":{"line":215,"column":12},"end":{"line":226,"column":15}}],"line":208},"18":{"loc":{"start":{"line":234,"column":9},"end":{"line":238,"column":9}},"type":"binary-expr","locations":[{"start":{"line":234,"column":9},"end":{"line":234,"column":23}},{"start":{"line":234,"column":27},"end":{"line":234,"column":33}},{"start":{"line":234,"column":37},"end":{"line":234,"column":47}},{"start":{"line":235,"column":10},"end":{"line":237,"column":14}}],"line":234},"19":{"loc":{"start":{"line":242,"column":11},"end":{"line":276,"column":11}},"type":"cond-expr","locations":[{"start":{"line":243,"column":12},"end":{"line":263,"column":15}},{"start":{"line":265,"column":12},"end":{"line":275,"column":13}}],"line":242},"20":{"loc":{"start":{"line":265,"column":12},"end":{"line":275,"column":13}},"type":"binary-expr","locations":[{"start":{"line":265,"column":12},"end":{"line":265,"column":18}},{"start":{"line":265,"column":22},"end":{"line":265,"column":32}},{"start":{"line":266,"column":14},"end":{"line":274,"column":23}}],"line":265}},"s":{"0":4,"1":9,"2":9,"3":9,"4":9,"5":9,"6":9,"7":9,"8":9,"9":3,"10":3,"11":3,"12":3,"13":0,"14":0,"15":0,"16":3,"17":2,"18":2,"19":2,"20":2,"21":1,"22":1,"23":1,"24":9,"25":4,"26":4,"27":4,"28":2,"29":2,"30":2,"31":2,"32":2,"33":4,"34":4,"35":1,"36":1,"37":1,"38":1,"39":9,"40":2,"41":2,"42":2,"43":9,"44":6,"45":2,"46":2,"47":2,"48":2,"49":0,"50":0,"51":0,"52":4,"53":0,"54":9,"55":1,"56":0,"57":0,"58":1,"59":1,"60":1,"61":0,"62":0,"63":1,"64":1,"65":1,"66":1,"67":1,"68":1,"69":1,"70":1,"71":1,"72":9,"73":0,"74":0,"75":0,"76":0,"77":9,"78":1,"79":1,"80":1,"81":1,"82":9,"83":0,"84":0,"85":9},"f":{"0":9,"1":3,"2":0,"3":4,"4":2,"5":2,"6":2,"7":6,"8":0,"9":1,"10":1,"11":0,"12":0,"13":1,"14":0},"b":{"0":[0,3],"1":[2,2],"2":[1,3],"3":[2,4],"4":[6,2,2],"5":[2,2],"6":[0,2],"7":[2,0],"8":[0,4],"9":[4,1],"10":[0,1],"11":[1,1],"12":[0,1],"13":[1,0],"14":[2,7],"15":[1,8],"16":[3,5],"17":[2,3],"18":[9,7,6,3],"19":[2,7],"20":[7,6,3]},"_coverageSchema":"1a1c01bbd47fc00a2c39e90264f33305004495a9","hash":"a6c409bd487228012bda05348c384080e0e117d4"}
,"C:\\Users\\Ishai\\Projects\\Progra Web\\Proyecto FInal\\Proyecto_Anima_Frontend\\Proyecto_Anima_Frontend\\client\\src\\components\\emotion\\EmotionAnalyzer.jsx": {"path":"C:\\Users\\Ishai\\Projects\\Progra Web\\Proyecto FInal\\Proyecto_Anima_Frontend\\Proyecto_Anima_Frontend\\client\\src\\components\\emotion\\EmotionAnalyzer.jsx","statementMap":{"0":{"start":{"line":14,"column":24},"end":{"line":411,"column":1}},"1":{"start":{"line":15,"column":26},"end":{"line":15,"column":40}},"2":{"start":{"line":16,"column":40},"end":{"line":16,"column":55}},"3":{"start":{"line":17,"column":50},"end":{"line":17,"column":65}},"4":{"start":{"line":20,"column":32},"end":{"line":20,"column":45}},"5":{"start":{"line":22,"column":16},"end":{"line":22,"column":26}},"6":{"start":{"line":23,"column":19},"end":{"line":23,"column":32}},"7":{"start":{"line":24,"column":19},"end":{"line":24,"column":35}},"8":{"start":{"line":27,"column":40},"end":{"line":29,"column":4}},"9":{"start":{"line":28,"column":4},"end":{"line":28,"column":58}},"10":{"start":{"line":32,"column":2},"end":{"line":37,"column":13}},"11":{"start":{"line":33,"column":4},"end":{"line":36,"column":5}},"12":{"start":{"line":34,"column":6},"end":{"line":34,"column":34}},"13":{"start":{"line":35,"column":6},"end":{"line":35,"column":53}},"14":{"start":{"line":40,"column":29},"end":{"line":154,"column":36}},"15":{"start":{"line":42,"column":4},"end":{"line":45,"column":5}},"16":{"start":{"line":43,"column":6},"end":{"line":43,"column":62}},"17":{"start":{"line":44,"column":6},"end":{"line":44,"column":13}},"18":{"start":{"line":47,"column":4},"end":{"line":47,"column":25}},"19":{"start":{"line":48,"column":4},"end":{"line":48,"column":41}},"20":{"start":{"line":50,"column":4},"end":{"line":153,"column":5}},"21":{"start":{"line":52,"column":23},"end":{"line":52,"column":28}},"22":{"start":{"line":53,"column":6},"end":{"line":67,"column":7}},"23":{"start":{"line":54,"column":20},"end":{"line":54,"column":55}},"24":{"start":{"line":55,"column":8},"end":{"line":63,"column":9}},"25":{"start":{"line":56,"column":22},"end":{"line":58,"column":12}},"26":{"start":{"line":59,"column":10},"end":{"line":62,"column":11}},"27":{"start":{"line":60,"column":25},"end":{"line":60,"column":41}},"28":{"start":{"line":61,"column":12},"end":{"line":61,"column":42}},"29":{"start":{"line":66,"column":8},"end":{"line":66,"column":92}},"30":{"start":{"line":69,"column":6},"end":{"line":69,"column":65}},"31":{"start":{"line":71,"column":21},"end":{"line":71,"column":58}},"32":{"start":{"line":73,"column":6},"end":{"line":73,"column":55}},"33":{"start":{"line":74,"column":6},"end":{"line":76,"column":7}},"34":{"start":{"line":75,"column":8},"end":{"line":75,"column":78}},"35":{"start":{"line":77,"column":6},"end":{"line":79,"column":7}},"36":{"start":{"line":78,"column":8},"end":{"line":78,"column":84}},"37":{"start":{"line":82,"column":30},"end":{"line":82,"column":34}},"38":{"start":{"line":83,"column":6},"end":{"line":107,"column":7}},"39":{"start":{"line":84,"column":8},"end":{"line":84,"column":68}},"40":{"start":{"line":85,"column":8},"end":{"line":85,"column":90}},"41":{"start":{"line":87,"column":27},"end":{"line":95,"column":9}},"42":{"start":{"line":97,"column":8},"end":{"line":97,"column":62}},"43":{"start":{"line":100,"column":8},"end":{"line":103,"column":9}},"44":{"start":{"line":101,"column":10},"end":{"line":101,"column":53}},"45":{"start":{"line":102,"column":10},"end":{"line":102,"column":72}},"46":{"start":{"line":105,"column":8},"end":{"line":105,"column":77}},"47":{"start":{"line":110,"column":6},"end":{"line":115,"column":7}},"48":{"start":{"line":111,"column":24},"end":{"line":113,"column":91}},"49":{"start":{"line":114,"column":8},"end":{"line":114,"column":45}},"50":{"start":{"line":118,"column":6},"end":{"line":127,"column":9}},"51":{"start":{"line":130,"column":6},"end":{"line":130,"column":58}},"52":{"start":{"line":132,"column":6},"end":{"line":140,"column":7}},"53":{"start":{"line":133,"column":8},"end":{"line":135,"column":9}},"54":{"start":{"line":134,"column":10},"end":{"line":134,"column":99}},"55":{"start":{"line":136,"column":8},"end":{"line":138,"column":17}},"56":{"start":{"line":137,"column":10},"end":{"line":137,"column":30}},"57":{"start":{"line":139,"column":8},"end":{"line":139,"column":15}},"58":{"start":{"line":142,"column":6},"end":{"line":148,"column":7}},"59":{"start":{"line":143,"column":8},"end":{"line":147,"column":10}},"60":{"start":{"line":150,"column":6},"end":{"line":150,"column":28}},"61":{"start":{"line":151,"column":6},"end":{"line":151,"column":44}},"62":{"start":{"line":152,"column":6},"end":{"line":152,"column":20}},"63":{"start":{"line":157,"column":21},"end":{"line":157,"column":34}},"64":{"start":{"line":158,"column":2},"end":{"line":172,"column":27}},"65":{"start":{"line":159,"column":4},"end":{"line":159,"column":35}},"66":{"start":{"line":159,"column":28},"end":{"line":159,"column":35}},"67":{"start":{"line":160,"column":4},"end":{"line":171,"column":18}},"68":{"start":{"line":161,"column":21},"end":{"line":161,"column":61}},"69":{"start":{"line":162,"column":22},"end":{"line":162,"column":69}},"70":{"start":{"line":163,"column":6},"end":{"line":170,"column":7}},"71":{"start":{"line":164,"column":8},"end":{"line":164,"column":34}},"72":{"start":{"line":166,"column":8},"end":{"line":166,"column":52}},"73":{"start":{"line":167,"column":8},"end":{"line":167,"column":47}},"74":{"start":{"line":168,"column":8},"end":{"line":168,"column":59}},"75":{"start":{"line":169,"column":8},"end":{"line":169,"column":36}},"76":{"start":{"line":175,"column":2},"end":{"line":214,"column":9}},"77":{"start":{"line":176,"column":18},"end":{"line":176,"column":22}},"78":{"start":{"line":179,"column":31},"end":{"line":202,"column":5}},"79":{"start":{"line":180,"column":6},"end":{"line":201,"column":7}},"80":{"start":{"line":181,"column":20},"end":{"line":181,"column":55}},"81":{"start":{"line":182,"column":8},"end":{"line":185,"column":9}},"82":{"start":{"line":183,"column":10},"end":{"line":183,"column":50}},"83":{"start":{"line":183,"column":23},"end":{"line":183,"column":50}},"84":{"start":{"line":184,"column":10},"end":{"line":184,"column":17}},"85":{"start":{"line":186,"column":20},"end":{"line":188,"column":10}},"86":{"start":{"line":189,"column":8},"end":{"line":198,"column":9}},"87":{"start":{"line":190,"column":23},"end":{"line":190,"column":39}},"88":{"start":{"line":191,"column":10},"end":{"line":191,"column":61}},"89":{"start":{"line":191,"column":23},"end":{"line":191,"column":61}},"90":{"start":{"line":194,"column":10},"end":{"line":197,"column":11}},"91":{"start":{"line":195,"column":12},"end":{"line":195,"column":39}},"92":{"start":{"line":196,"column":12},"end":{"line":196,"column":51}},"93":{"start":{"line":200,"column":8},"end":{"line":200,"column":48}},"94":{"start":{"line":200,"column":21},"end":{"line":200,"column":48}},"95":{"start":{"line":205,"column":4},"end":{"line":205,"column":25}},"96":{"start":{"line":208,"column":4},"end":{"line":208,"column":56}},"97":{"start":{"line":210,"column":4},"end":{"line":213,"column":6}},"98":{"start":{"line":211,"column":6},"end":{"line":211,"column":22}},"99":{"start":{"line":212,"column":6},"end":{"line":212,"column":48}},"100":{"start":{"line":212,"column":22},"end":{"line":212,"column"
[...]
,"column":139}},"type":"if","locations":[{"start":{"line":47,"column":8},"end":{"line":47,"column":139}},{"start":{},"end":{}}],"line":47},"5":{"loc":{"start":{"line":51,"column":6},"end":{"line":57,"column":7}},"type":"if","locations":[{"start":{"line":51,"column":6},"end":{"line":57,"column":7}},{"start":{"line":55,"column":13},"end":{"line":57,"column":7}}],"line":51},"6":{"loc":{"start":{"line":53,"column":27},"end":{"line":53,"column":44}},"type":"binary-expr","locations":[{"start":{"line":53,"column":27},"end":{"line":53,"column":38}},{"start":{"line":53,"column":42},"end":{"line":53,"column":44}}],"line":53},"7":{"loc":{"start":{"line":54,"column":51},"end":{"line":54,"column":75}},"type":"binary-expr","locations":[{"start":{"line":54,"column":51},"end":{"line":54,"column":70}},{"start":{"line":54,"column":74},"end":{"line":54,"column":75}}],"line":54},"8":{"loc":{"start":{"line":67,"column":4},"end":{"line":70,"column":5}},"type":"if","locations":[{"start":{"line":67,"column":4},"end":{"line":70,"column":5}},{"start":{},"end":{}}],"line":67},"9":{"loc":{"start":{"line":67,"column":8},"end":{"line":67,"column":25}},"type":"binary-expr","locations":[{"start":{"line":67,"column":8},"end":{"line":67,"column":15}},{"start":{"line":67,"column":19},"end":{"line":67,"column":25}}],"line":67},"10":{"loc":{"start":{"line":73,"column":4},"end":{"line":80,"column":5}},"type":"if","locations":[{"start":{"line":73,"column":4},"end":{"line":80,"column":5}},{"start":{"line":76,"column":11},"end":{"line":80,"column":5}}],"line":73},"11":{"loc":{"start":{"line":73,"column":8},"end":{"line":73,"column":69}},"type":"binary-expr","locations":[{"start":{"line":73,"column":8},"end":{"line":73,"column":31}},{"start":{"line":73,"column":35},"end":{"line":73,"column":69}}],"line":73},"12":{"loc":{"start":{"line":85,"column":4},"end":{"line":85,"column":51}},"type":"if","locations":[{"start":{"line":85,"column":4},"end":{"line":85,"column":51}},{"start":{},"end":{}}],"line":85},"13":{"loc":{"start":{"line":85,"column":8},"end":{"line":85,"column":42}},"type":"binary-expr","locations":[{"start":{"line":85,"column":8},"end":{"line":85,"column":15}},{"start":{"line":85,"column":19},"end":{"line":85,"column":42}}],"line":85},"14":{"loc":{"start":{"line":91,"column":6},"end":{"line":96,"column":7}},"type":"if","locations":[{"start":{"line":91,"column":6},"end":{"line":96,"column":7}},{"start":{},"end":{}}],"line":91},"15":{"loc":{"start":{"line":92,"column":8},"end":{"line":94,"column":9}},"type":"if","locations":[{"start":{"line":92,"column":8},"end":{"line":94,"column":9}},{"start":{},"end":{}}],"line":92},"16":{"loc":{"start":{"line":99,"column":31},"end":{"line":99,"column":66}},"type":"binary-expr","locations":[{"start":{"line":99,"column":31},"end":{"line":99,"column":58}},{"start":{"line":99,"column":62},"end":{"line":99,"column":66}}],"line":99},"17":{"loc":{"start":{"line":101,"column":6},"end":{"line":116,"column":7}},"type":"if","locations":[{"start":{"line":101,"column":6},"end":{"line":116,"column":7}},{"start":{},"end":{}}],"line":101},"18":{"loc":{"start":{"line":106,"column":31},"end":{"line":106,"column":61}},"type":"binary-expr","locations":[{"start":{"line":106,"column":31},"end":{"line":106,"column":55}},{"start":{"line":106,"column":59},"end":{"line":106,"column":61}}],"line":106},"19":{"loc":{"start":{"line":107,"column":29},"end":{"line":107,"column":50}},"type":"binary-expr","locations":[{"start":{"line":107,"column":29},"end":{"line":107,"column":44}},{"start":{"line":107,"column":48},"end":{"line":107,"column":50}}],"line":107},"20":{"loc":{"start":{"line":110,"column":10},"end":{"line":112,"column":11}},"type":"if","locations":[{"start":{"line":110,"column":10},"end":{"line":112,"column":11}},{"start":{},"end":{}}],"line":110},"21":{"loc":{"start":{"line":110,"column":14},"end":{"line":110,"column":46}},"type":"binary-expr","locations":[{"start":{"line":110,"column":14},"end":{"line":110,"column":22}},{"start":{"line":110,"column":26},"end":{"line":110,"column":46}}],"line":110},"22":{"loc":{"start":{"line":118,"column":21},"end":{"line":118,"column":73}},"type":"cond-expr","locations":[{"start":{"line":118,"column":51},"end":{"line":118,"column":69}},{"start":{"line":118,"column":72},"end":{"line":118,"column":73}}],"line":118},"23":{"loc":{"start":{"line":133,"column":6},"end":{"line":136,"column":7}},"type":"if","locations":[{"start":{"line":133,"column":6},"end":{"line":136,"column":7}},{"start":{},"end":{}}],"line":133},"24":{"loc":{"start":{"line":135,"column":24},"end":{"line":135,"column":69}},"type":"binary-expr","locations":[{"start":{"line":135,"column":24},"end":{"line":135,"column":40}},{"start":{"line":135,"column":44},"end":{"line":135,"column":69}}],"line":135},"25":{"loc":{"start":{"line":141,"column":6},"end":{"line":143,"column":7}},"type":"if","locations":[{"start":{"line":141,"column":6},"end":{"line":143,"column":7}},{"start":{},"end":{}}],"line":141},"26":{"loc":{"start":{"line":147,"column":6},"end":{"line":149,"column":7}},"type":"if","locations":[{"start":{"line":147,"column":6},"end":{"line":149,"column":7}},{"start":{},"end":{}}],"line":147},"27":{"loc":{"start":{"line":148,"column":19},"end":{"line":148,"column":74}},"type":"binary-expr","locations":[{"start":{"line":148,"column":19},"end":{"line":148,"column":32}},{"start":{"line":148,"column":36},"end":{"line":148,"column":74}}],"line":148},"28":{"loc":{"start":{"line":194,"column":11},"end":{"line":194,"column":42}},"type":"binary-expr","locations":[{"start":{"line":194,"column":11},"end":{"line":194,"column":26}},{"start":{"line":194,"column":30},"end":{"line":194,"column":42}}],"line":194},"29":{"loc":{"start":{"line":205,"column":11},"end":{"line":205,"column":34}},"type":"binary-expr","locations":[{"start":{"line":205,"column":11},"end":{"line":205,"column":26}},{"start":{"line":205,"column":30},"end":{"line":205,"column":34}}],"line":205},"30":{"loc":{"start":{"line":216,"column":11},"end":{"line":216,"column":37}},"type":"binary-expr","locations":[{"start":{"line":216,"column":11},"end":{"line":216,"column":26}},{"start":{"line":216,"column":30},"end":{"line":216,"column":37}}],"line":216},"31":{"loc":{"start":{"line":219,"column":2},"end":{"line":225,"column":3}},"type":"if","locations":[{"start":{"line":219,"column":2},"end":{"line":225,"column":3}},{"start":{},"end":{}}],"line":219},"32":{"loc":{"start":{"line":361,"column":19},"end":{"line":394,"column":19}},"type":"binary-expr","locations":[{"start":{"line":361,"column":19},"end":{"line":361,"column":45}},{"start":{"line":362,"column":20},"end":{"line":393,"column":29}}],"line":361},"33":{"loc":{"start":{"line":363,"column":54},"end":{"line":363,"column":82}},"type":"cond-expr","locations":[{"start":{"line":363,"column":70},"end":{"line":363,"column":77}},{"start":{"line":363,"column":80},"end":{"line":363,"column":82}}],"line":363},"34":{"loc":{"start":{"line":365,"column":32},"end":{"line":365,"column":63}},"type":"binary-expr","locations":[{"start":{"line":365,"column":32},"end":{"line":365,"column":46}},{"start":{"line":365,"column":50},"end":{"line":365,"column":63}}],"line":365},"35":{"loc":{"start":{"line":367,"column":36},"end":{"line":369,"column":50}},"type":"cond-expr","locations":[{"start":{"line":368,"column":28},"end":{"line":368,"column":79}},{"start":{"line":369,"column":28},"end":{"line":369,"column":50}}],"line":367},"36":{"loc":{"start":{"line":373,"column":23},"end":{"line":392,"column":23}},"type":"cond-expr","locations":[{"start":{"line":374,"column":24},"end":{"line":377,"column":27}},{"start":{"line":378,"column":26},"end":{"line":392,"column":23}}],"line":373},"37":{"loc":{"start":{"line":378,"column":26},"end":{"line":392,"column":23}},"type":"cond-expr","locations":[{"start":{"line":379,"column":24},"end":{"line":384,"column":27}},{"start":{"line":386,"column":24},"end":{"line":391,"column":27}}],"line":378},"38":{"loc":{"start":{"line":398,"column":15},"end":{"line":449,"column":15}},"type":"cond-expr","locations":[{"start":{"line":399,"column":16},"end":{"line":405,"column":22}},{"start":{"line":406,"column":18},"end":{"line":449,"column":15}}],"line":398},"39":{"loc":{"start":{"line":406,"column":18},"end":{"line":449,"column":15}},"type":"cond-expr","locations":[{"start":{"line":407,"column":16},"end":{"line":425,"column":22}},{"start":{"line":427,"column":16},"end":{"line":448,"column":22}}],"line":406},"40":{"loc":{"start":{"line":411,"column":23},"end":{"line":422,"column":23}},"type":"binary-expr","locations":[{"start":{"line":411,"column":23},"end":{"line":411,"column":32}},{"start":{"line":412,"column":24},"end":{"line":421,"column":30}}],"line":411}},"s":{"0":4,"1":2,"2":2,"3":2,"4":2,"5":2,"6":2,"7":2,"8":2,"9":2,"10":0,"11":0,"12":0,"13":0,"14":0,"15":0,"16":0,"17":0,"18":0,"19":0,"20":0,"21":0,"22":0,"23":0,"24":0,"25":0,"26":0,"27":0,"28":0,"29":0,"30":0,"31":0,"32":0,"33":2,"34":1,"35":0,"36":0,"37":1,"38":1,"39":1,"40":0,"41":0,"42":2,"43":0,"44":0,"45":0,"46":0,"47":0,"48":0,"49":0,"50":0,"51":0,"52":0,"53":0,"54":0,"55":0,"56":0,"57":0,"58":0,"59":0,"60":0,"61":0,"62":0,"63":0,"64":0,"65":0,"66":0,"67":0,"68":0,"69":0,"70":0,"71":0,"72":0,"73":0,"74":2,"75":4,"76":4,"77":2,"78":2,"79":2,"80":2,"81":6,"82":6,"83":2,"84":0,"85":2,"86":2,"87":0,"88":0,"89":2,"90":2,"91":1},"f":{"0":2,"1":0,"2":1,"3":0,"4":0,"5":4,"6":2,"7":6,"8":0,"9":0,"10":2,"11":1},"b":{"0":[2,0],"1":[0,0],"2":[0,0],"3":[0,0],"4":[0,0],"5":[0,0],"6":[0,0],"7":[0,0],"8":[0,1],"9":[1,1],"10":[1,0],"11":[1,1],"12":[0,0],"13":[0,0],"14":[0,0],"15":[0,0],"16":[0,0],"17":[0,0],"18":[0,0],"19":[0,0],"20":[0,0],"21":[0,0],"22":[0,0],"23":[0,0],"24":[0,0],"25":[0,0],"26":[0,0],"27":[0,0],"28":[4,0],"29":[2,0],"30":[6,0],"31":[0,2],"32":[2,1],"33":[0,1],"34":[1,1],"35":[0,1],"36":[0,1],"37":[0,1],"38":[0,2],"39":[1,1],"40":[1,1]},"_coverageSchema":"1a1c01bbd47fc00a2c39e90264f33305004495a9","hash":"88cec229db284ef71b2a3a7e2f206d12208d79ef"}
,"C:\\Users\\Ishai\\Projects\\Progra Web\\Proyecto FInal\\Proyecto_Anima_Frontend\\Proyecto_Anima_Frontend\\client\\src\\pages\\home\\SpotifyCallback.jsx": {"path":"C:\\Users\\Ishai\\Projects\\Progra Web\\Proyecto FInal\\Proyecto_Anima_Frontend\\Proyecto_Anima_Frontend\\client\\src\\pages\\home\\SpotifyCallback.jsx","statementMap":{"0":{"start":{"line":10,"column":24},"end":{"line":141,"column":1}},"1":{"start":{"line":11,"column":19},"end":{"line":11,"column":32}},"2":{"start":{"line":12,"column":23},"end":{"line":12,"column":36}},"3":{"start":{"line":13,"column":16},"end":{"line":13,"column":26}},"4":{"start":{"line":16,"column":2},"end":{"line":118,"column":24}},"5":{"start":{"line":17,"column":19},"end":{"line":17,"column":62}},"6":{"start":{"line":18,"column":18},"end":{"line":18,"column":37}},"7":{"start":{"line":19,"column":16},"end":{"line":19,"column":35}},"8":{"start":{"line":20,"column":17},"end":{"line":20,"column":28}},"9":{"start":{"line":23,"column":4},"end":{"line":41,"column":5}},"10":{"start":{"line":24,"column":6},"end":{"line":24,"column":34}},"11":{"start":{"line":25,"column":6},"end":{"line":25,"column":47}},"12":{"start":{"line":26,"column":6},"end":{"line":31,"column":7}},"13":{"start":{"line":27,"column":20},"end":{"line":29,"column":36}},"14":{"start":{"line":30,"column":8},"end":{"line":30,"column":33}},"15":{"start":{"line":34,"column":19},"end":{"line":34,"column":73}},"16":{"start":{"line":35,"column":6},"end":{"line":35,"column":45}},"17":{"start":{"line":37,"column":6},"end":{"line":39,"column":14}},"18":{"start":{"line":38,"column":8},"end":{"line":38,"column":42}},"19":{"start":{"line":40,"column":6},"end":{"line":40,"column":13}},"20":{"start":{"line":44,"column":4},"end":{"line":107,"column":5}},"21":{"start":{"line":45,"column":6},"end":{"line":45,"column":34}},"22":{"start":{"line":47,"column":6},"end":{"line":47,"column":47}},"23":{"start":{"line":50,"column":6},"end":{"line":104,"column":11}},"24":{"start":{"line":51,"column":8},"end":{"line":103,"column":9}},"25":{"start":{"line":52,"column":22},"end":{"line":52,"column":118}},"26":{"start":{"line":53,"column":10},"end":{"line":55,"column":11}},"27":{"start":{"line":54,"column":12},"end":{"line":54,"column":77}},"28":{"start":{"line":56,"column":23},"end":{"line":56,"column":39}},"29":{"start":{"line":57,"column":24},"end":{"line":57,"column":41}},"30":{"start":{"line":58,"column":10},"end":{"line":58,"column":61}},"31":{"start":{"line":58,"column":22},"end":{"line":58,"column":61}},"32":{"start":{"line":61,"column":10},"end":{"line":61,"column":53}},"33":{"start":{"line":62,"column":10},"end":{"line":62,"column":59}},"34":{"start":{"line":64,"column":10},"end":{"line":66,"column":11}},"35":{"start":{"line":65,"column":12},"end":{"line":65,"column":72}},"36":{"start":{"line":69,"column":21},"end":{"line":69,"column":36}},"37":{"start":{"line":70,"column":10},"end":{"line":77,"column":24}},"38":{"start":{"line":71,"column":27},"end":{"line":71,"column":62}},"39":{"start":{"line":72,"column":12},"end":{"line":76,"column":13}},"40":{"start":{"line":73,"column":14},"end":{"line":73,"column":28}},"41":{"start":{"line":75,"column":14},"end":{"line":75,"column":53}},"42":{"start":{"line":80,"column":10},"end":{"line":89,"column":18}},"43":{"start":{"line":81,"column":12},"end":{"line":88,"column":15}},"44":{"start":{"line":92,"column":10},"end":{"line":92,"column":51}},"45":{"start":{"line":93,"column":10},"end":{"line":95,"column":11}},"46":{"start":{"line":94,"column":12},"end":{"line":94,"column":87}},"47":{"start":{"line":98,"column":23},"end":{"line":98,"column":77}},"48":{"start":{"line":99,"column":10},"end":{"line":99,"column":49}},"49":{"start":{"line":100,"column":10},"end":{"line":102,"column":18}},"50":{"start":{"line":101,"column":12},"end":{"line":101,"column":46}},"51":{"start":{"line":106,"column":6},"end":{"line":106,"column":13}},"52":{"start":{"line":110,"column":4},"end":{"line":117,"column":5}},"53":{"start":{"line":111,"column":6},"end":{"line":111,"column":34}},"54":{"start":{"line":112,"column":19},"end":{"line":112,"column":73}},"55":{"start":{"line":113,"column":6},"end":{"line":113,"column":45}},"56":{"start":{"line":114,"column":6},"end":{"line":116,"column":14}},"57":{"start":{"line":115,"column":8},"end":{"line":115,"column":42}},"58":{"start":{"line":121,"column":2},"end":{"line":140,"column":4}}},"fnMap":{"0":{"name":"(anonymous_0)","decl":{"start":{"line":10,"column":24},"end":{"line":10,"column":25}},"loc":{"start":{"line":10,"column":30},"end":{"line":141,"column":1}},"line":10},"1":{"name":"(anonymous_1)","decl":{"start":{"line":16,"column":12},"end":{"line":16,"column":13}},"loc":{"start":{"line":16,"column":18},"end":{"line":118,"column":3}},"line":16},"2":{"name":"(anonymous_2)","decl":{"start":{"line":37,"column":17},"end":{"line":37,"column":18}},"loc":{"start":{"line":37,"column":23},"end":{"line":39,"column":7}},"line":37},"3":{"name":"(anonymous_3)","decl":{"start":{"line":50,"column":7},"end":{"line":50,"column":8}},"loc":{"start":{"line":50,"column":19},"end":{"line":104,"column":7}},"line":50},"4":{"name":"(anonymous_4)","decl":{"start":{"line":80,"column":21},"end":{"line":80,"column":22}},"loc":{"start":{"line":80,"column":27},"end":{"line":89,"column":11}},"line":80},"5":{"name":"(anonymous_5)","decl":{"start":{"line":100,"column":21},"end":{"line":100,"column":22}},"loc":{"start":{"line":100,"column":27},"end":{"line":102,"column":11}},"line":100},"6":{"name":"(anonymous_6)","decl":{"start":{"line":114,"column":17},"end":{"line":114,"column":18}},"loc":{"start":{"line":114,"column":23},"end":{"line":116,"column":7}},"line":114}},"branchMap":{"0":{"loc":{"start":{"line":23,"column":4},"end":{"line":41,"column":5}},"type":"if","locations":[{"start":{"line":23,"column":4},"end":{"line":41,"column":5}},{"start":{},"end":{}}],"line":23},"1":{"loc":{"start":{"line":23,"column":8},"end":{"line":23,"column":36}},"type":"binary-expr","locations":[{"start":{"line":23,"column":8},"end":{"line":23,"column":11}},{"start":{"line":23,"column":15},"end":{"line":23,"column":36}}],"line":23},"2":{"loc":{"start":{"line":26,"column":6},"end":{"line":31,"column":7}},"type":"if","locations":[{"start":{"line":26,"column":6},"end":{"line":31,"column":7}},{"start":{},"end":{}}],"line":26},"3":{"loc":{"start":{"line":27,"column":20},"end":{"line":29,"column":36}},"type":"cond-expr","locations":[{"start":{"line":28,"column":10},"end":{"line":28,"column":91}},{"start":{"line":29,"column":10},"end":{"line":29,"column":36}}],"line":27},"4":{"loc":{"start":{"line":34,"column":19},"end":{"line":34,"column":73}},"type":"binary-expr","locations":[{"start":{"line":34,"column":19},"end":{"line":34,"column":54}},{"start":{"line":34,"column":58},"end":{"line":34,"column":73}}],"line":34},"5":{"loc":{"start":{"line":44,"column":4},"end":{"line":107,"column":5}},"type":"if","locations":[{"start":{"line":44,"column":4},"end":{"line":107,"column":5}},{"start":{},"end":{}}],"line":44},"6":{"loc":{"start":{"line":44,"column":8},"end":{"line":44,"column":38}},"type":"binary-expr","locations":[{"start":{"line":44,"column":8},"end":{"line":44,"column":13}},{"start":{"line":44,"column":17},"end":{"line":44,"column":38}}],"line":44},"7":{"loc":{"start":{"line":53,"column":10},"end":{"line":55,"column":11}},"type":"if","locations":[{"start":{"line":53,"column":10},"end":{"line":55,"column":11}},{"start":{},"end":{}}],"line":53},"8":{"loc":{"start":{"line":58,"column":10},"end":{"line":58,"column":61}},"type":"if","locations":[{"start":{"line":58,"column":10},"end":{"line":58,"column":61}},{"start":{},"end":{}}],"line":58},"9":{"loc":{"start":{"line":64,"column":10},"end":{"line":66,"column":11}},"type":"if","locations":[{"start":{"line":64,"column":10},"end":{"line":66,"column":11}},{"start":{},"end":{}}],"line":64},"10":{"loc":{"start":{"line":72,"column":12},"end":{"line":76,"column":13}},"type":"if","locations":[{"start":{"line":72,"column":12},"end":{"line":76,"column":13}},{"start":{},"end":{}}],"line":72},"11":{"loc":{"start":{"line":93,"column":10},"end":{"line":95,"column":11}},"type":"if","locations":[{"start":{"line":93,"column":10},"end":{"line":95,"column":11}},{"start":{},"end":{}}],"line":93},"12":{"loc":{"start":{"line":98,"column":23},"end":{"line":98,"column":77}},"type":"binary-expr","locations":[{"start":{"line":98,"column":23},"end":{"line":98,"column":58}},{"start":{"line":98,"column":62},"end":{"line":98,"column":77}}],"line":98},"13":{"loc":{"start":{"line":110,"column":4},"end":{"line":117,"column":5}},"type":"if","locations":[{"start":{"line":110,"column":4},"end":{"line":117,"column":5}},{"start":{},"end":{}}],"line":110},"14":{"loc":{"start":{"line":110,"column":8},"end":{"line":110,"column":47}},"type":"binary-expr","locations":[{"start":{"line":110,"column":8},"end":{"line":110,"column":14}},{"start":{"line":110,"column":18},"end":{"line":110,"column":22}},{"start":{"line":110,"column":26},"end":{"line":110,"column":47}}],"line":110},"15":{"loc":{"start":{"line":112,"column":19},"end":{"line":112,"column":73}},"type":"binary-expr","locations":[{"start":{"line":112,"column":19},"end":{"line":112,"column":54}},{"start":{"line":112,"column":58},"end":{"line":112,"column":73}}],"line":112}},"s":{"0":5,"1":2,"2":2,"3":2,"4":2,"5":2,"6":2,"7":2,"8":2,"9":2,"10":0,"11":0,"12":0,"13":0,"14":0,"15":0,"16":0,"17":0,"18":0,"19":0,"20":2,"21":1,"22":1,"23":1,"24":1,"25":1,"26":1,"27":0,"28":1,"29":1,"30":1,"31":0,"32":1,"33":1,"34":1,"35":1,"36":1,"37":1,"38":1,"39":1,"40":0,"41":0,"42":1,"43":1,"44":0,"45":0,"46":0,"47":0,"48":0,"49":0,"50":0,"51":1,"52":1,"53":1,"54":1,"55":1,"56":1,"57":0,"58":2},"f":{"0":2,"1":2,"2":0,"3":1,"4":1,"5":0,"6":0},"b":{"0":[0,2],"1":[2,0],"2":[0,0],"3":[0,0],"4":[0,0],"5":[1,1],"6":[2,1],"7":[0,1],"8":[0,1],"9":[1,0],"10":[0,1],"11":[0,0],"12":[0,0],"13":[1,0],"14":[1,1,1],"15":[1,1]},"_coverageSchema":"1a1c01bbd47fc00a2c39e90264f33305004495a9","hash":"8907d9b8ec66502d968def6e11b052ce258a0222"}
}
