TN:
SF:src\components\AuthForm.jsx
FNF:0
FNH:0
LF:0
LH:0
BRF:0
BRH:0
end_of_record
TN:
SF:src\components\Button.jsx
FN:6,Button
FNF:1
FNH:1
FNDA:135,Button
DA:7,135
DA:8,135
DA:9,135
DA:16,0
LF:4
LH:3
BRDA:6,0,0,0
BRDA:6,1,0,135
BRDA:8,2,0,135
BRDA:8,2,1,0
BRF:4
BRH:2
end_of_record
TN:
SF:src\components\RequireAuth.jsx
FN:8,RequireAuth
FN:13,(anonymous_1)
FN:14,(anonymous_2)
FNF:3
FNH:3
FNDA:8,RequireAuth
FNDA:4,(anonymous_1)
FNDA:4,(anonymous_2)
DA:9,8
DA:10,8
DA:11,8
DA:13,8
DA:14,4
DA:15,4
DA:18,4
DA:20,4
DA:21,4
DA:24,4
DA:25,1
DA:26,1
DA:27,1
DA:28,1
DA:32,3
DA:34,3
DA:37,2
DA:38,2
DA:39,1
DA:41,1
DA:42,1
DA:45,1
DA:48,0
DA:49,0
DA:51,4
DA:55,4
DA:59,8
DA:60,4
DA:83,4
DA:84,2
DA:85,2
DA:89,2
DA:90,2
LF:33
LH:31
BRDA:20,0,0,4
BRDA:20,0,1,4
BRDA:21,1,0,4
BRDA:21,1,1,1
BRDA:24,2,0,1
BRDA:24,2,1,3
BRDA:34,3,0,2
BRDA:34,3,1,1
BRDA:59,4,0,4
BRDA:59,4,1,4
BRDA:83,5,0,2
BRDA:83,5,1,2
BRF:12
BRH:12
end_of_record
TN:
SF:src\components\navbar.jsx
FN:10,Navbar
FN:13,(anonymous_1)
FN:21,(anonymous_2)
FN:21,(anonymous_3)
FN:28,(anonymous_4)
FN:29,(anonymous_5)
FN:60,(anonymous_6)
FN:65,(anonymous_7)
FN:68,(anonymous_8)
FN:82,(anonymous_9)
FN:96,(anonymous_10)
FN:100,(anonymous_11)
FN:102,(anonymous_12)
FN:106,(anonymous_13)
FN:110,(anonymous_14)
FN:221,(anonymous_15)
FN:230,(anonymous_16)
FN:238,(anonymous_17)
FN:239,(anonymous_18)
FN:244,(anonymous_19)
FN:247,(anonymous_20)
FN:269,(anonymous_21)
FN:273,(anonymous_22)
FN:274,(anonymous_23)
FN:277,(anonymous_24)
FNF:25
FNH:13
FNDA:31,Navbar
FNDA:13,(anonymous_1)
FNDA:2,(anonymous_2)
FNDA:2,(anonymous_3)
FNDA:13,(anonymous_4)
FNDA:13,(anonymous_5)
FNDA:0,(anonymous_6)
FNDA:13,(anonymous_7)
FNDA:0,(anonymous_8)
FNDA:0,(anonymous_9)
FNDA:93,(anonymous_10)
FNDA:17,(anonymous_11)
FNDA:1,(anonymous_12)
FNDA:2,(anonymous_13)
FNDA:13,(anonymous_14)
FNDA:1,(anonymous_15)
FNDA:0,(anonymous_16)
FNDA:0,(anonymous_17)
FNDA:0,(anonymous_18)
FNDA:0,(anonymous_19)
FNDA:0,(anonymous_20)
FNDA:0,(anonymous_21)
FNDA:0,(anonymous_22)
FNDA:0,(anonymous_23)
FNDA:0,(anonymous_24)
DA:11,31
DA:13,31
DA:14,13
DA:15,13
DA:17,13
DA:19,31
DA:21,31
DA:23,31
DA:24,31
DA:25,31
DA:28,31
DA:29,13
DA:31,13
DA:32,0
DA:35,13
DA:36,13
DA:39,13
DA:40,0
DA:41,0
DA:42,0
DA:43,0
DA:44,0
DA:46,0
DA:48,0
DA:49,0
DA:53,13
DA:57,13
DA:60,13
DA:61,0
DA:64,13
DA:65,13
DA:68,31
DA:71,0
DA:72,0
DA:73,0
DA:82,31
DA:83,0
DA:84,0
DA:86,0
DA:88,0
DA:89,0
DA:91,0
DA:93,0
DA:96,31
DA:97,93
DA:100,31
DA:101,17
DA:102,2
DA:103,1
DA:105,2
DA:106,2
DA:110,31
DA:111,13
DA:112,13
DA:113,0
DA:114,0
DA:117,0
DA:118,0
DA:119,0
DA:120,0
DA:123,0
DA:127,31
DA:221,1
DA:231,0
DA:232,0
DA:238,0
DA:239,0
DA:244,0
DA:247,0
DA:269,0
DA:273,0
DA:274,0
DA:277,0
LF:73
LH:36
BRDA:17,0,0,13
BRDA:17,0,1,0
BRDA:31,1,0,0
BRDA:31,1,1,13
BRDA:39,2,0,0
BRDA:39,2,1,13
BRDA:39,3,0,13
BRDA:39,3,1,0
BRDA:46,4,0,0
BRDA:46,4,1,0
BRDA:53,5,0,13
BRDA:53,5,1,0
BRDA:83,6,0,0
BRDA:83,6,1,0
BRDA:83,7,0,0
BRDA:83,7,1,0
BRDA:83,7,2,0
BRDA:83,7,3,0
BRDA:88,8,0,0
BRDA:88,8,1,0
BRDA:97,9,0,0
BRDA:97,9,1,93
BRDA:101,10,0,15
BRDA:101,10,1,2
BRDA:103,11,0,1
BRDA:103,11,1,0
BRDA:112,12,0,0
BRDA:112,12,1,13
BRDA:112,13,0,13
BRDA:112,13,1,13
BRDA:112,13,2,0
BRDA:112,13,3,0
BRDA:112,13,4,0
BRDA:113,14,0,0
BRDA:113,14,1,0
BRDA:141,15,0,0
BRDA:141,15,1,31
BRDA:153,16,0,4
BRDA:153,16,1,27
BRDA:163,17,0,0
BRDA:163,17,1,31
BRDA:170,18,0,0
BRDA:170,18,1,0
BRDA:171,19,0,0
BRDA:171,19,1,0
BRDA:175,20,0,0
BRDA:175,20,1,0
BRDA:197,21,0,0
BRDA:197,21,1,31
BRDA:201,22,0,0
BRDA:201,22,1,31
BRDA:220,23,0,4
BRDA:220,23,1,27
BRDA:225,24,0,4
BRDA:225,24,1,27
BRDA:242,25,0,0
BRDA:242,25,1,31
BRDA:248,26,0,0
BRDA:248,26,1,0
BRDA:252,27,0,0
BRDA:252,27,1,0
BRDA:278,28,0,0
BRDA:278,28,1,31
BRDA:282,29,0,0
BRDA:282,29,1,31
BRF:65
BRH:25
end_of_record
TN:
SF:src\components\auth\AuthForm.jsx
FN:20,(anonymous_0)
FN:35,(anonymous_1)
FNF:2
FNH:2
FNDA:38,(anonymous_0)
FNDA:9,(anonymous_1)
DA:20,8
DA:35,38
DA:36,9
DA:37,9
DA:40,38
LF:5
LH:5
BRDA:25,0,0,1
BRDA:27,1,0,0
BRDA:28,2,0,1
BRDA:29,3,0,1
BRDA:33,4,0,1
BRDA:44,5,0,38
BRDA:44,5,1,0
BRDA:51,6,0,38
BRDA:51,6,1,0
BRDA:63,7,0,38
BRDA:63,7,1,38
BRDA:64,8,0,8
BRDA:64,8,1,30
BRDA:66,9,0,0
BRDA:66,9,1,38
BRDA:69,10,0,38
BRDA:69,10,1,37
BRDA:69,10,2,37
BRDA:69,10,3,37
BRF:19
BRH:15
end_of_record
TN:
SF:src\components\auth\SignInForm.jsx
FN:8,(anonymous_0)
FN:23,(anonymous_1)
FN:28,(anonymous_2)
FN:59,(anonymous_3)
FN:61,(anonymous_4)
FN:73,(anonymous_5)
FN:75,(anonymous_6)
FN:79,(anonymous_7)
FN:98,(anonymous_8)
FNF:9
FNH:6
FNDA:17,(anonymous_0)
FNDA:13,(anonymous_1)
FNDA:0,(anonymous_2)
FNDA:6,(anonymous_3)
FNDA:6,(anonymous_4)
FNDA:0,(anonymous_5)
FNDA:0,(anonymous_6)
FNDA:4,(anonymous_7)
FNDA:4,(anonymous_8)
DA:8,6
DA:13,17
DA:18,17
DA:19,17
DA:20,17
DA:23,17
DA:24,13
DA:28,17
DA:29,0
DA:31,0
DA:33,0
DA:34,0
DA:35,0
DA:36,0
DA:38,0
DA:40,0
DA:43,0
DA:44,0
DA:45,0
DA:46,0
DA:48,0
DA:50,0
DA:53,0
DA:56,0
DA:59,17
DA:60,6
DA:61,6
DA:67,6
DA:68,0
DA:73,17
DA:74,0
DA:75,0
DA:76,0
DA:79,17
DA:80,4
DA:82,4
DA:83,1
DA:84,3
DA:85,1
DA:88,4
DA:89,1
DA:90,3
DA:91,1
DA:94,4
DA:95,4
DA:98,17
DA:99,4
DA:100,4
DA:101,4
DA:103,4
DA:104,1
DA:108,17
LF:52
LH:32
BRDA:10,0,0,0
BRDA:24,1,0,13
BRDA:24,1,1,6
BRDA:31,2,0,0
BRDA:31,2,1,0
BRDA:31,2,2,0
BRDA:33,3,0,0
BRDA:33,3,1,0
BRDA:35,4,0,0
BRDA:35,4,1,0
BRDA:43,5,0,0
BRDA:43,5,1,0
BRDA:45,6,0,0
BRDA:45,6,1,0
BRDA:67,7,0,0
BRDA:67,7,1,6
BRDA:67,8,0,6
BRDA:67,8,1,6
BRDA:82,9,0,1
BRDA:82,9,1,3
BRDA:84,10,0,1
BRDA:84,10,1,2
BRDA:88,11,0,1
BRDA:88,11,1,3
BRDA:90,12,0,1
BRDA:90,12,1,2
BRDA:103,13,0,1
BRDA:103,13,1,3
BRDA:114,14,0,0
BRDA:114,14,1,17
BRDA:115,15,0,17
BRDA:115,15,1,6
BRDA:130,16,0,4
BRDA:130,16,1,13
BRDA:130,17,0,17
BRDA:130,17,1,13
BRDA:142,18,0,4
BRDA:142,18,1,13
BRDA:142,19,0,17
BRDA:142,19,1,13
BRF:40
BRH:26
end_of_record
TN:
SF:src\components\auth\SignUpForm.jsx
FN:9,(anonymous_0)
FN:34,(anonymous_1)
FN:82,(anonymous_2)
FN:84,(anonymous_3)
FN:96,(anonymous_4)
FN:98,(anonymous_5)
FN:103,(anonymous_6)
FN:139,(anonymous_7)
FN:157,(anonymous_8)
FNF:9
FNH:6
FNDA:20,(anonymous_0)
FNDA:0,(anonymous_1)
FNDA:12,(anonymous_2)
FNDA:12,(anonymous_3)
FNDA:0,(anonymous_4)
FNDA:0,(anonymous_5)
FNDA:4,(anonymous_6)
FNDA:4,(anonymous_7)
FNDA:40,(anonymous_8)
DA:9,4
DA:15,20
DA:23,20
DA:24,20
DA:25,20
DA:28,20
DA:34,20
DA:35,0
DA:37,0
DA:39,0
DA:40,0
DA:42,0
DA:44,0
DA:47,0
DA:48,0
DA:49,0
DA:50,0
DA:52,0
DA:54,0
DA:57,0
DA:58,0
DA:60,0
DA:62,0
DA:65,0
DA:66,0
DA:67,0
DA:68,0
DA:70,0
DA:72,0
DA:75,0
DA:78,0
DA:82,20
DA:83,12
DA:84,12
DA:90,12
DA:91,0
DA:96,20
DA:97,0
DA:98,0
DA:99,0
DA:103,20
DA:104,4
DA:107,4
DA:108,1
DA:109,3
DA:110,0
DA:114,4
DA:115,1
DA:116,3
DA:117,0
DA:121,4
DA:122,1
DA:123,3
DA:124,1
DA:128,4
DA:129,1
DA:130,3
DA:131,1
DA:134,4
DA:135,4
DA:139,20
DA:140,4
DA:141,4
DA:142,4
DA:149,4
DA:150,1
DA:151,1
DA:152,1
DA:157,20
DA:158,40
DA:166,20
LF:71
LH:41
BRDA:11,0,0,0
BRDA:37,1,0,0
BRDA:37,1,1,0
BRDA:37,1,2,0
BRDA:37,1,3,0
BRDA:37,1,4,0
BRDA:39,2,0,0
BRDA:39,2,1,0
BRDA:47,3,0,0
BRDA:47,3,1,0
BRDA:49,4,0,0
BRDA:49,4,1,0
BRDA:57,5,0,0
BRDA:57,5,1,0
BRDA:65,6,0,0
BRDA:65,6,1,0
BRDA:67,7,0,0
BRDA:67,7,1,0
BRDA:90,8,0,0
BRDA:90,8,1,12
BRDA:90,9,0,12
BRDA:90,9,1,12
BRDA:107,10,0,1
BRDA:107,10,1,3
BRDA:109,11,0,0
BRDA:109,11,1,3
BRDA:114,12,0,1
BRDA:114,12,1,3
BRDA:116,13,0,0
BRDA:116,13,1,3
BRDA:121,14,0,1
BRDA:121,14,1,3
BRDA:123,15,0,1
BRDA:123,15,1,2
BRDA:128,16,0,1
BRDA:128,16,1,3
BRDA:130,17,0,1
BRDA:130,17,1,2
BRDA:149,18,0,1
BRDA:149,18,1,3
BRDA:158,19,0,40
BRDA:158,19,1,30
BRDA:158,19,2,24
BRDA:158,19,3,18
BRDA:158,19,4,12
BRDA:158,19,5,8
BRDA:172,20,0,20
BRDA:172,20,1,2
BRDA:174,21,0,0
BRDA:174,21,1,20
BRDA:187,22,0,4
BRDA:187,22,1,16
BRDA:187,23,0,20
BRDA:187,23,1,16
BRDA:200,24,0,4
BRDA:200,24,1,16
BRDA:200,25,0,20
BRDA:200,25,1,16
BRDA:213,26,0,4
BRDA:213,26,1,16
BRDA:213,27,0,20
BRDA:213,27,1,16
BRDA:216,28,0,20
BRDA:216,28,1,11
BRDA:226,29,0,4
BRDA:226,29,1,16
BRDA:226,30,0,20
BRDA:226,30,1,16
BRDA:232,31,0,20
BRDA:232,31,1,11
BRDA:232,31,2,10
BRF:71
BRH:49
end_of_record
TN:
SF:src\components\emotion\CameraCapture.jsx
FN:5,(anonymous_0)
FN:17,(anonymous_1)
FN:24,(anonymous_2)
FN:48,(anonymous_3)
FN:53,(anonymous_4)
FN:74,(anonymous_5)
FN:77,(anonymous_6)
FN:85,(anonymous_7)
FN:92,(anonymous_8)
FN:107,(anonymous_9)
FN:139,(anonymous_10)
FN:144,(anonymous_11)
FN:148,(anonymous_12)
FN:153,(anonymous_13)
FN:163,(anonymous_14)
FNF:15
FNH:10
FNDA:9,(anonymous_0)
FNDA:3,(anonymous_1)
FNDA:0,(anonymous_2)
FNDA:4,(anonymous_3)
FNDA:2,(anonymous_4)
FNDA:2,(anonymous_5)
FNDA:2,(anonymous_6)
FNDA:6,(anonymous_7)
FNDA:0,(anonymous_8)
FNDA:1,(anonymous_9)
FNDA:1,(anonymous_10)
FNDA:0,(anonymous_11)
FNDA:0,(anonymous_12)
FNDA:1,(anonymous_13)
FNDA:0,(anonymous_14)
DA:5,4
DA:6,9
DA:7,9
DA:8,9
DA:9,9
DA:11,9
DA:12,9
DA:14,9
DA:17,9
DA:18,3
DA:19,3
DA:20,3
DA:23,3
DA:24,0
DA:25,0
DA:28,3
DA:37,2
DA:38,2
DA:39,2
DA:40,2
DA:42,1
DA:43,1
DA:44,1
DA:48,9
DA:49,4
DA:51,4
DA:52,4
DA:53,2
DA:54,2
DA:55,2
DA:57,2
DA:61,4
DA:63,4
DA:64,1
DA:65,1
DA:66,1
DA:67,1
DA:74,9
DA:76,2
DA:77,2
DA:79,2
DA:85,9
DA:86,6
DA:87,2
DA:89,2
DA:90,2
DA:91,2
DA:92,0
DA:93,0
DA:97,0
DA:99,4
DA:101,0
DA:107,9
DA:108,1
DA:109,0
DA:110,0
DA:113,1
DA:114,1
DA:117,1
DA:118,0
DA:119,0
DA:123,1
DA:124,1
DA:127,1
DA:128,1
DA:131,1
DA:133,1
DA:136,1
DA:139,1
DA:140,1
DA:144,9
DA:145,0
DA:146,0
DA:148,0
DA:149,0
DA:153,9
DA:154,1
DA:155,1
DA:157,1
DA:159,1
DA:163,9
DA:164,0
DA:165,0
DA:168,9
LF:84
LH:68
BRDA:23,0,0,0
BRDA:23,0,1,3
BRDA:52,1,0,2
BRDA:52,1,1,2
BRDA:63,2,0,1
BRDA:63,2,1,3
BRDA:86,3,0,2
BRDA:86,3,1,4
BRDA:86,4,0,6
BRDA:86,4,1,2
BRDA:86,4,2,2
BRDA:90,5,0,2
BRDA:90,5,1,2
BRDA:91,6,0,0
BRDA:91,6,1,2
BRDA:91,7,0,2
BRDA:91,7,1,0
BRDA:99,8,0,0
BRDA:99,8,1,4
BRDA:99,9,0,4
BRDA:99,9,1,1
BRDA:108,10,0,0
BRDA:108,10,1,1
BRDA:108,11,0,1
BRDA:108,11,1,1
BRDA:117,12,0,0
BRDA:117,12,1,1
BRDA:154,13,0,1
BRDA:154,13,1,0
BRDA:175,14,0,2
BRDA:175,14,1,7
BRDA:191,15,0,1
BRDA:191,15,1,8
BRDA:203,16,0,3
BRDA:203,16,1,5
BRDA:208,17,0,2
BRDA:208,17,1,3
BRDA:234,18,0,9
BRDA:234,18,1,7
BRDA:234,18,2,6
BRDA:234,18,3,3
BRDA:242,19,0,2
BRDA:242,19,1,7
BRDA:265,20,0,7
BRDA:265,20,1,6
BRDA:265,20,2,3
BRF:46
BRH:39
end_of_record
TN:
SF:src\components\emotion\EmotionAnalyzer.jsx
FN:14,(anonymous_0)
FN:27,(anonymous_1)
FN:32,(anonymous_2)
FN:40,(anonymous_3)
FN:136,(anonymous_4)
FN:158,(anonymous_5)
FN:175,(anonymous_6)
FN:179,(anonymous_7)
FN:210,(anonymous_8)
FN:216,(anonymous_9)
FN:223,(anonymous_10)
FN:228,(anonymous_11)
FN:285,(anonymous_12)
FN:309,(anonymous_13)
FN:337,(anonymous_14)
FNF:15
FNH:8
FNDA:6,(anonymous_0)
FNDA:1,(anonymous_1)
FNDA:4,(anonymous_2)
FNDA:0,(anonymous_3)
FNDA:0,(anonymous_4)
FNDA:4,(anonymous_5)
FNDA:1,(anonymous_6)
FNDA:1,(anonymous_7)
FNDA:1,(anonymous_8)
FNDA:0,(anonymous_9)
FNDA:0,(anonymous_10)
FNDA:0,(anonymous_11)
FNDA:0,(anonymous_12)
FNDA:0,(anonymous_13)
FNDA:1,(anonymous_14)
DA:14,4
DA:15,6
DA:16,6
DA:17,6
DA:20,6
DA:22,6
DA:23,6
DA:24,6
DA:27,6
DA:28,1
DA:32,6
DA:33,4
DA:34,4
DA:35,4
DA:40,6
DA:42,0
DA:43,0
DA:44,0
DA:47,0
DA:48,0
DA:50,0
DA:52,0
DA:53,0
DA:54,0
DA:55,0
DA:56,0
DA:59,0
DA:60,0
DA:61,0
DA:66,0
DA:69,0
DA:71,0
DA:73,0
DA:74,0
DA:75,0
DA:77,0
DA:78,0
DA:82,0
DA:83,0
DA:84,0
DA:85,0
DA:87,0
DA:97,0
DA:100,0
DA:101,0
DA:102,0
DA:105,0
DA:110,0
DA:111,0
DA:114,0
DA:118,0
DA:130,0
DA:132,0
DA:133,0
DA:134,0
DA:136,0
DA:137,0
DA:139,0
DA:142,0
DA:143,0
DA:150,0
DA:151,0
DA:152,0
DA:157,6
DA:158,6
DA:159,4
DA:160,4
DA:161,4
DA:162,4
DA:163,4
DA:164,0
DA:166,0
DA:167,0
DA:168,0
DA:169,0
DA:175,6
DA:176,1
DA:179,1
DA:180,1
DA:181,1
DA:182,1
DA:183,0
DA:184,0
DA:186,1
DA:189,1
DA:190,1
DA:191,1
DA:194,0
DA:195,0
DA:196,0
DA:200,0
DA:205,1
DA:208,1
DA:210,1
DA:211,1
DA:212,1
DA:216,6
DA:217,0
DA:219,0
DA:220,0
DA:223,6
DA:224,0
DA:225,0
DA:228,6
DA:229,0
DA:233,6
DA:234,4
DA:286,0
DA:287,0
DA:288,0
DA:289,0
DA:291,0
DA:293,0
DA:309,0
DA:337,1
DA:369,2
DA:370,0
DA:386,2
DA:387,0
DA:398,2
DA:399,2
DA:410,0
LF:122
LH:47
BRDA:28,0,0,1
BRDA:28,0,1,1
BRDA:33,1,0,4
BRDA:33,1,1,0
BRDA:42,2,0,0
BRDA:42,2,1,0
BRDA:42,3,0,0
BRDA:42,3,1,0
BRDA:55,4,0,0
BRDA:55,4,1,0
BRDA:59,5,0,0
BRDA:59,5,1,0
BRDA:74,6,0,0
BRDA:74,6,1,0
BRDA:74,7,0,0
BRDA:74,7,1,0
BRDA:77,8,0,0
BRDA:77,8,1,0
BRDA:77,9,0,0
BRDA:77,9,1,0
BRDA:85,10,0,0
BRDA:85,10,1,0
BRDA:92,11,0,0
BRDA:92,11,1,0
BRDA:100,12,0,0
BRDA:100,12,1,0
BRDA:100,13,0,0
BRDA:100,13,1,0
BRDA:110,14,0,0
BRDA:110,14,1,0
BRDA:111,15,0,0
BRDA:111,15,1,0
BRDA:125,16,0,0
BRDA:125,16,1,0
BRDA:132,17,0,0
BRDA:132,17,1,0
BRDA:133,18,0,0
BRDA:133,18,1,0
BRDA:142,19,0,0
BRDA:142,19,1,0
BRDA:144,20,0,0
BRDA:144,20,1,0
BRDA:159,21,0,0
BRDA:159,21,1,4
BRDA:163,22,0,0
BRDA:163,22,1,4
BRDA:163,23,0,4
BRDA:163,23,1,0
BRDA:182,24,0,0
BRDA:182,24,1,1
BRDA:183,25,0,0
BRDA:183,25,1,0
BRDA:189,26,0,1
BRDA:189,26,1,0
BRDA:191,27,0,1
BRDA:191,27,1,0
BRDA:194,28,0,0
BRDA:194,28,1,0
BRDA:200,29,0,0
BRDA:200,29,1,0
BRDA:212,30,0,1
BRDA:212,30,1,0
BRDA:233,31,0,4
BRDA:233,31,1,2
BRDA:233,32,0,6
BRDA:233,32,1,4
BRDA:271,33,0,4
BRDA:271,33,1,3
BRDA:308,34,0,3
BRDA:308,34,1,1
BRDA:309,35,0,0
BRDA:309,35,1,0
BRDA:323,36,0,4
BRDA:323,36,1,3
BRDA:336,37,0,3
BRDA:336,37,1,1
BRDA:337,38,0,1
BRDA:337,38,1,1
BRDA:352,39,0,4
BRDA:352,39,1,3
BRDA:369,40,0,0
BRDA:369,40,1,2
BRDA:386,41,0,0
BRDA:386,41,1,2
BRDA:398,42,0,2
BRDA:398,42,1,0
BRF:86
BRH:29
end_of_record
TN:
SF:src\components\emotion\PhotoUpload.jsx
FN:5,(anonymous_0)
FN:17,(anonymous_1)
FN:36,(anonymous_2)
FN:43,(anonymous_3)
FN:49,(anonymous_4)
FN:56,(anonymous_5)
FN:61,(anonymous_6)
FN:66,(anonymous_7)
FN:76,(anonymous_8)
FN:80,(anonymous_9)
FN:89,(anonymous_10)
FNF:11
FNH:6
FNDA:3,(anonymous_0)
FNDA:1,(anonymous_1)
FNDA:1,(anonymous_2)
FNDA:1,(anonymous_3)
FNDA:1,(anonymous_4)
FNDA:0,(anonymous_5)
FNDA:0,(anonymous_6)
FNDA:0,(anonymous_7)
FNDA:0,(anonymous_8)
FNDA:0,(anonymous_9)
FNDA:1,(anonymous_10)
DA:5,4
DA:7,3
DA:8,3
DA:9,3
DA:10,3
DA:12,3
DA:17,3
DA:19,1
DA:20,1
DA:21,0
DA:22,0
DA:26,1
DA:27,1
DA:28,0
DA:29,0
DA:32,1
DA:33,1
DA:36,3
DA:37,1
DA:39,1
DA:42,1
DA:43,1
DA:44,1
DA:46,1
DA:49,3
DA:50,1
DA:51,1
DA:52,1
DA:56,3
DA:57,0
DA:58,0
DA:61,3
DA:62,0
DA:63,0
DA:66,3
DA:67,0
DA:68,0
DA:70,0
DA:71,0
DA:72,0
DA:76,3
DA:77,0
DA:80,3
DA:81,0
DA:82,0
DA:83,0
DA:84,0
DA:85,0
DA:89,3
DA:90,1
DA:92,1
DA:95,3
LF:52
LH:33
BRDA:5,0,0,0
BRDA:20,1,0,0
BRDA:20,1,1,1
BRDA:27,2,0,0
BRDA:27,2,1,1
BRDA:37,3,0,0
BRDA:37,3,1,1
BRDA:51,4,0,1
BRDA:51,4,1,0
BRDA:71,5,0,0
BRDA:71,5,1,0
BRDA:84,6,0,0
BRDA:84,6,1,0
BRDA:90,7,0,0
BRDA:90,7,1,1
BRDA:102,8,0,1
BRDA:102,8,1,2
BRDA:118,9,0,1
BRDA:118,9,1,2
BRDA:130,10,0,0
BRDA:130,10,1,2
BRDA:145,11,0,0
BRDA:145,11,1,2
BRDA:169,12,0,3
BRDA:169,12,1,0
BRDA:181,13,0,3
BRDA:181,13,1,2
BRDA:181,13,2,2
BRDA:198,14,0,1
BRDA:198,14,1,2
BRF:30
BRH:17
end_of_record
TN:
SF:src\components\emotion\index.js
FNF:0
FNH:0
LF:0
LH:0
BRF:0
BRH:0
end_of_record
TN:
SF:src\components\flash\FlashBanner.jsx
FN:5,FlashBanner
FNF:1
FNH:1
FNDA:3,FlashBanner
DA:6,3
DA:7,3
DA:9,0
DA:11,0
LF:4
LH:2
BRDA:7,0,0,3
BRDA:7,0,1,0
BRDA:7,1,0,3
BRDA:7,1,1,3
BRF:4
BRH:3
end_of_record
TN:
SF:src\components\flash\FlashContext.jsx
FN:5,(anonymous_0)
FN:7,(anonymous_1)
FN:10,(anonymous_2)
FN:13,(anonymous_3)
FN:17,(anonymous_4)
FNF:5
FNH:2
FNDA:55,(anonymous_0)
FNDA:4,(anonymous_1)
FNDA:0,(anonymous_2)
FNDA:0,(anonymous_3)
FNDA:0,(anonymous_4)
DA:3,15
DA:5,55
DA:7,15
DA:8,4
DA:10,4
DA:11,0
DA:12,0
DA:13,0
DA:17,4
DA:19,4
LF:10
LH:7
BRDA:10,0,0,0
BRDA:10,1,0,0
BRDA:12,2,0,0
BRDA:12,2,1,0
BRF:4
BRH:0
end_of_record
TN:
SF:src\components\layout\GlassCard.jsx
FN:13,(anonymous_0)
FNF:1
FNH:1
FNDA:107,(anonymous_0)
DA:13,18
DA:23,107
DA:24,107
DA:25,107
DA:27,107
DA:35,107
LF:6
LH:6
BRDA:14,0,0,0
BRDA:15,1,0,4
BRDA:16,2,0,104
BRDA:17,3,0,104
BRDA:19,4,0,78
BRDA:23,5,0,62
BRDA:23,5,1,45
BRDA:24,6,0,3
BRDA:24,6,1,104
BRDA:25,7,0,3
BRDA:25,7,1,104
BRF:11
BRH:10
end_of_record
TN:
SF:src\components\ui\Button.jsx
FN:18,(anonymous_0)
FNF:1
FNH:1
FNDA:51,(anonymous_0)
DA:18,10
DA:29,51
DA:30,51
DA:38,51
DA:39,0
DA:52,51
LF:6
LH:5
BRDA:19,0,0,38
BRDA:20,1,0,38
BRDA:21,2,0,0
BRDA:26,3,0,0
BRDA:38,4,0,0
BRDA:38,4,1,51
BRF:6
BRH:3
end_of_record
TN:
SF:src\components\ui\Input.jsx
FN:22,(anonymous_0)
FNF:1
FNH:1
FNDA:149,(anonymous_0)
DA:22,10
DA:40,149
DA:42,149
DA:86,10
LF:4
LH:4
BRDA:23,0,0,40
BRDA:32,1,0,4
BRDA:33,2,0,145
BRDA:34,3,0,88
BRDA:35,4,0,149
BRDA:36,5,0,92
BRDA:40,6,0,149
BRDA:40,6,1,4
BRDA:40,7,0,4
BRDA:40,7,1,0
BRDA:44,8,0,149
BRDA:44,8,1,149
BRDA:47,9,0,149
BRDA:47,9,1,145
BRDA:63,10,0,14
BRDA:63,10,1,135
BRDA:65,11,0,14
BRDA:65,11,1,135
BRDA:70,12,0,149
BRDA:70,12,1,57
BRDA:77,13,0,149
BRDA:77,13,1,14
BRF:22
BRH:21
end_of_record
TN:
SF:src\components\ui\PasswordInput.jsx
FN:20,(anonymous_0)
FN:44,(anonymous_1)
FNF:2
FNH:1
FNDA:57,(anonymous_0)
FNDA:0,(anonymous_1)
DA:20,9
DA:35,57
DA:38,57
DA:41,57
DA:42,57
DA:44,57
DA:45,0
DA:46,0
DA:47,0
DA:49,0
DA:54,57
DA:57,57
DA:58,0
DA:62,57
DA:66,57
LF:15
LH:10
BRDA:23,0,0,0
BRDA:25,1,0,0
BRDA:27,2,0,57
BRDA:30,3,0,57
BRDA:31,4,0,37
BRDA:38,5,0,0
BRDA:38,5,1,57
BRDA:42,6,0,57
BRDA:42,6,1,0
BRDA:42,6,2,0
BRDA:46,7,0,0
BRDA:46,7,1,0
BRDA:57,8,0,0
BRDA:57,8,1,57
BRDA:57,9,0,57
BRDA:57,9,1,10
BRDA:62,10,0,0
BRDA:62,10,1,57
BRDA:63,11,0,0
BRDA:63,11,1,0
BRDA:71,12,0,0
BRDA:71,12,1,57
BRDA:78,13,0,57
BRDA:78,13,1,0
BRDA:83,14,0,0
BRDA:83,14,1,57
BRDA:86,15,0,0
BRDA:86,15,1,57
BRDA:87,16,0,0
BRDA:87,16,1,57
BRF:30
BRH:14
end_of_record
TN:
SF:src\components\ui\PasswordMatch.jsx
FN:14,(anonymous_0)
FNF:1
FNH:0
FNDA:0,(anonymous_0)
DA:14,0
DA:21,0
DA:22,0
DA:25,0
DA:27,0
LF:5
LH:0
BRDA:17,0,0,0
BRDA:18,1,0,0
BRDA:21,2,0,0
BRDA:21,2,1,0
BRDA:21,3,0,0
BRDA:21,3,1,0
BRDA:21,3,2,0
BRDA:28,4,0,0
BRDA:28,4,1,0
BRDA:29,5,0,0
BRDA:29,5,1,0
BRF:11
BRH:0
end_of_record
TN:
SF:src\components\ui\PasswordRequirements.jsx
FN:17,(anonymous_0)
FN:43,(anonymous_1)
FNF:2
FNH:2
FNDA:10,(anonymous_0)
FNDA:50,(anonymous_1)
DA:17,5
DA:22,10
DA:25,10
DA:28,10
DA:29,10
DA:32,10
DA:35,10
DA:36,10
DA:37,0
DA:38,10
DA:39,0
DA:43,10
DA:44,50
DA:46,50
DA:64,10
LF:15
LH:13
BRDA:19,0,0,0
BRDA:20,1,0,10
BRDA:22,2,0,0
BRDA:22,2,1,10
BRDA:36,3,0,0
BRDA:36,3,1,10
BRDA:38,4,0,0
BRDA:38,4,1,10
BRDA:44,5,0,0
BRDA:44,5,1,50
BRDA:49,6,0,0
BRDA:49,6,1,50
BRF:12
BRH:6
end_of_record
TN:
SF:src\constants\assets.js
FNF:0
FNH:0
DA:2,11
LF:1
LH:1
BRF:0
BRH:0
end_of_record
TN:
SF:src\contexts\ThemeContext.jsx
FN:5,(anonymous_0)
FN:13,(anonymous_1)
FN:14,(anonymous_2)
FN:24,(anonymous_3)
FN:36,(anonymous_4)
FN:37,(anonymous_5)
FNF:6
FNH:4
FNDA:42,(anonymous_0)
FNDA:31,(anonymous_1)
FNDA:31,(anonymous_2)
FNDA:31,(anonymous_3)
FNDA:0,(anonymous_4)
FNDA:0,(anonymous_5)
DA:3,19
DA:5,19
DA:6,42
DA:7,42
DA:8,0
DA:10,42
DA:13,19
DA:14,31
DA:16,31
DA:17,31
DA:18,9
DA:21,22
DA:24,31
DA:26,31
DA:27,0
DA:29,31
DA:33,31
DA:36,31
DA:37,0
DA:40,31
DA:45,31
LF:21
LH:18
BRDA:7,0,0,0
BRDA:7,0,1,42
BRDA:17,1,0,9
BRDA:17,1,1,22
BRDA:26,2,0,0
BRDA:26,2,1,31
BRF:6
BRH:4
end_of_record
TN:
SF:src\hooks\useAnalysisEvents.js
FN:8,(anonymous_0)
FN:9,(anonymous_1)
FN:19,(anonymous_2)
FN:20,(anonymous_3)
FN:26,(anonymous_4)
FN:35,(anonymous_5)
FNF:6
FNH:0
FNDA:0,(anonymous_0)
FNDA:0,(anonymous_1)
FNDA:0,(anonymous_2)
FNDA:0,(anonymous_3)
FNDA:0,(anonymous_4)
FNDA:0,(anonymous_5)
DA:8,0
DA:9,0
DA:10,0
DA:11,0
DA:13,0
DA:17,0
DA:19,0
DA:20,0
DA:21,0
DA:22,0
DA:26,0
DA:27,0
DA:28,0
DA:29,0
DA:32,0
DA:33,0
DA:35,0
DA:36,0
DA:37,0
DA:41,0
LF:20
LH:0
BRDA:11,0,0,0
BRDA:11,0,1,0
BRDA:21,1,0,0
BRDA:21,1,1,0
BRDA:27,2,0,0
BRDA:27,2,1,0
BRF:6
BRH:0
end_of_record
TN:
SF:src\hooks\useApi.js
FN:3,(anonymous_0)
FN:7,(anonymous_1)
FNF:2
FNH:1
FNDA:2,(anonymous_0)
FNDA:0,(anonymous_1)
DA:3,7
DA:4,2
DA:5,2
DA:7,2
DA:8,0
DA:9,0
DA:10,0
DA:11,0
DA:12,0
DA:14,0
DA:15,0
DA:17,0
DA:21,2
LF:13
LH:5
BRDA:14,0,0,0
BRDA:14,0,1,0
BRF:2
BRH:0
end_of_record
TN:
SF:src\hooks\useAuth.js
FN:9,(anonymous_0)
FN:18,(anonymous_1)
FN:24,(anonymous_2)
FN:48,(anonymous_3)
FN:56,(anonymous_4)
FN:68,(anonymous_5)
FN:85,(anonymous_6)
FN:90,(anonymous_7)
FN:91,(anonymous_8)
FNF:9
FNH:7
FNDA:2,(anonymous_0)
FNDA:2,(anonymous_1)
FNDA:1,(anonymous_2)
FNDA:0,(anonymous_3)
FNDA:0,(anonymous_4)
FNDA:1,(anonymous_5)
FNDA:9,(anonymous_6)
FNDA:4,(anonymous_7)
FNDA:4,(anonymous_8)
DA:6,9
DA:9,9
DA:10,2
DA:11,2
DA:12,0
DA:14,2
DA:18,9
DA:19,2
DA:20,2
DA:21,2
DA:24,2
DA:25,1
DA:26,1
DA:27,1
DA:28,1
DA:29,1
DA:32,0
DA:33,0
DA:34,0
DA:36,0
DA:39,0
DA:40,0
DA:41,0
DA:43,1
DA:48,2
DA:49,0
DA:50,0
DA:51,0
DA:52,0
DA:56,2
DA:57,0
DA:58,0
DA:60,0
DA:62,0
DA:63,0
DA:64,0
DA:68,2
DA:69,1
DA:72,2
DA:81,2
DA:85,9
DA:86,9
DA:87,9
DA:88,9
DA:90,9
DA:91,4
DA:92,4
DA:93,4
DA:94,4
DA:95,4
DA:96,4
DA:99,0
DA:100,0
DA:102,0
DA:103,0
DA:105,0
DA:106,0
DA:109,4
DA:113,4
DA:116,9
LF:60
LH:36
BRDA:11,0,0,0
BRDA:11,0,1,2
BRDA:27,1,0,1
BRDA:27,1,1,0
BRDA:94,2,0,4
BRDA:94,2,1,0
BRDA:105,3,0,0
BRDA:105,3,1,0
BRDA:105,4,0,0
BRDA:105,4,1,0
BRF:10
BRH:3
end_of_record
TN:
SF:src\hooks\usePasswordValidation.js
FN:16,(anonymous_0)
FN:39,(anonymous_1)
FN:59,(anonymous_2)
FNF:3
FNH:3
FNDA:8,(anonymous_0)
FNDA:8,(anonymous_1)
FNDA:3,(anonymous_2)
DA:16,5
DA:26,8
DA:36,8
DA:39,8
DA:40,8
DA:42,8
DA:43,8
DA:44,8
DA:45,8
DA:46,8
DA:49,8
DA:50,8
DA:51,8
DA:52,8
DA:53,8
DA:55,8
DA:59,8
DA:61,3
DA:62,3
DA:63,3
DA:64,3
DA:65,3
DA:66,3
DA:69,3
DA:79,3
DA:80,3
DA:82,3
DA:93,8
LF:28
LH:28
BRDA:17,0,0,0
BRDA:18,1,0,0
BRDA:19,2,0,8
BRDA:20,3,0,8
BRDA:21,4,0,8
BRDA:22,5,0,8
BRDA:23,6,0,8
BRDA:42,7,0,1
BRDA:42,7,1,7
BRDA:43,8,0,1
BRDA:43,8,1,7
BRDA:43,9,0,8
BRDA:43,9,1,1
BRDA:44,10,0,2
BRDA:44,10,1,6
BRDA:44,11,0,8
BRDA:44,11,1,2
BRDA:45,12,0,1
BRDA:45,12,1,7
BRDA:45,13,0,8
BRDA:45,13,1,1
BRDA:46,14,0,1
BRDA:46,14,1,7
BRDA:46,15,0,8
BRDA:46,15,1,1
BRDA:50,16,0,8
BRDA:50,16,1,0
BRDA:51,17,0,8
BRDA:51,17,1,0
BRDA:52,18,0,8
BRDA:52,18,1,0
BRDA:53,19,0,8
BRDA:53,19,1,0
BRDA:62,20,0,3
BRDA:62,20,1,0
BRDA:63,21,0,3
BRDA:63,21,1,0
BRDA:64,22,0,3
BRDA:64,22,1,0
BRDA:65,23,0,3
BRDA:65,23,1,0
BRDA:66,24,0,3
BRDA:66,24,1,2
BRDA:79,25,0,3
BRDA:79,25,1,1
BRDA:79,25,2,1
BRDA:79,25,3,1
BRDA:79,25,4,1
BRDA:80,26,0,3
BRDA:80,26,1,2
BRDA:82,27,0,3
BRDA:82,27,1,1
BRF:52
BRH:42
end_of_record
TN:
SF:src\hooks\useTheme.js
FNF:0
FNH:0
LF:0
LH:0
BRF:0
BRH:0
end_of_record
TN:
SF:src\pages\AboutPage.jsx
FN:6,AboutPage
FN:7,(anonymous_1)
FN:9,(anonymous_2)
FNF:3
FNH:3
FNDA:1,AboutPage
FNDA:1,(anonymous_1)
FNDA:1,(anonymous_2)
DA:7,1
DA:8,1
DA:9,1
DA:10,1
DA:14,1
LF:5
LH:5
BRF:0
BRH:0
end_of_record
TN:
SF:src\pages\ContactPage.jsx
FN:9,ContactPage
FN:20,(anonymous_1)
FN:22,(anonymous_2)
FN:27,(anonymous_3)
FN:39,(anonymous_4)
FN:66,(anonymous_5)
FN:106,(anonymous_6)
FNF:7
FNH:6
FNDA:9,ContactPage
FNDA:2,(anonymous_1)
FNDA:2,(anonymous_2)
FNDA:4,(anonymous_3)
FNDA:2,(anonymous_4)
FNDA:2,(anonymous_5)
FNDA:0,(anonymous_6)
DA:10,9
DA:11,9
DA:17,9
DA:18,9
DA:20,9
DA:21,2
DA:22,2
DA:23,2
DA:27,9
DA:28,4
DA:29,4
DA:34,4
DA:35,0
DA:39,9
DA:40,2
DA:42,2
DA:43,1
DA:46,2
DA:47,1
DA:48,1
DA:49,0
DA:52,2
DA:53,1
DA:56,2
DA:57,1
DA:58,1
DA:59,0
DA:62,2
DA:63,2
DA:66,9
DA:67,2
DA:69,2
DA:70,1
DA:73,1
DA:75,1
DA:76,1
DA:84,1
DA:86,1
DA:87,1
DA:89,1
DA:96,0
DA:99,0
DA:100,0
DA:102,1
DA:106,9
DA:108,0
DA:109,0
DA:110,0
DA:113,9
LF:49
LH:40
BRDA:34,0,0,0
BRDA:34,0,1,4
BRDA:42,1,0,1
BRDA:42,1,1,1
BRDA:46,2,0,1
BRDA:46,2,1,1
BRDA:48,3,0,0
BRDA:48,3,1,1
BRDA:52,4,0,1
BRDA:52,4,1,1
BRDA:56,5,0,1
BRDA:56,5,1,1
BRDA:58,6,0,0
BRDA:58,6,1,1
BRDA:69,7,0,1
BRDA:69,7,1,1
BRDA:86,8,0,1
BRDA:86,8,1,0
BRDA:87,9,0,1
BRDA:87,9,1,0
BRDA:96,10,0,0
BRDA:96,10,1,0
BRDA:178,11,0,1
BRDA:178,11,1,8
BRDA:180,12,0,9
BRDA:180,12,1,1
BRDA:194,13,0,1
BRDA:194,13,1,8
BRF:28
BRH:21
end_of_record
TN:
SF:src\pages\SignIn.jsx
FN:6,SignInWrapper
FNF:1
FNH:1
FNDA:1,SignInWrapper
DA:9,1
LF:1
LH:1
BRF:0
BRH:0
end_of_record
TN:
SF:src\pages\homepage.jsx
FN:4,Homepage
FN:7,(anonymous_1)
FNF:2
FNH:2
FNDA:1,Homepage
FNDA:1,(anonymous_1)
DA:5,1
DA:7,1
DA:9,1
DA:12,1
LF:4
LH:4
BRF:0
BRH:0
end_of_record
TN:
SF:src\pages\landingpage.jsx
FN:7,Landingpage
FN:8,(anonymous_1)
FN:10,(anonymous_2)
FNF:3
FNH:3
FNDA:3,Landingpage
FNDA:3,(anonymous_1)
FNDA:3,(anonymous_2)
DA:8,3
DA:9,3
DA:10,3
DA:11,3
DA:15,3
LF:5
LH:5
BRF:0
BRH:0
end_of_record
TN:
SF:src\pages\auth\ForgotPasswordPage.jsx
FN:13,(anonymous_0)
FN:30,(anonymous_1)
FN:32,(anonymous_2)
FN:37,(anonymous_3)
FN:38,(anonymous_4)
FN:42,(anonymous_5)
FN:77,(anonymous_6)
FN:112,(anonymous_7)
FN:143,(anonymous_8)
FN:197,(anonymous_9)
FN:198,(anonymous_10)
FN:218,(anonymous_11)
FN:244,(anonymous_12)
FN:245,(anonymous_13)
FN:267,(anonymous_14)
FN:292,(anonymous_15)
FN:293,(anonymous_16)
FN:305,(anonymous_17)
FN:306,(anonymous_18)
FNF:19
FNH:7
FNDA:4,(anonymous_0)
FNDA:1,(anonymous_1)
FNDA:1,(anonymous_2)
FNDA:1,(anonymous_3)
FNDA:1,(anonymous_4)
FNDA:1,(anonymous_5)
FNDA:0,(anonymous_6)
FNDA:0,(anonymous_7)
FNDA:0,(anonymous_8)
FNDA:0,(anonymous_9)
FNDA:1,(anonymous_10)
FNDA:0,(anonymous_11)
FNDA:0,(anonymous_12)
FNDA:0,(anonymous_13)
FNDA:0,(anonymous_14)
FNDA:0,(anonymous_15)
FNDA:0,(anonymous_16)
FNDA:0,(anonymous_17)
FNDA:0,(anonymous_18)
DA:13,4
DA:14,4
DA:15,4
DA:16,4
DA:17,4
DA:18,4
DA:19,4
DA:20,4
DA:21,4
DA:22,4
DA:23,4
DA:25,4
DA:30,4
DA:31,1
DA:32,1
DA:33,1
DA:37,4
DA:38,1
DA:42,4
DA:43,1
DA:45,1
DA:46,1
DA:47,1
DA:50,0
DA:51,0
DA:53,0
DA:54,0
DA:60,0
DA:62,0
DA:63,0
DA:64,0
DA:66,0
DA:69,0
DA:70,0
DA:72,0
DA:77,4
DA:78,0
DA:80,0
DA:81,0
DA:82,0
DA:85,0
DA:86,0
DA:88,0
DA:89,0
DA:95,0
DA:97,0
DA:98,0
DA:99,0
DA:101,0
DA:104,0
DA:105,0
DA:107,0
DA:112,4
DA:113,0
DA:115,0
DA:116,0
DA:117,0
DA:120,0
DA:121,0
DA:122,0
DA:125,0
DA:126,0
DA:128,0
DA:129,0
DA:139,0
DA:141,0
DA:142,0
DA:143,0
DA:145,0
DA:148,0
DA:149,0
DA:151,0
DA:155,4
DA:197,0
DA:198,1
DA:218,0
DA:244,0
DA:245,0
DA:267,0
DA:292,0
DA:293,0
DA:305,0
DA:306,0
LF:83
LH:27
BRDA:45,0,0,1
BRDA:45,0,1,0
BRDA:45,1,0,1
BRDA:45,1,1,0
BRDA:62,2,0,0
BRDA:62,2,1,0
BRDA:66,3,0,0
BRDA:66,3,1,0
BRDA:80,4,0,0
BRDA:80,4,1,0
BRDA:80,5,0,0
BRDA:80,5,1,0
BRDA:97,6,0,0
BRDA:97,6,1,0
BRDA:101,7,0,0
BRDA:101,7,1,0
BRDA:115,8,0,0
BRDA:115,8,1,0
BRDA:120,9,0,0
BRDA:120,9,1,0
BRDA:141,10,0,0
BRDA:141,10,1,0
BRDA:145,11,0,0
BRDA:145,11,1,0
BRDA:164,12,0,4
BRDA:164,12,1,0
BRDA:164,13,0,0
BRDA:164,13,1,4
BRDA:169,14,0,0
BRDA:169,14,1,4
BRDA:169,15,0,0
BRDA:169,15,1,4
BRDA:174,16,0,0
BRDA:174,16,1,4
BRDA:181,17,0,4
BRDA:181,17,1,4
BRDA:199,18,0,4
BRDA:199,18,1,2
BRDA:212,19,0,0
BRDA:212,19,1,4
BRDA:228,20,0,4
BRDA:228,20,1,0
BRDA:246,21,0,0
BRDA:246,21,1,0
BRDA:261,22,0,0
BRDA:261,22,1,0
BRDA:277,23,0,4
BRDA:277,23,1,0
BRDA:294,24,0,0
BRDA:294,24,1,0
BRDA:307,25,0,0
BRDA:307,25,1,0
BRDA:312,26,0,0
BRDA:312,26,1,0
BRDA:322,27,0,0
BRDA:322,27,1,0
BRDA:327,28,0,0
BRDA:327,28,1,0
BRF:58
BRH:14
end_of_record
TN:
SF:src\pages\auth\SignInPage.jsx
FN:11,(anonymous_0)
FN:17,(anonymous_1)
FN:20,(anonymous_2)
FN:25,(anonymous_3)
FN:41,(anonymous_4)
FN:44,(anonymous_5)
FNF:6
FNH:4
FNDA:3,(anonymous_0)
FNDA:3,(anonymous_1)
FNDA:3,(anonymous_2)
FNDA:3,(anonymous_3)
FNDA:0,(anonymous_4)
FNDA:0,(anonymous_5)
DA:11,6
DA:12,3
DA:13,3
DA:14,3
DA:15,3
DA:17,3
DA:19,3
DA:20,3
DA:21,3
DA:25,3
DA:26,3
DA:27,3
DA:28,0
DA:29,0
DA:31,0
DA:32,0
DA:33,0
DA:34,0
DA:37,0
DA:41,3
DA:42,0
DA:44,0
DA:46,0
DA:47,0
DA:50,0
DA:52,0
DA:55,0
DA:60,3
LF:28
LH:14
BRDA:27,0,0,0
BRDA:27,0,1,3
BRDA:27,1,0,3
BRDA:27,1,1,3
BRDA:27,1,2,0
BRDA:27,1,3,0
BRDA:27,1,4,0
BRDA:28,2,0,0
BRDA:28,2,1,0
BRDA:46,3,0,0
BRDA:46,3,1,0
BRDA:50,4,0,0
BRDA:50,4,1,0
BRF:13
BRH:3
end_of_record
TN:
SF:src\pages\auth\SignUpPage.jsx
FN:10,(anonymous_0)
FN:14,(anonymous_1)
FN:17,(anonymous_2)
FN:22,(anonymous_3)
FN:29,(anonymous_4)
FNF:5
FNH:3
FNDA:1,(anonymous_0)
FNDA:1,(anonymous_1)
FNDA:1,(anonymous_2)
FNDA:0,(anonymous_3)
FNDA:0,(anonymous_4)
DA:10,4
DA:11,1
DA:12,1
DA:14,1
DA:16,1
DA:17,1
DA:18,1
DA:22,1
DA:23,0
DA:25,0
DA:26,0
DA:29,0
DA:32,0
DA:40,0
DA:45,1
LF:15
LH:9
BRDA:26,0,0,0
BRDA:26,0,1,0
BRF:2
BRH:0
end_of_record
TN:
SF:src\pages\home\Account.jsx
FN:13,Account
FN:15,(anonymous_1)
FN:17,(anonymous_2)
FN:24,(anonymous_3)
FN:26,(anonymous_4)
FN:64,(anonymous_5)
FN:80,(anonymous_6)
FN:90,(anonymous_7)
FN:94,(anonymous_8)
FN:133,(anonymous_9)
FN:140,(anonymous_10)
FN:144,(anonymous_11)
FN:186,(anonymous_12)
FN:200,(anonymous_13)
FN:217,(anonymous_14)
FN:235,(anonymous_15)
FN:243,(anonymous_16)
FN:250,(anonymous_17)
FN:258,(anonymous_18)
FN:281,(anonymous_19)
FN:311,(anonymous_20)
FN:323,(anonymous_21)
FN:340,(anonymous_22)
FN:354,(anonymous_23)
FN:450,(anonymous_24)
FN:537,(anonymous_25)
FN:567,(anonymous_26)
FN:575,(anonymous_27)
FN:616,(anonymous_28)
FNF:29
FNH:8
FNDA:2,Account
FNDA:0,(anonymous_1)
FNDA:0,(anonymous_2)
FNDA:0,(anonymous_3)
FNDA:0,(anonymous_4)
FNDA:1,(anonymous_5)
FNDA:1,(anonymous_6)
FNDA:1,(anonymous_7)
FNDA:1,(anonymous_8)
FNDA:1,(anonymous_9)
FNDA:1,(anonymous_10)
FNDA:1,(anonymous_11)
FNDA:0,(anonymous_12)
FNDA:0,(anonymous_13)
FNDA:0,(anonymous_14)
FNDA:0,(anonymous_15)
FNDA:0,(anonymous_16)
FNDA:0,(anonymous_17)
FNDA:0,(anonymous_18)
FNDA:0,(anonymous_19)
FNDA:0,(anonymous_20)
FNDA:0,(anonymous_21)
FNDA:0,(anonymous_22)
FNDA:0,(anonymous_23)
FNDA:0,(anonymous_24)
FNDA:0,(anonymous_25)
FNDA:0,(anonymous_26)
FNDA:0,(anonymous_27)
FNDA:0,(anonymous_28)
DA:15,2
DA:16,0
DA:17,0
DA:24,2
DA:25,0
DA:26,0
DA:31,2
DA:32,2
DA:33,2
DA:34,2
DA:37,2
DA:38,2
DA:42,2
DA:43,2
DA:44,2
DA:49,2
DA:52,2
DA:53,2
DA:58,2
DA:59,2
DA:62,2
DA:64,2
DA:65,1
DA:66,1
DA:67,0
DA:68,0
DA:70,0
DA:71,0
DA:72,0
DA:73,0
DA:80,2
DA:81,1
DA:82,1
DA:90,2
DA:91,1
DA:94,1
DA:95,1
DA:96,1
DA:97,1
DA:98,1
DA:99,1
DA:101,0
DA:104,0
DA:105,0
DA:106,0
DA:107,0
DA:109,0
DA:110,0
DA:111,0
DA:123,1
DA:124,0
DA:125,0
DA:127,1
DA:131,1
DA:133,1
DA:134,1
DA:135,1
DA:140,2
DA:141,1
DA:142,1
DA:144,1
DA:145,1
DA:147,1
DA:148,1
DA:149,1
DA:150,0
DA:151,0
DA:152,0
DA:153,0
DA:154,0
DA:163,1
DA:164,1
DA:165,1
DA:166,1
DA:167,1
DA:173,0
DA:176,1
DA:180,1
DA:182,1
DA:186,2
DA:187,0
DA:188,0
DA:189,0
DA:191,0
DA:192,0
DA:193,0
DA:194,0
DA:196,0
DA:197,0
DA:200,2
DA:201,0
DA:202,0
DA:203,0
DA:204,0
DA:205,0
DA:206,0
DA:210,0
DA:211,0
DA:213,0
DA:215,0
DA:216,0
DA:217,0
DA:218,0
DA:225,0
DA:228,0
DA:230,0
DA:231,0
DA:232,0
DA:233,0
DA:235,0
DA:236,0
DA:238,0
DA:239,0
DA:242,0
DA:243,0
DA:246,0
DA:250,2
DA:251,0
DA:255,0
DA:258,2
DA:259,0
DA:261,0
DA:262,0
DA:265,0
DA:266,0
DA:267,0
DA:268,0
DA:271,0
DA:272,0
DA:273,0
DA:274,0
DA:277,0
DA:278,0
DA:281,2
DA:282,0
DA:284,0
DA:286,0
DA:287,0
DA:292,0
DA:293,0
DA:297,0
DA:302,0
DA:305,0
DA:307,0
DA:308,0
DA:309,0
DA:311,0
DA:312,0
DA:315,0
DA:316,0
DA:319,0
DA:323,2
DA:324,0
DA:325,0
DA:327,0
DA:334,0
DA:336,0
DA:340,2
DA:341,0
DA:342,0
DA:345,0
DA:346,0
DA:348,0
DA:351,0
DA:354,2
DA:355,0
DA:356,0
DA:357,0
DA:361,0
DA:363,0
DA:364,0
DA:365,0
DA:366,0
DA:370,0
DA:371,0
DA:376,2
DA:377,0
DA:390,2
DA:450,0
DA:537,0
DA:567,0
DA:575,0
DA:616,0
LF:183
LH:63
BRDA:66,0,0,0
BRDA:66,0,1,1
BRDA:66,1,0,1
BRDA:66,1,1,1
BRDA:66,1,2,0
BRDA:66,1,3,0
BRDA:66,1,4,0
BRDA:67,2,0,0
BRDA:67,2,1,0
BRDA:81,3,0,1
BRDA:81,3,1,0
BRDA:83,4,0,1
BRDA:83,4,1,0
BRDA:84,5,0,1
BRDA:84,5,1,0
BRDA:97,6,0,1
BRDA:97,6,1,0
BRDA:98,7,0,1
BRDA:98,7,1,0
BRDA:104,8,0,0
BRDA:104,8,1,0
BRDA:106,9,0,0
BRDA:106,9,1,0
BRDA:107,10,0,0
BRDA:107,10,1,0
BRDA:109,11,0,0
BRDA:109,11,1,0
BRDA:123,12,0,0
BRDA:123,12,1,1
BRDA:135,13,0,1
BRDA:135,13,1,0
BRDA:144,14,0,0
BRDA:147,15,0,1
BRDA:147,15,1,0
BRDA:149,16,0,0
BRDA:149,16,1,1
BRDA:152,17,0,0
BRDA:152,17,1,0
BRDA:152,18,0,0
BRDA:152,18,1,0
BRDA:152,18,2,0
BRDA:164,19,0,1
BRDA:164,19,1,0
BRDA:180,20,0,1
BRDA:180,20,1,0
BRDA:188,21,0,0
BRDA:188,21,1,0
BRDA:188,22,0,0
BRDA:188,22,1,0
BRDA:191,23,0,0
BRDA:191,23,1,0
BRDA:191,24,0,0
BRDA:191,24,1,0
BRDA:193,25,0,0
BRDA:193,25,1,0
BRDA:201,26,0,0
BRDA:201,26,1,0
BRDA:210,27,0,0
BRDA:210,27,1,0
BRDA:215,28,0,0
BRDA:215,28,1,0
BRDA:215,29,0,0
BRDA:215,29,1,0
BRDA:228,30,0,0
BRDA:228,30,1,0
BRDA:231,31,0,0
BRDA:231,31,1,0
BRDA:232,32,0,0
BRDA:232,32,1,0
BRDA:238,33,0,0
BRDA:238,33,1,0
BRDA:239,34,0,0
BRDA:239,34,1,0
BRDA:242,35,0,0
BRDA:242,35,1,0
BRDA:242,36,0,0
BRDA:242,36,1,0
BRDA:252,37,0,0
BRDA:252,37,1,0
BRDA:253,38,0,0
BRDA:253,38,1,0
BRDA:261,39,0,0
BRDA:261,39,1,0
BRDA:265,40,0,0
BRDA:265,40,1,0
BRDA:267,41,0,0
BRDA:267,41,1,0
BRDA:271,42,0,0
BRDA:271,42,1,0
BRDA:273,43,0,0
BRDA:273,43,1,0
BRDA:282,44,0,0
BRDA:282,44,1,0
BRDA:292,45,0,0
BRDA:292,45,1,0
BRDA:307,46,0,0
BRDA:307,46,1,0
BRDA:308,47,0,0
BRDA:308,47,1,0
BRDA:315,48,0,0
BRDA:315,48,1,0
BRDA:316,49,0,0
BRDA:316,49,1,0
BRDA:359,50,0,0
BRDA:359,50,1,0
BRDA:361,51,0,0
BRDA:361,51,1,0
BRDA:365,52,0,0
BRDA:365,52,1,0
BRDA:370,53,0,0
BRDA:370,53,1,0
BRDA:376,54,0,0
BRDA:376,54,1,2
BRDA:410,55,0,2
BRDA:410,55,1,0
BRDA:411,56,0,2
BRDA:411,56,1,0
BRDA:416,57,0,2
BRDA:416,57,1,0
BRDA:419,58,0,0
BRDA:419,58,1,0
BRDA:419,58,2,0
BRDA:426,59,0,2
BRDA:426,59,1,0
BRDA:429,60,0,0
BRDA:429,60,1,0
BRDA:447,61,0,2
BRDA:447,61,1,2
BRDA:468,62,0,0
BRDA:468,62,1,2
BRDA:478,63,0,0
BRDA:478,63,1,2
BRDA:482,64,0,2
BRDA:482,64,1,0
BRDA:496,65,0,0
BRDA:496,65,1,0
BRDA:514,66,0,0
BRDA:514,66,1,2
BRDA:563,67,0,2
BRDA:563,67,1,0
BRDA:626,68,0,0
BRDA:626,68,1,0
BRF:142
BRH:26
end_of_record
TN:
SF:src\pages\home\AnalysisDetailPage.jsx
FN:8,(anonymous_0)
FN:22,(anonymous_1)
FN:52,(anonymous_2)
FN:80,(anonymous_3)
FN:102,(anonymous_4)
FN:106,(anonymous_5)
FN:125,(anonymous_6)
FN:160,(anonymous_7)
FN:196,(anonymous_8)
FN:207,(anonymous_9)
FN:218,(anonymous_10)
FN:250,(anonymous_11)
FN:270,(anonymous_12)
FN:334,(anonymous_13)
FN:335,(anonymous_14)
FN:425,(anonymous_15)
FNF:16
FNH:0
FNDA:0,(anonymous_0)
FNDA:0,(anonymous_1)
FNDA:0,(anonymous_2)
FNDA:0,(anonymous_3)
FNDA:0,(anonymous_4)
FNDA:0,(anonymous_5)
FNDA:0,(anonymous_6)
FNDA:0,(anonymous_7)
FNDA:0,(anonymous_8)
FNDA:0,(anonymous_9)
FNDA:0,(anonymous_10)
FNDA:0,(anonymous_11)
FNDA:0,(anonymous_12)
FNDA:0,(anonymous_13)
FNDA:0,(anonymous_14)
FNDA:0,(anonymous_15)
DA:8,3
DA:9,0
DA:10,0
DA:11,0
DA:13,0
DA:14,0
DA:15,0
DA:16,0
DA:17,0
DA:22,0
DA:23,0
DA:24,0
DA:25,0
DA:27,0
DA:29,0
DA:30,0
DA:33,0
DA:37,0
DA:38,0
DA:39,0
DA:40,0
DA:41,0
DA:42,0
DA:43,0
DA:45,0
DA:48,0
DA:52,0
DA:53,0
DA:54,0
DA:56,0
DA:59,0
DA:65,0
DA:66,0
DA:69,0
DA:70,0
DA:71,0
DA:73,0
DA:76,0
DA:79,0
DA:80,0
DA:82,0
DA:83,0
DA:84,0
DA:86,0
DA:87,0
DA:88,0
DA:92,0
DA:93,0
DA:94,0
DA:96,0
DA:98,0
DA:102,0
DA:103,0
DA:106,0
DA:107,0
DA:109,0
DA:110,0
DA:112,0
DA:113,0
DA:114,0
DA:115,0
DA:117,0
DA:121,0
DA:125,0
DA:128,0
DA:137,0
DA:138,0
DA:139,0
DA:142,0
DA:144,0
DA:145,0
DA:146,0
DA:150,0
DA:151,0
DA:152,0
DA:155,0
DA:160,0
DA:161,0
DA:193,0
DA:196,0
DA:197,0
DA:204,0
DA:207,0
DA:208,0
DA:215,0
DA:218,0
DA:219,0
DA:220,0
DA:229,0
DA:230,0
DA:243,0
DA:244,0
DA:250,0
DA:259,0
DA:261,0
DA:270,0
DA:334,0
DA:336,0
DA:337,0
DA:426,0
LF:100
LH:1
BRDA:27,0,0,0
BRDA:27,0,1,0
BRDA:29,1,0,0
BRDA:29,1,1,0
BRDA:37,2,0,0
BRDA:37,2,1,0
BRDA:39,3,0,0
BRDA:39,3,1,0
BRDA:40,4,0,0
BRDA:40,4,1,0
BRDA:41,5,0,0
BRDA:41,5,1,0
BRDA:43,6,0,0
BRDA:43,6,1,0
BRDA:65,7,0,0
BRDA:65,7,1,0
BRDA:71,8,0,0
BRDA:71,8,1,0
BRDA:76,9,0,0
BRDA:76,9,1,0
BRDA:79,10,0,0
BRDA:79,10,1,0
BRDA:80,11,0,0
BRDA:80,11,1,0
BRDA:80,11,2,0
BRDA:82,12,0,0
BRDA:82,12,1,0
BRDA:93,13,0,0
BRDA:93,13,1,0
BRDA:107,14,0,0
BRDA:107,14,1,0
BRDA:107,15,0,0
BRDA:107,15,1,0
BRDA:113,16,0,0
BRDA:113,16,1,0
BRDA:114,17,0,0
BRDA:114,17,1,0
BRDA:137,18,0,0
BRDA:137,18,1,0
BRDA:139,19,0,0
BRDA:139,19,1,0
BRDA:145,20,0,0
BRDA:145,20,1,0
BRDA:151,21,0,0
BRDA:151,21,1,0
BRDA:152,22,0,0
BRDA:152,22,1,0
BRDA:193,23,0,0
BRDA:193,23,1,0
BRDA:204,24,0,0
BRDA:204,24,1,0
BRDA:215,25,0,0
BRDA:215,25,1,0
BRDA:229,26,0,0
BRDA:229,26,1,0
BRDA:243,27,0,0
BRDA:243,27,1,0
BRDA:317,28,0,0
BRDA:317,28,1,0
BRDA:380,29,0,0
BRDA:380,29,1,0
BRDA:380,30,0,0
BRDA:380,30,1,0
BRDA:390,31,0,0
BRDA:390,31,1,0
BRDA:392,32,0,0
BRDA:392,32,1,0
BRDA:392,32,2,0
BRDA:394,33,0,0
BRDA:394,33,1,0
BRDA:400,34,0,0
BRDA:400,34,1,0
BRDA:405,35,0,0
BRDA:405,35,1,0
BRDA:423,36,0,0
BRDA:423,36,1,0
BRDA:428,37,0,0
BRDA:428,37,1,0
BRF:78
BRH:0
end_of_record
TN:
SF:src\pages\home\AnalyzePage.jsx
FN:6,(anonymous_0)
FNF:1
FNH:0
FNDA:0,(anonymous_0)
DA:6,3
DA:7,0
LF:2
LH:1
BRF:0
BRH:0
end_of_record
TN:
SF:src\pages\home\DashboardPage.jsx
FN:8,(anonymous_0)
FN:14,(anonymous_1)
FN:15,(anonymous_2)
FN:50,(anonymous_3)
FN:55,(anonymous_4)
FN:58,(anonymous_5)
FN:69,(anonymous_6)
FN:80,(anonymous_7)
FN:92,(anonymous_8)
FN:94,(anonymous_9)
FN:104,(anonymous_10)
FN:106,(anonymous_11)
FN:117,(anonymous_12)
FN:120,(anonymous_13)
FN:132,(anonymous_14)
FN:136,(anonymous_15)
FN:143,(anonymous_16)
FN:150,(anonymous_17)
FN:157,(anonymous_18)
FN:209,(anonymous_19)
FN:215,(anonymous_20)
FN:219,(anonymous_21)
FN:224,(anonymous_22)
FN:235,(anonymous_23)
FN:339,(anonymous_24)
FN:340,(anonymous_25)
FN:382,(anonymous_26)
FN:384,(anonymous_27)
FN:387,(anonymous_28)
FN:422,(anonymous_29)
FN:424,(anonymous_30)
FN:427,(anonymous_31)
FN:503,(anonymous_32)
FN:509,(anonymous_33)
FNF:34
FNH:15
FNDA:2,(anonymous_0)
FNDA:1,(anonymous_1)
FNDA:1,(anonymous_2)
FNDA:0,(anonymous_3)
FNDA:1,(anonymous_4)
FNDA:1,(anonymous_5)
FNDA:1,(anonymous_6)
FNDA:1,(anonymous_7)
FNDA:1,(anonymous_8)
FNDA:0,(anonymous_9)
FNDA:1,(anonymous_10)
FNDA:0,(anonymous_11)
FNDA:0,(anonymous_12)
FNDA:24,(anonymous_13)
FNDA:0,(anonymous_14)
FNDA:0,(anonymous_15)
FNDA:0,(anonymous_16)
FNDA:0,(anonymous_17)
FNDA:0,(anonymous_18)
FNDA:0,(anonymous_19)
FNDA:0,(anonymous_20)
FNDA:0,(anonymous_21)
FNDA:0,(anonymous_22)
FNDA:1,(anonymous_23)
FNDA:0,(anonymous_24)
FNDA:0,(anonymous_25)
FNDA:1,(anonymous_26)
FNDA:0,(anonymous_27)
FNDA:0,(anonymous_28)
FNDA:1,(anonymous_29)
FNDA:24,(anonymous_30)
FNDA:24,(anonymous_31)
FNDA:0,(anonymous_32)
FNDA:0,(anonymous_33)
DA:8,4
DA:9,2
DA:10,2
DA:11,2
DA:14,2
DA:15,1
DA:16,1
DA:17,1
DA:18,1
DA:19,1
DA:21,0
DA:23,0
DA:43,1
DA:47,1
DA:50,1
DA:51,0
DA:55,1
DA:58,2
DA:59,1
DA:66,1
DA:69,2
DA:70,1
DA:77,1
DA:80,2
DA:81,1
DA:88,1
DA:92,2
DA:93,1
DA:94,1
DA:95,0
DA:96,0
DA:97,0
DA:98,0
DA:104,2
DA:105,1
DA:106,0
DA:110,1
DA:113,1
DA:114,1
DA:116,1
DA:117,0
DA:120,1
DA:122,24
DA:123,24
DA:127,1
DA:131,0
DA:132,0
DA:133,0
DA:136,0
DA:137,0
DA:141,0
DA:142,0
DA:143,0
DA:144,0
DA:145,0
DA:146,0
DA:147,0
DA:150,0
DA:154,0
DA:155,0
DA:157,0
DA:158,0
DA:159,0
DA:162,0
DA:163,0
DA:164,0
DA:165,0
DA:168,0
DA:169,0
DA:172,0
DA:173,0
DA:174,0
DA:175,0
DA:176,0
DA:179,0
DA:180,0
DA:181,0
DA:182,0
DA:183,0
DA:186,0
DA:188,0
DA:189,0
DA:192,0
DA:193,0
DA:197,0
DA:198,0
DA:202,0
DA:203,0
DA:204,0
DA:209,0
DA:214,0
DA:215,0
DA:219,0
DA:224,2
DA:225,0
DA:226,0
DA:227,0
DA:228,0
DA:230,0
DA:231,0
DA:232,0
DA:235,2
DA:236,1
DA:237,1
DA:238,1
DA:239,1
DA:242,2
DA:243,1
DA:256,1
DA:258,1
DA:339,0
DA:341,0
DA:343,0
DA:383,1
DA:384,1
DA:385,1
DA:387,1
DA:388,0
DA:389,0
DA:391,0
DA:393,0
DA:423,1
DA:424,24
DA:425,1
DA:427,1
DA:428,24
DA:429,24
DA:430,24
DA:432,24
DA:434,24
DA:504,0
DA:510,0
DA:511,0
DA:513,0
LF:134
LH:59
BRDA:66,0,0,1
BRDA:66,0,1,0
BRDA:77,1,0,1
BRDA:77,1,1,0
BRDA:88,2,0,1
BRDA:88,2,1,0
BRDA:93,3,0,1
BRDA:93,3,1,0
BRDA:95,4,0,0
BRDA:95,4,1,0
BRDA:96,5,0,0
BRDA:96,5,1,0
BRDA:96,5,2,0
BRDA:96,5,3,0
BRDA:97,6,0,0
BRDA:97,6,1,0
BRDA:97,6,2,0
BRDA:105,7,0,0
BRDA:105,7,1,1
BRDA:110,8,0,1
BRDA:110,8,1,0
BRDA:110,9,0,1
BRDA:110,9,1,1
BRDA:110,9,2,1
BRDA:116,10,0,0
BRDA:116,10,1,1
BRDA:117,11,0,0
BRDA:117,11,1,0
BRDA:123,12,0,24
BRDA:123,12,1,24
BRDA:131,13,0,0
BRDA:131,13,1,0
BRDA:131,14,0,0
BRDA:131,14,1,0
BRDA:131,14,2,0
BRDA:133,15,0,0
BRDA:133,15,1,0
BRDA:133,15,2,0
BRDA:133,15,3,0
BRDA:133,15,4,0
BRDA:137,16,0,0
BRDA:137,16,1,0
BRDA:137,16,2,0
BRDA:137,16,3,0
BRDA:137,16,4,0
BRDA:141,17,0,0
BRDA:141,17,1,0
BRDA:141,18,0,0
BRDA:141,18,1,0
BRDA:144,19,0,0
BRDA:144,19,1,0
BRDA:144,19,2,0
BRDA:144,19,3,0
BRDA:145,20,0,0
BRDA:145,20,1,0
BRDA:145,21,0,0
BRDA:145,21,1,0
BRDA:145,21,2,0
BRDA:145,21,3,0
BRDA:146,22,0,0
BRDA:146,22,1,0
BRDA:146,23,0,0
BRDA:146,23,1,0
BRDA:146,23,2,0
BRDA:147,24,0,0
BRDA:147,24,1,0
BRDA:150,25,0,0
BRDA:150,25,1,0
BRDA:154,26,0,0
BRDA:154,26,1,0
BRDA:158,27,0,0
BRDA:158,27,1,0
BRDA:158,27,2,0
BRDA:158,27,3,0
BRDA:162,28,0,0
BRDA:162,28,1,0
BRDA:164,29,0,0
BRDA:164,29,1,0
BRDA:168,30,0,0
BRDA:168,30,1,0
BRDA:172,31,0,0
BRDA:172,31,1,0
BRDA:179,32,0,0
BRDA:179,32,1,0
BRDA:188,33,0,0
BRDA:188,33,1,0
BRDA:192,34,0,0
BRDA:192,34,1,0
BRDA:192,35,0,0
BRDA:192,35,1,0
BRDA:197,36,0,0
BRDA:197,36,1,0
BRDA:197,37,0,0
BRDA:197,37,1,0
BRDA:197,37,2,0
BRDA:198,38,0,0
BRDA:198,38,1,0
BRDA:202,39,0,0
BRDA:202,39,1,0
BRDA:202,39,2,0
BRDA:202,39,3,0
BRDA:203,40,0,0
BRDA:203,40,1,0
BRDA:203,41,0,0
BRDA:203,41,1,0
BRDA:203,41,2,0
BRDA:204,42,0,0
BRDA:204,42,1,0
BRDA:209,43,0,0
BRDA:209,43,1,0
BRDA:214,44,0,0
BRDA:214,44,1,0
BRDA:215,45,0,0
BRDA:215,45,1,0
BRDA:230,46,0,0
BRDA:230,46,1,0
BRDA:231,47,0,0
BRDA:231,47,1,0
BRDA:236,48,0,0
BRDA:236,48,1,1
BRDA:238,49,0,0
BRDA:238,49,1,1
BRDA:242,50,0,1
BRDA:242,50,1,1
BRDA:242,51,0,2
BRDA:242,51,1,1
BRDA:267,52,0,1
BRDA:267,52,1,0
BRDA:285,53,0,1
BRDA:285,53,1,1
BRDA:384,54,0,0
BRDA:384,54,1,0
BRDA:385,55,0,0
BRDA:385,55,1,1
BRDA:388,56,0,0
BRDA:388,56,1,0
BRDA:389,57,0,0
BRDA:389,57,1,0
BRDA:391,58,0,0
BRDA:391,58,1,0
BRDA:403,59,0,0
BRDA:403,59,1,0
BRDA:424,60,0,24
BRDA:424,60,1,24
BRDA:425,61,0,1
BRDA:425,61,1,0
BRDA:428,62,0,24
BRDA:428,62,1,24
BRDA:429,63,0,24
BRDA:429,63,1,0
BRDA:430,64,0,0
BRDA:430,64,1,24
BRDA:432,65,0,24
BRDA:432,65,1,0
BRDA:502,66,0,0
BRDA:502,66,1,1
BRDA:530,67,0,0
BRDA:530,67,1,0
BRF:158
BRH:31
end_of_record
TN:
SF:src\pages\home\HistoryPage.jsx
FN:8,(anonymous_0)
FN:15,(anonymous_1)
FN:16,(anonymous_2)
FN:20,(anonymous_3)
FN:56,(anonymous_4)
FN:57,(anonymous_5)
FN:63,(anonymous_6)
FN:94,(anonymous_7)
FN:105,(anonymous_8)
FN:116,(anonymous_9)
FN:127,(anonymous_10)
FN:135,(anonymous_11)
FN:137,(anonymous_12)
FN:145,(anonymous_13)
FN:162,(anonymous_14)
FN:189,(anonymous_15)
FN:193,(anonymous_16)
FN:221,(anonymous_17)
FN:286,(anonymous_18)
FNF:19
FNH:13
FNDA:3,(anonymous_0)
FNDA:1,(anonymous_1)
FNDA:1,(anonymous_2)
FNDA:1,(anonymous_3)
FNDA:2,(anonymous_4)
FNDA:2,(anonymous_5)
FNDA:0,(anonymous_6)
FNDA:1,(anonymous_7)
FNDA:1,(anonymous_8)
FNDA:1,(anonymous_9)
FNDA:1,(anonymous_10)
FNDA:0,(anonymous_11)
FNDA:0,(anonymous_12)
FNDA:1,(anonymous_13)
FNDA:0,(anonymous_14)
FNDA:18,(anonymous_15)
FNDA:0,(anonymous_16)
FNDA:1,(anonymous_17)
FNDA:0,(anonymous_18)
DA:8,4
DA:9,3
DA:10,3
DA:11,3
DA:12,3
DA:13,3
DA:15,3
DA:16,1
DA:17,1
DA:18,1
DA:19,1
DA:20,1
DA:21,1
DA:23,1
DA:24,1
DA:25,1
DA:26,0
DA:27,0
DA:28,0
DA:31,1
DA:42,1
DA:43,1
DA:45,0
DA:46,0
DA:47,0
DA:49,1
DA:53,1
DA:56,3
DA:57,2
DA:58,2
DA:59,2
DA:61,0
DA:62,0
DA:63,0
DA:64,0
DA:65,0
DA:66,0
DA:67,0
DA:68,0
DA:69,0
DA:72,0
DA:82,0
DA:84,0
DA:85,0
DA:90,2
DA:94,3
DA:95,1
DA:102,1
DA:105,3
DA:106,1
DA:113,1
DA:116,3
DA:117,1
DA:124,1
DA:127,3
DA:128,1
DA:129,1
DA:130,0
DA:132,0
DA:133,0
DA:134,0
DA:135,0
DA:136,0
DA:137,0
DA:139,0
DA:140,0
DA:141,0
DA:142,0
DA:145,3
DA:147,1
DA:148,1
DA:149,1
DA:150,1
DA:158,0
DA:162,3
DA:163,0
DA:166,3
DA:175,3
DA:190,18
DA:193,0
DA:222,1
DA:223,1
DA:286,0
LF:83
LH:49
BRDA:21,0,0,1
BRDA:21,0,1,0
BRDA:24,1,0,1
BRDA:24,1,1,0
BRDA:26,2,0,0
BRDA:26,2,1,0
BRDA:26,3,0,0
BRDA:26,3,1,0
BRDA:27,4,0,0
BRDA:27,4,1,0
BRDA:28,5,0,0
BRDA:28,5,1,0
BRDA:37,6,0,1
BRDA:37,6,1,0
BRDA:37,7,0,0
BRDA:37,7,1,0
BRDA:58,8,0,2
BRDA:58,8,1,0
BRDA:64,9,0,0
BRDA:64,9,1,0
BRDA:66,10,0,0
BRDA:66,10,1,0
BRDA:67,11,0,0
BRDA:67,11,1,0
BRDA:67,12,0,0
BRDA:67,12,1,0
BRDA:68,13,0,0
BRDA:68,13,1,0
BRDA:69,14,0,0
BRDA:69,14,1,0
BRDA:78,15,0,0
BRDA:78,15,1,0
BRDA:78,16,0,0
BRDA:78,16,1,0
BRDA:102,17,0,1
BRDA:102,17,1,0
BRDA:113,18,0,1
BRDA:113,18,1,0
BRDA:124,19,0,1
BRDA:124,19,1,0
BRDA:128,20,0,1
BRDA:128,20,1,0
BRDA:129,21,0,1
BRDA:129,21,1,0
BRDA:129,22,0,1
BRDA:129,22,1,1
BRDA:132,23,0,0
BRDA:132,23,1,0
BRDA:132,23,2,0
BRDA:132,23,3,0
BRDA:134,24,0,0
BRDA:134,24,1,0
BRDA:136,25,0,0
BRDA:136,25,1,0
BRDA:136,26,0,0
BRDA:136,26,1,0
BRDA:140,27,0,0
BRDA:140,27,1,0
BRDA:140,28,0,0
BRDA:140,28,1,0
BRDA:141,29,0,0
BRDA:141,29,1,0
BRDA:147,30,0,0
BRDA:147,30,1,1
BRDA:192,31,0,3
BRDA:192,31,1,15
BRDA:195,32,0,3
BRDA:195,32,1,15
BRDA:197,33,0,3
BRDA:197,33,1,0
BRDA:200,34,0,3
BRDA:200,34,1,0
BRDA:214,35,0,2
BRDA:214,35,1,1
BRDA:219,36,0,1
BRDA:219,36,1,0
BRDA:311,37,0,0
BRDA:311,37,1,0
BRF:78
BRH:21
end_of_record
TN:
SF:src\pages\home\HomeLayout.jsx
FN:6,HomeLayout
FNF:1
FNH:1
FNDA:1,HomeLayout
DA:7,1
LF:1
LH:1
BRF:0
BRH:0
end_of_record
TN:
SF:src\pages\home\RecommendationsPage.jsx
FN:9,(anonymous_0)
FN:11,(anonymous_1)
FN:13,(anonymous_2)
FN:13,(anonymous_3)
FN:22,(anonymous_4)
FN:41,(anonymous_5)
FN:88,(anonymous_6)
FN:96,(anonymous_7)
FN:108,(anonymous_8)
FN:113,(anonymous_9)
FN:116,(anonymous_10)
FN:118,(anonymous_11)
FN:122,(anonymous_12)
FN:125,(anonymous_13)
FN:136,(anonymous_14)
FN:155,(anonymous_15)
FN:164,(anonymous_16)
FN:246,(anonymous_17)
FN:258,(anonymous_18)
FN:260,(anonymous_19)
FN:267,(anonymous_20)
FN:278,(anonymous_21)
FN:288,(anonymous_22)
FNF:23
FNH:7
FNDA:0,(anonymous_0)
FNDA:0,(anonymous_1)
FNDA:0,(anonymous_2)
FNDA:0,(anonymous_3)
FNDA:1,(anonymous_4)
FNDA:1,(anonymous_5)
FNDA:0,(anonymous_6)
FNDA:0,(anonymous_7)
FNDA:1,(anonymous_8)
FNDA:1,(anonymous_9)
FNDA:0,(anonymous_10)
FNDA:0,(anonymous_11)
FNDA:0,(anonymous_12)
FNDA:6,(anonymous_13)
FNDA:1,(anonymous_14)
FNDA:5,(anonymous_15)
FNDA:0,(anonymous_16)
FNDA:0,(anonymous_17)
FNDA:0,(anonymous_18)
FNDA:0,(anonymous_19)
FNDA:0,(anonymous_20)
FNDA:0,(anonymous_21)
FNDA:0,(anonymous_22)
DA:9,4
DA:10,0
DA:11,0
DA:13,0
DA:14,0
DA:15,0
DA:16,0
DA:17,0
DA:19,0
DA:22,4
DA:23,1
DA:24,1
DA:25,1
DA:26,1
DA:28,1
DA:29,1
DA:31,1
DA:33,1
DA:41,1
DA:42,1
DA:43,1
DA:45,1
DA:46,1
DA:47,1
DA:48,1
DA:49,1
DA:52,1
DA:55,0
DA:56,0
DA:57,0
DA:58,0
DA:59,0
DA:60,0
DA:62,0
DA:63,0
DA:64,0
DA:65,0
DA:66,0
DA:67,0
DA:68,0
DA:71,0
DA:75,0
DA:76,0
DA:77,0
DA:78,0
DA:79,0
DA:80,0
DA:81,0
DA:84,0
DA:86,0
DA:87,0
DA:88,0
DA:90,0
DA:96,1
DA:97,0
DA:98,0
DA:99,0
DA:100,0
DA:101,0
DA:104,0
DA:108,1
DA:109,1
DA:113,1
DA:114,1
DA:115,1
DA:116,0
DA:117,0
DA:118,0
DA:121,0
DA:122,0
DA:125,1
DA:126,6
DA:133,6
DA:136,1
DA:137,1
DA:139,1
DA:156,5
DA:157,5
DA:159,5
DA:164,0
DA:247,0
DA:258,0
DA:261,0
DA:262,0
DA:263,0
DA:267,0
DA:278,0
DA:288,0
LF:88
LH:34
BRDA:43,0,0,1
BRDA:43,0,1,0
BRDA:46,1,0,1
BRDA:46,1,1,0
BRDA:62,2,0,0
BRDA:62,2,1,0
BRDA:63,3,0,0
BRDA:63,3,1,0
BRDA:65,4,0,0
BRDA:65,4,1,0
BRDA:75,5,0,0
BRDA:75,5,1,0
BRDA:77,6,0,0
BRDA:77,6,1,0
BRDA:87,7,0,0
BRDA:87,7,1,0
BRDA:97,8,0,0
BRDA:97,8,1,0
BRDA:98,9,0,0
BRDA:98,9,1,0
BRDA:115,10,0,1
BRDA:115,10,1,0
BRDA:117,11,0,0
BRDA:117,11,1,0
BRDA:133,12,0,6
BRDA:133,12,1,0
BRDA:163,13,0,1
BRDA:163,13,1,4
BRDA:166,14,0,1
BRDA:166,14,1,4
BRDA:177,15,0,1
BRDA:177,15,1,4
BRDA:222,16,0,0
BRDA:222,16,1,1
BRDA:227,17,0,0
BRDA:227,17,1,1
BRDA:232,18,0,0
BRDA:232,18,1,1
BRDA:240,19,0,0
BRDA:240,19,1,1
BRDA:252,20,0,0
BRDA:252,20,1,0
BRDA:288,21,0,0
BRDA:288,21,1,0
BRDA:293,22,0,0
BRDA:293,22,1,0
BRF:46
BRH:14
end_of_record
TN:
SF:src\pages\home\ResultsPage.jsx
FN:9,(anonymous_0)
FN:21,(anonymous_1)
FN:66,(anonymous_2)
FN:84,(anonymous_3)
FN:121,(anonymous_4)
FN:156,(anonymous_5)
FN:197,(anonymous_6)
FN:208,(anonymous_7)
FN:243,(anonymous_8)
FN:311,(anonymous_9)
FN:312,(anonymous_10)
FN:408,(anonymous_11)
FNF:12
FNH:7
FNDA:2,(anonymous_0)
FNDA:0,(anonymous_1)
FNDA:1,(anonymous_2)
FNDA:0,(anonymous_3)
FNDA:0,(anonymous_4)
FNDA:4,(anonymous_5)
FNDA:2,(anonymous_6)
FNDA:6,(anonymous_7)
FNDA:0,(anonymous_8)
FNDA:0,(anonymous_9)
FNDA:2,(anonymous_10)
FNDA:1,(anonymous_11)
DA:9,4
DA:10,2
DA:11,2
DA:12,2
DA:14,2
DA:15,2
DA:16,2
DA:17,2
DA:19,2
DA:21,2
DA:22,0
DA:23,0
DA:24,0
DA:25,0
DA:27,0
DA:28,0
DA:30,0
DA:33,0
DA:34,0
DA:36,0
DA:37,0
DA:43,0
DA:46,0
DA:47,0
DA:48,0
DA:51,0
DA:52,0
DA:53,0
DA:54,0
DA:56,0
DA:59,0
DA:61,0
DA:66,2
DA:67,1
DA:68,0
DA:69,0
DA:73,1
DA:74,1
DA:75,1
DA:78,0
DA:79,0
DA:84,2
DA:85,0
DA:87,0
DA:88,0
DA:90,0
DA:91,0
DA:92,0
DA:93,0
DA:95,0
DA:99,0
DA:101,0
DA:102,0
DA:103,0
DA:109,0
DA:110,0
DA:111,0
DA:114,0
DA:117,0
DA:121,0
DA:124,0
DA:133,0
DA:134,0
DA:135,0
DA:138,0
DA:140,0
DA:141,0
DA:142,0
DA:146,0
DA:147,0
DA:148,0
DA:151,0
DA:156,2
DA:157,4
DA:194,4
DA:197,2
DA:198,2
DA:205,2
DA:208,2
DA:209,6
DA:216,6
DA:219,2
DA:220,0
DA:227,2
DA:229,2
DA:243,0
DA:311,0
DA:313,2
DA:314,2
DA:409,1
LF:90
LH:31
BRDA:19,0,0,2
BRDA:19,0,1,0
BRDA:27,1,0,0
BRDA:27,1,1,0
BRDA:33,2,0,0
BRDA:33,2,1,0
BRDA:34,3,0,0
BRDA:34,3,1,0
BRDA:47,4,0,0
BRDA:47,4,1,0
BRDA:51,5,0,0
BRDA:51,5,1,0
BRDA:53,6,0,0
BRDA:53,6,1,0
BRDA:54,7,0,0
BRDA:54,7,1,0
BRDA:67,8,0,0
BRDA:67,8,1,1
BRDA:67,9,0,1
BRDA:67,9,1,1
BRDA:73,10,0,1
BRDA:73,10,1,0
BRDA:73,11,0,1
BRDA:73,11,1,1
BRDA:85,12,0,0
BRDA:85,12,1,0
BRDA:85,13,0,0
BRDA:85,13,1,0
BRDA:91,14,0,0
BRDA:91,14,1,0
BRDA:92,15,0,0
BRDA:92,15,1,0
BRDA:99,16,0,0
BRDA:99,16,1,0
BRDA:101,17,0,0
BRDA:101,17,1,0
BRDA:106,18,0,0
BRDA:106,18,1,0
BRDA:107,19,0,0
BRDA:107,19,1,0
BRDA:110,20,0,0
BRDA:110,20,1,0
BRDA:110,21,0,0
BRDA:110,21,1,0
BRDA:118,22,0,0
BRDA:118,22,1,0
BRDA:133,23,0,0
BRDA:133,23,1,0
BRDA:135,24,0,0
BRDA:135,24,1,0
BRDA:141,25,0,0
BRDA:141,25,1,0
BRDA:147,26,0,0
BRDA:147,26,1,0
BRDA:148,27,0,0
BRDA:148,27,1,0
BRDA:194,28,0,4
BRDA:194,28,1,0
BRDA:205,29,0,2
BRDA:205,29,1,0
BRDA:216,30,0,6
BRDA:216,30,1,0
BRDA:219,31,0,0
BRDA:219,31,1,2
BRDA:361,32,0,2
BRDA:361,32,1,1
BRDA:363,33,0,0
BRDA:363,33,1,1
BRDA:365,34,0,1
BRDA:365,34,1,1
BRDA:367,35,0,0
BRDA:367,35,1,1
BRDA:373,36,0,0
BRDA:373,36,1,1
BRDA:378,37,0,0
BRDA:378,37,1,1
BRDA:398,38,0,0
BRDA:398,38,1,2
BRDA:406,39,0,1
BRDA:406,39,1,1
BRDA:411,40,0,1
BRDA:411,40,1,1
BRF:82
BRH:24
end_of_record
TN:
SF:src\pages\home\SpotifyCallback.jsx
FN:10,(anonymous_0)
FN:16,(anonymous_1)
FN:37,(anonymous_2)
FN:50,(anonymous_3)
FN:80,(anonymous_4)
FN:100,(anonymous_5)
FN:114,(anonymous_6)
FNF:7
FNH:4
FNDA:2,(anonymous_0)
FNDA:2,(anonymous_1)
FNDA:0,(anonymous_2)
FNDA:1,(anonymous_3)
FNDA:1,(anonymous_4)
FNDA:0,(anonymous_5)
FNDA:0,(anonymous_6)
DA:10,5
DA:11,2
DA:12,2
DA:13,2
DA:16,2
DA:17,2
DA:18,2
DA:19,2
DA:20,2
DA:23,2
DA:24,0
DA:25,0
DA:26,0
DA:27,0
DA:30,0
DA:34,0
DA:35,0
DA:37,0
DA:38,0
DA:40,0
DA:44,2
DA:45,1
DA:47,1
DA:50,1
DA:51,1
DA:52,1
DA:53,1
DA:54,0
DA:56,1
DA:57,1
DA:58,1
DA:61,1
DA:62,1
DA:64,1
DA:65,1
DA:69,1
DA:70,1
DA:71,1
DA:72,1
DA:73,0
DA:75,0
DA:80,1
DA:81,1
DA:92,0
DA:93,0
DA:94,0
DA:98,0
DA:99,0
DA:100,0
DA:101,0
DA:106,1
DA:110,1
DA:111,1
DA:112,1
DA:113,1
DA:114,1
DA:115,0
DA:121,2
LF:58
LH:37
BRDA:23,0,0,0
BRDA:23,0,1,2
BRDA:23,1,0,2
BRDA:23,1,1,0
BRDA:26,2,0,0
BRDA:26,2,1,0
BRDA:27,3,0,0
BRDA:27,3,1,0
BRDA:34,4,0,0
BRDA:34,4,1,0
BRDA:44,5,0,1
BRDA:44,5,1,1
BRDA:44,6,0,2
BRDA:44,6,1,1
BRDA:53,7,0,0
BRDA:53,7,1,1
BRDA:58,8,0,0
BRDA:58,8,1,1
BRDA:64,9,0,1
BRDA:64,9,1,0
BRDA:72,10,0,0
BRDA:72,10,1,1
BRDA:93,11,0,0
BRDA:93,11,1,0
BRDA:98,12,0,0
BRDA:98,12,1,0
BRDA:110,13,0,1
BRDA:110,13,1,0
BRDA:110,14,0,1
BRDA:110,14,1,1
BRDA:110,14,2,1
BRDA:112,15,0,1
BRDA:112,15,1,1
BRF:33
BRH:16
end_of_record
