TN:
SF:src\App.js
FN:25,App
FNF:1
FNH:1
FNDA:3,App
DA:27,3
LF:1
LH:1
BRF:0
BRH:0
end_of_record
TN:
SF:src\index.js
FNF:0
FNH:0
DA:8,0
DA:10,0
DA:16,0
LF:3
LH:0
BRF:0
BRH:0
end_of_record
TN:
SF:src\reportWebVitals.js
FN:1,(anonymous_0)
FN:3,(anonymous_1)
FNF:2
FNH:0
FNDA:0,(anonymous_0)
FNDA:0,(anonymous_1)
DA:1,0
DA:2,0
DA:3,0
DA:4,0
DA:5,0
DA:6,0
DA:7,0
DA:8,0
LF:8
LH:0
BRDA:2,0,0,0
BRDA:2,0,1,0
BRDA:2,1,0,0
BRDA:2,1,1,0
BRF:4
BRH:0
end_of_record
TN:
SF:src\components\AuthForm.jsx
FNF:0
FNH:0
LF:0
LH:0
BRF:0
BRH:0
end_of_record
TN:
SF:src\components\Button.jsx
FN:6,Button
FNF:1
FNH:1
FNDA:105,Button
DA:7,105
DA:8,105
DA:9,105
DA:16,0
LF:4
LH:3
BRDA:6,0,0,0
BRDA:6,1,0,105
BRDA:8,2,0,105
BRDA:8,2,1,0
BRF:4
BRH:2
end_of_record
TN:
SF:src\components\RequireAuth.jsx
FN:8,RequireAuth
FN:13,(anonymous_1)
FN:14,(anonymous_2)
FNF:3
FNH:0
FNDA:0,RequireAuth
FNDA:0,(anonymous_1)
FNDA:0,(anonymous_2)
DA:9,0
DA:10,0
DA:11,0
DA:13,0
DA:14,0
DA:15,0
DA:18,0
DA:20,0
DA:21,0
DA:24,0
DA:25,0
DA:26,0
DA:27,0
DA:28,0
DA:32,0
DA:34,0
DA:37,0
DA:38,0
DA:39,0
DA:41,0
DA:42,0
DA:45,0
DA:48,0
DA:49,0
DA:51,0
DA:55,0
DA:59,0
DA:60,0
DA:83,0
DA:84,0
DA:85,0
DA:89,0
DA:90,0
LF:33
LH:0
BRDA:20,0,0,0
BRDA:20,0,1,0
BRDA:21,1,0,0
BRDA:21,1,1,0
BRDA:24,2,0,0
BRDA:24,2,1,0
BRDA:34,3,0,0
BRDA:34,3,1,0
BRDA:59,4,0,0
BRDA:59,4,1,0
BRDA:83,5,0,0
BRDA:83,5,1,0
BRF:12
BRH:0
end_of_record
TN:
SF:src\components\navbar.jsx
FN:10,Navbar
FN:13,(anonymous_1)
FN:21,(anonymous_2)
FN:21,(anonymous_3)
FN:28,(anonymous_4)
FN:29,(anonymous_5)
FN:60,(anonymous_6)
FN:65,(anonymous_7)
FN:68,(anonymous_8)
FN:82,(anonymous_9)
FN:96,(anonymous_10)
FN:100,(anonymous_11)
FN:102,(anonymous_12)
FN:106,(anonymous_13)
FN:110,(anonymous_14)
FN:221,(anonymous_15)
FN:230,(anonymous_16)
FN:238,(anonymous_17)
FN:239,(anonymous_18)
FN:244,(anonymous_19)
FN:247,(anonymous_20)
FN:269,(anonymous_21)
FN:273,(anonymous_22)
FN:274,(anonymous_23)
FN:277,(anonymous_24)
FNF:25
FNH:13
FNDA:25,Navbar
FNDA:10,(anonymous_1)
FNDA:2,(anonymous_2)
FNDA:2,(anonymous_3)
FNDA:10,(anonymous_4)
FNDA:10,(anonymous_5)
FNDA:0,(anonymous_6)
FNDA:10,(anonymous_7)
FNDA:0,(anonymous_8)
FNDA:0,(anonymous_9)
FNDA:75,(anonymous_10)
FNDA:14,(anonymous_11)
FNDA:1,(anonymous_12)
FNDA:2,(anonymous_13)
FNDA:10,(anonymous_14)
FNDA:1,(anonymous_15)
FNDA:0,(anonymous_16)
FNDA:0,(anonymous_17)
FNDA:0,(anonymous_18)
FNDA:0,(anonymous_19)
FNDA:0,(anonymous_20)
FNDA:0,(anonymous_21)
FNDA:0,(anonymous_22)
FNDA:0,(anonymous_23)
FNDA:0,(anonymous_24)
DA:11,25
DA:13,25
DA:14,10
DA:15,10
DA:17,10
DA:19,25
DA:21,25
DA:23,25
DA:24,25
DA:25,25
DA:28,25
DA:29,10
DA:31,10
DA:32,0
DA:35,10
DA:36,10
DA:39,10
DA:40,0
DA:41,0
DA:42,0
DA:43,0
DA:44,0
DA:46,0
DA:48,0
DA:49,0
DA:53,10
DA:57,10
DA:60,10
DA:61,0
DA:64,10
DA:65,10
DA:68,25
DA:71,0
DA:72,0
DA:73,0
DA:82,25
DA:83,0
DA:84,0
DA:86,0
DA:88,0
DA:89,0
DA:91,0
DA:93,0
DA:96,25
DA:97,75
DA:100,25
DA:101,14
DA:102,2
DA:103,1
DA:105,2
DA:106,2
DA:110,25
DA:111,10
DA:112,10
DA:113,0
DA:114,0
DA:117,0
DA:118,0
DA:119,0
DA:120,0
DA:123,0
DA:127,25
DA:221,1
DA:231,0
DA:232,0
DA:238,0
DA:239,0
DA:244,0
DA:247,0
DA:269,0
DA:273,0
DA:274,0
DA:277,0
LF:73
LH:36
BRDA:17,0,0,10
BRDA:17,0,1,0
BRDA:31,1,0,0
BRDA:31,1,1,10
BRDA:39,2,0,0
BRDA:39,2,1,10
BRDA:39,3,0,10
BRDA:39,3,1,0
BRDA:46,4,0,0
BRDA:46,4,1,0
BRDA:53,5,0,10
BRDA:53,5,1,0
BRDA:83,6,0,0
BRDA:83,6,1,0
BRDA:83,7,0,0
BRDA:83,7,1,0
BRDA:83,7,2,0
BRDA:83,7,3,0
BRDA:88,8,0,0
BRDA:88,8,1,0
BRDA:97,9,0,0
BRDA:97,9,1,75
BRDA:101,10,0,12
BRDA:101,10,1,2
BRDA:103,11,0,1
BRDA:103,11,1,0
BRDA:112,12,0,0
BRDA:112,12,1,10
BRDA:112,13,0,10
BRDA:112,13,1,10
BRDA:112,13,2,0
BRDA:112,13,3,0
BRDA:112,13,4,0
BRDA:113,14,0,0
BRDA:113,14,1,0
BRDA:141,15,0,0
BRDA:141,15,1,25
BRDA:153,16,0,4
BRDA:153,16,1,21
BRDA:163,17,0,0
BRDA:163,17,1,25
BRDA:170,18,0,0
BRDA:170,18,1,0
BRDA:171,19,0,0
BRDA:171,19,1,0
BRDA:175,20,0,0
BRDA:175,20,1,0
BRDA:197,21,0,0
BRDA:197,21,1,25
BRDA:201,22,0,0
BRDA:201,22,1,25
BRDA:220,23,0,4
BRDA:220,23,1,21
BRDA:225,24,0,4
BRDA:225,24,1,21
BRDA:242,25,0,0
BRDA:242,25,1,25
BRDA:248,26,0,0
BRDA:248,26,1,0
BRDA:252,27,0,0
BRDA:252,27,1,0
BRDA:278,28,0,0
BRDA:278,28,1,25
BRDA:282,29,0,0
BRDA:282,29,1,25
BRF:65
BRH:25
end_of_record
TN:
SF:src\components\auth\AuthForm.jsx
FN:20,(anonymous_0)
FN:35,(anonymous_1)
FNF:2
FNH:2
FNDA:38,(anonymous_0)
FNDA:9,(anonymous_1)
DA:20,8
DA:35,38
DA:36,9
DA:37,9
DA:40,38
LF:5
LH:5
BRDA:25,0,0,1
BRDA:27,1,0,0
BRDA:28,2,0,1
BRDA:29,3,0,1
BRDA:33,4,0,1
BRDA:44,5,0,38
BRDA:44,5,1,0
BRDA:51,6,0,38
BRDA:51,6,1,0
BRDA:63,7,0,38
BRDA:63,7,1,38
BRDA:64,8,0,8
BRDA:64,8,1,30
BRDA:66,9,0,0
BRDA:66,9,1,38
BRDA:69,10,0,38
BRDA:69,10,1,37
BRDA:69,10,2,37
BRDA:69,10,3,37
BRF:19
BRH:15
end_of_record
TN:
SF:src\components\auth\SignInForm.jsx
FN:8,(anonymous_0)
FN:23,(anonymous_1)
FN:28,(anonymous_2)
FN:59,(anonymous_3)
FN:61,(anonymous_4)
FN:73,(anonymous_5)
FN:75,(anonymous_6)
FN:79,(anonymous_7)
FN:98,(anonymous_8)
FNF:9
FNH:6
FNDA:17,(anonymous_0)
FNDA:13,(anonymous_1)
FNDA:0,(anonymous_2)
FNDA:6,(anonymous_3)
FNDA:6,(anonymous_4)
FNDA:0,(anonymous_5)
FNDA:0,(anonymous_6)
FNDA:4,(anonymous_7)
FNDA:4,(anonymous_8)
DA:8,6
DA:13,17
DA:18,17
DA:19,17
DA:20,17
DA:23,17
DA:24,13
DA:28,17
DA:29,0
DA:31,0
DA:33,0
DA:34,0
DA:35,0
DA:36,0
DA:38,0
DA:40,0
DA:43,0
DA:44,0
DA:45,0
DA:46,0
DA:48,0
DA:50,0
DA:53,0
DA:56,0
DA:59,17
DA:60,6
DA:61,6
DA:67,6
DA:68,0
DA:73,17
DA:74,0
DA:75,0
DA:76,0
DA:79,17
DA:80,4
DA:82,4
DA:83,1
DA:84,3
DA:85,1
DA:88,4
DA:89,1
DA:90,3
DA:91,1
DA:94,4
DA:95,4
DA:98,17
DA:99,4
DA:100,4
DA:101,4
DA:103,4
DA:104,1
DA:108,17
LF:52
LH:32
BRDA:10,0,0,0
BRDA:24,1,0,13
BRDA:24,1,1,6
BRDA:31,2,0,0
BRDA:31,2,1,0
BRDA:31,2,2,0
BRDA:33,3,0,0
BRDA:33,3,1,0
BRDA:35,4,0,0
BRDA:35,4,1,0
BRDA:43,5,0,0
BRDA:43,5,1,0
BRDA:45,6,0,0
BRDA:45,6,1,0
BRDA:67,7,0,0
BRDA:67,7,1,6
BRDA:67,8,0,6
BRDA:67,8,1,6
BRDA:82,9,0,1
BRDA:82,9,1,3
BRDA:84,10,0,1
BRDA:84,10,1,2
BRDA:88,11,0,1
BRDA:88,11,1,3
BRDA:90,12,0,1
BRDA:90,12,1,2
BRDA:103,13,0,1
BRDA:103,13,1,3
BRDA:114,14,0,0
BRDA:114,14,1,17
BRDA:115,15,0,17
BRDA:115,15,1,6
BRDA:130,16,0,4
BRDA:130,16,1,13
BRDA:130,17,0,17
BRDA:130,17,1,13
BRDA:142,18,0,4
BRDA:142,18,1,13
BRDA:142,19,0,17
BRDA:142,19,1,13
BRF:40
BRH:26
end_of_record
TN:
SF:src\components\auth\SignUpForm.jsx
FN:9,(anonymous_0)
FN:34,(anonymous_1)
FN:82,(anonymous_2)
FN:84,(anonymous_3)
FN:96,(anonymous_4)
FN:98,(anonymous_5)
FN:103,(anonymous_6)
FN:139,(anonymous_7)
FN:157,(anonymous_8)
FNF:9
FNH:6
FNDA:20,(anonymous_0)
FNDA:0,(anonymous_1)
FNDA:12,(anonymous_2)
FNDA:12,(anonymous_3)
FNDA:0,(anonymous_4)
FNDA:0,(anonymous_5)
FNDA:4,(anonymous_6)
FNDA:4,(anonymous_7)
FNDA:40,(anonymous_8)
DA:9,4
DA:15,20
DA:23,20
DA:24,20
DA:25,20
DA:28,20
DA:34,20
DA:35,0
DA:37,0
DA:39,0
DA:40,0
DA:42,0
DA:44,0
DA:47,0
DA:48,0
DA:49,0
DA:50,0
DA:52,0
DA:54,0
DA:57,0
DA:58,0
DA:60,0
DA:62,0
DA:65,0
DA:66,0
DA:67,0
DA:68,0
DA:70,0
DA:72,0
DA:75,0
DA:78,0
DA:82,20
DA:83,12
DA:84,12
DA:90,12
DA:91,0
DA:96,20
DA:97,0
DA:98,0
DA:99,0
DA:103,20
DA:104,4
DA:107,4
DA:108,1
DA:109,3
DA:110,0
DA:114,4
DA:115,1
DA:116,3
DA:117,0
DA:121,4
DA:122,1
DA:123,3
DA:124,1
DA:128,4
DA:129,1
DA:130,3
DA:131,1
DA:134,4
DA:135,4
DA:139,20
DA:140,4
DA:141,4
DA:142,4
DA:149,4
DA:150,1
DA:151,1
DA:152,1
DA:157,20
DA:158,40
DA:166,20
LF:71
LH:41
BRDA:11,0,0,0
BRDA:37,1,0,0
BRDA:37,1,1,0
BRDA:37,1,2,0
BRDA:37,1,3,0
BRDA:37,1,4,0
BRDA:39,2,0,0
BRDA:39,2,1,0
BRDA:47,3,0,0
BRDA:47,3,1,0
BRDA:49,4,0,0
BRDA:49,4,1,0
BRDA:57,5,0,0
BRDA:57,5,1,0
BRDA:65,6,0,0
BRDA:65,6,1,0
BRDA:67,7,0,0
BRDA:67,7,1,0
BRDA:90,8,0,0
BRDA:90,8,1,12
BRDA:90,9,0,12
BRDA:90,9,1,12
BRDA:107,10,0,1
BRDA:107,10,1,3
BRDA:109,11,0,0
BRDA:109,11,1,3
BRDA:114,12,0,1
BRDA:114,12,1,3
BRDA:116,13,0,0
BRDA:116,13,1,3
BRDA:121,14,0,1
BRDA:121,14,1,3
BRDA:123,15,0,1
BRDA:123,15,1,2
BRDA:128,16,0,1
BRDA:128,16,1,3
BRDA:130,17,0,1
BRDA:130,17,1,2
BRDA:149,18,0,1
BRDA:149,18,1,3
BRDA:158,19,0,40
BRDA:158,19,1,30
BRDA:158,19,2,24
BRDA:158,19,3,18
BRDA:158,19,4,12
BRDA:158,19,5,8
BRDA:172,20,0,20
BRDA:172,20,1,2
BRDA:174,21,0,0
BRDA:174,21,1,20
BRDA:187,22,0,4
BRDA:187,22,1,16
BRDA:187,23,0,20
BRDA:187,23,1,16
BRDA:200,24,0,4
BRDA:200,24,1,16
BRDA:200,25,0,20
BRDA:200,25,1,16
BRDA:213,26,0,4
BRDA:213,26,1,16
BRDA:213,27,0,20
BRDA:213,27,1,16
BRDA:216,28,0,20
BRDA:216,28,1,11
BRDA:226,29,0,4
BRDA:226,29,1,16
BRDA:226,30,0,20
BRDA:226,30,1,16
BRDA:232,31,0,20
BRDA:232,31,1,11
BRDA:232,31,2,10
BRF:71
BRH:49
end_of_record
TN:
SF:src\components\emotion\CameraCapture.jsx
FN:5,(anonymous_0)
FN:17,(anonymous_1)
FN:24,(anonymous_2)
FN:48,(anonymous_3)
FN:53,(anonymous_4)
FN:74,(anonymous_5)
FN:77,(anonymous_6)
FN:85,(anonymous_7)
FN:89,(anonymous_8)
FN:100,(anonymous_9)
FN:132,(anonymous_10)
FN:137,(anonymous_11)
FN:141,(anonymous_12)
FN:146,(anonymous_13)
FN:156,(anonymous_14)
FNF:15
FNH:0
FNDA:0,(anonymous_0)
FNDA:0,(anonymous_1)
FNDA:0,(anonymous_2)
FNDA:0,(anonymous_3)
FNDA:0,(anonymous_4)
FNDA:0,(anonymous_5)
FNDA:0,(anonymous_6)
FNDA:0,(anonymous_7)
FNDA:0,(anonymous_8)
FNDA:0,(anonymous_9)
FNDA:0,(anonymous_10)
FNDA:0,(anonymous_11)
FNDA:0,(anonymous_12)
FNDA:0,(anonymous_13)
FNDA:0,(anonymous_14)
DA:5,3
DA:6,0
DA:7,0
DA:8,0
DA:9,0
DA:11,0
DA:12,0
DA:14,0
DA:17,0
DA:18,0
DA:19,0
DA:20,0
DA:23,0
DA:24,0
DA:25,0
DA:28,0
DA:37,0
DA:38,0
DA:39,0
DA:40,0
DA:42,0
DA:43,0
DA:44,0
DA:48,0
DA:49,0
DA:51,0
DA:52,0
DA:53,0
DA:54,0
DA:55,0
DA:57,0
DA:61,0
DA:63,0
DA:64,0
DA:65,0
DA:66,0
DA:67,0
DA:74,0
DA:76,0
DA:77,0
DA:79,0
DA:85,0
DA:86,0
DA:87,0
DA:89,0
DA:90,0
DA:92,0
DA:94,0
DA:100,0
DA:101,0
DA:102,0
DA:103,0
DA:106,0
DA:107,0
DA:110,0
DA:111,0
DA:112,0
DA:116,0
DA:117,0
DA:120,0
DA:121,0
DA:124,0
DA:126,0
DA:129,0
DA:132,0
DA:133,0
DA:137,0
DA:138,0
DA:139,0
DA:141,0
DA:142,0
DA:146,0
DA:147,0
DA:148,0
DA:150,0
DA:152,0
DA:156,0
DA:157,0
DA:158,0
DA:161,0
LF:80
LH:1
BRDA:23,0,0,0
BRDA:23,0,1,0
BRDA:52,1,0,0
BRDA:52,1,1,0
BRDA:63,2,0,0
BRDA:63,2,1,0
BRDA:86,3,0,0
BRDA:86,3,1,0
BRDA:86,4,0,0
BRDA:86,4,1,0
BRDA:86,4,2,0
BRDA:92,5,0,0
BRDA:92,5,1,0
BRDA:92,6,0,0
BRDA:92,6,1,0
BRDA:101,7,0,0
BRDA:101,7,1,0
BRDA:101,8,0,0
BRDA:101,8,1,0
BRDA:110,9,0,0
BRDA:110,9,1,0
BRDA:147,10,0,0
BRDA:147,10,1,0
BRDA:168,11,0,0
BRDA:168,11,1,0
BRDA:184,12,0,0
BRDA:184,12,1,0
BRDA:196,13,0,0
BRDA:196,13,1,0
BRDA:201,14,0,0
BRDA:201,14,1,0
BRDA:227,15,0,0
BRDA:227,15,1,0
BRDA:227,15,2,0
BRDA:227,15,3,0
BRDA:235,16,0,0
BRDA:235,16,1,0
BRDA:258,17,0,0
BRDA:258,17,1,0
BRDA:258,17,2,0
BRF:40
BRH:0
end_of_record
TN:
SF:src\components\emotion\EmotionAnalyzer.jsx
FN:14,(anonymous_0)
FN:27,(anonymous_1)
FN:32,(anonymous_2)
FN:40,(anonymous_3)
FN:123,(anonymous_4)
FN:145,(anonymous_5)
FN:162,(anonymous_6)
FN:166,(anonymous_7)
FN:197,(anonymous_8)
FN:203,(anonymous_9)
FN:210,(anonymous_10)
FN:215,(anonymous_11)
FN:272,(anonymous_12)
FN:296,(anonymous_13)
FN:324,(anonymous_14)
FNF:15
FNH:0
FNDA:0,(anonymous_0)
FNDA:0,(anonymous_1)
FNDA:0,(anonymous_2)
FNDA:0,(anonymous_3)
FNDA:0,(anonymous_4)
FNDA:0,(anonymous_5)
FNDA:0,(anonymous_6)
FNDA:0,(anonymous_7)
FNDA:0,(anonymous_8)
FNDA:0,(anonymous_9)
FNDA:0,(anonymous_10)
FNDA:0,(anonymous_11)
FNDA:0,(anonymous_12)
FNDA:0,(anonymous_13)
FNDA:0,(anonymous_14)
DA:14,3
DA:15,0
DA:16,0
DA:17,0
DA:20,0
DA:22,0
DA:23,0
DA:24,0
DA:27,0
DA:28,0
DA:32,0
DA:33,0
DA:34,0
DA:35,0
DA:40,0
DA:42,0
DA:43,0
DA:44,0
DA:47,0
DA:48,0
DA:50,0
DA:52,0
DA:53,0
DA:54,0
DA:55,0
DA:56,0
DA:59,0
DA:60,0
DA:61,0
DA:66,0
DA:69,0
DA:71,0
DA:73,0
DA:74,0
DA:75,0
DA:77,0
DA:78,0
DA:82,0
DA:83,0
DA:93,0
DA:98,0
DA:99,0
DA:102,0
DA:106,0
DA:117,0
DA:119,0
DA:120,0
DA:121,0
DA:123,0
DA:124,0
DA:126,0
DA:129,0
DA:130,0
DA:137,0
DA:138,0
DA:139,0
DA:144,0
DA:145,0
DA:146,0
DA:147,0
DA:148,0
DA:149,0
DA:150,0
DA:151,0
DA:153,0
DA:154,0
DA:155,0
DA:156,0
DA:162,0
DA:163,0
DA:166,0
DA:167,0
DA:168,0
DA:169,0
DA:170,0
DA:171,0
DA:173,0
DA:176,0
DA:177,0
DA:178,0
DA:181,0
DA:182,0
DA:183,0
DA:187,0
DA:192,0
DA:195,0
DA:197,0
DA:198,0
DA:199,0
DA:203,0
DA:204,0
DA:206,0
DA:207,0
DA:210,0
DA:211,0
DA:212,0
DA:215,0
DA:216,0
DA:220,0
DA:221,0
DA:273,0
DA:274,0
DA:275,0
DA:276,0
DA:278,0
DA:280,0
DA:296,0
DA:324,0
DA:356,0
DA:357,0
DA:373,0
DA:374,0
DA:385,0
DA:386,0
DA:397,0
LF:115
LH:1
BRDA:28,0,0,0
BRDA:28,0,1,0
BRDA:33,1,0,0
BRDA:33,1,1,0
BRDA:42,2,0,0
BRDA:42,2,1,0
BRDA:42,3,0,0
BRDA:42,3,1,0
BRDA:55,4,0,0
BRDA:55,4,1,0
BRDA:59,5,0,0
BRDA:59,5,1,0
BRDA:74,6,0,0
BRDA:74,6,1,0
BRDA:74,7,0,0
BRDA:74,7,1,0
BRDA:77,8,0,0
BRDA:77,8,1,0
BRDA:77,9,0,0
BRDA:77,9,1,0
BRDA:88,10,0,0
BRDA:88,10,1,0
BRDA:98,11,0,0
BRDA:98,11,1,0
BRDA:99,12,0,0
BRDA:99,12,1,0
BRDA:112,13,0,0
BRDA:112,13,1,0
BRDA:119,14,0,0
BRDA:119,14,1,0
BRDA:120,15,0,0
BRDA:120,15,1,0
BRDA:129,16,0,0
BRDA:129,16,1,0
BRDA:131,17,0,0
BRDA:131,17,1,0
BRDA:146,18,0,0
BRDA:146,18,1,0
BRDA:150,19,0,0
BRDA:150,19,1,0
BRDA:150,20,0,0
BRDA:150,20,1,0
BRDA:169,21,0,0
BRDA:169,21,1,0
BRDA:170,22,0,0
BRDA:170,22,1,0
BRDA:176,23,0,0
BRDA:176,23,1,0
BRDA:178,24,0,0
BRDA:178,24,1,0
BRDA:181,25,0,0
BRDA:181,25,1,0
BRDA:187,26,0,0
BRDA:187,26,1,0
BRDA:199,27,0,0
BRDA:199,27,1,0
BRDA:220,28,0,0
BRDA:220,28,1,0
BRDA:220,29,0,0
BRDA:220,29,1,0
BRDA:258,30,0,0
BRDA:258,30,1,0
BRDA:295,31,0,0
BRDA:295,31,1,0
BRDA:296,32,0,0
BRDA:296,32,1,0
BRDA:310,33,0,0
BRDA:310,33,1,0
BRDA:323,34,0,0
BRDA:323,34,1,0
BRDA:324,35,0,0
BRDA:324,35,1,0
BRDA:339,36,0,0
BRDA:339,36,1,0
BRDA:356,37,0,0
BRDA:356,37,1,0
BRDA:373,38,0,0
BRDA:373,38,1,0
BRDA:385,39,0,0
BRDA:385,39,1,0
BRF:80
BRH:0
end_of_record
TN:
SF:src\components\emotion\PhotoUpload.jsx
FN:5,(anonymous_0)
FN:17,(anonymous_1)
FN:36,(anonymous_2)
FN:43,(anonymous_3)
FN:49,(anonymous_4)
FN:56,(anonymous_5)
FN:61,(anonymous_6)
FN:66,(anonymous_7)
FN:76,(anonymous_8)
FN:80,(anonymous_9)
FN:89,(anonymous_10)
FNF:11
FNH:0
FNDA:0,(anonymous_0)
FNDA:0,(anonymous_1)
FNDA:0,(anonymous_2)
FNDA:0,(anonymous_3)
FNDA:0,(anonymous_4)
FNDA:0,(anonymous_5)
FNDA:0,(anonymous_6)
FNDA:0,(anonymous_7)
FNDA:0,(anonymous_8)
FNDA:0,(anonymous_9)
FNDA:0,(anonymous_10)
DA:5,3
DA:7,0
DA:8,0
DA:9,0
DA:10,0
DA:12,0
DA:17,0
DA:19,0
DA:20,0
DA:21,0
DA:22,0
DA:26,0
DA:27,0
DA:28,0
DA:29,0
DA:32,0
DA:33,0
DA:36,0
DA:37,0
DA:39,0
DA:42,0
DA:43,0
DA:44,0
DA:46,0
DA:49,0
DA:50,0
DA:51,0
DA:52,0
DA:56,0
DA:57,0
DA:58,0
DA:61,0
DA:62,0
DA:63,0
DA:66,0
DA:67,0
DA:68,0
DA:70,0
DA:71,0
DA:72,0
DA:76,0
DA:77,0
DA:80,0
DA:81,0
DA:82,0
DA:83,0
DA:84,0
DA:85,0
DA:89,0
DA:90,0
DA:92,0
DA:95,0
LF:52
LH:1
BRDA:5,0,0,0
BRDA:20,1,0,0
BRDA:20,1,1,0
BRDA:27,2,0,0
BRDA:27,2,1,0
BRDA:37,3,0,0
BRDA:37,3,1,0
BRDA:51,4,0,0
BRDA:51,4,1,0
BRDA:71,5,0,0
BRDA:71,5,1,0
BRDA:84,6,0,0
BRDA:84,6,1,0
BRDA:90,7,0,0
BRDA:90,7,1,0
BRDA:102,8,0,0
BRDA:102,8,1,0
BRDA:118,9,0,0
BRDA:118,9,1,0
BRDA:130,10,0,0
BRDA:130,10,1,0
BRDA:145,11,0,0
BRDA:145,11,1,0
BRDA:169,12,0,0
BRDA:169,12,1,0
BRDA:181,13,0,0
BRDA:181,13,1,0
BRDA:181,13,2,0
BRDA:198,14,0,0
BRDA:198,14,1,0
BRF:30
BRH:0
end_of_record
TN:
SF:src\components\emotion\index.js
FNF:0
FNH:0
LF:0
LH:0
BRF:0
BRH:0
end_of_record
TN:
SF:src\components\flash\FlashBanner.jsx
FN:5,FlashBanner
FNF:1
FNH:1
FNDA:3,FlashBanner
DA:6,3
DA:7,3
DA:9,0
DA:11,0
LF:4
LH:2
BRDA:7,0,0,3
BRDA:7,0,1,0
BRDA:7,1,0,3
BRDA:7,1,1,3
BRF:4
BRH:3
end_of_record
TN:
SF:src\components\flash\FlashContext.jsx
FN:5,(anonymous_0)
FN:7,(anonymous_1)
FN:10,(anonymous_2)
FN:13,(anonymous_3)
FN:17,(anonymous_4)
FNF:5
FNH:2
FNDA:40,(anonymous_0)
FNDA:4,(anonymous_1)
FNDA:0,(anonymous_2)
FNDA:0,(anonymous_3)
FNDA:0,(anonymous_4)
DA:3,9
DA:5,40
DA:7,9
DA:8,4
DA:10,4
DA:11,0
DA:12,0
DA:13,0
DA:17,4
DA:19,4
LF:10
LH:7
BRDA:10,0,0,0
BRDA:10,1,0,0
BRDA:12,2,0,0
BRDA:12,2,1,0
BRF:4
BRH:0
end_of_record
TN:
SF:src\components\layout\GlassCard.jsx
FN:13,(anonymous_0)
FNF:1
FNH:1
FNDA:51,(anonymous_0)
DA:13,7
DA:23,51
DA:24,51
DA:25,51
DA:27,51
DA:35,51
LF:6
LH:6
BRDA:14,0,0,0
BRDA:15,1,0,2
BRDA:16,2,0,51
BRDA:17,3,0,51
BRDA:19,4,0,40
BRDA:23,5,0,33
BRDA:23,5,1,18
BRDA:24,6,0,0
BRDA:24,6,1,51
BRDA:25,7,0,0
BRDA:25,7,1,51
BRF:11
BRH:8
end_of_record
TN:
SF:src\components\navbar\HomeNavbar.jsx
FN:9,(anonymous_0)
FN:14,(anonymous_1)
FN:90,(anonymous_2)
FNF:3
FNH:0
FNDA:0,(anonymous_0)
FNDA:0,(anonymous_1)
FNDA:0,(anonymous_2)
DA:9,3
DA:10,0
DA:11,0
DA:12,0
DA:14,0
DA:15,0
DA:16,0
DA:24,0
DA:80,0
DA:91,0
DA:92,0
LF:11
LH:1
BRDA:96,0,0,0
BRDA:96,0,1,0
BRDA:119,1,0,0
BRDA:119,1,1,0
BRDA:120,2,0,0
BRDA:120,2,1,0
BRDA:122,3,0,0
BRDA:122,3,1,0
BRF:8
BRH:0
end_of_record
TN:
SF:src\components\sidebar\Sidebar.jsx
FN:8,(anonymous_0)
FN:20,(anonymous_1)
FN:22,(anonymous_2)
FN:125,(anonymous_3)
FN:132,(anonymous_4)
FNF:5
FNH:0
FNDA:0,(anonymous_0)
FNDA:0,(anonymous_1)
FNDA:0,(anonymous_2)
FNDA:0,(anonymous_3)
FNDA:0,(anonymous_4)
DA:8,3
DA:9,0
DA:10,0
DA:11,0
DA:12,0
DA:15,0
DA:18,0
DA:20,0
DA:22,0
DA:23,0
DA:24,0
DA:25,0
DA:27,0
DA:29,0
DA:33,0
DA:89,0
DA:126,0
DA:127,0
DA:132,0
LF:19
LH:1
BRDA:18,0,0,0
BRDA:18,0,1,0
BRDA:93,1,0,0
BRDA:93,1,1,0
BRDA:103,2,0,0
BRDA:103,2,1,0
BRDA:111,3,0,0
BRDA:111,3,1,0
BRDA:131,4,0,0
BRDA:131,4,1,0
BRDA:148,5,0,0
BRDA:148,5,1,0
BRDA:149,6,0,0
BRDA:149,6,1,0
BRDA:154,7,0,0
BRDA:154,7,1,0
BRDA:166,8,0,0
BRDA:166,8,1,0
BRF:18
BRH:0
end_of_record
TN:
SF:src\components\ui\Button.jsx
FN:18,(anonymous_0)
FNF:1
FNH:1
FNDA:47,(anonymous_0)
DA:18,9
DA:29,47
DA:30,47
DA:38,47
DA:39,0
DA:52,47
LF:6
LH:5
BRDA:19,0,0,38
BRDA:20,1,0,38
BRDA:21,2,0,0
BRDA:26,3,0,0
BRDA:38,4,0,0
BRDA:38,4,1,47
BRF:6
BRH:3
end_of_record
TN:
SF:src\components\ui\Input.jsx
FN:22,(anonymous_0)
FNF:1
FNH:1
FNDA:141,(anonymous_0)
DA:22,8
DA:40,141
DA:42,141
DA:86,8
LF:4
LH:4
BRDA:23,0,0,38
BRDA:32,1,0,0
BRDA:33,2,0,141
BRDA:34,3,0,84
BRDA:35,4,0,141
BRDA:36,5,0,84
BRDA:40,6,0,141
BRDA:40,6,1,0
BRDA:40,7,0,0
BRDA:40,7,1,0
BRDA:44,8,0,141
BRDA:44,8,1,141
BRDA:47,9,0,141
BRDA:47,9,1,141
BRDA:63,10,0,13
BRDA:63,10,1,128
BRDA:65,11,0,13
BRDA:65,11,1,128
BRDA:70,12,0,141
BRDA:70,12,1,57
BRDA:77,13,0,141
BRDA:77,13,1,13
BRF:22
BRH:18
end_of_record
TN:
SF:src\components\ui\PasswordInput.jsx
FN:20,(anonymous_0)
FN:44,(anonymous_1)
FNF:2
FNH:1
FNDA:57,(anonymous_0)
FNDA:0,(anonymous_1)
DA:20,7
DA:35,57
DA:38,57
DA:41,57
DA:42,57
DA:44,57
DA:45,0
DA:46,0
DA:47,0
DA:49,0
DA:54,57
DA:57,57
DA:58,0
DA:62,57
DA:66,57
LF:15
LH:10
BRDA:23,0,0,0
BRDA:25,1,0,0
BRDA:27,2,0,57
BRDA:30,3,0,57
BRDA:31,4,0,37
BRDA:38,5,0,0
BRDA:38,5,1,57
BRDA:42,6,0,57
BRDA:42,6,1,0
BRDA:42,6,2,0
BRDA:46,7,0,0
BRDA:46,7,1,0
BRDA:57,8,0,0
BRDA:57,8,1,57
BRDA:57,9,0,57
BRDA:57,9,1,10
BRDA:62,10,0,0
BRDA:62,10,1,57
BRDA:63,11,0,0
BRDA:63,11,1,0
BRDA:71,12,0,0
BRDA:71,12,1,57
BRDA:78,13,0,57
BRDA:78,13,1,0
BRDA:83,14,0,0
BRDA:83,14,1,57
BRDA:86,15,0,0
BRDA:86,15,1,57
BRDA:87,16,0,0
BRDA:87,16,1,57
BRF:30
BRH:14
end_of_record
TN:
SF:src\components\ui\PasswordMatch.jsx
FN:14,(anonymous_0)
FNF:1
FNH:0
FNDA:0,(anonymous_0)
DA:14,0
DA:21,0
DA:22,0
DA:25,0
DA:27,0
LF:5
LH:0
BRDA:17,0,0,0
BRDA:18,1,0,0
BRDA:21,2,0,0
BRDA:21,2,1,0
BRDA:21,3,0,0
BRDA:21,3,1,0
BRDA:21,3,2,0
BRDA:28,4,0,0
BRDA:28,4,1,0
BRDA:29,5,0,0
BRDA:29,5,1,0
BRF:11
BRH:0
end_of_record
TN:
SF:src\components\ui\PasswordRequirements.jsx
FN:17,(anonymous_0)
FN:43,(anonymous_1)
FNF:2
FNH:2
FNDA:10,(anonymous_0)
FNDA:50,(anonymous_1)
DA:17,4
DA:22,10
DA:25,10
DA:28,10
DA:29,10
DA:32,10
DA:35,10
DA:36,10
DA:37,0
DA:38,10
DA:39,0
DA:43,10
DA:44,50
DA:46,50
DA:64,10
LF:15
LH:13
BRDA:19,0,0,0
BRDA:20,1,0,10
BRDA:22,2,0,0
BRDA:22,2,1,10
BRDA:36,3,0,0
BRDA:36,3,1,10
BRDA:38,4,0,0
BRDA:38,4,1,10
BRDA:44,5,0,0
BRDA:44,5,1,50
BRDA:49,6,0,0
BRDA:49,6,1,50
BRF:12
BRH:6
end_of_record
TN:
SF:src\constants\assets.js
FNF:0
FNH:0
DA:2,7
LF:1
LH:1
BRF:0
BRH:0
end_of_record
TN:
SF:src\contexts\ThemeContext.jsx
FN:5,(anonymous_0)
FN:13,(anonymous_1)
FN:14,(anonymous_2)
FN:24,(anonymous_3)
FN:36,(anonymous_4)
FN:37,(anonymous_5)
FNF:6
FNH:4
FNDA:25,(anonymous_0)
FNDA:22,(anonymous_1)
FNDA:22,(anonymous_2)
FNDA:22,(anonymous_3)
FNDA:0,(anonymous_4)
FNDA:0,(anonymous_5)
DA:3,10
DA:5,10
DA:6,25
DA:7,25
DA:8,0
DA:10,25
DA:13,10
DA:14,22
DA:16,22
DA:17,22
DA:18,9
DA:21,13
DA:24,22
DA:26,22
DA:27,0
DA:29,22
DA:33,22
DA:36,22
DA:37,0
DA:40,22
DA:45,22
LF:21
LH:18
BRDA:7,0,0,0
BRDA:7,0,1,25
BRDA:17,1,0,9
BRDA:17,1,1,13
BRDA:26,2,0,0
BRDA:26,2,1,22
BRF:6
BRH:4
end_of_record
TN:
SF:src\hooks\useApi.js
FN:3,(anonymous_0)
FN:7,(anonymous_1)
FNF:2
FNH:1
FNDA:2,(anonymous_0)
FNDA:0,(anonymous_1)
DA:3,5
DA:4,2
DA:5,2
DA:7,2
DA:8,0
DA:9,0
DA:10,0
DA:11,0
DA:12,0
DA:14,0
DA:15,0
DA:17,0
DA:21,2
LF:13
LH:5
BRDA:14,0,0,0
BRDA:14,0,1,0
BRF:2
BRH:0
end_of_record
TN:
SF:src\hooks\useAuth.js
FN:9,(anonymous_0)
FN:18,(anonymous_1)
FN:24,(anonymous_2)
FN:48,(anonymous_3)
FN:56,(anonymous_4)
FN:68,(anonymous_5)
FN:85,(anonymous_6)
FN:90,(anonymous_7)
FN:91,(anonymous_8)
FNF:9
FNH:0
FNDA:0,(anonymous_0)
FNDA:0,(anonymous_1)
FNDA:0,(anonymous_2)
FNDA:0,(anonymous_3)
FNDA:0,(anonymous_4)
FNDA:0,(anonymous_5)
FNDA:0,(anonymous_6)
FNDA:0,(anonymous_7)
FNDA:0,(anonymous_8)
DA:6,3
DA:9,3
DA:10,0
DA:11,0
DA:12,0
DA:14,0
DA:18,3
DA:19,0
DA:20,0
DA:21,0
DA:24,0
DA:25,0
DA:26,0
DA:27,0
DA:28,0
DA:29,0
DA:32,0
DA:33,0
DA:34,0
DA:36,0
DA:39,0
DA:40,0
DA:41,0
DA:43,0
DA:48,0
DA:49,0
DA:50,0
DA:51,0
DA:52,0
DA:56,0
DA:57,0
DA:58,0
DA:60,0
DA:62,0
DA:63,0
DA:64,0
DA:68,0
DA:69,0
DA:72,0
DA:81,0
DA:85,3
DA:86,0
DA:87,0
DA:88,0
DA:90,0
DA:91,0
DA:92,0
DA:93,0
DA:94,0
DA:95,0
DA:96,0
DA:99,0
DA:100,0
DA:102,0
DA:103,0
DA:105,0
DA:106,0
DA:109,0
DA:113,0
DA:116,0
LF:60
LH:4
BRDA:11,0,0,0
BRDA:11,0,1,0
BRDA:27,1,0,0
BRDA:27,1,1,0
BRDA:94,2,0,0
BRDA:94,2,1,0
BRDA:105,3,0,0
BRDA:105,3,1,0
BRDA:105,4,0,0
BRDA:105,4,1,0
BRF:10
BRH:0
end_of_record
TN:
SF:src\hooks\usePasswordValidation.js
FN:16,(anonymous_0)
FN:39,(anonymous_1)
FN:59,(anonymous_2)
FNF:3
FNH:0
FNDA:0,(anonymous_0)
FNDA:0,(anonymous_1)
FNDA:0,(anonymous_2)
DA:16,3
DA:26,0
DA:36,0
DA:39,0
DA:40,0
DA:42,0
DA:43,0
DA:44,0
DA:45,0
DA:46,0
DA:49,0
DA:50,0
DA:51,0
DA:52,0
DA:53,0
DA:55,0
DA:59,0
DA:61,0
DA:62,0
DA:63,0
DA:64,0
DA:65,0
DA:66,0
DA:69,0
DA:79,0
DA:80,0
DA:82,0
DA:93,0
LF:28
LH:1
BRDA:17,0,0,0
BRDA:18,1,0,0
BRDA:19,2,0,0
BRDA:20,3,0,0
BRDA:21,4,0,0
BRDA:22,5,0,0
BRDA:23,6,0,0
BRDA:42,7,0,0
BRDA:42,7,1,0
BRDA:43,8,0,0
BRDA:43,8,1,0
BRDA:43,9,0,0
BRDA:43,9,1,0
BRDA:44,10,0,0
BRDA:44,10,1,0
BRDA:44,11,0,0
BRDA:44,11,1,0
BRDA:45,12,0,0
BRDA:45,12,1,0
BRDA:45,13,0,0
BRDA:45,13,1,0
BRDA:46,14,0,0
BRDA:46,14,1,0
BRDA:46,15,0,0
BRDA:46,15,1,0
BRDA:50,16,0,0
BRDA:50,16,1,0
BRDA:51,17,0,0
BRDA:51,17,1,0
BRDA:52,18,0,0
BRDA:52,18,1,0
BRDA:53,19,0,0
BRDA:53,19,1,0
BRDA:62,20,0,0
BRDA:62,20,1,0
BRDA:63,21,0,0
BRDA:63,21,1,0
BRDA:64,22,0,0
BRDA:64,22,1,0
BRDA:65,23,0,0
BRDA:65,23,1,0
BRDA:66,24,0,0
BRDA:66,24,1,0
BRDA:79,25,0,0
BRDA:79,25,1,0
BRDA:79,25,2,0
BRDA:79,25,3,0
BRDA:79,25,4,0
BRDA:80,26,0,0
BRDA:80,26,1,0
BRDA:82,27,0,0
BRDA:82,27,1,0
BRF:52
BRH:0
end_of_record
TN:
SF:src\hooks\useTheme.js
FNF:0
FNH:0
LF:0
LH:0
BRF:0
BRH:0
end_of_record
TN:
SF:src\pages\AboutPage.jsx
FN:6,AboutPage
FN:7,(anonymous_1)
FN:9,(anonymous_2)
FNF:3
FNH:3
FNDA:1,AboutPage
FNDA:1,(anonymous_1)
FNDA:1,(anonymous_2)
DA:7,1
DA:8,1
DA:9,1
DA:10,1
DA:14,1
LF:5
LH:5
BRF:0
BRH:0
end_of_record
TN:
SF:src\pages\ContactPage.jsx
FN:9,ContactPage
FN:20,(anonymous_1)
FN:22,(anonymous_2)
FN:27,(anonymous_3)
FN:39,(anonymous_4)
FN:66,(anonymous_5)
FN:106,(anonymous_6)
FNF:7
FNH:6
FNDA:9,ContactPage
FNDA:2,(anonymous_1)
FNDA:2,(anonymous_2)
FNDA:4,(anonymous_3)
FNDA:2,(anonymous_4)
FNDA:2,(anonymous_5)
FNDA:0,(anonymous_6)
DA:10,9
DA:11,9
DA:17,9
DA:18,9
DA:20,9
DA:21,2
DA:22,2
DA:23,2
DA:27,9
DA:28,4
DA:29,4
DA:34,4
DA:35,0
DA:39,9
DA:40,2
DA:42,2
DA:43,1
DA:46,2
DA:47,1
DA:48,1
DA:49,0
DA:52,2
DA:53,1
DA:56,2
DA:57,1
DA:58,1
DA:59,0
DA:62,2
DA:63,2
DA:66,9
DA:67,2
DA:69,2
DA:70,1
DA:73,1
DA:75,1
DA:76,1
DA:84,1
DA:86,1
DA:87,1
DA:89,1
DA:96,0
DA:99,0
DA:100,0
DA:102,1
DA:106,9
DA:108,0
DA:109,0
DA:110,0
DA:113,9
LF:49
LH:40
BRDA:34,0,0,0
BRDA:34,0,1,4
BRDA:42,1,0,1
BRDA:42,1,1,1
BRDA:46,2,0,1
BRDA:46,2,1,1
BRDA:48,3,0,0
BRDA:48,3,1,1
BRDA:52,4,0,1
BRDA:52,4,1,1
BRDA:56,5,0,1
BRDA:56,5,1,1
BRDA:58,6,0,0
BRDA:58,6,1,1
BRDA:69,7,0,1
BRDA:69,7,1,1
BRDA:86,8,0,1
BRDA:86,8,1,0
BRDA:87,9,0,1
BRDA:87,9,1,0
BRDA:96,10,0,0
BRDA:96,10,1,0
BRDA:178,11,0,1
BRDA:178,11,1,8
BRDA:180,12,0,9
BRDA:180,12,1,1
BRDA:194,13,0,1
BRDA:194,13,1,8
BRF:28
BRH:21
end_of_record
TN:
SF:src\pages\SignIn.jsx
FN:6,SignInWrapper
FNF:1
FNH:1
FNDA:1,SignInWrapper
DA:9,1
LF:1
LH:1
BRF:0
BRH:0
end_of_record
TN:
SF:src\pages\homepage.jsx
FN:4,Homepage
FN:7,(anonymous_1)
FNF:2
FNH:2
FNDA:1,Homepage
FNDA:1,(anonymous_1)
DA:5,1
DA:7,1
DA:9,1
DA:12,1
LF:4
LH:4
BRF:0
BRH:0
end_of_record
TN:
SF:src\pages\landingpage.jsx
FN:7,Landingpage
FN:8,(anonymous_1)
FN:10,(anonymous_2)
FNF:3
FNH:3
FNDA:3,Landingpage
FNDA:3,(anonymous_1)
FNDA:3,(anonymous_2)
DA:8,3
DA:9,3
DA:10,3
DA:11,3
DA:15,3
LF:5
LH:5
BRF:0
BRH:0
end_of_record
TN:
SF:src\pages\auth\ForgotPasswordPage.jsx
FN:13,(anonymous_0)
FN:30,(anonymous_1)
FN:32,(anonymous_2)
FN:37,(anonymous_3)
FN:38,(anonymous_4)
FN:42,(anonymous_5)
FN:77,(anonymous_6)
FN:112,(anonymous_7)
FN:143,(anonymous_8)
FN:197,(anonymous_9)
FN:198,(anonymous_10)
FN:218,(anonymous_11)
FN:244,(anonymous_12)
FN:245,(anonymous_13)
FN:267,(anonymous_14)
FN:292,(anonymous_15)
FN:293,(anonymous_16)
FN:305,(anonymous_17)
FN:306,(anonymous_18)
FNF:19
FNH:0
FNDA:0,(anonymous_0)
FNDA:0,(anonymous_1)
FNDA:0,(anonymous_2)
FNDA:0,(anonymous_3)
FNDA:0,(anonymous_4)
FNDA:0,(anonymous_5)
FNDA:0,(anonymous_6)
FNDA:0,(anonymous_7)
FNDA:0,(anonymous_8)
FNDA:0,(anonymous_9)
FNDA:0,(anonymous_10)
FNDA:0,(anonymous_11)
FNDA:0,(anonymous_12)
FNDA:0,(anonymous_13)
FNDA:0,(anonymous_14)
FNDA:0,(anonymous_15)
FNDA:0,(anonymous_16)
FNDA:0,(anonymous_17)
FNDA:0,(anonymous_18)
DA:13,3
DA:14,0
DA:15,0
DA:16,0
DA:17,0
DA:18,0
DA:19,0
DA:20,0
DA:21,0
DA:22,0
DA:23,0
DA:25,0
DA:30,0
DA:31,0
DA:32,0
DA:33,0
DA:37,0
DA:38,0
DA:42,0
DA:43,0
DA:45,0
DA:46,0
DA:47,0
DA:50,0
DA:51,0
DA:53,0
DA:54,0
DA:60,0
DA:62,0
DA:63,0
DA:64,0
DA:66,0
DA:69,0
DA:70,0
DA:72,0
DA:77,0
DA:78,0
DA:80,0
DA:81,0
DA:82,0
DA:85,0
DA:86,0
DA:88,0
DA:89,0
DA:95,0
DA:97,0
DA:98,0
DA:99,0
DA:101,0
DA:104,0
DA:105,0
DA:107,0
DA:112,0
DA:113,0
DA:115,0
DA:116,0
DA:117,0
DA:120,0
DA:121,0
DA:122,0
DA:125,0
DA:126,0
DA:128,0
DA:129,0
DA:139,0
DA:141,0
DA:142,0
DA:143,0
DA:145,0
DA:148,0
DA:149,0
DA:151,0
DA:155,0
DA:197,0
DA:198,0
DA:218,0
DA:244,0
DA:245,0
DA:267,0
DA:292,0
DA:293,0
DA:305,0
DA:306,0
LF:83
LH:1
BRDA:45,0,0,0
BRDA:45,0,1,0
BRDA:45,1,0,0
BRDA:45,1,1,0
BRDA:62,2,0,0
BRDA:62,2,1,0
BRDA:66,3,0,0
BRDA:66,3,1,0
BRDA:80,4,0,0
BRDA:80,4,1,0
BRDA:80,5,0,0
BRDA:80,5,1,0
BRDA:97,6,0,0
BRDA:97,6,1,0
BRDA:101,7,0,0
BRDA:101,7,1,0
BRDA:115,8,0,0
BRDA:115,8,1,0
BRDA:120,9,0,0
BRDA:120,9,1,0
BRDA:141,10,0,0
BRDA:141,10,1,0
BRDA:145,11,0,0
BRDA:145,11,1,0
BRDA:164,12,0,0
BRDA:164,12,1,0
BRDA:164,13,0,0
BRDA:164,13,1,0
BRDA:169,14,0,0
BRDA:169,14,1,0
BRDA:169,15,0,0
BRDA:169,15,1,0
BRDA:174,16,0,0
BRDA:174,16,1,0
BRDA:181,17,0,0
BRDA:181,17,1,0
BRDA:199,18,0,0
BRDA:199,18,1,0
BRDA:212,19,0,0
BRDA:212,19,1,0
BRDA:228,20,0,0
BRDA:228,20,1,0
BRDA:246,21,0,0
BRDA:246,21,1,0
BRDA:261,22,0,0
BRDA:261,22,1,0
BRDA:277,23,0,0
BRDA:277,23,1,0
BRDA:294,24,0,0
BRDA:294,24,1,0
BRDA:307,25,0,0
BRDA:307,25,1,0
BRDA:312,26,0,0
BRDA:312,26,1,0
BRDA:322,27,0,0
BRDA:322,27,1,0
BRDA:327,28,0,0
BRDA:327,28,1,0
BRF:58
BRH:0
end_of_record
TN:
SF:src\pages\auth\SignInPage.jsx
FN:11,(anonymous_0)
FN:17,(anonymous_1)
FN:20,(anonymous_2)
FN:25,(anonymous_3)
FN:41,(anonymous_4)
FN:44,(anonymous_5)
FN:51,(anonymous_6)
FNF:7
FNH:4
FNDA:2,(anonymous_0)
FNDA:2,(anonymous_1)
FNDA:2,(anonymous_2)
FNDA:2,(anonymous_3)
FNDA:0,(anonymous_4)
FNDA:0,(anonymous_5)
FNDA:0,(anonymous_6)
DA:11,5
DA:12,2
DA:13,2
DA:14,2
DA:15,2
DA:17,2
DA:19,2
DA:20,2
DA:21,2
DA:25,2
DA:26,2
DA:27,2
DA:28,0
DA:29,0
DA:31,0
DA:32,0
DA:33,0
DA:34,0
DA:37,0
DA:41,2
DA:42,0
DA:44,0
DA:46,0
DA:47,0
DA:50,0
DA:51,0
DA:52,0
DA:56,0
DA:61,2
LF:29
LH:14
BRDA:27,0,0,0
BRDA:27,0,1,2
BRDA:27,1,0,2
BRDA:27,1,1,2
BRDA:27,1,2,0
BRDA:27,1,3,0
BRDA:27,1,4,0
BRDA:28,2,0,0
BRDA:28,2,1,0
BRDA:46,3,0,0
BRDA:46,3,1,0
BRDA:50,4,0,0
BRDA:50,4,1,0
BRF:13
BRH:3
end_of_record
TN:
SF:src\pages\auth\SignUpPage.jsx
FN:10,(anonymous_0)
FN:14,(anonymous_1)
FN:17,(anonymous_2)
FN:22,(anonymous_3)
FN:29,(anonymous_4)
FNF:5
FNH:0
FNDA:0,(anonymous_0)
FNDA:0,(anonymous_1)
FNDA:0,(anonymous_2)
FNDA:0,(anonymous_3)
FNDA:0,(anonymous_4)
DA:10,3
DA:11,0
DA:12,0
DA:14,0
DA:16,0
DA:17,0
DA:18,0
DA:22,0
DA:23,0
DA:25,0
DA:26,0
DA:29,0
DA:32,0
DA:40,0
DA:45,0
LF:15
LH:1
BRDA:26,0,0,0
BRDA:26,0,1,0
BRF:2
BRH:0
end_of_record
TN:
SF:src\pages\home\Account.jsx
FN:13,Account
FN:15,(anonymous_1)
FN:17,(anonymous_2)
FN:24,(anonymous_3)
FN:26,(anonymous_4)
FN:63,(anonymous_5)
FN:79,(anonymous_6)
FN:89,(anonymous_7)
FN:93,(anonymous_8)
FN:132,(anonymous_9)
FN:139,(anonymous_10)
FN:140,(anonymous_11)
FN:155,(anonymous_12)
FN:169,(anonymous_13)
FN:186,(anonymous_14)
FN:204,(anonymous_15)
FN:212,(anonymous_16)
FN:219,(anonymous_17)
FN:227,(anonymous_18)
FN:250,(anonymous_19)
FN:280,(anonymous_20)
FN:292,(anonymous_21)
FN:309,(anonymous_22)
FN:323,(anonymous_23)
FN:407,(anonymous_24)
FN:494,(anonymous_25)
FN:524,(anonymous_26)
FN:532,(anonymous_27)
FN:573,(anonymous_28)
FNF:29
FNH:0
FNDA:0,Account
FNDA:0,(anonymous_1)
FNDA:0,(anonymous_2)
FNDA:0,(anonymous_3)
FNDA:0,(anonymous_4)
FNDA:0,(anonymous_5)
FNDA:0,(anonymous_6)
FNDA:0,(anonymous_7)
FNDA:0,(anonymous_8)
FNDA:0,(anonymous_9)
FNDA:0,(anonymous_10)
FNDA:0,(anonymous_11)
FNDA:0,(anonymous_12)
FNDA:0,(anonymous_13)
FNDA:0,(anonymous_14)
FNDA:0,(anonymous_15)
FNDA:0,(anonymous_16)
FNDA:0,(anonymous_17)
FNDA:0,(anonymous_18)
FNDA:0,(anonymous_19)
FNDA:0,(anonymous_20)
FNDA:0,(anonymous_21)
FNDA:0,(anonymous_22)
FNDA:0,(anonymous_23)
FNDA:0,(anonymous_24)
FNDA:0,(anonymous_25)
FNDA:0,(anonymous_26)
FNDA:0,(anonymous_27)
FNDA:0,(anonymous_28)
DA:15,0
DA:16,0
DA:17,0
DA:24,0
DA:25,0
DA:26,0
DA:31,0
DA:32,0
DA:33,0
DA:34,0
DA:37,0
DA:38,0
DA:42,0
DA:43,0
DA:44,0
DA:51,0
DA:52,0
DA:57,0
DA:58,0
DA:61,0
DA:63,0
DA:64,0
DA:65,0
DA:66,0
DA:67,0
DA:69,0
DA:70,0
DA:71,0
DA:72,0
DA:79,0
DA:80,0
DA:81,0
DA:89,0
DA:90,0
DA:93,0
DA:94,0
DA:95,0
DA:96,0
DA:97,0
DA:98,0
DA:100,0
DA:103,0
DA:104,0
DA:105,0
DA:106,0
DA:108,0
DA:109,0
DA:110,0
DA:122,0
DA:123,0
DA:124,0
DA:126,0
DA:130,0
DA:132,0
DA:133,0
DA:134,0
DA:139,0
DA:140,0
DA:141,0
DA:142,0
DA:143,0
DA:145,0
DA:150,0
DA:151,0
DA:155,0
DA:156,0
DA:157,0
DA:158,0
DA:160,0
DA:161,0
DA:162,0
DA:163,0
DA:165,0
DA:166,0
DA:169,0
DA:170,0
DA:171,0
DA:172,0
DA:173,0
DA:174,0
DA:175,0
DA:179,0
DA:180,0
DA:182,0
DA:184,0
DA:185,0
DA:186,0
DA:187,0
DA:194,0
DA:197,0
DA:199,0
DA:200,0
DA:201,0
DA:202,0
DA:204,0
DA:205,0
DA:207,0
DA:208,0
DA:211,0
DA:212,0
DA:215,0
DA:219,0
DA:220,0
DA:224,0
DA:227,0
DA:228,0
DA:230,0
DA:231,0
DA:234,0
DA:235,0
DA:236,0
DA:237,0
DA:240,0
DA:241,0
DA:242,0
DA:243,0
DA:246,0
DA:247,0
DA:250,0
DA:251,0
DA:253,0
DA:255,0
DA:256,0
DA:261,0
DA:262,0
DA:266,0
DA:271,0
DA:274,0
DA:276,0
DA:277,0
DA:278,0
DA:280,0
DA:281,0
DA:284,0
DA:285,0
DA:288,0
DA:292,0
DA:293,0
DA:294,0
DA:296,0
DA:303,0
DA:305,0
DA:309,0
DA:310,0
DA:311,0
DA:314,0
DA:315,0
DA:317,0
DA:320,0
DA:323,0
DA:324,0
DA:325,0
DA:326,0
DA:330,0
DA:332,0
DA:333,0
DA:334,0
DA:335,0
DA:339,0
DA:340,0
DA:345,0
DA:346,0
DA:359,0
DA:407,0
DA:494,0
DA:524,0
DA:532,0
DA:573,0
LF:168
LH:0
BRDA:65,0,0,0
BRDA:65,0,1,0
BRDA:65,1,0,0
BRDA:65,1,1,0
BRDA:65,1,2,0
BRDA:65,1,3,0
BRDA:65,1,4,0
BRDA:66,2,0,0
BRDA:66,2,1,0
BRDA:80,3,0,0
BRDA:80,3,1,0
BRDA:82,4,0,0
BRDA:82,4,1,0
BRDA:83,5,0,0
BRDA:83,5,1,0
BRDA:96,6,0,0
BRDA:96,6,1,0
BRDA:97,7,0,0
BRDA:97,7,1,0
BRDA:103,8,0,0
BRDA:103,8,1,0
BRDA:105,9,0,0
BRDA:105,9,1,0
BRDA:106,10,0,0
BRDA:106,10,1,0
BRDA:108,11,0,0
BRDA:108,11,1,0
BRDA:122,12,0,0
BRDA:122,12,1,0
BRDA:134,13,0,0
BRDA:134,13,1,0
BRDA:150,14,0,0
BRDA:150,14,1,0
BRDA:157,15,0,0
BRDA:157,15,1,0
BRDA:157,16,0,0
BRDA:157,16,1,0
BRDA:160,17,0,0
BRDA:160,17,1,0
BRDA:160,18,0,0
BRDA:160,18,1,0
BRDA:162,19,0,0
BRDA:162,19,1,0
BRDA:170,20,0,0
BRDA:170,20,1,0
BRDA:179,21,0,0
BRDA:179,21,1,0
BRDA:184,22,0,0
BRDA:184,22,1,0
BRDA:184,23,0,0
BRDA:184,23,1,0
BRDA:197,24,0,0
BRDA:197,24,1,0
BRDA:200,25,0,0
BRDA:200,25,1,0
BRDA:201,26,0,0
BRDA:201,26,1,0
BRDA:207,27,0,0
BRDA:207,27,1,0
BRDA:208,28,0,0
BRDA:208,28,1,0
BRDA:211,29,0,0
BRDA:211,29,1,0
BRDA:211,30,0,0
BRDA:211,30,1,0
BRDA:221,31,0,0
BRDA:221,31,1,0
BRDA:222,32,0,0
BRDA:222,32,1,0
BRDA:230,33,0,0
BRDA:230,33,1,0
BRDA:234,34,0,0
BRDA:234,34,1,0
BRDA:236,35,0,0
BRDA:236,35,1,0
BRDA:240,36,0,0
BRDA:240,36,1,0
BRDA:242,37,0,0
BRDA:242,37,1,0
BRDA:251,38,0,0
BRDA:251,38,1,0
BRDA:261,39,0,0
BRDA:261,39,1,0
BRDA:276,40,0,0
BRDA:276,40,1,0
BRDA:277,41,0,0
BRDA:277,41,1,0
BRDA:284,42,0,0
BRDA:284,42,1,0
BRDA:285,43,0,0
BRDA:285,43,1,0
BRDA:328,44,0,0
BRDA:328,44,1,0
BRDA:330,45,0,0
BRDA:330,45,1,0
BRDA:334,46,0,0
BRDA:334,46,1,0
BRDA:339,47,0,0
BRDA:339,47,1,0
BRDA:345,48,0,0
BRDA:345,48,1,0
BRDA:379,49,0,0
BRDA:379,49,1,0
BRDA:380,50,0,0
BRDA:380,50,1,0
BRDA:404,51,0,0
BRDA:404,51,1,0
BRDA:425,52,0,0
BRDA:425,52,1,0
BRDA:435,53,0,0
BRDA:435,53,1,0
BRDA:439,54,0,0
BRDA:439,54,1,0
BRDA:453,55,0,0
BRDA:453,55,1,0
BRDA:471,56,0,0
BRDA:471,56,1,0
BRDA:520,57,0,0
BRDA:520,57,1,0
BRDA:583,58,0,0
BRDA:583,58,1,0
BRF:121
BRH:0
end_of_record
TN:
SF:src\pages\home\AnalysisDetailPage.jsx
FN:8,(anonymous_0)
FN:20,(anonymous_1)
FN:59,(anonymous_2)
FN:64,(anonymous_3)
FN:90,(anonymous_4)
FN:109,(anonymous_5)
FN:144,(anonymous_6)
FN:180,(anonymous_7)
FN:191,(anonymous_8)
FN:202,(anonymous_9)
FN:234,(anonymous_10)
FN:254,(anonymous_11)
FN:318,(anonymous_12)
FN:319,(anonymous_13)
FN:409,(anonymous_14)
FNF:15
FNH:0
FNDA:0,(anonymous_0)
FNDA:0,(anonymous_1)
FNDA:0,(anonymous_2)
FNDA:0,(anonymous_3)
FNDA:0,(anonymous_4)
FNDA:0,(anonymous_5)
FNDA:0,(anonymous_6)
FNDA:0,(anonymous_7)
FNDA:0,(anonymous_8)
FNDA:0,(anonymous_9)
FNDA:0,(anonymous_10)
FNDA:0,(anonymous_11)
FNDA:0,(anonymous_12)
FNDA:0,(anonymous_13)
FNDA:0,(anonymous_14)
DA:8,3
DA:9,0
DA:10,0
DA:11,0
DA:13,0
DA:14,0
DA:15,0
DA:16,0
DA:17,0
DA:20,0
DA:21,0
DA:22,0
DA:25,0
DA:31,0
DA:32,0
DA:35,0
DA:36,0
DA:39,0
DA:40,0
DA:41,0
DA:44,0
DA:45,0
DA:49,0
DA:50,0
DA:51,0
DA:53,0
DA:55,0
DA:59,0
DA:60,0
DA:64,0
DA:65,0
DA:66,0
DA:67,0
DA:70,0
DA:71,0
DA:76,0
DA:77,0
DA:80,0
DA:81,0
DA:82,0
DA:83,0
DA:86,0
DA:90,0
DA:91,0
DA:93,0
DA:94,0
DA:96,0
DA:97,0
DA:98,0
DA:99,0
DA:101,0
DA:105,0
DA:109,0
DA:112,0
DA:121,0
DA:122,0
DA:123,0
DA:126,0
DA:128,0
DA:129,0
DA:130,0
DA:134,0
DA:135,0
DA:136,0
DA:139,0
DA:144,0
DA:145,0
DA:177,0
DA:180,0
DA:181,0
DA:188,0
DA:191,0
DA:192,0
DA:199,0
DA:202,0
DA:203,0
DA:204,0
DA:213,0
DA:214,0
DA:227,0
DA:228,0
DA:234,0
DA:243,0
DA:245,0
DA:254,0
DA:318,0
DA:320,0
DA:321,0
DA:410,0
LF:89
LH:1
BRDA:31,0,0,0
BRDA:31,0,1,0
BRDA:39,1,0,0
BRDA:39,1,1,0
BRDA:39,2,0,0
BRDA:39,2,1,0
BRDA:50,3,0,0
BRDA:50,3,1,0
BRDA:70,4,0,0
BRDA:70,4,1,0
BRDA:80,5,0,0
BRDA:80,5,1,0
BRDA:82,6,0,0
BRDA:82,6,1,0
BRDA:83,7,0,0
BRDA:83,7,1,0
BRDA:91,8,0,0
BRDA:91,8,1,0
BRDA:91,9,0,0
BRDA:91,9,1,0
BRDA:97,10,0,0
BRDA:97,10,1,0
BRDA:98,11,0,0
BRDA:98,11,1,0
BRDA:121,12,0,0
BRDA:121,12,1,0
BRDA:123,13,0,0
BRDA:123,13,1,0
BRDA:129,14,0,0
BRDA:129,14,1,0
BRDA:135,15,0,0
BRDA:135,15,1,0
BRDA:136,16,0,0
BRDA:136,16,1,0
BRDA:177,17,0,0
BRDA:177,17,1,0
BRDA:188,18,0,0
BRDA:188,18,1,0
BRDA:199,19,0,0
BRDA:199,19,1,0
BRDA:213,20,0,0
BRDA:213,20,1,0
BRDA:227,21,0,0
BRDA:227,21,1,0
BRDA:301,22,0,0
BRDA:301,22,1,0
BRDA:364,23,0,0
BRDA:364,23,1,0
BRDA:364,24,0,0
BRDA:364,24,1,0
BRDA:374,25,0,0
BRDA:374,25,1,0
BRDA:376,26,0,0
BRDA:376,26,1,0
BRDA:376,26,2,0
BRDA:378,27,0,0
BRDA:378,27,1,0
BRDA:384,28,0,0
BRDA:384,28,1,0
BRDA:389,29,0,0
BRDA:389,29,1,0
BRDA:407,30,0,0
BRDA:407,30,1,0
BRDA:411,31,0,0
BRDA:411,31,1,0
BRF:65
BRH:0
end_of_record
TN:
SF:src\pages\home\AnalyzePage.jsx
FN:6,(anonymous_0)
FNF:1
FNH:0
FNDA:0,(anonymous_0)
DA:6,3
DA:7,0
LF:2
LH:1
BRF:0
BRH:0
end_of_record
TN:
SF:src\pages\home\DashboardPage.jsx
FN:8,(anonymous_0)
FN:13,(anonymous_1)
FN:14,(anonymous_2)
FN:49,(anonymous_3)
FN:60,(anonymous_4)
FN:71,(anonymous_5)
FN:82,(anonymous_6)
FN:93,(anonymous_7)
FN:197,(anonymous_8)
FN:198,(anonymous_9)
FN:240,(anonymous_10)
FN:241,(anonymous_11)
FN:271,(anonymous_12)
FN:343,(anonymous_13)
FN:349,(anonymous_14)
FNF:15
FNH:0
FNDA:0,(anonymous_0)
FNDA:0,(anonymous_1)
FNDA:0,(anonymous_2)
FNDA:0,(anonymous_3)
FNDA:0,(anonymous_4)
FNDA:0,(anonymous_5)
FNDA:0,(anonymous_6)
FNDA:0,(anonymous_7)
FNDA:0,(anonymous_8)
FNDA:0,(anonymous_9)
FNDA:0,(anonymous_10)
FNDA:0,(anonymous_11)
FNDA:0,(anonymous_12)
FNDA:0,(anonymous_13)
FNDA:0,(anonymous_14)
DA:8,3
DA:9,0
DA:10,0
DA:11,0
DA:13,0
DA:14,0
DA:15,0
DA:16,0
DA:17,0
DA:18,0
DA:20,0
DA:22,0
DA:42,0
DA:46,0
DA:49,0
DA:50,0
DA:57,0
DA:60,0
DA:61,0
DA:68,0
DA:71,0
DA:72,0
DA:79,0
DA:82,0
DA:83,0
DA:84,0
DA:85,0
DA:86,0
DA:88,0
DA:89,0
DA:90,0
DA:93,0
DA:94,0
DA:95,0
DA:96,0
DA:97,0
DA:100,0
DA:101,0
DA:114,0
DA:116,0
DA:197,0
DA:199,0
DA:201,0
DA:241,0
DA:242,0
DA:244,0
DA:272,0
DA:273,0
DA:274,0
DA:276,0
DA:344,0
DA:350,0
DA:351,0
DA:353,0
LF:54
LH:1
BRDA:57,0,0,0
BRDA:57,0,1,0
BRDA:68,1,0,0
BRDA:68,1,1,0
BRDA:79,2,0,0
BRDA:79,2,1,0
BRDA:88,3,0,0
BRDA:88,3,1,0
BRDA:89,4,0,0
BRDA:89,4,1,0
BRDA:94,5,0,0
BRDA:94,5,1,0
BRDA:96,6,0,0
BRDA:96,6,1,0
BRDA:100,7,0,0
BRDA:100,7,1,0
BRDA:100,8,0,0
BRDA:100,8,1,0
BRDA:125,9,0,0
BRDA:125,9,1,0
BRDA:143,10,0,0
BRDA:143,10,1,0
BRDA:242,11,0,0
BRDA:242,11,1,0
BRDA:274,12,0,0
BRDA:274,12,1,0
BRDA:283,13,0,0
BRDA:283,13,1,0
BRDA:342,14,0,0
BRDA:342,14,1,0
BRDA:370,15,0,0
BRDA:370,15,1,0
BRF:32
BRH:0
end_of_record
TN:
SF:src\pages\home\HistoryPage.jsx
FN:8,(anonymous_0)
FN:15,(anonymous_1)
FN:16,(anonymous_2)
FN:20,(anonymous_3)
FN:56,(anonymous_4)
FN:57,(anonymous_5)
FN:63,(anonymous_6)
FN:94,(anonymous_7)
FN:105,(anonymous_8)
FN:116,(anonymous_9)
FN:127,(anonymous_10)
FN:135,(anonymous_11)
FN:137,(anonymous_12)
FN:145,(anonymous_13)
FN:162,(anonymous_14)
FN:189,(anonymous_15)
FN:193,(anonymous_16)
FN:221,(anonymous_17)
FN:286,(anonymous_18)
FNF:19
FNH:0
FNDA:0,(anonymous_0)
FNDA:0,(anonymous_1)
FNDA:0,(anonymous_2)
FNDA:0,(anonymous_3)
FNDA:0,(anonymous_4)
FNDA:0,(anonymous_5)
FNDA:0,(anonymous_6)
FNDA:0,(anonymous_7)
FNDA:0,(anonymous_8)
FNDA:0,(anonymous_9)
FNDA:0,(anonymous_10)
FNDA:0,(anonymous_11)
FNDA:0,(anonymous_12)
FNDA:0,(anonymous_13)
FNDA:0,(anonymous_14)
FNDA:0,(anonymous_15)
FNDA:0,(anonymous_16)
FNDA:0,(anonymous_17)
FNDA:0,(anonymous_18)
DA:8,3
DA:9,0
DA:10,0
DA:11,0
DA:12,0
DA:13,0
DA:15,0
DA:16,0
DA:17,0
DA:18,0
DA:19,0
DA:20,0
DA:21,0
DA:23,0
DA:24,0
DA:25,0
DA:26,0
DA:27,0
DA:28,0
DA:31,0
DA:42,0
DA:43,0
DA:45,0
DA:46,0
DA:47,0
DA:49,0
DA:53,0
DA:56,0
DA:57,0
DA:58,0
DA:59,0
DA:61,0
DA:62,0
DA:63,0
DA:64,0
DA:65,0
DA:66,0
DA:67,0
DA:68,0
DA:69,0
DA:72,0
DA:82,0
DA:84,0
DA:85,0
DA:90,0
DA:94,0
DA:95,0
DA:102,0
DA:105,0
DA:106,0
DA:113,0
DA:116,0
DA:117,0
DA:124,0
DA:127,0
DA:128,0
DA:129,0
DA:130,0
DA:132,0
DA:133,0
DA:134,0
DA:135,0
DA:136,0
DA:137,0
DA:139,0
DA:140,0
DA:141,0
DA:142,0
DA:145,0
DA:147,0
DA:148,0
DA:149,0
DA:150,0
DA:158,0
DA:162,0
DA:163,0
DA:166,0
DA:175,0
DA:190,0
DA:193,0
DA:222,0
DA:223,0
DA:286,0
LF:83
LH:1
BRDA:21,0,0,0
BRDA:21,0,1,0
BRDA:24,1,0,0
BRDA:24,1,1,0
BRDA:26,2,0,0
BRDA:26,2,1,0
BRDA:26,3,0,0
BRDA:26,3,1,0
BRDA:27,4,0,0
BRDA:27,4,1,0
BRDA:28,5,0,0
BRDA:28,5,1,0
BRDA:37,6,0,0
BRDA:37,6,1,0
BRDA:37,7,0,0
BRDA:37,7,1,0
BRDA:58,8,0,0
BRDA:58,8,1,0
BRDA:64,9,0,0
BRDA:64,9,1,0
BRDA:66,10,0,0
BRDA:66,10,1,0
BRDA:67,11,0,0
BRDA:67,11,1,0
BRDA:67,12,0,0
BRDA:67,12,1,0
BRDA:68,13,0,0
BRDA:68,13,1,0
BRDA:69,14,0,0
BRDA:69,14,1,0
BRDA:78,15,0,0
BRDA:78,15,1,0
BRDA:78,16,0,0
BRDA:78,16,1,0
BRDA:102,17,0,0
BRDA:102,17,1,0
BRDA:113,18,0,0
BRDA:113,18,1,0
BRDA:124,19,0,0
BRDA:124,19,1,0
BRDA:128,20,0,0
BRDA:128,20,1,0
BRDA:129,21,0,0
BRDA:129,21,1,0
BRDA:129,22,0,0
BRDA:129,22,1,0
BRDA:132,23,0,0
BRDA:132,23,1,0
BRDA:132,23,2,0
BRDA:132,23,3,0
BRDA:134,24,0,0
BRDA:134,24,1,0
BRDA:136,25,0,0
BRDA:136,25,1,0
BRDA:136,26,0,0
BRDA:136,26,1,0
BRDA:140,27,0,0
BRDA:140,27,1,0
BRDA:140,28,0,0
BRDA:140,28,1,0
BRDA:141,29,0,0
BRDA:141,29,1,0
BRDA:147,30,0,0
BRDA:147,30,1,0
BRDA:192,31,0,0
BRDA:192,31,1,0
BRDA:195,32,0,0
BRDA:195,32,1,0
BRDA:197,33,0,0
BRDA:197,33,1,0
BRDA:200,34,0,0
BRDA:200,34,1,0
BRDA:214,35,0,0
BRDA:214,35,1,0
BRDA:219,36,0,0
BRDA:219,36,1,0
BRDA:311,37,0,0
BRDA:311,37,1,0
BRF:78
BRH:0
end_of_record
TN:
SF:src\pages\home\HomeLayout.jsx
FN:6,HomeLayout
FNF:1
FNH:0
FNDA:0,HomeLayout
DA:7,0
LF:1
LH:0
BRF:0
BRH:0
end_of_record
TN:
SF:src\pages\home\RecommendationsPage.jsx
FN:9,(anonymous_0)
FN:11,(anonymous_1)
FN:13,(anonymous_2)
FN:13,(anonymous_3)
FN:22,(anonymous_4)
FN:41,(anonymous_5)
FN:89,(anonymous_6)
FN:96,(anonymous_7)
FN:101,(anonymous_8)
FN:104,(anonymous_9)
FN:106,(anonymous_10)
FN:110,(anonymous_11)
FN:113,(anonymous_12)
FN:124,(anonymous_13)
FN:143,(anonymous_14)
FN:152,(anonymous_15)
FN:234,(anonymous_16)
FN:259,(anonymous_17)
FN:262,(anonymous_18)
FN:274,(anonymous_19)
FN:285,(anonymous_20)
FN:291,(anonymous_21)
FNF:22
FNH:0
FNDA:0,(anonymous_0)
FNDA:0,(anonymous_1)
FNDA:0,(anonymous_2)
FNDA:0,(anonymous_3)
FNDA:0,(anonymous_4)
FNDA:0,(anonymous_5)
FNDA:0,(anonymous_6)
FNDA:0,(anonymous_7)
FNDA:0,(anonymous_8)
FNDA:0,(anonymous_9)
FNDA:0,(anonymous_10)
FNDA:0,(anonymous_11)
FNDA:0,(anonymous_12)
FNDA:0,(anonymous_13)
FNDA:0,(anonymous_14)
FNDA:0,(anonymous_15)
FNDA:0,(anonymous_16)
FNDA:0,(anonymous_17)
FNDA:0,(anonymous_18)
FNDA:0,(anonymous_19)
FNDA:0,(anonymous_20)
FNDA:0,(anonymous_21)
DA:9,3
DA:10,0
DA:11,0
DA:13,0
DA:14,0
DA:15,0
DA:16,0
DA:17,0
DA:19,0
DA:22,3
DA:23,0
DA:24,0
DA:25,0
DA:26,0
DA:27,0
DA:28,0
DA:29,0
DA:31,0
DA:33,0
DA:41,0
DA:42,0
DA:43,0
DA:45,0
DA:46,0
DA:47,0
DA:48,0
DA:49,0
DA:52,0
DA:55,0
DA:56,0
DA:57,0
DA:58,0
DA:59,0
DA:60,0
DA:62,0
DA:63,0
DA:64,0
DA:65,0
DA:66,0
DA:67,0
DA:68,0
DA:71,0
DA:75,0
DA:76,0
DA:77,0
DA:78,0
DA:79,0
DA:80,0
DA:81,0
DA:82,0
DA:85,0
DA:87,0
DA:88,0
DA:89,0
DA:91,0
DA:96,0
DA:97,0
DA:101,0
DA:102,0
DA:103,0
DA:104,0
DA:105,0
DA:106,0
DA:109,0
DA:110,0
DA:113,0
DA:114,0
DA:121,0
DA:124,0
DA:125,0
DA:127,0
DA:144,0
DA:145,0
DA:147,0
DA:152,0
DA:235,0
DA:259,0
DA:262,0
DA:274,0
DA:285,0
DA:291,0
LF:81
LH:2
BRDA:43,0,0,0
BRDA:43,0,1,0
BRDA:46,1,0,0
BRDA:46,1,1,0
BRDA:62,2,0,0
BRDA:62,2,1,0
BRDA:63,3,0,0
BRDA:63,3,1,0
BRDA:65,4,0,0
BRDA:65,4,1,0
BRDA:75,5,0,0
BRDA:75,5,1,0
BRDA:77,6,0,0
BRDA:77,6,1,0
BRDA:88,7,0,0
BRDA:88,7,1,0
BRDA:103,8,0,0
BRDA:103,8,1,0
BRDA:105,9,0,0
BRDA:105,9,1,0
BRDA:121,10,0,0
BRDA:121,10,1,0
BRDA:151,11,0,0
BRDA:151,11,1,0
BRDA:154,12,0,0
BRDA:154,12,1,0
BRDA:165,13,0,0
BRDA:165,13,1,0
BRDA:210,14,0,0
BRDA:210,14,1,0
BRDA:215,15,0,0
BRDA:215,15,1,0
BRDA:220,16,0,0
BRDA:220,16,1,0
BRDA:228,17,0,0
BRDA:228,17,1,0
BRDA:240,18,0,0
BRDA:240,18,1,0
BRDA:243,19,0,0
BRDA:243,19,1,0
BRDA:253,20,0,0
BRDA:253,20,1,0
BRDA:270,21,0,0
BRDA:270,21,1,0
BRDA:285,22,0,0
BRDA:285,22,1,0
BRDA:299,23,0,0
BRDA:299,23,1,0
BRF:48
BRH:0
end_of_record
TN:
SF:src\pages\home\ResultsPage.jsx
FN:8,(anonymous_0)
FN:21,(anonymous_1)
FN:38,(anonymous_2)
FN:82,(anonymous_3)
FN:101,(anonymous_4)
FN:136,(anonymous_5)
FN:177,(anonymous_6)
FN:188,(anonymous_7)
FN:223,(anonymous_8)
FN:291,(anonymous_9)
FN:292,(anonymous_10)
FN:388,(anonymous_11)
FNF:12
FNH:0
FNDA:0,(anonymous_0)
FNDA:0,(anonymous_1)
FNDA:0,(anonymous_2)
FNDA:0,(anonymous_3)
FNDA:0,(anonymous_4)
FNDA:0,(anonymous_5)
FNDA:0,(anonymous_6)
FNDA:0,(anonymous_7)
FNDA:0,(anonymous_8)
FNDA:0,(anonymous_9)
FNDA:0,(anonymous_10)
FNDA:0,(anonymous_11)
DA:8,3
DA:9,0
DA:10,0
DA:11,0
DA:13,0
DA:14,0
DA:15,0
DA:16,0
DA:18,0
DA:21,0
DA:22,0
DA:23,0
DA:24,0
DA:28,0
DA:29,0
DA:30,0
DA:33,0
DA:34,0
DA:38,0
DA:39,0
DA:40,0
DA:41,0
DA:42,0
DA:44,0
DA:45,0
DA:47,0
DA:50,0
DA:51,0
DA:53,0
DA:54,0
DA:60,0
DA:63,0
DA:64,0
DA:67,0
DA:68,0
DA:69,0
DA:70,0
DA:72,0
DA:75,0
DA:77,0
DA:82,0
DA:83,0
DA:85,0
DA:86,0
DA:88,0
DA:89,0
DA:90,0
DA:91,0
DA:93,0
DA:97,0
DA:101,0
DA:104,0
DA:113,0
DA:114,0
DA:115,0
DA:118,0
DA:120,0
DA:121,0
DA:122,0
DA:126,0
DA:127,0
DA:128,0
DA:131,0
DA:136,0
DA:137,0
DA:174,0
DA:177,0
DA:178,0
DA:185,0
DA:188,0
DA:189,0
DA:196,0
DA:199,0
DA:200,0
DA:207,0
DA:209,0
DA:223,0
DA:291,0
DA:293,0
DA:294,0
DA:389,0
LF:81
LH:1
BRDA:18,0,0,0
BRDA:18,0,1,0
BRDA:22,1,0,0
BRDA:22,1,1,0
BRDA:22,2,0,0
BRDA:22,2,1,0
BRDA:28,3,0,0
BRDA:28,3,1,0
BRDA:28,4,0,0
BRDA:28,4,1,0
BRDA:44,5,0,0
BRDA:44,5,1,0
BRDA:50,6,0,0
BRDA:50,6,1,0
BRDA:51,7,0,0
BRDA:51,7,1,0
BRDA:67,8,0,0
BRDA:67,8,1,0
BRDA:69,9,0,0
BRDA:69,9,1,0
BRDA:70,10,0,0
BRDA:70,10,1,0
BRDA:83,11,0,0
BRDA:83,11,1,0
BRDA:83,12,0,0
BRDA:83,12,1,0
BRDA:89,13,0,0
BRDA:89,13,1,0
BRDA:90,14,0,0
BRDA:90,14,1,0
BRDA:113,15,0,0
BRDA:113,15,1,0
BRDA:115,16,0,0
BRDA:115,16,1,0
BRDA:121,17,0,0
BRDA:121,17,1,0
BRDA:127,18,0,0
BRDA:127,18,1,0
BRDA:128,19,0,0
BRDA:128,19,1,0
BRDA:174,20,0,0
BRDA:174,20,1,0
BRDA:185,21,0,0
BRDA:185,21,1,0
BRDA:196,22,0,0
BRDA:196,22,1,0
BRDA:199,23,0,0
BRDA:199,23,1,0
BRDA:341,24,0,0
BRDA:341,24,1,0
BRDA:343,25,0,0
BRDA:343,25,1,0
BRDA:345,26,0,0
BRDA:345,26,1,0
BRDA:347,27,0,0
BRDA:347,27,1,0
BRDA:353,28,0,0
BRDA:353,28,1,0
BRDA:358,29,0,0
BRDA:358,29,1,0
BRDA:378,30,0,0
BRDA:378,30,1,0
BRDA:386,31,0,0
BRDA:386,31,1,0
BRDA:394,32,0,0
BRDA:394,32,1,0
BRF:66
BRH:0
end_of_record
TN:
SF:src\pages\home\SpotifyCallback.jsx
FN:10,(anonymous_0)
FN:16,(anonymous_1)
FN:37,(anonymous_2)
FN:50,(anonymous_3)
FN:80,(anonymous_4)
FN:100,(anonymous_5)
FN:114,(anonymous_6)
FNF:7
FNH:2
FNDA:1,(anonymous_0)
FNDA:1,(anonymous_1)
FNDA:0,(anonymous_2)
FNDA:0,(anonymous_3)
FNDA:0,(anonymous_4)
FNDA:0,(anonymous_5)
FNDA:0,(anonymous_6)
DA:10,4
DA:11,1
DA:12,1
DA:13,1
DA:16,1
DA:17,1
DA:18,1
DA:19,1
DA:20,1
DA:23,1
DA:24,0
DA:25,0
DA:26,0
DA:27,0
DA:30,0
DA:34,0
DA:35,0
DA:37,0
DA:38,0
DA:40,0
DA:44,1
DA:45,0
DA:47,0
DA:50,0
DA:51,0
DA:52,0
DA:53,0
DA:54,0
DA:56,0
DA:57,0
DA:58,0
DA:61,0
DA:62,0
DA:64,0
DA:65,0
DA:69,0
DA:70,0
DA:71,0
DA:72,0
DA:73,0
DA:75,0
DA:80,0
DA:81,0
DA:92,0
DA:93,0
DA:94,0
DA:98,0
DA:99,0
DA:100,0
DA:101,0
DA:106,0
DA:110,1
DA:111,1
DA:112,1
DA:113,1
DA:114,1
DA:115,0
DA:121,1
LF:58
LH:17
BRDA:23,0,0,0
BRDA:23,0,1,1
BRDA:23,1,0,1
BRDA:23,1,1,0
BRDA:26,2,0,0
BRDA:26,2,1,0
BRDA:27,3,0,0
BRDA:27,3,1,0
BRDA:34,4,0,0
BRDA:34,4,1,0
BRDA:44,5,0,0
BRDA:44,5,1,1
BRDA:44,6,0,1
BRDA:44,6,1,0
BRDA:53,7,0,0
BRDA:53,7,1,0
BRDA:58,8,0,0
BRDA:58,8,1,0
BRDA:64,9,0,0
BRDA:64,9,1,0
BRDA:72,10,0,0
BRDA:72,10,1,0
BRDA:93,11,0,0
BRDA:93,11,1,0
BRDA:98,12,0,0
BRDA:98,12,1,0
BRDA:110,13,0,1
BRDA:110,13,1,0
BRDA:110,14,0,1
BRDA:110,14,1,1
BRDA:110,14,2,1
BRDA:112,15,0,1
BRDA:112,15,1,1
BRF:33
BRH:10
end_of_record
TN:
SF:src\pages\home\SpotifyConnect.jsx
FN:10,(anonymous_0)
FN:16,(anonymous_1)
FN:47,(anonymous_2)
FNF:3
FNH:0
FNDA:0,(anonymous_0)
FNDA:0,(anonymous_1)
FNDA:0,(anonymous_2)
DA:10,0
DA:11,0
DA:12,0
DA:13,0
DA:16,0
DA:17,0
DA:18,0
DA:19,0
DA:20,0
DA:23,0
DA:24,0
DA:25,0
DA:26,0
DA:27,0
DA:30,0
DA:34,0
DA:35,0
DA:36,0
DA:37,0
DA:41,0
DA:42,0
DA:44,0
DA:47,0
DA:48,0
DA:49,0
DA:50,0
DA:51,0
DA:53,0
DA:54,0
DA:55,0
DA:58,0
DA:60,0
DA:61,0
DA:65,0
DA:66,0
DA:67,0
DA:68,0
DA:69,0
DA:71,0
DA:76,0
DA:79,0
DA:80,0
DA:81,0
DA:85,0
DA:86,0
DA:87,0
DA:91,0
DA:95,0
DA:96,0
DA:97,0
DA:98,0
DA:99,0
DA:104,0
LF:53
LH:0
BRDA:23,0,0,0
BRDA:23,0,1,0
BRDA:23,1,0,0
BRDA:23,1,1,0
BRDA:26,2,0,0
BRDA:26,2,1,0
BRDA:27,3,0,0
BRDA:27,3,1,0
BRDA:34,4,0,0
BRDA:34,4,1,0
BRDA:41,5,0,0
BRDA:41,5,1,0
BRDA:41,6,0,0
BRDA:41,6,1,0
BRDA:50,7,0,0
BRDA:50,7,1,0
BRDA:55,8,0,0
BRDA:55,8,1,0
BRDA:60,9,0,0
BRDA:60,9,1,0
BRDA:68,10,0,0
BRDA:68,10,1,0
BRDA:80,11,0,0
BRDA:80,11,1,0
BRDA:85,12,0,0
BRDA:85,12,1,0
BRDA:95,13,0,0
BRDA:95,13,1,0
BRDA:95,14,0,0
BRDA:95,14,1,0
BRDA:95,14,2,0
BRDA:97,15,0,0
BRDA:97,15,1,0
BRF:33
BRH:0
end_of_record
TN:
SF:src\utils\analysisSaveManager.js
FN:7,(anonymous_0)
FN:15,(anonymous_1)
FN:25,(anonymous_2)
FN:33,(anonymous_3)
FN:39,(anonymous_4)
FN:47,(anonymous_5)
FN:52,(anonymous_6)
FN:60,(anonymous_7)
FN:104,(anonymous_8)
FN:105,(anonymous_9)
FNF:10
FNH:6
FNDA:4,(anonymous_0)
FNDA:8,(anonymous_1)
FNDA:4,(anonymous_2)
FNDA:1,(anonymous_3)
FNDA:0,(anonymous_4)
FNDA:2,(anonymous_5)
FNDA:0,(anonymous_6)
FNDA:3,(anonymous_7)
FNDA:0,(anonymous_8)
FNDA:0,(anonymous_9)
DA:8,4
DA:9,4
DA:16,8
DA:17,8
DA:18,8
DA:19,8
DA:26,4
DA:27,4
DA:34,1
DA:35,1
DA:36,1
DA:39,1
DA:40,0
DA:48,2
DA:49,2
DA:52,2
DA:53,0
DA:61,3
DA:67,3
DA:68,1
DA:69,1
DA:73,2
DA:75,2
DA:77,2
DA:80,1
DA:82,1
DA:83,1
DA:87,1
DA:88,1
DA:90,1
DA:91,1
DA:97,4
DA:104,4
DA:105,0
DA:106,0
DA:109,0
LF:36
LH:31
BRDA:27,0,0,4
BRDA:27,0,1,3
BRDA:67,1,0,1
BRDA:67,1,1,2
BRF:4
BRH:4
end_of_record
TN:
SF:src\utils\analyticsApi.js
FN:8,(anonymous_0)
FN:15,(anonymous_1)
FN:23,(anonymous_2)
FN:40,(anonymous_3)
FN:52,(anonymous_4)
FN:69,(anonymous_5)
FN:81,(anonymous_6)
FN:97,(anonymous_7)
FNF:8
FNH:2
FNDA:1,(anonymous_0)
FNDA:0,(anonymous_1)
FNDA:0,(anonymous_2)
FNDA:0,(anonymous_3)
FNDA:0,(anonymous_4)
FNDA:1,(anonymous_5)
FNDA:0,(anonymous_6)
FNDA:0,(anonymous_7)
DA:8,4
DA:9,1
DA:15,4
DA:16,0
DA:17,0
DA:19,0
DA:20,0
DA:22,0
DA:23,0
DA:24,0
DA:27,0
DA:29,0
DA:30,0
DA:32,0
DA:40,4
DA:41,0
DA:42,0
DA:44,0
DA:45,0
DA:48,0
DA:49,0
DA:51,0
DA:52,0
DA:53,0
DA:56,0
DA:58,0
DA:59,0
DA:61,0
DA:69,4
DA:70,1
DA:71,1
DA:72,1
DA:80,1
DA:81,0
DA:82,0
DA:85,1
DA:87,0
DA:88,0
DA:90,0
DA:97,4
DA:98,0
DA:99,0
DA:101,0
DA:107,0
DA:109,0
LF:45
LH:11
BRDA:9,0,0,1
BRDA:9,0,1,1
BRDA:19,1,0,0
BRDA:19,1,1,0
BRDA:22,2,0,0
BRDA:22,2,1,0
BRDA:24,3,0,0
BRDA:24,3,1,0
BRDA:29,4,0,0
BRDA:29,4,1,0
BRDA:29,5,0,0
BRDA:29,5,1,0
BRDA:40,6,0,0
BRDA:44,7,0,0
BRDA:44,7,1,0
BRDA:44,8,0,0
BRDA:44,8,1,0
BRDA:48,9,0,0
BRDA:48,9,1,0
BRDA:49,10,0,0
BRDA:49,10,1,0
BRDA:51,11,0,0
BRDA:51,11,1,0
BRDA:53,12,0,0
BRDA:53,12,1,0
BRDA:58,13,0,0
BRDA:58,13,1,0
BRDA:58,14,0,0
BRDA:58,14,1,0
BRDA:80,15,0,0
BRDA:80,15,1,1
BRDA:82,16,0,0
BRDA:82,16,1,0
BRDA:87,17,0,0
BRDA:87,17,1,0
BRDA:87,18,0,0
BRDA:87,18,1,0
BRDA:102,19,0,0
BRDA:102,19,1,0
BRDA:103,20,0,0
BRDA:103,20,1,0
BRDA:104,21,0,0
BRDA:104,21,1,0
BRF:43
BRH:3
end_of_record
TN:
SF:src\utils\api.js
FN:2,(anonymous_0)
FN:4,(anonymous_1)
FN:23,(anonymous_2)
FN:53,(anonymous_3)
FN:75,(anonymous_4)
FN:85,(anonymous_5)
FN:98,(anonymous_6)
FN:108,(anonymous_7)
FN:131,(anonymous_8)
FN:137,(anonymous_9)
FN:149,(anonymous_10)
FN:163,(anonymous_11)
FN:193,(anonymous_12)
FN:198,(anonymous_13)
FN:213,(anonymous_14)
FN:232,(anonymous_15)
FN:253,(anonymous_16)
FN:274,(anonymous_17)
FN:295,(anonymous_18)
FN:313,(anonymous_19)
FN:334,(anonymous_20)
FN:348,(anonymous_21)
FN:357,(anonymous_22)
FNF:23
FNH:3
FNDA:0,(anonymous_0)
FNDA:0,(anonymous_1)
FNDA:3,(anonymous_2)
FNDA:3,(anonymous_3)
FNDA:1,(anonymous_4)
FNDA:0,(anonymous_5)
FNDA:0,(anonymous_6)
FNDA:0,(anonymous_7)
FNDA:0,(anonymous_8)
FNDA:0,(anonymous_9)
FNDA:0,(anonymous_10)
FNDA:0,(anonymous_11)
FNDA:0,(anonymous_12)
FNDA:0,(anonymous_13)
FNDA:0,(anonymous_14)
FNDA:0,(anonymous_15)
FNDA:0,(anonymous_16)
FNDA:0,(anonymous_17)
FNDA:0,(anonymous_18)
FNDA:0,(anonymous_19)
FNDA:0,(anonymous_20)
FNDA:0,(anonymous_21)
FNDA:0,(anonymous_22)
DA:2,1
DA:3,0
DA:4,0
DA:6,0
DA:7,0
DA:11,0
DA:12,0
DA:14,0
DA:15,0
DA:16,0
DA:18,0
DA:23,1
DA:24,3
DA:26,3
DA:27,1
DA:33,2
DA:34,1
DA:40,1
DA:41,1
DA:47,0
DA:53,1
DA:55,3
DA:56,3
DA:57,3
DA:58,1
DA:59,1
DA:61,1
DA:62,1
DA:66,0
DA:69,3
DA:70,0
DA:72,3
DA:75,1
DA:76,1
DA:77,1
DA:78,1
DA:84,1
DA:85,0
DA:86,0
DA:89,1
DA:91,0
DA:92,0
DA:94,0
DA:98,1
DA:99,0
DA:100,0
DA:101,0
DA:107,0
DA:108,0
DA:109,0
DA:112,0
DA:114,0
DA:115,0
DA:117,0
DA:126,1
DA:127,1
DA:128,1
DA:129,1
DA:131,1
DA:132,0
DA:133,0
DA:134,0
DA:137,1
DA:138,0
DA:139,0
DA:141,0
DA:142,0
DA:145,0
DA:146,0
DA:149,0
DA:150,0
DA:158,0
DA:159,0
DA:160,0
DA:161,0
DA:163,0
DA:164,0
DA:167,0
DA:168,0
DA:169,0
DA:170,0
DA:173,0
DA:174,0
DA:175,0
DA:177,0
DA:178,0
DA:180,0
DA:181,0
DA:183,0
DA:184,0
DA:193,1
DA:194,0
DA:198,1
DA:199,0
DA:200,0
DA:201,0
DA:203,0
DA:213,1
DA:214,0
DA:215,0
DA:216,0
DA:225,0
DA:227,0
DA:228,0
DA:229,0
DA:232,0
DA:233,0
DA:236,0
DA:238,0
DA:239,0
DA:241,0
DA:242,0
DA:244,0
DA:253,1
DA:254,0
DA:255,0
DA:256,0
DA:258,0
DA:259,0
DA:268,0
DA:269,0
DA:270,0
DA:271,0
DA:274,0
DA:275,0
DA:278,0
DA:280,0
DA:281,0
DA:283,0
DA:284,0
DA:286,0
DA:295,1
DA:296,0
DA:297,0
DA:298,0
DA:307,0
DA:308,0
DA:309,0
DA:310,0
DA:313,0
DA:314,0
DA:317,0
DA:319,0
DA:320,0
DA:322,0
DA:323,0
DA:325,0
DA:334,1
DA:335,0
DA:336,0
DA:337,0
DA:346,0
DA:347,0
DA:348,0
DA:350,0
DA:351,0
DA:353,0
DA:354,0
DA:357,0
DA:358,0
DA:361,0
DA:363,0
DA:364,0
DA:366,0
DA:367,0
DA:369,0
LF:166
LH:38
BRDA:2,0,0,0
BRDA:2,1,0,0
BRDA:15,2,0,0
BRDA:15,2,1,0
BRDA:26,3,0,1
BRDA:26,3,1,2
BRDA:33,4,0,1
BRDA:33,4,1,1
BRDA:40,5,0,1
BRDA:40,5,1,0
BRDA:55,6,0,3
BRDA:55,6,1,1
BRDA:57,7,0,1
BRDA:57,7,1,2
BRDA:57,8,0,3
BRDA:57,8,1,1
BRDA:58,9,0,1
BRDA:58,9,1,0
BRDA:61,10,0,1
BRDA:61,10,1,0
BRDA:61,11,0,1
BRDA:61,11,1,1
BRDA:61,11,2,0
BRDA:69,12,0,0
BRDA:69,12,1,3
BRDA:84,13,0,0
BRDA:84,13,1,1
BRDA:86,14,0,0
BRDA:86,14,1,0
BRDA:91,15,0,0
BRDA:91,15,1,0
BRDA:91,16,0,0
BRDA:91,16,1,0
BRDA:107,17,0,0
BRDA:107,17,1,0
BRDA:109,18,0,0
BRDA:109,18,1,0
BRDA:114,19,0,0
BRDA:114,19,1,0
BRDA:114,20,0,0
BRDA:114,20,1,0
BRDA:141,21,0,0
BRDA:141,21,1,0
BRDA:141,22,0,0
BRDA:141,22,1,0
BRDA:145,23,0,0
BRDA:145,23,1,0
BRDA:158,24,0,0
BRDA:158,24,1,0
BRDA:159,25,0,0
BRDA:159,25,1,0
BRDA:164,26,0,0
BRDA:164,26,1,0
BRDA:177,27,0,0
BRDA:177,27,1,0
BRDA:180,28,0,0
BRDA:180,28,1,0
BRDA:180,29,0,0
BRDA:180,29,1,0
BRDA:200,30,0,0
BRDA:200,30,1,0
BRDA:225,31,0,0
BRDA:225,31,1,0
BRDA:227,32,0,0
BRDA:227,32,1,0
BRDA:233,33,0,0
BRDA:233,33,1,0
BRDA:238,34,0,0
BRDA:238,34,1,0
BRDA:241,35,0,0
BRDA:241,35,1,0
BRDA:241,36,0,0
BRDA:241,36,1,0
BRDA:268,37,0,0
BRDA:268,37,1,0
BRDA:269,38,0,0
BRDA:269,38,1,0
BRDA:275,39,0,0
BRDA:275,39,1,0
BRDA:280,40,0,0
BRDA:280,40,1,0
BRDA:283,41,0,0
BRDA:283,41,1,0
BRDA:283,42,0,0
BRDA:283,42,1,0
BRDA:307,43,0,0
BRDA:307,43,1,0
BRDA:308,44,0,0
BRDA:308,44,1,0
BRDA:314,45,0,0
BRDA:314,45,1,0
BRDA:319,46,0,0
BRDA:319,46,1,0
BRDA:322,47,0,0
BRDA:322,47,1,0
BRDA:322,48,0,0
BRDA:322,48,1,0
BRDA:346,49,0,0
BRDA:346,49,1,0
BRDA:347,50,0,0
BRDA:347,50,1,0
BRDA:350,51,0,0
BRDA:350,51,1,0
BRDA:358,52,0,0
BRDA:358,52,1,0
BRDA:363,53,0,0
BRDA:363,53,1,0
BRDA:366,54,0,0
BRDA:366,54,1,0
BRDA:366,55,0,0
BRDA:366,55,1,0
BRF:111
BRH:17
end_of_record
TN:
SF:src\utils\enhancedApi.js
FN:8,(anonymous_0)
FN:10,(anonymous_1)
FN:29,(anonymous_2)
FN:40,(anonymous_3)
FN:93,(anonymous_4)
FN:131,(anonymous_5)
FN:143,(anonymous_6)
FN:177,(anonymous_7)
FN:187,(anonymous_8)
FN:204,(anonymous_9)
FN:236,(anonymous_10)
FN:244,(anonymous_11)
FN:255,(anonymous_12)
FN:275,(anonymous_13)
FN:285,(anonymous_14)
FN:304,(anonymous_15)
FN:314,(anonymous_16)
FN:334,(anonymous_17)
FN:346,(anonymous_18)
FN:362,(anonymous_19)
FN:377,(anonymous_20)
FNF:21
FNH:1
FNDA:0,(anonymous_0)
FNDA:0,(anonymous_1)
FNDA:0,(anonymous_2)
FNDA:0,(anonymous_3)
FNDA:0,(anonymous_4)
FNDA:1,(anonymous_5)
FNDA:0,(anonymous_6)
FNDA:0,(anonymous_7)
FNDA:0,(anonymous_8)
FNDA:0,(anonymous_9)
FNDA:0,(anonymous_10)
FNDA:0,(anonymous_11)
FNDA:0,(anonymous_12)
FNDA:0,(anonymous_13)
FNDA:0,(anonymous_14)
FNDA:0,(anonymous_15)
FNDA:0,(anonymous_16)
FNDA:0,(anonymous_17)
FNDA:0,(anonymous_18)
FNDA:0,(anonymous_19)
FNDA:0,(anonymous_20)
DA:8,6
DA:9,0
DA:10,0
DA:12,0
DA:13,0
DA:17,0
DA:18,0
DA:20,0
DA:21,0
DA:22,0
DA:24,0
DA:29,6
DA:30,0
DA:40,6
DA:41,0
DA:42,0
DA:45,0
DA:47,0
DA:50,0
DA:58,0
DA:61,0
DA:62,0
DA:65,0
DA:66,0
DA:68,0
DA:70,0
DA:73,0
DA:74,0
DA:75,0
DA:79,0
DA:82,0
DA:83,0
DA:84,0
DA:86,0
DA:93,6
DA:94,0
DA:96,0
DA:97,0
DA:103,0
DA:104,0
DA:110,0
DA:111,0
DA:117,0
DA:131,6
DA:132,1
DA:134,1
DA:135,1
DA:136,1
DA:142,1
DA:143,0
DA:144,0
DA:147,1
DA:150,1
DA:151,1
DA:153,1
DA:154,0
DA:158,1
DA:159,0
DA:161,1
DA:162,0
DA:165,1
DA:167,0
DA:168,0
DA:170,0
DA:177,6
DA:178,0
DA:179,0
DA:180,0
DA:186,0
DA:187,0
DA:188,0
DA:191,0
DA:193,0
DA:194,0
DA:196,0
DA:204,6
DA:205,0
DA:207,0
DA:208,0
DA:209,0
DA:210,0
DA:217,0
DA:222,0
DA:223,0
DA:232,6
DA:233,6
DA:234,6
DA:236,6
DA:237,0
DA:238,0
DA:244,6
DA:245,0
DA:247,0
DA:248,0
DA:251,0
DA:252,0
DA:254,0
DA:255,0
DA:256,0
DA:259,0
DA:260,0
DA:261,0
DA:263,0
DA:265,0
DA:266,0
DA:268,0
DA:275,6
DA:276,0
DA:277,0
DA:278,0
DA:284,0
DA:285,0
DA:286,0
DA:290,0
DA:292,0
DA:294,0
DA:295,0
DA:297,0
DA:304,6
DA:305,0
DA:306,0
DA:307,0
DA:313,0
DA:314,0
DA:315,0
DA:318,0
DA:320,0
DA:321,0
DA:323,0
DA:334,6
DA:335,0
DA:336,0
DA:338,0
DA:339,0
DA:345,0
DA:346,0
DA:347,0
DA:350,0
DA:352,0
DA:353,0
DA:355,0
DA:362,6
DA:363,0
DA:364,0
DA:365,0
DA:367,0
DA:369,0
DA:370,0
DA:376,0
DA:377,0
DA:378,0
DA:381,0
DA:383,0
DA:384,0
DA:386,0
LF:155
LH:28
BRDA:8,0,0,0
BRDA:8,1,0,0
BRDA:21,2,0,0
BRDA:21,2,1,0
BRDA:40,3,0,0
BRDA:40,4,0,0
BRDA:40,5,0,0
BRDA:40,6,0,0
BRDA:41,7,0,0
BRDA:41,7,1,0
BRDA:61,8,0,0
BRDA:61,8,1,0
BRDA:61,9,0,0
BRDA:61,9,1,0
BRDA:82,10,0,0
BRDA:82,10,1,0
BRDA:96,11,0,0
BRDA:96,11,1,0
BRDA:103,12,0,0
BRDA:103,12,1,0
BRDA:110,13,0,0
BRDA:110,13,1,0
BRDA:134,14,0,1
BRDA:134,14,1,0
BRDA:142,15,0,0
BRDA:142,15,1,1
BRDA:144,16,0,0
BRDA:144,16,1,0
BRDA:150,17,0,1
BRDA:150,17,1,0
BRDA:151,18,0,1
BRDA:151,18,1,1
BRDA:153,19,0,0
BRDA:153,19,1,1
BRDA:158,20,0,0
BRDA:158,20,1,1
BRDA:161,21,0,0
BRDA:161,21,1,1
BRDA:167,22,0,0
BRDA:167,22,1,0
BRDA:167,23,0,0
BRDA:167,23,1,0
BRDA:186,24,0,0
BRDA:186,24,1,0
BRDA:188,25,0,0
BRDA:188,25,1,0
BRDA:193,26,0,0
BRDA:193,26,1,0
BRDA:193,27,0,0
BRDA:193,27,1,0
BRDA:208,28,0,0
BRDA:208,28,1,0
BRDA:247,29,0,0
BRDA:247,29,1,0
BRDA:247,30,0,0
BRDA:247,30,1,0
BRDA:254,31,0,0
BRDA:254,31,1,0
BRDA:256,32,0,0
BRDA:256,32,1,0
BRDA:265,33,0,0
BRDA:265,33,1,0
BRDA:265,34,0,0
BRDA:265,34,1,0
BRDA:284,35,0,0
BRDA:284,35,1,0
BRDA:286,36,0,0
BRDA:286,36,1,0
BRDA:294,37,0,0
BRDA:294,37,1,0
BRDA:294,38,0,0
BRDA:294,38,1,0
BRDA:313,39,0,0
BRDA:313,39,1,0
BRDA:315,40,0,0
BRDA:315,40,1,0
BRDA:320,41,0,0
BRDA:320,41,1,0
BRDA:320,42,0,0
BRDA:320,42,1,0
BRDA:338,43,0,0
BRDA:338,43,1,0
BRDA:345,44,0,0
BRDA:345,44,1,0
BRDA:347,45,0,0
BRDA:347,45,1,0
BRDA:352,46,0,0
BRDA:352,46,1,0
BRDA:352,47,0,0
BRDA:352,47,1,0
BRDA:369,48,0,0
BRDA:369,48,1,0
BRDA:373,49,0,0
BRDA:373,49,1,0
BRDA:376,50,0,0
BRDA:376,50,1,0
BRDA:378,51,0,0
BRDA:378,51,1,0
BRDA:383,52,0,0
BRDA:383,52,1,0
BRDA:383,53,0,0
BRDA:383,53,1,0
BRF:102
BRH:8
end_of_record
TN:
SF:src\utils\hash.js
FN:3,sha256Hex
FN:9,(anonymous_1)
FNF:2
FNH:2
FNDA:1,sha256Hex
FNDA:4,(anonymous_1)
DA:4,1
DA:5,1
DA:6,1
DA:7,1
DA:8,1
DA:9,4
DA:10,1
LF:7
LH:7
BRDA:4,0,0,0
BRDA:4,0,1,1
BRF:2
BRH:1
end_of_record
TN:
SF:src\utils\tokenManager.js
FN:7,(anonymous_0)
FN:23,(anonymous_1)
FN:31,(anonymous_2)
FN:48,(anonymous_3)
FN:60,(anonymous_4)
FN:71,(anonymous_5)
FN:83,(anonymous_6)
FN:94,(anonymous_7)
FN:106,(anonymous_8)
FN:125,(anonymous_9)
FN:133,(anonymous_10)
FN:142,(anonymous_11)
FN:202,(anonymous_12)
FN:222,(anonymous_13)
FN:243,(anonymous_14)
FN:262,(anonymous_15)
FNF:16
FNH:5
FNDA:9,(anonymous_0)
FNDA:9,(anonymous_1)
FNDA:1,(anonymous_2)
FNDA:20,(anonymous_3)
FNDA:0,(anonymous_4)
FNDA:0,(anonymous_5)
FNDA:0,(anonymous_6)
FNDA:0,(anonymous_7)
FNDA:20,(anonymous_8)
FNDA:0,(anonymous_9)
FNDA:0,(anonymous_10)
FNDA:0,(anonymous_11)
FNDA:0,(anonymous_12)
FNDA:0,(anonymous_13)
FNDA:0,(anonymous_14)
FNDA:0,(anonymous_15)
DA:8,9
DA:9,9
DA:10,9
DA:11,9
DA:14,9
DA:17,9
DA:20,9
DA:24,9
DA:25,9
DA:32,1
DA:33,1
DA:36,1
DA:37,1
DA:39,1
DA:41,0
DA:49,20
DA:50,20
DA:52,0
DA:53,0
DA:61,0
DA:62,0
DA:64,0
DA:72,0
DA:73,0
DA:75,0
DA:76,0
DA:84,0
DA:85,0
DA:87,0
DA:95,0
DA:96,0
DA:98,0
DA:99,0
DA:107,20
DA:108,20
DA:109,20
DA:111,0
DA:112,0
DA:115,0
DA:117,0
DA:118,0
DA:126,0
DA:127,0
DA:135,0
DA:136,0
DA:137,0
DA:140,0
DA:142,0
DA:143,0
DA:144,0
DA:146,0
DA:147,0
DA:150,0
DA:158,0
DA:159,0
DA:161,0
DA:162,0
DA:164,0
DA:167,0
DA:170,0
DA:171,0
DA:174,0
DA:175,0
DA:178,0
DA:179,0
DA:182,0
DA:184,0
DA:186,0
DA:187,0
DA:190,0
DA:192,0
DA:196,0
DA:203,0
DA:205,0
DA:206,0
DA:210,0
DA:211,0
DA:212,0
DA:215,0
DA:223,0
DA:225,0
DA:226,0
DA:227,0
DA:229,0
DA:231,0
DA:234,0
DA:236,0
DA:244,0
DA:245,0
DA:246,0
DA:247,0
DA:250,0
DA:251,0
DA:252,0
DA:254,0
DA:255,0
DA:263,0
DA:264,0
DA:265,0
DA:267,0
DA:272,9
LF:101
LH:20
BRDA:24,0,0,9
BRDA:24,0,1,9
BRDA:31,1,0,0
BRDA:109,2,0,20
BRDA:109,2,1,0
BRDA:127,3,0,0
BRDA:127,3,1,0
BRDA:135,4,0,0
BRDA:135,4,1,0
BRDA:146,5,0,0
BRDA:146,5,1,0
BRDA:158,6,0,0
BRDA:158,6,1,0
BRDA:159,7,0,0
BRDA:159,7,1,0
BRDA:170,8,0,0
BRDA:170,8,1,0
BRDA:171,9,0,0
BRDA:171,9,1,0
BRDA:174,10,0,0
BRDA:174,10,1,0
BRDA:184,11,0,0
BRDA:184,11,1,0
BRDA:205,12,0,0
BRDA:205,12,1,0
BRDA:210,13,0,0
BRDA:210,13,1,0
BRDA:222,14,0,0
BRDA:229,15,0,0
BRDA:229,15,1,0
BRDA:234,16,0,0
BRDA:234,16,1,0
BRDA:246,17,0,0
BRDA:246,17,1,0
BRDA:264,18,0,0
BRDA:264,18,1,0
BRDA:264,19,0,0
BRDA:264,19,1,0
BRF:38
BRH:3
end_of_record
